[2024-12-12T05:36:42.745+0000] {processor.py:186} INFO - Started process (PID=91) to work on /home/airflow/.local/lib/python3.12/site-packages/airflow/example_dags/example_branch_operator_decorator.py
[2024-12-12T05:36:42.758+0000] {processor.py:914} INFO - Processing file /home/airflow/.local/lib/python3.12/site-packages/airflow/example_dags/example_branch_operator_decorator.py for tasks to queue
[2024-12-12T05:36:42.771+0000] {logging_mixin.py:190} INFO - [2024-12-12T05:36:42.770+0000] {dagbag.py:588} INFO - Filling up the DagBag from /home/airflow/.local/lib/python3.12/site-packages/airflow/example_dags/example_branch_operator_decorator.py
[2024-12-12T05:36:42.792+0000] {processor.py:925} INFO - DAG(s) 'example_branch_python_operator_decorator' retrieved from /home/airflow/.local/lib/python3.12/site-packages/airflow/example_dags/example_branch_operator_decorator.py
[2024-12-12T05:36:42.870+0000] {logging_mixin.py:190} INFO - [2024-12-12T05:36:42.870+0000] {override.py:1911} INFO - Created Permission View: can delete on DAG:example_branch_python_operator_decorator
[2024-12-12T05:36:42.876+0000] {logging_mixin.py:190} INFO - [2024-12-12T05:36:42.876+0000] {override.py:1911} INFO - Created Permission View: can edit on DAG:example_branch_python_operator_decorator
[2024-12-12T05:36:42.880+0000] {logging_mixin.py:190} INFO - [2024-12-12T05:36:42.880+0000] {override.py:1911} INFO - Created Permission View: can read on DAG:example_branch_python_operator_decorator
[2024-12-12T05:36:42.884+0000] {logging_mixin.py:190} INFO - [2024-12-12T05:36:42.884+0000] {override.py:1911} INFO - Created Permission View: can delete on DAG Run:example_branch_python_operator_decorator
[2024-12-12T05:36:42.889+0000] {logging_mixin.py:190} INFO - [2024-12-12T05:36:42.889+0000] {override.py:1911} INFO - Created Permission View: menu access on DAG Run:example_branch_python_operator_decorator
[2024-12-12T05:36:42.897+0000] {logging_mixin.py:190} INFO - [2024-12-12T05:36:42.897+0000] {override.py:1911} INFO - Created Permission View: can create on DAG Run:example_branch_python_operator_decorator
[2024-12-12T05:36:42.903+0000] {logging_mixin.py:190} INFO - [2024-12-12T05:36:42.903+0000] {override.py:1911} INFO - Created Permission View: can read on DAG Run:example_branch_python_operator_decorator
[2024-12-12T05:36:42.904+0000] {logging_mixin.py:190} INFO - [2024-12-12T05:36:42.904+0000] {dag.py:3239} INFO - Sync 1 DAGs
[2024-12-12T05:36:42.915+0000] {logging_mixin.py:190} INFO - [2024-12-12T05:36:42.915+0000] {dag.py:3262} INFO - Creating ORM DAG for example_branch_python_operator_decorator
[2024-12-12T05:36:42.927+0000] {logging_mixin.py:190} INFO - [2024-12-12T05:36:42.927+0000] {dag.py:4180} INFO - Setting next_dagrun for example_branch_python_operator_decorator to 2024-12-11 00:00:00+00:00, run_after=2024-12-12 00:00:00+00:00
[2024-12-12T05:36:42.942+0000] {processor.py:208} INFO - Processing /home/airflow/.local/lib/python3.12/site-packages/airflow/example_dags/example_branch_operator_decorator.py took 0.202 seconds
[2024-12-12T05:37:18.066+0000] {processor.py:186} INFO - Started process (PID=155) to work on /home/airflow/.local/lib/python3.12/site-packages/airflow/example_dags/example_branch_operator_decorator.py
[2024-12-12T05:37:18.067+0000] {processor.py:914} INFO - Processing file /home/airflow/.local/lib/python3.12/site-packages/airflow/example_dags/example_branch_operator_decorator.py for tasks to queue
[2024-12-12T05:37:18.070+0000] {logging_mixin.py:190} INFO - [2024-12-12T05:37:18.070+0000] {dagbag.py:588} INFO - Filling up the DagBag from /home/airflow/.local/lib/python3.12/site-packages/airflow/example_dags/example_branch_operator_decorator.py
[2024-12-12T05:37:18.098+0000] {processor.py:925} INFO - DAG(s) 'example_branch_python_operator_decorator' retrieved from /home/airflow/.local/lib/python3.12/site-packages/airflow/example_dags/example_branch_operator_decorator.py
[2024-12-12T05:37:18.133+0000] {logging_mixin.py:190} INFO - [2024-12-12T05:37:18.133+0000] {dag.py:3239} INFO - Sync 1 DAGs
[2024-12-12T05:37:18.165+0000] {logging_mixin.py:190} INFO - [2024-12-12T05:37:18.165+0000] {dag.py:4180} INFO - Setting next_dagrun for example_branch_python_operator_decorator to 2024-12-11 00:00:00+00:00, run_after=2024-12-12 00:00:00+00:00
[2024-12-12T05:37:18.193+0000] {processor.py:208} INFO - Processing /home/airflow/.local/lib/python3.12/site-packages/airflow/example_dags/example_branch_operator_decorator.py took 0.132 seconds
[2024-12-12T05:37:49.401+0000] {processor.py:186} INFO - Started process (PID=218) to work on /home/airflow/.local/lib/python3.12/site-packages/airflow/example_dags/example_branch_operator_decorator.py
[2024-12-12T05:37:49.402+0000] {processor.py:914} INFO - Processing file /home/airflow/.local/lib/python3.12/site-packages/airflow/example_dags/example_branch_operator_decorator.py for tasks to queue
[2024-12-12T05:37:49.404+0000] {logging_mixin.py:190} INFO - [2024-12-12T05:37:49.404+0000] {dagbag.py:588} INFO - Filling up the DagBag from /home/airflow/.local/lib/python3.12/site-packages/airflow/example_dags/example_branch_operator_decorator.py
[2024-12-12T05:37:49.419+0000] {processor.py:925} INFO - DAG(s) 'example_branch_python_operator_decorator' retrieved from /home/airflow/.local/lib/python3.12/site-packages/airflow/example_dags/example_branch_operator_decorator.py
[2024-12-12T05:37:49.439+0000] {logging_mixin.py:190} INFO - [2024-12-12T05:37:49.438+0000] {dag.py:3239} INFO - Sync 1 DAGs
[2024-12-12T05:37:49.455+0000] {logging_mixin.py:190} INFO - [2024-12-12T05:37:49.455+0000] {dag.py:4180} INFO - Setting next_dagrun for example_branch_python_operator_decorator to 2024-12-11 00:00:00+00:00, run_after=2024-12-12 00:00:00+00:00
[2024-12-12T05:37:49.467+0000] {processor.py:208} INFO - Processing /home/airflow/.local/lib/python3.12/site-packages/airflow/example_dags/example_branch_operator_decorator.py took 0.070 seconds
[2024-12-12T05:38:27.674+0000] {processor.py:186} INFO - Started process (PID=84) to work on /home/airflow/.local/lib/python3.12/site-packages/airflow/example_dags/example_branch_operator_decorator.py
[2024-12-12T05:38:27.675+0000] {processor.py:914} INFO - Processing file /home/airflow/.local/lib/python3.12/site-packages/airflow/example_dags/example_branch_operator_decorator.py for tasks to queue
[2024-12-12T05:38:27.677+0000] {logging_mixin.py:190} INFO - [2024-12-12T05:38:27.677+0000] {dagbag.py:588} INFO - Filling up the DagBag from /home/airflow/.local/lib/python3.12/site-packages/airflow/example_dags/example_branch_operator_decorator.py
[2024-12-12T05:38:27.694+0000] {processor.py:925} INFO - DAG(s) 'example_branch_python_operator_decorator' retrieved from /home/airflow/.local/lib/python3.12/site-packages/airflow/example_dags/example_branch_operator_decorator.py
[2024-12-12T05:38:27.807+0000] {logging_mixin.py:190} INFO - [2024-12-12T05:38:27.807+0000] {dag.py:3239} INFO - Sync 1 DAGs
[2024-12-12T05:38:27.824+0000] {logging_mixin.py:190} INFO - [2024-12-12T05:38:27.824+0000] {dag.py:4180} INFO - Setting next_dagrun for example_branch_python_operator_decorator to 2024-12-11 00:00:00+00:00, run_after=2024-12-12 00:00:00+00:00
[2024-12-12T05:38:27.845+0000] {processor.py:208} INFO - Processing /home/airflow/.local/lib/python3.12/site-packages/airflow/example_dags/example_branch_operator_decorator.py took 0.175 seconds
[2024-12-12T05:38:58.384+0000] {processor.py:186} INFO - Started process (PID=148) to work on /home/airflow/.local/lib/python3.12/site-packages/airflow/example_dags/example_branch_operator_decorator.py
[2024-12-12T05:38:58.384+0000] {processor.py:914} INFO - Processing file /home/airflow/.local/lib/python3.12/site-packages/airflow/example_dags/example_branch_operator_decorator.py for tasks to queue
[2024-12-12T05:38:58.386+0000] {logging_mixin.py:190} INFO - [2024-12-12T05:38:58.386+0000] {dagbag.py:588} INFO - Filling up the DagBag from /home/airflow/.local/lib/python3.12/site-packages/airflow/example_dags/example_branch_operator_decorator.py
[2024-12-12T05:38:58.400+0000] {processor.py:925} INFO - DAG(s) 'example_branch_python_operator_decorator' retrieved from /home/airflow/.local/lib/python3.12/site-packages/airflow/example_dags/example_branch_operator_decorator.py
[2024-12-12T05:38:58.418+0000] {logging_mixin.py:190} INFO - [2024-12-12T05:38:58.418+0000] {dag.py:3239} INFO - Sync 1 DAGs
[2024-12-12T05:38:58.431+0000] {logging_mixin.py:190} INFO - [2024-12-12T05:38:58.431+0000] {dag.py:4180} INFO - Setting next_dagrun for example_branch_python_operator_decorator to 2024-12-11 00:00:00+00:00, run_after=2024-12-12 00:00:00+00:00
[2024-12-12T05:38:58.444+0000] {processor.py:208} INFO - Processing /home/airflow/.local/lib/python3.12/site-packages/airflow/example_dags/example_branch_operator_decorator.py took 0.065 seconds
[2024-12-12T05:39:32.660+0000] {processor.py:186} INFO - Started process (PID=215) to work on /home/airflow/.local/lib/python3.12/site-packages/airflow/example_dags/example_branch_operator_decorator.py
[2024-12-12T05:39:32.665+0000] {processor.py:914} INFO - Processing file /home/airflow/.local/lib/python3.12/site-packages/airflow/example_dags/example_branch_operator_decorator.py for tasks to queue
[2024-12-12T05:39:32.670+0000] {logging_mixin.py:190} INFO - [2024-12-12T05:39:32.670+0000] {dagbag.py:588} INFO - Filling up the DagBag from /home/airflow/.local/lib/python3.12/site-packages/airflow/example_dags/example_branch_operator_decorator.py
[2024-12-12T05:39:32.699+0000] {processor.py:925} INFO - DAG(s) 'example_branch_python_operator_decorator' retrieved from /home/airflow/.local/lib/python3.12/site-packages/airflow/example_dags/example_branch_operator_decorator.py
[2024-12-12T05:39:32.764+0000] {logging_mixin.py:190} INFO - [2024-12-12T05:39:32.764+0000] {dag.py:3239} INFO - Sync 1 DAGs
[2024-12-12T05:39:32.838+0000] {logging_mixin.py:190} INFO - [2024-12-12T05:39:32.838+0000] {dag.py:4180} INFO - Setting next_dagrun for example_branch_python_operator_decorator to 2024-12-11 00:00:00+00:00, run_after=2024-12-12 00:00:00+00:00
[2024-12-12T05:39:32.887+0000] {processor.py:208} INFO - Processing /home/airflow/.local/lib/python3.12/site-packages/airflow/example_dags/example_branch_operator_decorator.py took 0.231 seconds
[2024-12-12T05:40:04.818+0000] {processor.py:186} INFO - Started process (PID=279) to work on /home/airflow/.local/lib/python3.12/site-packages/airflow/example_dags/example_branch_operator_decorator.py
[2024-12-12T05:40:04.824+0000] {processor.py:914} INFO - Processing file /home/airflow/.local/lib/python3.12/site-packages/airflow/example_dags/example_branch_operator_decorator.py for tasks to queue
[2024-12-12T05:40:04.829+0000] {logging_mixin.py:190} INFO - [2024-12-12T05:40:04.828+0000] {dagbag.py:588} INFO - Filling up the DagBag from /home/airflow/.local/lib/python3.12/site-packages/airflow/example_dags/example_branch_operator_decorator.py
[2024-12-12T05:40:04.852+0000] {processor.py:925} INFO - DAG(s) 'example_branch_python_operator_decorator' retrieved from /home/airflow/.local/lib/python3.12/site-packages/airflow/example_dags/example_branch_operator_decorator.py
[2024-12-12T05:40:04.889+0000] {logging_mixin.py:190} INFO - [2024-12-12T05:40:04.888+0000] {dag.py:3239} INFO - Sync 1 DAGs
[2024-12-12T05:40:04.920+0000] {logging_mixin.py:190} INFO - [2024-12-12T05:40:04.919+0000] {dag.py:4180} INFO - Setting next_dagrun for example_branch_python_operator_decorator to 2024-12-11 00:00:00+00:00, run_after=2024-12-12 00:00:00+00:00
[2024-12-12T05:40:04.944+0000] {processor.py:208} INFO - Processing /home/airflow/.local/lib/python3.12/site-packages/airflow/example_dags/example_branch_operator_decorator.py took 0.134 seconds
[2024-12-12T05:40:43.693+0000] {processor.py:186} INFO - Started process (PID=343) to work on /home/airflow/.local/lib/python3.12/site-packages/airflow/example_dags/example_branch_operator_decorator.py
[2024-12-12T05:40:43.700+0000] {processor.py:914} INFO - Processing file /home/airflow/.local/lib/python3.12/site-packages/airflow/example_dags/example_branch_operator_decorator.py for tasks to queue
[2024-12-12T05:40:43.713+0000] {logging_mixin.py:190} INFO - [2024-12-12T05:40:43.712+0000] {dagbag.py:588} INFO - Filling up the DagBag from /home/airflow/.local/lib/python3.12/site-packages/airflow/example_dags/example_branch_operator_decorator.py
[2024-12-12T05:40:43.799+0000] {processor.py:925} INFO - DAG(s) 'example_branch_python_operator_decorator' retrieved from /home/airflow/.local/lib/python3.12/site-packages/airflow/example_dags/example_branch_operator_decorator.py
[2024-12-12T05:40:43.877+0000] {logging_mixin.py:190} INFO - [2024-12-12T05:40:43.877+0000] {dag.py:3239} INFO - Sync 1 DAGs
[2024-12-12T05:40:44.010+0000] {logging_mixin.py:190} INFO - [2024-12-12T05:40:44.010+0000] {dag.py:4180} INFO - Setting next_dagrun for example_branch_python_operator_decorator to 2024-12-11 00:00:00+00:00, run_after=2024-12-12 00:00:00+00:00
[2024-12-12T05:40:44.109+0000] {processor.py:208} INFO - Processing /home/airflow/.local/lib/python3.12/site-packages/airflow/example_dags/example_branch_operator_decorator.py took 0.443 seconds
[2024-12-12T05:41:25.171+0000] {processor.py:186} INFO - Started process (PID=407) to work on /home/airflow/.local/lib/python3.12/site-packages/airflow/example_dags/example_branch_operator_decorator.py
[2024-12-12T05:41:25.177+0000] {processor.py:914} INFO - Processing file /home/airflow/.local/lib/python3.12/site-packages/airflow/example_dags/example_branch_operator_decorator.py for tasks to queue
[2024-12-12T05:41:25.186+0000] {logging_mixin.py:190} INFO - [2024-12-12T05:41:25.186+0000] {dagbag.py:588} INFO - Filling up the DagBag from /home/airflow/.local/lib/python3.12/site-packages/airflow/example_dags/example_branch_operator_decorator.py
[2024-12-12T05:41:25.226+0000] {processor.py:925} INFO - DAG(s) 'example_branch_python_operator_decorator' retrieved from /home/airflow/.local/lib/python3.12/site-packages/airflow/example_dags/example_branch_operator_decorator.py
[2024-12-12T05:41:25.297+0000] {logging_mixin.py:190} INFO - [2024-12-12T05:41:25.297+0000] {dag.py:3239} INFO - Sync 1 DAGs
[2024-12-12T05:41:25.355+0000] {logging_mixin.py:190} INFO - [2024-12-12T05:41:25.354+0000] {dag.py:4180} INFO - Setting next_dagrun for example_branch_python_operator_decorator to 2024-12-11 00:00:00+00:00, run_after=2024-12-12 00:00:00+00:00
[2024-12-12T05:41:25.376+0000] {processor.py:208} INFO - Processing /home/airflow/.local/lib/python3.12/site-packages/airflow/example_dags/example_branch_operator_decorator.py took 0.210 seconds
[2024-12-12T05:42:01.148+0000] {processor.py:186} INFO - Started process (PID=470) to work on /home/airflow/.local/lib/python3.12/site-packages/airflow/example_dags/example_branch_operator_decorator.py
[2024-12-12T05:42:01.219+0000] {processor.py:914} INFO - Processing file /home/airflow/.local/lib/python3.12/site-packages/airflow/example_dags/example_branch_operator_decorator.py for tasks to queue
[2024-12-12T05:42:01.234+0000] {logging_mixin.py:190} INFO - [2024-12-12T05:42:01.232+0000] {dagbag.py:588} INFO - Filling up the DagBag from /home/airflow/.local/lib/python3.12/site-packages/airflow/example_dags/example_branch_operator_decorator.py
[2024-12-12T05:42:01.617+0000] {processor.py:925} INFO - DAG(s) 'example_branch_python_operator_decorator' retrieved from /home/airflow/.local/lib/python3.12/site-packages/airflow/example_dags/example_branch_operator_decorator.py
[2024-12-12T05:42:01.941+0000] {logging_mixin.py:190} INFO - [2024-12-12T05:42:01.935+0000] {dag.py:3239} INFO - Sync 1 DAGs
[2024-12-12T05:42:02.184+0000] {logging_mixin.py:190} INFO - [2024-12-12T05:42:02.184+0000] {dag.py:4180} INFO - Setting next_dagrun for example_branch_python_operator_decorator to 2024-12-11 00:00:00+00:00, run_after=2024-12-12 00:00:00+00:00
[2024-12-12T05:42:02.266+0000] {processor.py:208} INFO - Processing /home/airflow/.local/lib/python3.12/site-packages/airflow/example_dags/example_branch_operator_decorator.py took 1.156 seconds
[2024-12-12T05:42:33.270+0000] {processor.py:186} INFO - Started process (PID=539) to work on /home/airflow/.local/lib/python3.12/site-packages/airflow/example_dags/example_branch_operator_decorator.py
[2024-12-12T05:42:33.275+0000] {processor.py:914} INFO - Processing file /home/airflow/.local/lib/python3.12/site-packages/airflow/example_dags/example_branch_operator_decorator.py for tasks to queue
[2024-12-12T05:42:33.278+0000] {logging_mixin.py:190} INFO - [2024-12-12T05:42:33.277+0000] {dagbag.py:588} INFO - Filling up the DagBag from /home/airflow/.local/lib/python3.12/site-packages/airflow/example_dags/example_branch_operator_decorator.py
[2024-12-12T05:42:33.296+0000] {processor.py:925} INFO - DAG(s) 'example_branch_python_operator_decorator' retrieved from /home/airflow/.local/lib/python3.12/site-packages/airflow/example_dags/example_branch_operator_decorator.py
[2024-12-12T05:42:33.314+0000] {logging_mixin.py:190} INFO - [2024-12-12T05:42:33.314+0000] {dag.py:3239} INFO - Sync 1 DAGs
[2024-12-12T05:42:33.344+0000] {logging_mixin.py:190} INFO - [2024-12-12T05:42:33.344+0000] {dag.py:4180} INFO - Setting next_dagrun for example_branch_python_operator_decorator to 2024-12-11 00:00:00+00:00, run_after=2024-12-12 00:00:00+00:00
[2024-12-12T05:42:33.355+0000] {processor.py:208} INFO - Processing /home/airflow/.local/lib/python3.12/site-packages/airflow/example_dags/example_branch_operator_decorator.py took 0.091 seconds
[2024-12-12T05:43:03.718+0000] {processor.py:186} INFO - Started process (PID=602) to work on /home/airflow/.local/lib/python3.12/site-packages/airflow/example_dags/example_branch_operator_decorator.py
[2024-12-12T05:43:03.723+0000] {processor.py:914} INFO - Processing file /home/airflow/.local/lib/python3.12/site-packages/airflow/example_dags/example_branch_operator_decorator.py for tasks to queue
[2024-12-12T05:43:03.729+0000] {logging_mixin.py:190} INFO - [2024-12-12T05:43:03.728+0000] {dagbag.py:588} INFO - Filling up the DagBag from /home/airflow/.local/lib/python3.12/site-packages/airflow/example_dags/example_branch_operator_decorator.py
[2024-12-12T05:43:03.792+0000] {processor.py:925} INFO - DAG(s) 'example_branch_python_operator_decorator' retrieved from /home/airflow/.local/lib/python3.12/site-packages/airflow/example_dags/example_branch_operator_decorator.py
[2024-12-12T05:43:03.850+0000] {logging_mixin.py:190} INFO - [2024-12-12T05:43:03.850+0000] {dag.py:3239} INFO - Sync 1 DAGs
[2024-12-12T05:43:03.909+0000] {logging_mixin.py:190} INFO - [2024-12-12T05:43:03.909+0000] {dag.py:4180} INFO - Setting next_dagrun for example_branch_python_operator_decorator to 2024-12-11 00:00:00+00:00, run_after=2024-12-12 00:00:00+00:00
[2024-12-12T05:43:03.959+0000] {processor.py:208} INFO - Processing /home/airflow/.local/lib/python3.12/site-packages/airflow/example_dags/example_branch_operator_decorator.py took 0.273 seconds
[2024-12-12T05:43:34.305+0000] {processor.py:186} INFO - Started process (PID=666) to work on /home/airflow/.local/lib/python3.12/site-packages/airflow/example_dags/example_branch_operator_decorator.py
[2024-12-12T05:43:34.307+0000] {processor.py:914} INFO - Processing file /home/airflow/.local/lib/python3.12/site-packages/airflow/example_dags/example_branch_operator_decorator.py for tasks to queue
[2024-12-12T05:43:34.311+0000] {logging_mixin.py:190} INFO - [2024-12-12T05:43:34.310+0000] {dagbag.py:588} INFO - Filling up the DagBag from /home/airflow/.local/lib/python3.12/site-packages/airflow/example_dags/example_branch_operator_decorator.py
[2024-12-12T05:43:34.331+0000] {processor.py:925} INFO - DAG(s) 'example_branch_python_operator_decorator' retrieved from /home/airflow/.local/lib/python3.12/site-packages/airflow/example_dags/example_branch_operator_decorator.py
[2024-12-12T05:43:34.355+0000] {logging_mixin.py:190} INFO - [2024-12-12T05:43:34.354+0000] {dag.py:3239} INFO - Sync 1 DAGs
[2024-12-12T05:43:34.376+0000] {logging_mixin.py:190} INFO - [2024-12-12T05:43:34.376+0000] {dag.py:4180} INFO - Setting next_dagrun for example_branch_python_operator_decorator to 2024-12-11 00:00:00+00:00, run_after=2024-12-12 00:00:00+00:00
[2024-12-12T05:43:34.389+0000] {processor.py:208} INFO - Processing /home/airflow/.local/lib/python3.12/site-packages/airflow/example_dags/example_branch_operator_decorator.py took 0.093 seconds
[2024-12-12T05:45:17.617+0000] {processor.py:186} INFO - Started process (PID=91) to work on /home/airflow/.local/lib/python3.12/site-packages/airflow/example_dags/example_branch_operator_decorator.py
[2024-12-12T05:45:17.620+0000] {processor.py:914} INFO - Processing file /home/airflow/.local/lib/python3.12/site-packages/airflow/example_dags/example_branch_operator_decorator.py for tasks to queue
[2024-12-12T05:45:17.621+0000] {logging_mixin.py:190} INFO - [2024-12-12T05:45:17.621+0000] {dagbag.py:588} INFO - Filling up the DagBag from /home/airflow/.local/lib/python3.12/site-packages/airflow/example_dags/example_branch_operator_decorator.py
[2024-12-12T05:45:17.640+0000] {processor.py:925} INFO - DAG(s) 'example_branch_python_operator_decorator' retrieved from /home/airflow/.local/lib/python3.12/site-packages/airflow/example_dags/example_branch_operator_decorator.py
[2024-12-12T05:45:17.755+0000] {logging_mixin.py:190} INFO - [2024-12-12T05:45:17.755+0000] {dag.py:3239} INFO - Sync 1 DAGs
[2024-12-12T05:45:17.776+0000] {logging_mixin.py:190} INFO - [2024-12-12T05:45:17.775+0000] {dag.py:4180} INFO - Setting next_dagrun for example_branch_python_operator_decorator to 2024-12-11 00:00:00+00:00, run_after=2024-12-12 00:00:00+00:00
[2024-12-12T05:45:17.789+0000] {processor.py:208} INFO - Processing /home/airflow/.local/lib/python3.12/site-packages/airflow/example_dags/example_branch_operator_decorator.py took 0.183 seconds
[2024-12-12T05:45:50.257+0000] {processor.py:186} INFO - Started process (PID=154) to work on /home/airflow/.local/lib/python3.12/site-packages/airflow/example_dags/example_branch_operator_decorator.py
[2024-12-12T05:45:50.267+0000] {processor.py:914} INFO - Processing file /home/airflow/.local/lib/python3.12/site-packages/airflow/example_dags/example_branch_operator_decorator.py for tasks to queue
[2024-12-12T05:45:50.274+0000] {logging_mixin.py:190} INFO - [2024-12-12T05:45:50.274+0000] {dagbag.py:588} INFO - Filling up the DagBag from /home/airflow/.local/lib/python3.12/site-packages/airflow/example_dags/example_branch_operator_decorator.py
[2024-12-12T05:45:50.311+0000] {processor.py:925} INFO - DAG(s) 'example_branch_python_operator_decorator' retrieved from /home/airflow/.local/lib/python3.12/site-packages/airflow/example_dags/example_branch_operator_decorator.py
[2024-12-12T05:45:50.333+0000] {logging_mixin.py:190} INFO - [2024-12-12T05:45:50.333+0000] {dag.py:3239} INFO - Sync 1 DAGs
[2024-12-12T05:45:50.355+0000] {logging_mixin.py:190} INFO - [2024-12-12T05:45:50.355+0000] {dag.py:4180} INFO - Setting next_dagrun for example_branch_python_operator_decorator to 2024-12-11 00:00:00+00:00, run_after=2024-12-12 00:00:00+00:00
[2024-12-12T05:45:50.373+0000] {processor.py:208} INFO - Processing /home/airflow/.local/lib/python3.12/site-packages/airflow/example_dags/example_branch_operator_decorator.py took 0.127 seconds
[2024-12-12T05:46:21.360+0000] {processor.py:186} INFO - Started process (PID=217) to work on /home/airflow/.local/lib/python3.12/site-packages/airflow/example_dags/example_branch_operator_decorator.py
[2024-12-12T05:46:21.361+0000] {processor.py:914} INFO - Processing file /home/airflow/.local/lib/python3.12/site-packages/airflow/example_dags/example_branch_operator_decorator.py for tasks to queue
[2024-12-12T05:46:21.363+0000] {logging_mixin.py:190} INFO - [2024-12-12T05:46:21.363+0000] {dagbag.py:588} INFO - Filling up the DagBag from /home/airflow/.local/lib/python3.12/site-packages/airflow/example_dags/example_branch_operator_decorator.py
[2024-12-12T05:46:21.377+0000] {processor.py:925} INFO - DAG(s) 'example_branch_python_operator_decorator' retrieved from /home/airflow/.local/lib/python3.12/site-packages/airflow/example_dags/example_branch_operator_decorator.py
[2024-12-12T05:46:21.396+0000] {logging_mixin.py:190} INFO - [2024-12-12T05:46:21.395+0000] {dag.py:3239} INFO - Sync 1 DAGs
[2024-12-12T05:46:21.410+0000] {logging_mixin.py:190} INFO - [2024-12-12T05:46:21.410+0000] {dag.py:4180} INFO - Setting next_dagrun for example_branch_python_operator_decorator to 2024-12-11 00:00:00+00:00, run_after=2024-12-12 00:00:00+00:00
[2024-12-12T05:46:21.421+0000] {processor.py:208} INFO - Processing /home/airflow/.local/lib/python3.12/site-packages/airflow/example_dags/example_branch_operator_decorator.py took 0.065 seconds
