[2024-12-12T05:36:39.146+0000] {processor.py:186} INFO - Started process (PID=75) to work on /home/airflow/.local/lib/python3.12/site-packages/airflow/example_dags/example_sensor_decorator.py
[2024-12-12T05:36:39.148+0000] {processor.py:914} INFO - Processing file /home/airflow/.local/lib/python3.12/site-packages/airflow/example_dags/example_sensor_decorator.py for tasks to queue
[2024-12-12T05:36:39.151+0000] {logging_mixin.py:190} INFO - [2024-12-12T05:36:39.150+0000] {dagbag.py:588} INFO - Filling up the DagBag from /home/airflow/.local/lib/python3.12/site-packages/airflow/example_dags/example_sensor_decorator.py
[2024-12-12T05:36:39.157+0000] {processor.py:925} INFO - DAG(s) 'example_sensor_decorator' retrieved from /home/airflow/.local/lib/python3.12/site-packages/airflow/example_dags/example_sensor_decorator.py
[2024-12-12T05:36:39.233+0000] {logging_mixin.py:190} INFO - [2024-12-12T05:36:39.232+0000] {override.py:1911} INFO - Created Permission View: can delete on DAG:example_sensor_decorator
[2024-12-12T05:36:39.239+0000] {logging_mixin.py:190} INFO - [2024-12-12T05:36:39.238+0000] {override.py:1911} INFO - Created Permission View: can edit on DAG:example_sensor_decorator
[2024-12-12T05:36:39.248+0000] {logging_mixin.py:190} INFO - [2024-12-12T05:36:39.247+0000] {override.py:1911} INFO - Created Permission View: can read on DAG:example_sensor_decorator
[2024-12-12T05:36:39.254+0000] {logging_mixin.py:190} INFO - [2024-12-12T05:36:39.254+0000] {override.py:1911} INFO - Created Permission View: can delete on DAG Run:example_sensor_decorator
[2024-12-12T05:36:39.270+0000] {logging_mixin.py:190} INFO - [2024-12-12T05:36:39.270+0000] {override.py:1911} INFO - Created Permission View: menu access on DAG Run:example_sensor_decorator
[2024-12-12T05:36:39.287+0000] {logging_mixin.py:190} INFO - [2024-12-12T05:36:39.286+0000] {override.py:1911} INFO - Created Permission View: can create on DAG Run:example_sensor_decorator
[2024-12-12T05:36:39.296+0000] {logging_mixin.py:190} INFO - [2024-12-12T05:36:39.296+0000] {override.py:1911} INFO - Created Permission View: can read on DAG Run:example_sensor_decorator
[2024-12-12T05:36:39.297+0000] {logging_mixin.py:190} INFO - [2024-12-12T05:36:39.297+0000] {dag.py:3239} INFO - Sync 1 DAGs
[2024-12-12T05:36:39.312+0000] {logging_mixin.py:190} INFO - [2024-12-12T05:36:39.312+0000] {dag.py:3262} INFO - Creating ORM DAG for example_sensor_decorator
[2024-12-12T05:36:39.314+0000] {logging_mixin.py:190} INFO - [2024-12-12T05:36:39.314+0000] {dag.py:4180} INFO - Setting next_dagrun for example_sensor_decorator to None, run_after=None
[2024-12-12T05:36:39.339+0000] {processor.py:208} INFO - Processing /home/airflow/.local/lib/python3.12/site-packages/airflow/example_dags/example_sensor_decorator.py took 0.201 seconds
[2024-12-12T05:37:10.238+0000] {processor.py:186} INFO - Started process (PID=139) to work on /home/airflow/.local/lib/python3.12/site-packages/airflow/example_dags/example_sensor_decorator.py
[2024-12-12T05:37:10.253+0000] {processor.py:914} INFO - Processing file /home/airflow/.local/lib/python3.12/site-packages/airflow/example_dags/example_sensor_decorator.py for tasks to queue
[2024-12-12T05:37:10.259+0000] {logging_mixin.py:190} INFO - [2024-12-12T05:37:10.258+0000] {dagbag.py:588} INFO - Filling up the DagBag from /home/airflow/.local/lib/python3.12/site-packages/airflow/example_dags/example_sensor_decorator.py
[2024-12-12T05:37:10.275+0000] {processor.py:925} INFO - DAG(s) 'example_sensor_decorator' retrieved from /home/airflow/.local/lib/python3.12/site-packages/airflow/example_dags/example_sensor_decorator.py
[2024-12-12T05:37:10.325+0000] {logging_mixin.py:190} INFO - [2024-12-12T05:37:10.324+0000] {dag.py:3239} INFO - Sync 1 DAGs
[2024-12-12T05:37:10.338+0000] {logging_mixin.py:190} INFO - [2024-12-12T05:37:10.338+0000] {dag.py:4180} INFO - Setting next_dagrun for example_sensor_decorator to None, run_after=None
[2024-12-12T05:37:10.360+0000] {processor.py:208} INFO - Processing /home/airflow/.local/lib/python3.12/site-packages/airflow/example_dags/example_sensor_decorator.py took 0.134 seconds
[2024-12-12T05:37:43.324+0000] {processor.py:186} INFO - Started process (PID=203) to work on /home/airflow/.local/lib/python3.12/site-packages/airflow/example_dags/example_sensor_decorator.py
[2024-12-12T05:37:43.329+0000] {processor.py:914} INFO - Processing file /home/airflow/.local/lib/python3.12/site-packages/airflow/example_dags/example_sensor_decorator.py for tasks to queue
[2024-12-12T05:37:43.372+0000] {logging_mixin.py:190} INFO - [2024-12-12T05:37:43.368+0000] {dagbag.py:588} INFO - Filling up the DagBag from /home/airflow/.local/lib/python3.12/site-packages/airflow/example_dags/example_sensor_decorator.py
[2024-12-12T05:37:43.457+0000] {processor.py:925} INFO - DAG(s) 'example_sensor_decorator' retrieved from /home/airflow/.local/lib/python3.12/site-packages/airflow/example_dags/example_sensor_decorator.py
[2024-12-12T05:37:43.502+0000] {logging_mixin.py:190} INFO - [2024-12-12T05:37:43.502+0000] {dag.py:3239} INFO - Sync 1 DAGs
[2024-12-12T05:37:43.518+0000] {logging_mixin.py:190} INFO - [2024-12-12T05:37:43.518+0000] {dag.py:4180} INFO - Setting next_dagrun for example_sensor_decorator to None, run_after=None
[2024-12-12T05:37:43.544+0000] {processor.py:208} INFO - Processing /home/airflow/.local/lib/python3.12/site-packages/airflow/example_dags/example_sensor_decorator.py took 0.242 seconds
[2024-12-12T05:38:25.100+0000] {processor.py:186} INFO - Started process (PID=68) to work on /home/airflow/.local/lib/python3.12/site-packages/airflow/example_dags/example_sensor_decorator.py
[2024-12-12T05:38:25.102+0000] {processor.py:914} INFO - Processing file /home/airflow/.local/lib/python3.12/site-packages/airflow/example_dags/example_sensor_decorator.py for tasks to queue
[2024-12-12T05:38:25.103+0000] {logging_mixin.py:190} INFO - [2024-12-12T05:38:25.103+0000] {dagbag.py:588} INFO - Filling up the DagBag from /home/airflow/.local/lib/python3.12/site-packages/airflow/example_dags/example_sensor_decorator.py
[2024-12-12T05:38:25.111+0000] {processor.py:925} INFO - DAG(s) 'example_sensor_decorator' retrieved from /home/airflow/.local/lib/python3.12/site-packages/airflow/example_dags/example_sensor_decorator.py
[2024-12-12T05:38:25.142+0000] {logging_mixin.py:190} INFO - [2024-12-12T05:38:25.142+0000] {dag.py:3239} INFO - Sync 1 DAGs
[2024-12-12T05:38:25.153+0000] {logging_mixin.py:190} INFO - [2024-12-12T05:38:25.153+0000] {dag.py:4180} INFO - Setting next_dagrun for example_sensor_decorator to None, run_after=None
[2024-12-12T05:38:25.170+0000] {processor.py:208} INFO - Processing /home/airflow/.local/lib/python3.12/site-packages/airflow/example_dags/example_sensor_decorator.py took 0.074 seconds
[2024-12-12T05:38:55.581+0000] {processor.py:186} INFO - Started process (PID=132) to work on /home/airflow/.local/lib/python3.12/site-packages/airflow/example_dags/example_sensor_decorator.py
[2024-12-12T05:38:55.582+0000] {processor.py:914} INFO - Processing file /home/airflow/.local/lib/python3.12/site-packages/airflow/example_dags/example_sensor_decorator.py for tasks to queue
[2024-12-12T05:38:55.584+0000] {logging_mixin.py:190} INFO - [2024-12-12T05:38:55.584+0000] {dagbag.py:588} INFO - Filling up the DagBag from /home/airflow/.local/lib/python3.12/site-packages/airflow/example_dags/example_sensor_decorator.py
[2024-12-12T05:38:55.591+0000] {processor.py:925} INFO - DAG(s) 'example_sensor_decorator' retrieved from /home/airflow/.local/lib/python3.12/site-packages/airflow/example_dags/example_sensor_decorator.py
[2024-12-12T05:38:55.605+0000] {logging_mixin.py:190} INFO - [2024-12-12T05:38:55.605+0000] {dag.py:3239} INFO - Sync 1 DAGs
[2024-12-12T05:38:55.614+0000] {logging_mixin.py:190} INFO - [2024-12-12T05:38:55.614+0000] {dag.py:4180} INFO - Setting next_dagrun for example_sensor_decorator to None, run_after=None
[2024-12-12T05:38:55.628+0000] {processor.py:208} INFO - Processing /home/airflow/.local/lib/python3.12/site-packages/airflow/example_dags/example_sensor_decorator.py took 0.051 seconds
[2024-12-12T05:39:30.507+0000] {processor.py:186} INFO - Started process (PID=200) to work on /home/airflow/.local/lib/python3.12/site-packages/airflow/example_dags/example_sensor_decorator.py
[2024-12-12T05:39:30.517+0000] {processor.py:914} INFO - Processing file /home/airflow/.local/lib/python3.12/site-packages/airflow/example_dags/example_sensor_decorator.py for tasks to queue
[2024-12-12T05:39:30.524+0000] {logging_mixin.py:190} INFO - [2024-12-12T05:39:30.524+0000] {dagbag.py:588} INFO - Filling up the DagBag from /home/airflow/.local/lib/python3.12/site-packages/airflow/example_dags/example_sensor_decorator.py
[2024-12-12T05:39:30.547+0000] {processor.py:925} INFO - DAG(s) 'example_sensor_decorator' retrieved from /home/airflow/.local/lib/python3.12/site-packages/airflow/example_dags/example_sensor_decorator.py
[2024-12-12T05:39:30.568+0000] {logging_mixin.py:190} INFO - [2024-12-12T05:39:30.568+0000] {dag.py:3239} INFO - Sync 1 DAGs
[2024-12-12T05:39:30.584+0000] {logging_mixin.py:190} INFO - [2024-12-12T05:39:30.584+0000] {dag.py:4180} INFO - Setting next_dagrun for example_sensor_decorator to None, run_after=None
[2024-12-12T05:39:30.625+0000] {processor.py:208} INFO - Processing /home/airflow/.local/lib/python3.12/site-packages/airflow/example_dags/example_sensor_decorator.py took 0.132 seconds
[2024-12-12T05:40:01.169+0000] {processor.py:186} INFO - Started process (PID=263) to work on /home/airflow/.local/lib/python3.12/site-packages/airflow/example_dags/example_sensor_decorator.py
[2024-12-12T05:40:01.171+0000] {processor.py:914} INFO - Processing file /home/airflow/.local/lib/python3.12/site-packages/airflow/example_dags/example_sensor_decorator.py for tasks to queue
[2024-12-12T05:40:01.179+0000] {logging_mixin.py:190} INFO - [2024-12-12T05:40:01.178+0000] {dagbag.py:588} INFO - Filling up the DagBag from /home/airflow/.local/lib/python3.12/site-packages/airflow/example_dags/example_sensor_decorator.py
[2024-12-12T05:40:01.185+0000] {processor.py:925} INFO - DAG(s) 'example_sensor_decorator' retrieved from /home/airflow/.local/lib/python3.12/site-packages/airflow/example_dags/example_sensor_decorator.py
[2024-12-12T05:40:01.201+0000] {logging_mixin.py:190} INFO - [2024-12-12T05:40:01.201+0000] {dag.py:3239} INFO - Sync 1 DAGs
[2024-12-12T05:40:01.209+0000] {logging_mixin.py:190} INFO - [2024-12-12T05:40:01.209+0000] {dag.py:4180} INFO - Setting next_dagrun for example_sensor_decorator to None, run_after=None
[2024-12-12T05:40:01.221+0000] {processor.py:208} INFO - Processing /home/airflow/.local/lib/python3.12/site-packages/airflow/example_dags/example_sensor_decorator.py took 0.056 seconds
[2024-12-12T05:40:35.536+0000] {processor.py:186} INFO - Started process (PID=327) to work on /home/airflow/.local/lib/python3.12/site-packages/airflow/example_dags/example_sensor_decorator.py
[2024-12-12T05:40:35.539+0000] {processor.py:914} INFO - Processing file /home/airflow/.local/lib/python3.12/site-packages/airflow/example_dags/example_sensor_decorator.py for tasks to queue
[2024-12-12T05:40:35.548+0000] {logging_mixin.py:190} INFO - [2024-12-12T05:40:35.547+0000] {dagbag.py:588} INFO - Filling up the DagBag from /home/airflow/.local/lib/python3.12/site-packages/airflow/example_dags/example_sensor_decorator.py
[2024-12-12T05:40:35.558+0000] {processor.py:925} INFO - DAG(s) 'example_sensor_decorator' retrieved from /home/airflow/.local/lib/python3.12/site-packages/airflow/example_dags/example_sensor_decorator.py
[2024-12-12T05:40:35.600+0000] {logging_mixin.py:190} INFO - [2024-12-12T05:40:35.599+0000] {dag.py:3239} INFO - Sync 1 DAGs
[2024-12-12T05:40:35.616+0000] {logging_mixin.py:190} INFO - [2024-12-12T05:40:35.616+0000] {dag.py:4180} INFO - Setting next_dagrun for example_sensor_decorator to None, run_after=None
[2024-12-12T05:40:35.656+0000] {processor.py:208} INFO - Processing /home/airflow/.local/lib/python3.12/site-packages/airflow/example_dags/example_sensor_decorator.py took 0.127 seconds
[2024-12-12T05:41:13.251+0000] {processor.py:186} INFO - Started process (PID=391) to work on /home/airflow/.local/lib/python3.12/site-packages/airflow/example_dags/example_sensor_decorator.py
[2024-12-12T05:41:13.253+0000] {processor.py:914} INFO - Processing file /home/airflow/.local/lib/python3.12/site-packages/airflow/example_dags/example_sensor_decorator.py for tasks to queue
[2024-12-12T05:41:13.255+0000] {logging_mixin.py:190} INFO - [2024-12-12T05:41:13.255+0000] {dagbag.py:588} INFO - Filling up the DagBag from /home/airflow/.local/lib/python3.12/site-packages/airflow/example_dags/example_sensor_decorator.py
[2024-12-12T05:41:13.267+0000] {processor.py:925} INFO - DAG(s) 'example_sensor_decorator' retrieved from /home/airflow/.local/lib/python3.12/site-packages/airflow/example_dags/example_sensor_decorator.py
[2024-12-12T05:41:13.289+0000] {logging_mixin.py:190} INFO - [2024-12-12T05:41:13.289+0000] {dag.py:3239} INFO - Sync 1 DAGs
[2024-12-12T05:41:13.312+0000] {logging_mixin.py:190} INFO - [2024-12-12T05:41:13.311+0000] {dag.py:4180} INFO - Setting next_dagrun for example_sensor_decorator to None, run_after=None
[2024-12-12T05:41:13.326+0000] {processor.py:208} INFO - Processing /home/airflow/.local/lib/python3.12/site-packages/airflow/example_dags/example_sensor_decorator.py took 0.083 seconds
[2024-12-12T05:41:50.298+0000] {processor.py:186} INFO - Started process (PID=455) to work on /home/airflow/.local/lib/python3.12/site-packages/airflow/example_dags/example_sensor_decorator.py
[2024-12-12T05:41:50.298+0000] {processor.py:914} INFO - Processing file /home/airflow/.local/lib/python3.12/site-packages/airflow/example_dags/example_sensor_decorator.py for tasks to queue
[2024-12-12T05:41:50.300+0000] {logging_mixin.py:190} INFO - [2024-12-12T05:41:50.300+0000] {dagbag.py:588} INFO - Filling up the DagBag from /home/airflow/.local/lib/python3.12/site-packages/airflow/example_dags/example_sensor_decorator.py
[2024-12-12T05:41:50.306+0000] {processor.py:925} INFO - DAG(s) 'example_sensor_decorator' retrieved from /home/airflow/.local/lib/python3.12/site-packages/airflow/example_dags/example_sensor_decorator.py
[2024-12-12T05:41:50.331+0000] {logging_mixin.py:190} INFO - [2024-12-12T05:41:50.331+0000] {dag.py:3239} INFO - Sync 1 DAGs
[2024-12-12T05:41:50.340+0000] {logging_mixin.py:190} INFO - [2024-12-12T05:41:50.340+0000] {dag.py:4180} INFO - Setting next_dagrun for example_sensor_decorator to None, run_after=None
[2024-12-12T05:41:50.354+0000] {processor.py:208} INFO - Processing /home/airflow/.local/lib/python3.12/site-packages/airflow/example_dags/example_sensor_decorator.py took 0.060 seconds
[2024-12-12T05:42:22.920+0000] {processor.py:186} INFO - Started process (PID=518) to work on /home/airflow/.local/lib/python3.12/site-packages/airflow/example_dags/example_sensor_decorator.py
[2024-12-12T05:42:22.920+0000] {processor.py:914} INFO - Processing file /home/airflow/.local/lib/python3.12/site-packages/airflow/example_dags/example_sensor_decorator.py for tasks to queue
[2024-12-12T05:42:22.922+0000] {logging_mixin.py:190} INFO - [2024-12-12T05:42:22.922+0000] {dagbag.py:588} INFO - Filling up the DagBag from /home/airflow/.local/lib/python3.12/site-packages/airflow/example_dags/example_sensor_decorator.py
[2024-12-12T05:42:22.928+0000] {processor.py:925} INFO - DAG(s) 'example_sensor_decorator' retrieved from /home/airflow/.local/lib/python3.12/site-packages/airflow/example_dags/example_sensor_decorator.py
[2024-12-12T05:42:22.953+0000] {logging_mixin.py:190} INFO - [2024-12-12T05:42:22.952+0000] {dag.py:3239} INFO - Sync 1 DAGs
[2024-12-12T05:42:22.961+0000] {logging_mixin.py:190} INFO - [2024-12-12T05:42:22.961+0000] {dag.py:4180} INFO - Setting next_dagrun for example_sensor_decorator to None, run_after=None
[2024-12-12T05:42:22.974+0000] {processor.py:208} INFO - Processing /home/airflow/.local/lib/python3.12/site-packages/airflow/example_dags/example_sensor_decorator.py took 0.060 seconds
[2024-12-12T05:42:55.721+0000] {processor.py:186} INFO - Started process (PID=582) to work on /home/airflow/.local/lib/python3.12/site-packages/airflow/example_dags/example_sensor_decorator.py
[2024-12-12T05:42:55.723+0000] {processor.py:914} INFO - Processing file /home/airflow/.local/lib/python3.12/site-packages/airflow/example_dags/example_sensor_decorator.py for tasks to queue
[2024-12-12T05:42:55.724+0000] {logging_mixin.py:190} INFO - [2024-12-12T05:42:55.724+0000] {dagbag.py:588} INFO - Filling up the DagBag from /home/airflow/.local/lib/python3.12/site-packages/airflow/example_dags/example_sensor_decorator.py
[2024-12-12T05:42:55.734+0000] {processor.py:925} INFO - DAG(s) 'example_sensor_decorator' retrieved from /home/airflow/.local/lib/python3.12/site-packages/airflow/example_dags/example_sensor_decorator.py
[2024-12-12T05:42:55.749+0000] {logging_mixin.py:190} INFO - [2024-12-12T05:42:55.749+0000] {dag.py:3239} INFO - Sync 1 DAGs
[2024-12-12T05:42:55.759+0000] {logging_mixin.py:190} INFO - [2024-12-12T05:42:55.759+0000] {dag.py:4180} INFO - Setting next_dagrun for example_sensor_decorator to None, run_after=None
[2024-12-12T05:42:55.771+0000] {processor.py:208} INFO - Processing /home/airflow/.local/lib/python3.12/site-packages/airflow/example_dags/example_sensor_decorator.py took 0.055 seconds
[2024-12-12T05:43:29.706+0000] {processor.py:186} INFO - Started process (PID=645) to work on /home/airflow/.local/lib/python3.12/site-packages/airflow/example_dags/example_sensor_decorator.py
[2024-12-12T05:43:29.707+0000] {processor.py:914} INFO - Processing file /home/airflow/.local/lib/python3.12/site-packages/airflow/example_dags/example_sensor_decorator.py for tasks to queue
[2024-12-12T05:43:29.709+0000] {logging_mixin.py:190} INFO - [2024-12-12T05:43:29.709+0000] {dagbag.py:588} INFO - Filling up the DagBag from /home/airflow/.local/lib/python3.12/site-packages/airflow/example_dags/example_sensor_decorator.py
[2024-12-12T05:43:29.715+0000] {processor.py:925} INFO - DAG(s) 'example_sensor_decorator' retrieved from /home/airflow/.local/lib/python3.12/site-packages/airflow/example_dags/example_sensor_decorator.py
[2024-12-12T05:43:29.728+0000] {logging_mixin.py:190} INFO - [2024-12-12T05:43:29.728+0000] {dag.py:3239} INFO - Sync 1 DAGs
[2024-12-12T05:43:29.736+0000] {logging_mixin.py:190} INFO - [2024-12-12T05:43:29.735+0000] {dag.py:4180} INFO - Setting next_dagrun for example_sensor_decorator to None, run_after=None
[2024-12-12T05:43:29.745+0000] {processor.py:208} INFO - Processing /home/airflow/.local/lib/python3.12/site-packages/airflow/example_dags/example_sensor_decorator.py took 0.043 seconds
[2024-12-12T05:45:14.993+0000] {processor.py:186} INFO - Started process (PID=75) to work on /home/airflow/.local/lib/python3.12/site-packages/airflow/example_dags/example_sensor_decorator.py
[2024-12-12T05:45:14.995+0000] {processor.py:914} INFO - Processing file /home/airflow/.local/lib/python3.12/site-packages/airflow/example_dags/example_sensor_decorator.py for tasks to queue
[2024-12-12T05:45:14.997+0000] {logging_mixin.py:190} INFO - [2024-12-12T05:45:14.996+0000] {dagbag.py:588} INFO - Filling up the DagBag from /home/airflow/.local/lib/python3.12/site-packages/airflow/example_dags/example_sensor_decorator.py
[2024-12-12T05:45:15.006+0000] {processor.py:925} INFO - DAG(s) 'example_sensor_decorator' retrieved from /home/airflow/.local/lib/python3.12/site-packages/airflow/example_dags/example_sensor_decorator.py
[2024-12-12T05:45:15.026+0000] {logging_mixin.py:190} INFO - [2024-12-12T05:45:15.026+0000] {dag.py:3239} INFO - Sync 1 DAGs
[2024-12-12T05:45:15.043+0000] {logging_mixin.py:190} INFO - [2024-12-12T05:45:15.043+0000] {dag.py:4180} INFO - Setting next_dagrun for example_sensor_decorator to None, run_after=None
[2024-12-12T05:45:15.057+0000] {processor.py:208} INFO - Processing /home/airflow/.local/lib/python3.12/site-packages/airflow/example_dags/example_sensor_decorator.py took 0.069 seconds
[2024-12-12T05:45:47.709+0000] {processor.py:186} INFO - Started process (PID=139) to work on /home/airflow/.local/lib/python3.12/site-packages/airflow/example_dags/example_sensor_decorator.py
[2024-12-12T05:45:47.711+0000] {processor.py:914} INFO - Processing file /home/airflow/.local/lib/python3.12/site-packages/airflow/example_dags/example_sensor_decorator.py for tasks to queue
[2024-12-12T05:45:47.713+0000] {logging_mixin.py:190} INFO - [2024-12-12T05:45:47.713+0000] {dagbag.py:588} INFO - Filling up the DagBag from /home/airflow/.local/lib/python3.12/site-packages/airflow/example_dags/example_sensor_decorator.py
[2024-12-12T05:45:47.719+0000] {processor.py:925} INFO - DAG(s) 'example_sensor_decorator' retrieved from /home/airflow/.local/lib/python3.12/site-packages/airflow/example_dags/example_sensor_decorator.py
[2024-12-12T05:45:47.745+0000] {logging_mixin.py:190} INFO - [2024-12-12T05:45:47.745+0000] {dag.py:3239} INFO - Sync 1 DAGs
[2024-12-12T05:45:47.759+0000] {logging_mixin.py:190} INFO - [2024-12-12T05:45:47.759+0000] {dag.py:4180} INFO - Setting next_dagrun for example_sensor_decorator to None, run_after=None
[2024-12-12T05:45:47.779+0000] {processor.py:208} INFO - Processing /home/airflow/.local/lib/python3.12/site-packages/airflow/example_dags/example_sensor_decorator.py took 0.074 seconds
[2024-12-12T05:46:19.616+0000] {processor.py:186} INFO - Started process (PID=202) to work on /home/airflow/.local/lib/python3.12/site-packages/airflow/example_dags/example_sensor_decorator.py
[2024-12-12T05:46:19.617+0000] {processor.py:914} INFO - Processing file /home/airflow/.local/lib/python3.12/site-packages/airflow/example_dags/example_sensor_decorator.py for tasks to queue
[2024-12-12T05:46:19.622+0000] {logging_mixin.py:190} INFO - [2024-12-12T05:46:19.622+0000] {dagbag.py:588} INFO - Filling up the DagBag from /home/airflow/.local/lib/python3.12/site-packages/airflow/example_dags/example_sensor_decorator.py
[2024-12-12T05:46:19.627+0000] {processor.py:925} INFO - DAG(s) 'example_sensor_decorator' retrieved from /home/airflow/.local/lib/python3.12/site-packages/airflow/example_dags/example_sensor_decorator.py
[2024-12-12T05:46:19.641+0000] {logging_mixin.py:190} INFO - [2024-12-12T05:46:19.640+0000] {dag.py:3239} INFO - Sync 1 DAGs
[2024-12-12T05:46:19.650+0000] {logging_mixin.py:190} INFO - [2024-12-12T05:46:19.650+0000] {dag.py:4180} INFO - Setting next_dagrun for example_sensor_decorator to None, run_after=None
[2024-12-12T05:46:19.666+0000] {processor.py:208} INFO - Processing /home/airflow/.local/lib/python3.12/site-packages/airflow/example_dags/example_sensor_decorator.py took 0.055 seconds
