[2024-12-12T05:36:30.066+0000] {processor.py:186} INFO - Started process (PID=57) to work on /home/airflow/.local/lib/python3.12/site-packages/airflow/example_dags/example_latest_only_with_trigger.py
[2024-12-12T05:36:30.072+0000] {processor.py:914} INFO - Processing file /home/airflow/.local/lib/python3.12/site-packages/airflow/example_dags/example_latest_only_with_trigger.py for tasks to queue
[2024-12-12T05:36:30.110+0000] {logging_mixin.py:190} INFO - [2024-12-12T05:36:30.109+0000] {dagbag.py:588} INFO - Filling up the DagBag from /home/airflow/.local/lib/python3.12/site-packages/airflow/example_dags/example_latest_only_with_trigger.py
[2024-12-12T05:36:30.154+0000] {processor.py:925} INFO - DAG(s) 'latest_only_with_trigger' retrieved from /home/airflow/.local/lib/python3.12/site-packages/airflow/example_dags/example_latest_only_with_trigger.py
[2024-12-12T05:36:30.480+0000] {logging_mixin.py:190} INFO - [2024-12-12T05:36:30.480+0000] {override.py:1911} INFO - Created Permission View: can delete on DAG:latest_only_with_trigger
[2024-12-12T05:36:30.495+0000] {logging_mixin.py:190} INFO - [2024-12-12T05:36:30.495+0000] {override.py:1911} INFO - Created Permission View: can edit on DAG:latest_only_with_trigger
[2024-12-12T05:36:30.509+0000] {logging_mixin.py:190} INFO - [2024-12-12T05:36:30.509+0000] {override.py:1911} INFO - Created Permission View: can read on DAG:latest_only_with_trigger
[2024-12-12T05:36:30.517+0000] {logging_mixin.py:190} INFO - [2024-12-12T05:36:30.516+0000] {override.py:1911} INFO - Created Permission View: can delete on DAG Run:latest_only_with_trigger
[2024-12-12T05:36:30.521+0000] {logging_mixin.py:190} INFO - [2024-12-12T05:36:30.521+0000] {override.py:1911} INFO - Created Permission View: menu access on DAG Run:latest_only_with_trigger
[2024-12-12T05:36:30.531+0000] {logging_mixin.py:190} INFO - [2024-12-12T05:36:30.531+0000] {override.py:1911} INFO - Created Permission View: can create on DAG Run:latest_only_with_trigger
[2024-12-12T05:36:30.538+0000] {logging_mixin.py:190} INFO - [2024-12-12T05:36:30.538+0000] {override.py:1911} INFO - Created Permission View: can read on DAG Run:latest_only_with_trigger
[2024-12-12T05:36:30.539+0000] {logging_mixin.py:190} INFO - [2024-12-12T05:36:30.539+0000] {dag.py:3239} INFO - Sync 1 DAGs
[2024-12-12T05:36:30.575+0000] {logging_mixin.py:190} INFO - [2024-12-12T05:36:30.575+0000] {dag.py:3262} INFO - Creating ORM DAG for latest_only_with_trigger
[2024-12-12T05:36:30.600+0000] {logging_mixin.py:190} INFO - [2024-12-12T05:36:30.599+0000] {dag.py:4180} INFO - Setting next_dagrun for latest_only_with_trigger to 2024-12-12 00:00:00+00:00, run_after=2024-12-12 04:00:00+00:00
[2024-12-12T05:36:30.615+0000] {processor.py:208} INFO - Processing /home/airflow/.local/lib/python3.12/site-packages/airflow/example_dags/example_latest_only_with_trigger.py took 0.592 seconds
[2024-12-12T05:37:01.547+0000] {processor.py:186} INFO - Started process (PID=121) to work on /home/airflow/.local/lib/python3.12/site-packages/airflow/example_dags/example_latest_only_with_trigger.py
[2024-12-12T05:37:01.549+0000] {processor.py:914} INFO - Processing file /home/airflow/.local/lib/python3.12/site-packages/airflow/example_dags/example_latest_only_with_trigger.py for tasks to queue
[2024-12-12T05:37:01.550+0000] {logging_mixin.py:190} INFO - [2024-12-12T05:37:01.550+0000] {dagbag.py:588} INFO - Filling up the DagBag from /home/airflow/.local/lib/python3.12/site-packages/airflow/example_dags/example_latest_only_with_trigger.py
[2024-12-12T05:37:01.555+0000] {processor.py:925} INFO - DAG(s) 'latest_only_with_trigger' retrieved from /home/airflow/.local/lib/python3.12/site-packages/airflow/example_dags/example_latest_only_with_trigger.py
[2024-12-12T05:37:01.569+0000] {logging_mixin.py:190} INFO - [2024-12-12T05:37:01.569+0000] {dag.py:3239} INFO - Sync 1 DAGs
[2024-12-12T05:37:01.591+0000] {logging_mixin.py:190} INFO - [2024-12-12T05:37:01.591+0000] {dag.py:4180} INFO - Setting next_dagrun for latest_only_with_trigger to 2024-12-12 00:00:00+00:00, run_after=2024-12-12 04:00:00+00:00
[2024-12-12T05:37:01.608+0000] {processor.py:208} INFO - Processing /home/airflow/.local/lib/python3.12/site-packages/airflow/example_dags/example_latest_only_with_trigger.py took 0.067 seconds
[2024-12-12T05:37:31.798+0000] {processor.py:186} INFO - Started process (PID=185) to work on /home/airflow/.local/lib/python3.12/site-packages/airflow/example_dags/example_latest_only_with_trigger.py
[2024-12-12T05:37:31.800+0000] {processor.py:914} INFO - Processing file /home/airflow/.local/lib/python3.12/site-packages/airflow/example_dags/example_latest_only_with_trigger.py for tasks to queue
[2024-12-12T05:37:31.803+0000] {logging_mixin.py:190} INFO - [2024-12-12T05:37:31.803+0000] {dagbag.py:588} INFO - Filling up the DagBag from /home/airflow/.local/lib/python3.12/site-packages/airflow/example_dags/example_latest_only_with_trigger.py
[2024-12-12T05:37:31.813+0000] {processor.py:925} INFO - DAG(s) 'latest_only_with_trigger' retrieved from /home/airflow/.local/lib/python3.12/site-packages/airflow/example_dags/example_latest_only_with_trigger.py
[2024-12-12T05:37:31.843+0000] {logging_mixin.py:190} INFO - [2024-12-12T05:37:31.842+0000] {dag.py:3239} INFO - Sync 1 DAGs
[2024-12-12T05:37:31.904+0000] {logging_mixin.py:190} INFO - [2024-12-12T05:37:31.904+0000] {dag.py:4180} INFO - Setting next_dagrun for latest_only_with_trigger to 2024-12-12 00:00:00+00:00, run_after=2024-12-12 04:00:00+00:00
[2024-12-12T05:37:31.961+0000] {processor.py:208} INFO - Processing /home/airflow/.local/lib/python3.12/site-packages/airflow/example_dags/example_latest_only_with_trigger.py took 0.167 seconds
[2024-12-12T05:38:23.306+0000] {processor.py:186} INFO - Started process (PID=50) to work on /home/airflow/.local/lib/python3.12/site-packages/airflow/example_dags/example_latest_only_with_trigger.py
[2024-12-12T05:38:23.329+0000] {processor.py:914} INFO - Processing file /home/airflow/.local/lib/python3.12/site-packages/airflow/example_dags/example_latest_only_with_trigger.py for tasks to queue
[2024-12-12T05:38:23.338+0000] {logging_mixin.py:190} INFO - [2024-12-12T05:38:23.337+0000] {dagbag.py:588} INFO - Filling up the DagBag from /home/airflow/.local/lib/python3.12/site-packages/airflow/example_dags/example_latest_only_with_trigger.py
[2024-12-12T05:38:23.362+0000] {processor.py:925} INFO - DAG(s) 'latest_only_with_trigger' retrieved from /home/airflow/.local/lib/python3.12/site-packages/airflow/example_dags/example_latest_only_with_trigger.py
[2024-12-12T05:38:23.390+0000] {logging_mixin.py:190} INFO - [2024-12-12T05:38:23.389+0000] {dag.py:3239} INFO - Sync 1 DAGs
[2024-12-12T05:38:23.415+0000] {logging_mixin.py:190} INFO - [2024-12-12T05:38:23.415+0000] {dag.py:4180} INFO - Setting next_dagrun for latest_only_with_trigger to 2024-12-12 00:00:00+00:00, run_after=2024-12-12 04:00:00+00:00
[2024-12-12T05:38:23.429+0000] {processor.py:208} INFO - Processing /home/airflow/.local/lib/python3.12/site-packages/airflow/example_dags/example_latest_only_with_trigger.py took 0.132 seconds
[2024-12-12T05:38:54.161+0000] {processor.py:186} INFO - Started process (PID=114) to work on /home/airflow/.local/lib/python3.12/site-packages/airflow/example_dags/example_latest_only_with_trigger.py
[2024-12-12T05:38:54.165+0000] {processor.py:914} INFO - Processing file /home/airflow/.local/lib/python3.12/site-packages/airflow/example_dags/example_latest_only_with_trigger.py for tasks to queue
[2024-12-12T05:38:54.170+0000] {logging_mixin.py:190} INFO - [2024-12-12T05:38:54.170+0000] {dagbag.py:588} INFO - Filling up the DagBag from /home/airflow/.local/lib/python3.12/site-packages/airflow/example_dags/example_latest_only_with_trigger.py
[2024-12-12T05:38:54.181+0000] {processor.py:925} INFO - DAG(s) 'latest_only_with_trigger' retrieved from /home/airflow/.local/lib/python3.12/site-packages/airflow/example_dags/example_latest_only_with_trigger.py
[2024-12-12T05:38:54.204+0000] {logging_mixin.py:190} INFO - [2024-12-12T05:38:54.204+0000] {dag.py:3239} INFO - Sync 1 DAGs
[2024-12-12T05:38:54.226+0000] {logging_mixin.py:190} INFO - [2024-12-12T05:38:54.226+0000] {dag.py:4180} INFO - Setting next_dagrun for latest_only_with_trigger to 2024-12-12 00:00:00+00:00, run_after=2024-12-12 04:00:00+00:00
[2024-12-12T05:38:54.246+0000] {processor.py:208} INFO - Processing /home/airflow/.local/lib/python3.12/site-packages/airflow/example_dags/example_latest_only_with_trigger.py took 0.091 seconds
[2024-12-12T05:39:25.758+0000] {processor.py:186} INFO - Started process (PID=177) to work on /home/airflow/.local/lib/python3.12/site-packages/airflow/example_dags/example_latest_only_with_trigger.py
[2024-12-12T05:39:25.760+0000] {processor.py:914} INFO - Processing file /home/airflow/.local/lib/python3.12/site-packages/airflow/example_dags/example_latest_only_with_trigger.py for tasks to queue
[2024-12-12T05:39:25.775+0000] {logging_mixin.py:190} INFO - [2024-12-12T05:39:25.775+0000] {dagbag.py:588} INFO - Filling up the DagBag from /home/airflow/.local/lib/python3.12/site-packages/airflow/example_dags/example_latest_only_with_trigger.py
[2024-12-12T05:39:25.796+0000] {processor.py:925} INFO - DAG(s) 'latest_only_with_trigger' retrieved from /home/airflow/.local/lib/python3.12/site-packages/airflow/example_dags/example_latest_only_with_trigger.py
[2024-12-12T05:39:25.832+0000] {logging_mixin.py:190} INFO - [2024-12-12T05:39:25.832+0000] {dag.py:3239} INFO - Sync 1 DAGs
[2024-12-12T05:39:25.859+0000] {logging_mixin.py:190} INFO - [2024-12-12T05:39:25.858+0000] {dag.py:4180} INFO - Setting next_dagrun for latest_only_with_trigger to 2024-12-12 00:00:00+00:00, run_after=2024-12-12 04:00:00+00:00
[2024-12-12T05:39:25.890+0000] {processor.py:208} INFO - Processing /home/airflow/.local/lib/python3.12/site-packages/airflow/example_dags/example_latest_only_with_trigger.py took 0.147 seconds
[2024-12-12T05:39:56.400+0000] {processor.py:186} INFO - Started process (PID=240) to work on /home/airflow/.local/lib/python3.12/site-packages/airflow/example_dags/example_latest_only_with_trigger.py
[2024-12-12T05:39:56.401+0000] {processor.py:914} INFO - Processing file /home/airflow/.local/lib/python3.12/site-packages/airflow/example_dags/example_latest_only_with_trigger.py for tasks to queue
[2024-12-12T05:39:56.403+0000] {logging_mixin.py:190} INFO - [2024-12-12T05:39:56.402+0000] {dagbag.py:588} INFO - Filling up the DagBag from /home/airflow/.local/lib/python3.12/site-packages/airflow/example_dags/example_latest_only_with_trigger.py
[2024-12-12T05:39:56.408+0000] {processor.py:925} INFO - DAG(s) 'latest_only_with_trigger' retrieved from /home/airflow/.local/lib/python3.12/site-packages/airflow/example_dags/example_latest_only_with_trigger.py
[2024-12-12T05:39:56.424+0000] {logging_mixin.py:190} INFO - [2024-12-12T05:39:56.424+0000] {dag.py:3239} INFO - Sync 1 DAGs
[2024-12-12T05:39:56.438+0000] {logging_mixin.py:190} INFO - [2024-12-12T05:39:56.438+0000] {dag.py:4180} INFO - Setting next_dagrun for latest_only_with_trigger to 2024-12-12 00:00:00+00:00, run_after=2024-12-12 04:00:00+00:00
[2024-12-12T05:39:56.456+0000] {processor.py:208} INFO - Processing /home/airflow/.local/lib/python3.12/site-packages/airflow/example_dags/example_latest_only_with_trigger.py took 0.061 seconds
[2024-12-12T05:40:29.451+0000] {processor.py:186} INFO - Started process (PID=303) to work on /home/airflow/.local/lib/python3.12/site-packages/airflow/example_dags/example_latest_only_with_trigger.py
[2024-12-12T05:40:29.457+0000] {processor.py:914} INFO - Processing file /home/airflow/.local/lib/python3.12/site-packages/airflow/example_dags/example_latest_only_with_trigger.py for tasks to queue
[2024-12-12T05:40:29.460+0000] {logging_mixin.py:190} INFO - [2024-12-12T05:40:29.460+0000] {dagbag.py:588} INFO - Filling up the DagBag from /home/airflow/.local/lib/python3.12/site-packages/airflow/example_dags/example_latest_only_with_trigger.py
[2024-12-12T05:40:29.469+0000] {processor.py:925} INFO - DAG(s) 'latest_only_with_trigger' retrieved from /home/airflow/.local/lib/python3.12/site-packages/airflow/example_dags/example_latest_only_with_trigger.py
[2024-12-12T05:40:29.504+0000] {logging_mixin.py:190} INFO - [2024-12-12T05:40:29.504+0000] {dag.py:3239} INFO - Sync 1 DAGs
[2024-12-12T05:40:29.539+0000] {logging_mixin.py:190} INFO - [2024-12-12T05:40:29.539+0000] {dag.py:4180} INFO - Setting next_dagrun for latest_only_with_trigger to 2024-12-12 00:00:00+00:00, run_after=2024-12-12 04:00:00+00:00
[2024-12-12T05:40:29.589+0000] {processor.py:208} INFO - Processing /home/airflow/.local/lib/python3.12/site-packages/airflow/example_dags/example_latest_only_with_trigger.py took 0.143 seconds
[2024-12-12T05:41:02.697+0000] {processor.py:186} INFO - Started process (PID=373) to work on /home/airflow/.local/lib/python3.12/site-packages/airflow/example_dags/example_latest_only_with_trigger.py
[2024-12-12T05:41:02.701+0000] {processor.py:914} INFO - Processing file /home/airflow/.local/lib/python3.12/site-packages/airflow/example_dags/example_latest_only_with_trigger.py for tasks to queue
[2024-12-12T05:41:02.705+0000] {logging_mixin.py:190} INFO - [2024-12-12T05:41:02.705+0000] {dagbag.py:588} INFO - Filling up the DagBag from /home/airflow/.local/lib/python3.12/site-packages/airflow/example_dags/example_latest_only_with_trigger.py
[2024-12-12T05:41:02.720+0000] {processor.py:925} INFO - DAG(s) 'latest_only_with_trigger' retrieved from /home/airflow/.local/lib/python3.12/site-packages/airflow/example_dags/example_latest_only_with_trigger.py
[2024-12-12T05:41:02.766+0000] {logging_mixin.py:190} INFO - [2024-12-12T05:41:02.765+0000] {dag.py:3239} INFO - Sync 1 DAGs
[2024-12-12T05:41:02.787+0000] {logging_mixin.py:190} INFO - [2024-12-12T05:41:02.787+0000] {dag.py:4180} INFO - Setting next_dagrun for latest_only_with_trigger to 2024-12-12 00:00:00+00:00, run_after=2024-12-12 04:00:00+00:00
[2024-12-12T05:41:02.821+0000] {processor.py:208} INFO - Processing /home/airflow/.local/lib/python3.12/site-packages/airflow/example_dags/example_latest_only_with_trigger.py took 0.130 seconds
[2024-12-12T05:41:33.029+0000] {processor.py:186} INFO - Started process (PID=437) to work on /home/airflow/.local/lib/python3.12/site-packages/airflow/example_dags/example_latest_only_with_trigger.py
[2024-12-12T05:41:33.034+0000] {processor.py:914} INFO - Processing file /home/airflow/.local/lib/python3.12/site-packages/airflow/example_dags/example_latest_only_with_trigger.py for tasks to queue
[2024-12-12T05:41:33.039+0000] {logging_mixin.py:190} INFO - [2024-12-12T05:41:33.039+0000] {dagbag.py:588} INFO - Filling up the DagBag from /home/airflow/.local/lib/python3.12/site-packages/airflow/example_dags/example_latest_only_with_trigger.py
[2024-12-12T05:41:33.056+0000] {processor.py:925} INFO - DAG(s) 'latest_only_with_trigger' retrieved from /home/airflow/.local/lib/python3.12/site-packages/airflow/example_dags/example_latest_only_with_trigger.py
[2024-12-12T05:41:33.107+0000] {logging_mixin.py:190} INFO - [2024-12-12T05:41:33.107+0000] {dag.py:3239} INFO - Sync 1 DAGs
[2024-12-12T05:41:33.131+0000] {logging_mixin.py:190} INFO - [2024-12-12T05:41:33.131+0000] {dag.py:4180} INFO - Setting next_dagrun for latest_only_with_trigger to 2024-12-12 00:00:00+00:00, run_after=2024-12-12 04:00:00+00:00
[2024-12-12T05:41:33.157+0000] {processor.py:208} INFO - Processing /home/airflow/.local/lib/python3.12/site-packages/airflow/example_dags/example_latest_only_with_trigger.py took 0.136 seconds
[2024-12-12T05:42:07.187+0000] {processor.py:186} INFO - Started process (PID=499) to work on /home/airflow/.local/lib/python3.12/site-packages/airflow/example_dags/example_latest_only_with_trigger.py
[2024-12-12T05:42:07.192+0000] {processor.py:914} INFO - Processing file /home/airflow/.local/lib/python3.12/site-packages/airflow/example_dags/example_latest_only_with_trigger.py for tasks to queue
[2024-12-12T05:42:07.214+0000] {logging_mixin.py:190} INFO - [2024-12-12T05:42:07.198+0000] {dagbag.py:588} INFO - Filling up the DagBag from /home/airflow/.local/lib/python3.12/site-packages/airflow/example_dags/example_latest_only_with_trigger.py
[2024-12-12T05:42:07.228+0000] {processor.py:925} INFO - DAG(s) 'latest_only_with_trigger' retrieved from /home/airflow/.local/lib/python3.12/site-packages/airflow/example_dags/example_latest_only_with_trigger.py
[2024-12-12T05:42:07.453+0000] {logging_mixin.py:190} INFO - [2024-12-12T05:42:07.453+0000] {dag.py:3239} INFO - Sync 1 DAGs
[2024-12-12T05:42:07.499+0000] {logging_mixin.py:190} INFO - [2024-12-12T05:42:07.499+0000] {dag.py:4180} INFO - Setting next_dagrun for latest_only_with_trigger to 2024-12-12 00:00:00+00:00, run_after=2024-12-12 04:00:00+00:00
[2024-12-12T05:42:07.633+0000] {processor.py:208} INFO - Processing /home/airflow/.local/lib/python3.12/site-packages/airflow/example_dags/example_latest_only_with_trigger.py took 0.455 seconds
[2024-12-12T05:42:38.514+0000] {processor.py:186} INFO - Started process (PID=563) to work on /home/airflow/.local/lib/python3.12/site-packages/airflow/example_dags/example_latest_only_with_trigger.py
[2024-12-12T05:42:38.516+0000] {processor.py:914} INFO - Processing file /home/airflow/.local/lib/python3.12/site-packages/airflow/example_dags/example_latest_only_with_trigger.py for tasks to queue
[2024-12-12T05:42:38.521+0000] {logging_mixin.py:190} INFO - [2024-12-12T05:42:38.521+0000] {dagbag.py:588} INFO - Filling up the DagBag from /home/airflow/.local/lib/python3.12/site-packages/airflow/example_dags/example_latest_only_with_trigger.py
[2024-12-12T05:42:38.540+0000] {processor.py:925} INFO - DAG(s) 'latest_only_with_trigger' retrieved from /home/airflow/.local/lib/python3.12/site-packages/airflow/example_dags/example_latest_only_with_trigger.py
[2024-12-12T05:42:38.574+0000] {logging_mixin.py:190} INFO - [2024-12-12T05:42:38.573+0000] {dag.py:3239} INFO - Sync 1 DAGs
[2024-12-12T05:42:38.607+0000] {logging_mixin.py:190} INFO - [2024-12-12T05:42:38.607+0000] {dag.py:4180} INFO - Setting next_dagrun for latest_only_with_trigger to 2024-12-12 00:00:00+00:00, run_after=2024-12-12 04:00:00+00:00
[2024-12-12T05:42:38.625+0000] {processor.py:208} INFO - Processing /home/airflow/.local/lib/python3.12/site-packages/airflow/example_dags/example_latest_only_with_trigger.py took 0.123 seconds
[2024-12-12T05:43:09.501+0000] {processor.py:186} INFO - Started process (PID=626) to work on /home/airflow/.local/lib/python3.12/site-packages/airflow/example_dags/example_latest_only_with_trigger.py
[2024-12-12T05:43:09.503+0000] {processor.py:914} INFO - Processing file /home/airflow/.local/lib/python3.12/site-packages/airflow/example_dags/example_latest_only_with_trigger.py for tasks to queue
[2024-12-12T05:43:09.510+0000] {logging_mixin.py:190} INFO - [2024-12-12T05:43:09.509+0000] {dagbag.py:588} INFO - Filling up the DagBag from /home/airflow/.local/lib/python3.12/site-packages/airflow/example_dags/example_latest_only_with_trigger.py
[2024-12-12T05:43:09.525+0000] {processor.py:925} INFO - DAG(s) 'latest_only_with_trigger' retrieved from /home/airflow/.local/lib/python3.12/site-packages/airflow/example_dags/example_latest_only_with_trigger.py
[2024-12-12T05:43:09.560+0000] {logging_mixin.py:190} INFO - [2024-12-12T05:43:09.559+0000] {dag.py:3239} INFO - Sync 1 DAGs
[2024-12-12T05:43:09.588+0000] {logging_mixin.py:190} INFO - [2024-12-12T05:43:09.588+0000] {dag.py:4180} INFO - Setting next_dagrun for latest_only_with_trigger to 2024-12-12 00:00:00+00:00, run_after=2024-12-12 04:00:00+00:00
[2024-12-12T05:43:09.731+0000] {processor.py:208} INFO - Processing /home/airflow/.local/lib/python3.12/site-packages/airflow/example_dags/example_latest_only_with_trigger.py took 0.241 seconds
[2024-12-12T05:45:08.011+0000] {processor.py:186} INFO - Started process (PID=57) to work on /home/airflow/.local/lib/python3.12/site-packages/airflow/example_dags/example_latest_only_with_trigger.py
[2024-12-12T05:45:08.027+0000] {processor.py:914} INFO - Processing file /home/airflow/.local/lib/python3.12/site-packages/airflow/example_dags/example_latest_only_with_trigger.py for tasks to queue
[2024-12-12T05:45:08.048+0000] {logging_mixin.py:190} INFO - [2024-12-12T05:45:08.043+0000] {dagbag.py:588} INFO - Filling up the DagBag from /home/airflow/.local/lib/python3.12/site-packages/airflow/example_dags/example_latest_only_with_trigger.py
[2024-12-12T05:45:08.111+0000] {processor.py:925} INFO - DAG(s) 'latest_only_with_trigger' retrieved from /home/airflow/.local/lib/python3.12/site-packages/airflow/example_dags/example_latest_only_with_trigger.py
[2024-12-12T05:45:08.283+0000] {logging_mixin.py:190} INFO - [2024-12-12T05:45:08.282+0000] {dag.py:3239} INFO - Sync 1 DAGs
[2024-12-12T05:45:08.396+0000] {logging_mixin.py:190} INFO - [2024-12-12T05:45:08.396+0000] {dag.py:4180} INFO - Setting next_dagrun for latest_only_with_trigger to 2024-12-12 00:00:00+00:00, run_after=2024-12-12 04:00:00+00:00
[2024-12-12T05:45:08.479+0000] {processor.py:208} INFO - Processing /home/airflow/.local/lib/python3.12/site-packages/airflow/example_dags/example_latest_only_with_trigger.py took 0.556 seconds
[2024-12-12T05:45:39.282+0000] {processor.py:186} INFO - Started process (PID=121) to work on /home/airflow/.local/lib/python3.12/site-packages/airflow/example_dags/example_latest_only_with_trigger.py
[2024-12-12T05:45:39.286+0000] {processor.py:914} INFO - Processing file /home/airflow/.local/lib/python3.12/site-packages/airflow/example_dags/example_latest_only_with_trigger.py for tasks to queue
[2024-12-12T05:45:39.300+0000] {logging_mixin.py:190} INFO - [2024-12-12T05:45:39.300+0000] {dagbag.py:588} INFO - Filling up the DagBag from /home/airflow/.local/lib/python3.12/site-packages/airflow/example_dags/example_latest_only_with_trigger.py
[2024-12-12T05:45:39.401+0000] {processor.py:925} INFO - DAG(s) 'latest_only_with_trigger' retrieved from /home/airflow/.local/lib/python3.12/site-packages/airflow/example_dags/example_latest_only_with_trigger.py
[2024-12-12T05:45:39.549+0000] {logging_mixin.py:190} INFO - [2024-12-12T05:45:39.549+0000] {dag.py:3239} INFO - Sync 1 DAGs
[2024-12-12T05:45:39.607+0000] {logging_mixin.py:190} INFO - [2024-12-12T05:45:39.606+0000] {dag.py:4180} INFO - Setting next_dagrun for latest_only_with_trigger to 2024-12-12 00:00:00+00:00, run_after=2024-12-12 04:00:00+00:00
[2024-12-12T05:45:39.652+0000] {processor.py:208} INFO - Processing /home/airflow/.local/lib/python3.12/site-packages/airflow/example_dags/example_latest_only_with_trigger.py took 0.414 seconds
[2024-12-12T05:46:10.216+0000] {processor.py:186} INFO - Started process (PID=184) to work on /home/airflow/.local/lib/python3.12/site-packages/airflow/example_dags/example_latest_only_with_trigger.py
[2024-12-12T05:46:10.219+0000] {processor.py:914} INFO - Processing file /home/airflow/.local/lib/python3.12/site-packages/airflow/example_dags/example_latest_only_with_trigger.py for tasks to queue
[2024-12-12T05:46:10.224+0000] {logging_mixin.py:190} INFO - [2024-12-12T05:46:10.223+0000] {dagbag.py:588} INFO - Filling up the DagBag from /home/airflow/.local/lib/python3.12/site-packages/airflow/example_dags/example_latest_only_with_trigger.py
[2024-12-12T05:46:10.239+0000] {processor.py:925} INFO - DAG(s) 'latest_only_with_trigger' retrieved from /home/airflow/.local/lib/python3.12/site-packages/airflow/example_dags/example_latest_only_with_trigger.py
[2024-12-12T05:46:10.265+0000] {logging_mixin.py:190} INFO - [2024-12-12T05:46:10.265+0000] {dag.py:3239} INFO - Sync 1 DAGs
[2024-12-12T05:46:10.284+0000] {logging_mixin.py:190} INFO - [2024-12-12T05:46:10.284+0000] {dag.py:4180} INFO - Setting next_dagrun for latest_only_with_trigger to 2024-12-12 00:00:00+00:00, run_after=2024-12-12 04:00:00+00:00
[2024-12-12T05:46:10.305+0000] {processor.py:208} INFO - Processing /home/airflow/.local/lib/python3.12/site-packages/airflow/example_dags/example_latest_only_with_trigger.py took 0.097 seconds
