[2024-12-12T05:36:41.911+0000] {processor.py:186} INFO - Started process (PID=83) to work on /home/airflow/.local/lib/python3.12/site-packages/airflow/example_dags/example_task_group_decorator.py
[2024-12-12T05:36:41.912+0000] {processor.py:914} INFO - Processing file /home/airflow/.local/lib/python3.12/site-packages/airflow/example_dags/example_task_group_decorator.py for tasks to queue
[2024-12-12T05:36:41.913+0000] {logging_mixin.py:190} INFO - [2024-12-12T05:36:41.913+0000] {dagbag.py:588} INFO - Filling up the DagBag from /home/airflow/.local/lib/python3.12/site-packages/airflow/example_dags/example_task_group_decorator.py
[2024-12-12T05:36:41.923+0000] {processor.py:925} INFO - DAG(s) 'example_task_group_decorator' retrieved from /home/airflow/.local/lib/python3.12/site-packages/airflow/example_dags/example_task_group_decorator.py
[2024-12-12T05:36:41.987+0000] {logging_mixin.py:190} INFO - [2024-12-12T05:36:41.987+0000] {override.py:1911} INFO - Created Permission View: can delete on DAG:example_task_group_decorator
[2024-12-12T05:36:41.992+0000] {logging_mixin.py:190} INFO - [2024-12-12T05:36:41.992+0000] {override.py:1911} INFO - Created Permission View: can edit on DAG:example_task_group_decorator
[2024-12-12T05:36:41.997+0000] {logging_mixin.py:190} INFO - [2024-12-12T05:36:41.997+0000] {override.py:1911} INFO - Created Permission View: can read on DAG:example_task_group_decorator
[2024-12-12T05:36:42.001+0000] {logging_mixin.py:190} INFO - [2024-12-12T05:36:42.000+0000] {override.py:1911} INFO - Created Permission View: can delete on DAG Run:example_task_group_decorator
[2024-12-12T05:36:42.004+0000] {logging_mixin.py:190} INFO - [2024-12-12T05:36:42.004+0000] {override.py:1911} INFO - Created Permission View: menu access on DAG Run:example_task_group_decorator
[2024-12-12T05:36:42.007+0000] {logging_mixin.py:190} INFO - [2024-12-12T05:36:42.006+0000] {override.py:1911} INFO - Created Permission View: can create on DAG Run:example_task_group_decorator
[2024-12-12T05:36:42.010+0000] {logging_mixin.py:190} INFO - [2024-12-12T05:36:42.010+0000] {override.py:1911} INFO - Created Permission View: can read on DAG Run:example_task_group_decorator
[2024-12-12T05:36:42.010+0000] {logging_mixin.py:190} INFO - [2024-12-12T05:36:42.010+0000] {dag.py:3239} INFO - Sync 1 DAGs
[2024-12-12T05:36:42.017+0000] {logging_mixin.py:190} INFO - [2024-12-12T05:36:42.017+0000] {dag.py:3262} INFO - Creating ORM DAG for example_task_group_decorator
[2024-12-12T05:36:42.017+0000] {logging_mixin.py:190} INFO - [2024-12-12T05:36:42.017+0000] {dag.py:4180} INFO - Setting next_dagrun for example_task_group_decorator to None, run_after=None
[2024-12-12T05:36:42.026+0000] {processor.py:208} INFO - Processing /home/airflow/.local/lib/python3.12/site-packages/airflow/example_dags/example_task_group_decorator.py took 0.119 seconds
[2024-12-12T05:37:17.552+0000] {processor.py:186} INFO - Started process (PID=147) to work on /home/airflow/.local/lib/python3.12/site-packages/airflow/example_dags/example_task_group_decorator.py
[2024-12-12T05:37:17.553+0000] {processor.py:914} INFO - Processing file /home/airflow/.local/lib/python3.12/site-packages/airflow/example_dags/example_task_group_decorator.py for tasks to queue
[2024-12-12T05:37:17.555+0000] {logging_mixin.py:190} INFO - [2024-12-12T05:37:17.555+0000] {dagbag.py:588} INFO - Filling up the DagBag from /home/airflow/.local/lib/python3.12/site-packages/airflow/example_dags/example_task_group_decorator.py
[2024-12-12T05:37:17.569+0000] {processor.py:925} INFO - DAG(s) 'example_task_group_decorator' retrieved from /home/airflow/.local/lib/python3.12/site-packages/airflow/example_dags/example_task_group_decorator.py
[2024-12-12T05:37:17.616+0000] {logging_mixin.py:190} INFO - [2024-12-12T05:37:17.616+0000] {dag.py:3239} INFO - Sync 1 DAGs
[2024-12-12T05:37:17.640+0000] {logging_mixin.py:190} INFO - [2024-12-12T05:37:17.640+0000] {dag.py:4180} INFO - Setting next_dagrun for example_task_group_decorator to None, run_after=None
[2024-12-12T05:37:17.662+0000] {processor.py:208} INFO - Processing /home/airflow/.local/lib/python3.12/site-packages/airflow/example_dags/example_task_group_decorator.py took 0.114 seconds
[2024-12-12T05:37:48.998+0000] {processor.py:186} INFO - Started process (PID=211) to work on /home/airflow/.local/lib/python3.12/site-packages/airflow/example_dags/example_task_group_decorator.py
[2024-12-12T05:37:48.999+0000] {processor.py:914} INFO - Processing file /home/airflow/.local/lib/python3.12/site-packages/airflow/example_dags/example_task_group_decorator.py for tasks to queue
[2024-12-12T05:37:49.001+0000] {logging_mixin.py:190} INFO - [2024-12-12T05:37:49.001+0000] {dagbag.py:588} INFO - Filling up the DagBag from /home/airflow/.local/lib/python3.12/site-packages/airflow/example_dags/example_task_group_decorator.py
[2024-12-12T05:37:49.010+0000] {processor.py:925} INFO - DAG(s) 'example_task_group_decorator' retrieved from /home/airflow/.local/lib/python3.12/site-packages/airflow/example_dags/example_task_group_decorator.py
[2024-12-12T05:37:49.027+0000] {logging_mixin.py:190} INFO - [2024-12-12T05:37:49.027+0000] {dag.py:3239} INFO - Sync 1 DAGs
[2024-12-12T05:37:49.034+0000] {logging_mixin.py:190} INFO - [2024-12-12T05:37:49.034+0000] {dag.py:4180} INFO - Setting next_dagrun for example_task_group_decorator to None, run_after=None
[2024-12-12T05:37:49.141+0000] {processor.py:208} INFO - Processing /home/airflow/.local/lib/python3.12/site-packages/airflow/example_dags/example_task_group_decorator.py took 0.146 seconds
[2024-12-12T05:38:26.737+0000] {processor.py:186} INFO - Started process (PID=76) to work on /home/airflow/.local/lib/python3.12/site-packages/airflow/example_dags/example_task_group_decorator.py
[2024-12-12T05:38:26.740+0000] {processor.py:914} INFO - Processing file /home/airflow/.local/lib/python3.12/site-packages/airflow/example_dags/example_task_group_decorator.py for tasks to queue
[2024-12-12T05:38:26.747+0000] {logging_mixin.py:190} INFO - [2024-12-12T05:38:26.746+0000] {dagbag.py:588} INFO - Filling up the DagBag from /home/airflow/.local/lib/python3.12/site-packages/airflow/example_dags/example_task_group_decorator.py
[2024-12-12T05:38:26.770+0000] {processor.py:925} INFO - DAG(s) 'example_task_group_decorator' retrieved from /home/airflow/.local/lib/python3.12/site-packages/airflow/example_dags/example_task_group_decorator.py
[2024-12-12T05:38:26.838+0000] {logging_mixin.py:190} INFO - [2024-12-12T05:38:26.837+0000] {dag.py:3239} INFO - Sync 1 DAGs
[2024-12-12T05:38:26.856+0000] {logging_mixin.py:190} INFO - [2024-12-12T05:38:26.855+0000] {dag.py:4180} INFO - Setting next_dagrun for example_task_group_decorator to None, run_after=None
[2024-12-12T05:38:26.882+0000] {processor.py:208} INFO - Processing /home/airflow/.local/lib/python3.12/site-packages/airflow/example_dags/example_task_group_decorator.py took 0.155 seconds
[2024-12-12T05:38:57.793+0000] {processor.py:186} INFO - Started process (PID=140) to work on /home/airflow/.local/lib/python3.12/site-packages/airflow/example_dags/example_task_group_decorator.py
[2024-12-12T05:38:57.803+0000] {processor.py:914} INFO - Processing file /home/airflow/.local/lib/python3.12/site-packages/airflow/example_dags/example_task_group_decorator.py for tasks to queue
[2024-12-12T05:38:57.818+0000] {logging_mixin.py:190} INFO - [2024-12-12T05:38:57.817+0000] {dagbag.py:588} INFO - Filling up the DagBag from /home/airflow/.local/lib/python3.12/site-packages/airflow/example_dags/example_task_group_decorator.py
[2024-12-12T05:38:57.901+0000] {processor.py:925} INFO - DAG(s) 'example_task_group_decorator' retrieved from /home/airflow/.local/lib/python3.12/site-packages/airflow/example_dags/example_task_group_decorator.py
[2024-12-12T05:38:57.972+0000] {logging_mixin.py:190} INFO - [2024-12-12T05:38:57.971+0000] {dag.py:3239} INFO - Sync 1 DAGs
[2024-12-12T05:38:58.021+0000] {logging_mixin.py:190} INFO - [2024-12-12T05:38:58.020+0000] {dag.py:4180} INFO - Setting next_dagrun for example_task_group_decorator to None, run_after=None
[2024-12-12T05:38:58.064+0000] {processor.py:208} INFO - Processing /home/airflow/.local/lib/python3.12/site-packages/airflow/example_dags/example_task_group_decorator.py took 0.287 seconds
[2024-12-12T05:39:31.950+0000] {processor.py:186} INFO - Started process (PID=208) to work on /home/airflow/.local/lib/python3.12/site-packages/airflow/example_dags/example_task_group_decorator.py
[2024-12-12T05:39:31.957+0000] {processor.py:914} INFO - Processing file /home/airflow/.local/lib/python3.12/site-packages/airflow/example_dags/example_task_group_decorator.py for tasks to queue
[2024-12-12T05:39:31.960+0000] {logging_mixin.py:190} INFO - [2024-12-12T05:39:31.959+0000] {dagbag.py:588} INFO - Filling up the DagBag from /home/airflow/.local/lib/python3.12/site-packages/airflow/example_dags/example_task_group_decorator.py
[2024-12-12T05:39:31.978+0000] {processor.py:925} INFO - DAG(s) 'example_task_group_decorator' retrieved from /home/airflow/.local/lib/python3.12/site-packages/airflow/example_dags/example_task_group_decorator.py
[2024-12-12T05:39:32.011+0000] {logging_mixin.py:190} INFO - [2024-12-12T05:39:32.011+0000] {dag.py:3239} INFO - Sync 1 DAGs
[2024-12-12T05:39:32.045+0000] {logging_mixin.py:190} INFO - [2024-12-12T05:39:32.045+0000] {dag.py:4180} INFO - Setting next_dagrun for example_task_group_decorator to None, run_after=None
[2024-12-12T05:39:32.123+0000] {processor.py:208} INFO - Processing /home/airflow/.local/lib/python3.12/site-packages/airflow/example_dags/example_task_group_decorator.py took 0.176 seconds
[2024-12-12T05:40:03.649+0000] {processor.py:186} INFO - Started process (PID=271) to work on /home/airflow/.local/lib/python3.12/site-packages/airflow/example_dags/example_task_group_decorator.py
[2024-12-12T05:40:03.651+0000] {processor.py:914} INFO - Processing file /home/airflow/.local/lib/python3.12/site-packages/airflow/example_dags/example_task_group_decorator.py for tasks to queue
[2024-12-12T05:40:03.655+0000] {logging_mixin.py:190} INFO - [2024-12-12T05:40:03.654+0000] {dagbag.py:588} INFO - Filling up the DagBag from /home/airflow/.local/lib/python3.12/site-packages/airflow/example_dags/example_task_group_decorator.py
[2024-12-12T05:40:03.670+0000] {processor.py:925} INFO - DAG(s) 'example_task_group_decorator' retrieved from /home/airflow/.local/lib/python3.12/site-packages/airflow/example_dags/example_task_group_decorator.py
[2024-12-12T05:40:03.710+0000] {logging_mixin.py:190} INFO - [2024-12-12T05:40:03.710+0000] {dag.py:3239} INFO - Sync 1 DAGs
[2024-12-12T05:40:03.823+0000] {logging_mixin.py:190} INFO - [2024-12-12T05:40:03.823+0000] {dag.py:4180} INFO - Setting next_dagrun for example_task_group_decorator to None, run_after=None
[2024-12-12T05:40:03.912+0000] {processor.py:208} INFO - Processing /home/airflow/.local/lib/python3.12/site-packages/airflow/example_dags/example_task_group_decorator.py took 0.268 seconds
[2024-12-12T05:40:41.708+0000] {processor.py:186} INFO - Started process (PID=335) to work on /home/airflow/.local/lib/python3.12/site-packages/airflow/example_dags/example_task_group_decorator.py
[2024-12-12T05:40:41.711+0000] {processor.py:914} INFO - Processing file /home/airflow/.local/lib/python3.12/site-packages/airflow/example_dags/example_task_group_decorator.py for tasks to queue
[2024-12-12T05:40:41.726+0000] {logging_mixin.py:190} INFO - [2024-12-12T05:40:41.726+0000] {dagbag.py:588} INFO - Filling up the DagBag from /home/airflow/.local/lib/python3.12/site-packages/airflow/example_dags/example_task_group_decorator.py
[2024-12-12T05:40:41.774+0000] {processor.py:925} INFO - DAG(s) 'example_task_group_decorator' retrieved from /home/airflow/.local/lib/python3.12/site-packages/airflow/example_dags/example_task_group_decorator.py
[2024-12-12T05:40:41.851+0000] {logging_mixin.py:190} INFO - [2024-12-12T05:40:41.839+0000] {dag.py:3239} INFO - Sync 1 DAGs
[2024-12-12T05:40:41.936+0000] {logging_mixin.py:190} INFO - [2024-12-12T05:40:41.936+0000] {dag.py:4180} INFO - Setting next_dagrun for example_task_group_decorator to None, run_after=None
[2024-12-12T05:40:42.010+0000] {processor.py:208} INFO - Processing /home/airflow/.local/lib/python3.12/site-packages/airflow/example_dags/example_task_group_decorator.py took 0.311 seconds
[2024-12-12T05:41:22.931+0000] {processor.py:186} INFO - Started process (PID=399) to work on /home/airflow/.local/lib/python3.12/site-packages/airflow/example_dags/example_task_group_decorator.py
[2024-12-12T05:41:22.937+0000] {processor.py:914} INFO - Processing file /home/airflow/.local/lib/python3.12/site-packages/airflow/example_dags/example_task_group_decorator.py for tasks to queue
[2024-12-12T05:41:22.945+0000] {logging_mixin.py:190} INFO - [2024-12-12T05:41:22.944+0000] {dagbag.py:588} INFO - Filling up the DagBag from /home/airflow/.local/lib/python3.12/site-packages/airflow/example_dags/example_task_group_decorator.py
[2024-12-12T05:41:22.992+0000] {processor.py:925} INFO - DAG(s) 'example_task_group_decorator' retrieved from /home/airflow/.local/lib/python3.12/site-packages/airflow/example_dags/example_task_group_decorator.py
[2024-12-12T05:41:23.102+0000] {logging_mixin.py:190} INFO - [2024-12-12T05:41:23.102+0000] {dag.py:3239} INFO - Sync 1 DAGs
[2024-12-12T05:41:23.174+0000] {logging_mixin.py:190} INFO - [2024-12-12T05:41:23.151+0000] {dag.py:4180} INFO - Setting next_dagrun for example_task_group_decorator to None, run_after=None
[2024-12-12T05:41:23.284+0000] {processor.py:208} INFO - Processing /home/airflow/.local/lib/python3.12/site-packages/airflow/example_dags/example_task_group_decorator.py took 0.375 seconds
[2024-12-12T05:41:58.476+0000] {processor.py:186} INFO - Started process (PID=463) to work on /home/airflow/.local/lib/python3.12/site-packages/airflow/example_dags/example_task_group_decorator.py
[2024-12-12T05:41:58.491+0000] {processor.py:914} INFO - Processing file /home/airflow/.local/lib/python3.12/site-packages/airflow/example_dags/example_task_group_decorator.py for tasks to queue
[2024-12-12T05:41:58.551+0000] {logging_mixin.py:190} INFO - [2024-12-12T05:41:58.547+0000] {dagbag.py:588} INFO - Filling up the DagBag from /home/airflow/.local/lib/python3.12/site-packages/airflow/example_dags/example_task_group_decorator.py
[2024-12-12T05:41:58.663+0000] {processor.py:925} INFO - DAG(s) 'example_task_group_decorator' retrieved from /home/airflow/.local/lib/python3.12/site-packages/airflow/example_dags/example_task_group_decorator.py
[2024-12-12T05:41:58.730+0000] {logging_mixin.py:190} INFO - [2024-12-12T05:41:58.729+0000] {dag.py:3239} INFO - Sync 1 DAGs
[2024-12-12T05:41:58.859+0000] {logging_mixin.py:190} INFO - [2024-12-12T05:41:58.859+0000] {dag.py:4180} INFO - Setting next_dagrun for example_task_group_decorator to None, run_after=None
[2024-12-12T05:41:59.006+0000] {processor.py:208} INFO - Processing /home/airflow/.local/lib/python3.12/site-packages/airflow/example_dags/example_task_group_decorator.py took 0.540 seconds
[2024-12-12T05:42:29.876+0000] {processor.py:186} INFO - Started process (PID=526) to work on /home/airflow/.local/lib/python3.12/site-packages/airflow/example_dags/example_task_group_decorator.py
[2024-12-12T05:42:29.877+0000] {processor.py:914} INFO - Processing file /home/airflow/.local/lib/python3.12/site-packages/airflow/example_dags/example_task_group_decorator.py for tasks to queue
[2024-12-12T05:42:29.883+0000] {logging_mixin.py:190} INFO - [2024-12-12T05:42:29.883+0000] {dagbag.py:588} INFO - Filling up the DagBag from /home/airflow/.local/lib/python3.12/site-packages/airflow/example_dags/example_task_group_decorator.py
[2024-12-12T05:42:29.903+0000] {processor.py:925} INFO - DAG(s) 'example_task_group_decorator' retrieved from /home/airflow/.local/lib/python3.12/site-packages/airflow/example_dags/example_task_group_decorator.py
[2024-12-12T05:42:29.933+0000] {logging_mixin.py:190} INFO - [2024-12-12T05:42:29.932+0000] {dag.py:3239} INFO - Sync 1 DAGs
[2024-12-12T05:42:29.944+0000] {logging_mixin.py:190} INFO - [2024-12-12T05:42:29.944+0000] {dag.py:4180} INFO - Setting next_dagrun for example_task_group_decorator to None, run_after=None
[2024-12-12T05:42:29.961+0000] {processor.py:208} INFO - Processing /home/airflow/.local/lib/python3.12/site-packages/airflow/example_dags/example_task_group_decorator.py took 0.090 seconds
[2024-12-12T05:43:00.147+0000] {processor.py:186} INFO - Started process (PID=590) to work on /home/airflow/.local/lib/python3.12/site-packages/airflow/example_dags/example_task_group_decorator.py
[2024-12-12T05:43:00.149+0000] {processor.py:914} INFO - Processing file /home/airflow/.local/lib/python3.12/site-packages/airflow/example_dags/example_task_group_decorator.py for tasks to queue
[2024-12-12T05:43:00.151+0000] {logging_mixin.py:190} INFO - [2024-12-12T05:43:00.150+0000] {dagbag.py:588} INFO - Filling up the DagBag from /home/airflow/.local/lib/python3.12/site-packages/airflow/example_dags/example_task_group_decorator.py
[2024-12-12T05:43:00.160+0000] {processor.py:925} INFO - DAG(s) 'example_task_group_decorator' retrieved from /home/airflow/.local/lib/python3.12/site-packages/airflow/example_dags/example_task_group_decorator.py
[2024-12-12T05:43:00.182+0000] {logging_mixin.py:190} INFO - [2024-12-12T05:43:00.182+0000] {dag.py:3239} INFO - Sync 1 DAGs
[2024-12-12T05:43:00.197+0000] {logging_mixin.py:190} INFO - [2024-12-12T05:43:00.197+0000] {dag.py:4180} INFO - Setting next_dagrun for example_task_group_decorator to None, run_after=None
[2024-12-12T05:43:00.209+0000] {processor.py:208} INFO - Processing /home/airflow/.local/lib/python3.12/site-packages/airflow/example_dags/example_task_group_decorator.py took 0.066 seconds
[2024-12-12T05:43:32.773+0000] {processor.py:186} INFO - Started process (PID=659) to work on /home/airflow/.local/lib/python3.12/site-packages/airflow/example_dags/example_task_group_decorator.py
[2024-12-12T05:43:32.775+0000] {processor.py:914} INFO - Processing file /home/airflow/.local/lib/python3.12/site-packages/airflow/example_dags/example_task_group_decorator.py for tasks to queue
[2024-12-12T05:43:32.777+0000] {logging_mixin.py:190} INFO - [2024-12-12T05:43:32.777+0000] {dagbag.py:588} INFO - Filling up the DagBag from /home/airflow/.local/lib/python3.12/site-packages/airflow/example_dags/example_task_group_decorator.py
[2024-12-12T05:43:32.788+0000] {processor.py:925} INFO - DAG(s) 'example_task_group_decorator' retrieved from /home/airflow/.local/lib/python3.12/site-packages/airflow/example_dags/example_task_group_decorator.py
[2024-12-12T05:43:32.836+0000] {logging_mixin.py:190} INFO - [2024-12-12T05:43:32.835+0000] {dag.py:3239} INFO - Sync 1 DAGs
[2024-12-12T05:43:32.870+0000] {logging_mixin.py:190} INFO - [2024-12-12T05:43:32.870+0000] {dag.py:4180} INFO - Setting next_dagrun for example_task_group_decorator to None, run_after=None
[2024-12-12T05:43:32.907+0000] {processor.py:208} INFO - Processing /home/airflow/.local/lib/python3.12/site-packages/airflow/example_dags/example_task_group_decorator.py took 0.141 seconds
[2024-12-12T05:45:17.125+0000] {processor.py:186} INFO - Started process (PID=83) to work on /home/airflow/.local/lib/python3.12/site-packages/airflow/example_dags/example_task_group_decorator.py
[2024-12-12T05:45:17.128+0000] {processor.py:914} INFO - Processing file /home/airflow/.local/lib/python3.12/site-packages/airflow/example_dags/example_task_group_decorator.py for tasks to queue
[2024-12-12T05:45:17.130+0000] {logging_mixin.py:190} INFO - [2024-12-12T05:45:17.130+0000] {dagbag.py:588} INFO - Filling up the DagBag from /home/airflow/.local/lib/python3.12/site-packages/airflow/example_dags/example_task_group_decorator.py
[2024-12-12T05:45:17.153+0000] {processor.py:925} INFO - DAG(s) 'example_task_group_decorator' retrieved from /home/airflow/.local/lib/python3.12/site-packages/airflow/example_dags/example_task_group_decorator.py
[2024-12-12T05:45:17.174+0000] {logging_mixin.py:190} INFO - [2024-12-12T05:45:17.174+0000] {dag.py:3239} INFO - Sync 1 DAGs
[2024-12-12T05:45:17.186+0000] {logging_mixin.py:190} INFO - [2024-12-12T05:45:17.185+0000] {dag.py:4180} INFO - Setting next_dagrun for example_task_group_decorator to None, run_after=None
[2024-12-12T05:45:17.205+0000] {processor.py:208} INFO - Processing /home/airflow/.local/lib/python3.12/site-packages/airflow/example_dags/example_task_group_decorator.py took 0.086 seconds
[2024-12-12T05:45:49.345+0000] {processor.py:186} INFO - Started process (PID=147) to work on /home/airflow/.local/lib/python3.12/site-packages/airflow/example_dags/example_task_group_decorator.py
[2024-12-12T05:45:49.350+0000] {processor.py:914} INFO - Processing file /home/airflow/.local/lib/python3.12/site-packages/airflow/example_dags/example_task_group_decorator.py for tasks to queue
[2024-12-12T05:45:49.353+0000] {logging_mixin.py:190} INFO - [2024-12-12T05:45:49.352+0000] {dagbag.py:588} INFO - Filling up the DagBag from /home/airflow/.local/lib/python3.12/site-packages/airflow/example_dags/example_task_group_decorator.py
[2024-12-12T05:45:49.364+0000] {processor.py:925} INFO - DAG(s) 'example_task_group_decorator' retrieved from /home/airflow/.local/lib/python3.12/site-packages/airflow/example_dags/example_task_group_decorator.py
[2024-12-12T05:45:49.384+0000] {logging_mixin.py:190} INFO - [2024-12-12T05:45:49.384+0000] {dag.py:3239} INFO - Sync 1 DAGs
[2024-12-12T05:45:49.394+0000] {logging_mixin.py:190} INFO - [2024-12-12T05:45:49.394+0000] {dag.py:4180} INFO - Setting next_dagrun for example_task_group_decorator to None, run_after=None
[2024-12-12T05:45:49.411+0000] {processor.py:208} INFO - Processing /home/airflow/.local/lib/python3.12/site-packages/airflow/example_dags/example_task_group_decorator.py took 0.079 seconds
[2024-12-12T05:46:20.858+0000] {processor.py:186} INFO - Started process (PID=210) to work on /home/airflow/.local/lib/python3.12/site-packages/airflow/example_dags/example_task_group_decorator.py
[2024-12-12T05:46:20.860+0000] {processor.py:914} INFO - Processing file /home/airflow/.local/lib/python3.12/site-packages/airflow/example_dags/example_task_group_decorator.py for tasks to queue
[2024-12-12T05:46:20.862+0000] {logging_mixin.py:190} INFO - [2024-12-12T05:46:20.862+0000] {dagbag.py:588} INFO - Filling up the DagBag from /home/airflow/.local/lib/python3.12/site-packages/airflow/example_dags/example_task_group_decorator.py
[2024-12-12T05:46:20.882+0000] {processor.py:925} INFO - DAG(s) 'example_task_group_decorator' retrieved from /home/airflow/.local/lib/python3.12/site-packages/airflow/example_dags/example_task_group_decorator.py
[2024-12-12T05:46:20.899+0000] {logging_mixin.py:190} INFO - [2024-12-12T05:46:20.898+0000] {dag.py:3239} INFO - Sync 1 DAGs
[2024-12-12T05:46:20.907+0000] {logging_mixin.py:190} INFO - [2024-12-12T05:46:20.906+0000] {dag.py:4180} INFO - Setting next_dagrun for example_task_group_decorator to None, run_after=None
[2024-12-12T05:46:20.916+0000] {processor.py:208} INFO - Processing /home/airflow/.local/lib/python3.12/site-packages/airflow/example_dags/example_task_group_decorator.py took 0.077 seconds
