[2024-12-12T05:36:39.676+0000] {processor.py:186} INFO - Started process (PID=78) to work on /home/airflow/.local/lib/python3.12/site-packages/airflow/example_dags/example_time_delta_sensor_async.py
[2024-12-12T05:36:39.677+0000] {processor.py:914} INFO - Processing file /home/airflow/.local/lib/python3.12/site-packages/airflow/example_dags/example_time_delta_sensor_async.py for tasks to queue
[2024-12-12T05:36:39.681+0000] {logging_mixin.py:190} INFO - [2024-12-12T05:36:39.680+0000] {dagbag.py:588} INFO - Filling up the DagBag from /home/airflow/.local/lib/python3.12/site-packages/airflow/example_dags/example_time_delta_sensor_async.py
[2024-12-12T05:36:39.688+0000] {processor.py:925} INFO - DAG(s) 'example_time_delta_sensor_async' retrieved from /home/airflow/.local/lib/python3.12/site-packages/airflow/example_dags/example_time_delta_sensor_async.py
[2024-12-12T05:36:39.800+0000] {logging_mixin.py:190} INFO - [2024-12-12T05:36:39.800+0000] {override.py:1911} INFO - Created Permission View: can delete on DAG:example_time_delta_sensor_async
[2024-12-12T05:36:39.807+0000] {logging_mixin.py:190} INFO - [2024-12-12T05:36:39.807+0000] {override.py:1911} INFO - Created Permission View: can edit on DAG:example_time_delta_sensor_async
[2024-12-12T05:36:39.811+0000] {logging_mixin.py:190} INFO - [2024-12-12T05:36:39.811+0000] {override.py:1911} INFO - Created Permission View: can read on DAG:example_time_delta_sensor_async
[2024-12-12T05:36:39.816+0000] {logging_mixin.py:190} INFO - [2024-12-12T05:36:39.815+0000] {override.py:1911} INFO - Created Permission View: can delete on DAG Run:example_time_delta_sensor_async
[2024-12-12T05:36:39.820+0000] {logging_mixin.py:190} INFO - [2024-12-12T05:36:39.820+0000] {override.py:1911} INFO - Created Permission View: menu access on DAG Run:example_time_delta_sensor_async
[2024-12-12T05:36:39.826+0000] {logging_mixin.py:190} INFO - [2024-12-12T05:36:39.825+0000] {override.py:1911} INFO - Created Permission View: can create on DAG Run:example_time_delta_sensor_async
[2024-12-12T05:36:39.831+0000] {logging_mixin.py:190} INFO - [2024-12-12T05:36:39.831+0000] {override.py:1911} INFO - Created Permission View: can read on DAG Run:example_time_delta_sensor_async
[2024-12-12T05:36:39.832+0000] {logging_mixin.py:190} INFO - [2024-12-12T05:36:39.832+0000] {dag.py:3239} INFO - Sync 1 DAGs
[2024-12-12T05:36:39.841+0000] {logging_mixin.py:190} INFO - [2024-12-12T05:36:39.841+0000] {dag.py:3262} INFO - Creating ORM DAG for example_time_delta_sensor_async
[2024-12-12T05:36:39.842+0000] {logging_mixin.py:190} INFO - [2024-12-12T05:36:39.842+0000] {dag.py:4180} INFO - Setting next_dagrun for example_time_delta_sensor_async to None, run_after=None
[2024-12-12T05:36:39.857+0000] {processor.py:208} INFO - Processing /home/airflow/.local/lib/python3.12/site-packages/airflow/example_dags/example_time_delta_sensor_async.py took 0.188 seconds
[2024-12-12T05:37:10.530+0000] {processor.py:186} INFO - Started process (PID=142) to work on /home/airflow/.local/lib/python3.12/site-packages/airflow/example_dags/example_time_delta_sensor_async.py
[2024-12-12T05:37:10.534+0000] {processor.py:914} INFO - Processing file /home/airflow/.local/lib/python3.12/site-packages/airflow/example_dags/example_time_delta_sensor_async.py for tasks to queue
[2024-12-12T05:37:10.542+0000] {logging_mixin.py:190} INFO - [2024-12-12T05:37:10.539+0000] {dagbag.py:588} INFO - Filling up the DagBag from /home/airflow/.local/lib/python3.12/site-packages/airflow/example_dags/example_time_delta_sensor_async.py
[2024-12-12T05:37:10.558+0000] {processor.py:925} INFO - DAG(s) 'example_time_delta_sensor_async' retrieved from /home/airflow/.local/lib/python3.12/site-packages/airflow/example_dags/example_time_delta_sensor_async.py
[2024-12-12T05:37:10.577+0000] {logging_mixin.py:190} INFO - [2024-12-12T05:37:10.577+0000] {dag.py:3239} INFO - Sync 1 DAGs
[2024-12-12T05:37:10.588+0000] {logging_mixin.py:190} INFO - [2024-12-12T05:37:10.588+0000] {dag.py:4180} INFO - Setting next_dagrun for example_time_delta_sensor_async to None, run_after=None
[2024-12-12T05:37:10.603+0000] {processor.py:208} INFO - Processing /home/airflow/.local/lib/python3.12/site-packages/airflow/example_dags/example_time_delta_sensor_async.py took 0.082 seconds
[2024-12-12T05:37:43.704+0000] {processor.py:186} INFO - Started process (PID=206) to work on /home/airflow/.local/lib/python3.12/site-packages/airflow/example_dags/example_time_delta_sensor_async.py
[2024-12-12T05:37:43.706+0000] {processor.py:914} INFO - Processing file /home/airflow/.local/lib/python3.12/site-packages/airflow/example_dags/example_time_delta_sensor_async.py for tasks to queue
[2024-12-12T05:37:43.709+0000] {logging_mixin.py:190} INFO - [2024-12-12T05:37:43.708+0000] {dagbag.py:588} INFO - Filling up the DagBag from /home/airflow/.local/lib/python3.12/site-packages/airflow/example_dags/example_time_delta_sensor_async.py
[2024-12-12T05:37:43.715+0000] {processor.py:925} INFO - DAG(s) 'example_time_delta_sensor_async' retrieved from /home/airflow/.local/lib/python3.12/site-packages/airflow/example_dags/example_time_delta_sensor_async.py
[2024-12-12T05:37:43.737+0000] {logging_mixin.py:190} INFO - [2024-12-12T05:37:43.737+0000] {dag.py:3239} INFO - Sync 1 DAGs
[2024-12-12T05:37:43.752+0000] {logging_mixin.py:190} INFO - [2024-12-12T05:37:43.752+0000] {dag.py:4180} INFO - Setting next_dagrun for example_time_delta_sensor_async to None, run_after=None
[2024-12-12T05:37:43.767+0000] {processor.py:208} INFO - Processing /home/airflow/.local/lib/python3.12/site-packages/airflow/example_dags/example_time_delta_sensor_async.py took 0.067 seconds
[2024-12-12T05:38:25.201+0000] {processor.py:186} INFO - Started process (PID=71) to work on /home/airflow/.local/lib/python3.12/site-packages/airflow/example_dags/example_time_delta_sensor_async.py
[2024-12-12T05:38:25.207+0000] {processor.py:914} INFO - Processing file /home/airflow/.local/lib/python3.12/site-packages/airflow/example_dags/example_time_delta_sensor_async.py for tasks to queue
[2024-12-12T05:38:25.216+0000] {logging_mixin.py:190} INFO - [2024-12-12T05:38:25.216+0000] {dagbag.py:588} INFO - Filling up the DagBag from /home/airflow/.local/lib/python3.12/site-packages/airflow/example_dags/example_time_delta_sensor_async.py
[2024-12-12T05:38:25.222+0000] {processor.py:925} INFO - DAG(s) 'example_time_delta_sensor_async' retrieved from /home/airflow/.local/lib/python3.12/site-packages/airflow/example_dags/example_time_delta_sensor_async.py
[2024-12-12T05:38:25.239+0000] {logging_mixin.py:190} INFO - [2024-12-12T05:38:25.238+0000] {dag.py:3239} INFO - Sync 1 DAGs
[2024-12-12T05:38:25.251+0000] {logging_mixin.py:190} INFO - [2024-12-12T05:38:25.251+0000] {dag.py:4180} INFO - Setting next_dagrun for example_time_delta_sensor_async to None, run_after=None
[2024-12-12T05:38:25.265+0000] {processor.py:208} INFO - Processing /home/airflow/.local/lib/python3.12/site-packages/airflow/example_dags/example_time_delta_sensor_async.py took 0.067 seconds
[2024-12-12T05:38:55.790+0000] {processor.py:186} INFO - Started process (PID=135) to work on /home/airflow/.local/lib/python3.12/site-packages/airflow/example_dags/example_time_delta_sensor_async.py
[2024-12-12T05:38:55.791+0000] {processor.py:914} INFO - Processing file /home/airflow/.local/lib/python3.12/site-packages/airflow/example_dags/example_time_delta_sensor_async.py for tasks to queue
[2024-12-12T05:38:55.792+0000] {logging_mixin.py:190} INFO - [2024-12-12T05:38:55.792+0000] {dagbag.py:588} INFO - Filling up the DagBag from /home/airflow/.local/lib/python3.12/site-packages/airflow/example_dags/example_time_delta_sensor_async.py
[2024-12-12T05:38:55.797+0000] {processor.py:925} INFO - DAG(s) 'example_time_delta_sensor_async' retrieved from /home/airflow/.local/lib/python3.12/site-packages/airflow/example_dags/example_time_delta_sensor_async.py
[2024-12-12T05:38:55.809+0000] {logging_mixin.py:190} INFO - [2024-12-12T05:38:55.809+0000] {dag.py:3239} INFO - Sync 1 DAGs
[2024-12-12T05:38:55.817+0000] {logging_mixin.py:190} INFO - [2024-12-12T05:38:55.816+0000] {dag.py:4180} INFO - Setting next_dagrun for example_time_delta_sensor_async to None, run_after=None
[2024-12-12T05:38:55.826+0000] {processor.py:208} INFO - Processing /home/airflow/.local/lib/python3.12/site-packages/airflow/example_dags/example_time_delta_sensor_async.py took 0.039 seconds
[2024-12-12T05:39:30.844+0000] {processor.py:186} INFO - Started process (PID=203) to work on /home/airflow/.local/lib/python3.12/site-packages/airflow/example_dags/example_time_delta_sensor_async.py
[2024-12-12T05:39:30.847+0000] {processor.py:914} INFO - Processing file /home/airflow/.local/lib/python3.12/site-packages/airflow/example_dags/example_time_delta_sensor_async.py for tasks to queue
[2024-12-12T05:39:30.857+0000] {logging_mixin.py:190} INFO - [2024-12-12T05:39:30.857+0000] {dagbag.py:588} INFO - Filling up the DagBag from /home/airflow/.local/lib/python3.12/site-packages/airflow/example_dags/example_time_delta_sensor_async.py
[2024-12-12T05:39:30.878+0000] {processor.py:925} INFO - DAG(s) 'example_time_delta_sensor_async' retrieved from /home/airflow/.local/lib/python3.12/site-packages/airflow/example_dags/example_time_delta_sensor_async.py
[2024-12-12T05:39:30.926+0000] {logging_mixin.py:190} INFO - [2024-12-12T05:39:30.925+0000] {dag.py:3239} INFO - Sync 1 DAGs
[2024-12-12T05:39:30.941+0000] {logging_mixin.py:190} INFO - [2024-12-12T05:39:30.941+0000] {dag.py:4180} INFO - Setting next_dagrun for example_time_delta_sensor_async to None, run_after=None
[2024-12-12T05:39:30.966+0000] {processor.py:208} INFO - Processing /home/airflow/.local/lib/python3.12/site-packages/airflow/example_dags/example_time_delta_sensor_async.py took 0.130 seconds
[2024-12-12T05:40:01.312+0000] {processor.py:186} INFO - Started process (PID=266) to work on /home/airflow/.local/lib/python3.12/site-packages/airflow/example_dags/example_time_delta_sensor_async.py
[2024-12-12T05:40:01.316+0000] {processor.py:914} INFO - Processing file /home/airflow/.local/lib/python3.12/site-packages/airflow/example_dags/example_time_delta_sensor_async.py for tasks to queue
[2024-12-12T05:40:01.318+0000] {logging_mixin.py:190} INFO - [2024-12-12T05:40:01.318+0000] {dagbag.py:588} INFO - Filling up the DagBag from /home/airflow/.local/lib/python3.12/site-packages/airflow/example_dags/example_time_delta_sensor_async.py
[2024-12-12T05:40:01.323+0000] {processor.py:925} INFO - DAG(s) 'example_time_delta_sensor_async' retrieved from /home/airflow/.local/lib/python3.12/site-packages/airflow/example_dags/example_time_delta_sensor_async.py
[2024-12-12T05:40:01.336+0000] {logging_mixin.py:190} INFO - [2024-12-12T05:40:01.336+0000] {dag.py:3239} INFO - Sync 1 DAGs
[2024-12-12T05:40:01.345+0000] {logging_mixin.py:190} INFO - [2024-12-12T05:40:01.345+0000] {dag.py:4180} INFO - Setting next_dagrun for example_time_delta_sensor_async to None, run_after=None
[2024-12-12T05:40:01.355+0000] {processor.py:208} INFO - Processing /home/airflow/.local/lib/python3.12/site-packages/airflow/example_dags/example_time_delta_sensor_async.py took 0.046 seconds
[2024-12-12T05:40:36.159+0000] {processor.py:186} INFO - Started process (PID=330) to work on /home/airflow/.local/lib/python3.12/site-packages/airflow/example_dags/example_time_delta_sensor_async.py
[2024-12-12T05:40:36.164+0000] {processor.py:914} INFO - Processing file /home/airflow/.local/lib/python3.12/site-packages/airflow/example_dags/example_time_delta_sensor_async.py for tasks to queue
[2024-12-12T05:40:36.174+0000] {logging_mixin.py:190} INFO - [2024-12-12T05:40:36.174+0000] {dagbag.py:588} INFO - Filling up the DagBag from /home/airflow/.local/lib/python3.12/site-packages/airflow/example_dags/example_time_delta_sensor_async.py
[2024-12-12T05:40:36.197+0000] {processor.py:925} INFO - DAG(s) 'example_time_delta_sensor_async' retrieved from /home/airflow/.local/lib/python3.12/site-packages/airflow/example_dags/example_time_delta_sensor_async.py
[2024-12-12T05:40:36.255+0000] {logging_mixin.py:190} INFO - [2024-12-12T05:40:36.255+0000] {dag.py:3239} INFO - Sync 1 DAGs
[2024-12-12T05:40:36.290+0000] {logging_mixin.py:190} INFO - [2024-12-12T05:40:36.290+0000] {dag.py:4180} INFO - Setting next_dagrun for example_time_delta_sensor_async to None, run_after=None
[2024-12-12T05:40:36.340+0000] {processor.py:208} INFO - Processing /home/airflow/.local/lib/python3.12/site-packages/airflow/example_dags/example_time_delta_sensor_async.py took 0.199 seconds
[2024-12-12T05:41:13.484+0000] {processor.py:186} INFO - Started process (PID=394) to work on /home/airflow/.local/lib/python3.12/site-packages/airflow/example_dags/example_time_delta_sensor_async.py
[2024-12-12T05:41:13.485+0000] {processor.py:914} INFO - Processing file /home/airflow/.local/lib/python3.12/site-packages/airflow/example_dags/example_time_delta_sensor_async.py for tasks to queue
[2024-12-12T05:41:13.487+0000] {logging_mixin.py:190} INFO - [2024-12-12T05:41:13.487+0000] {dagbag.py:588} INFO - Filling up the DagBag from /home/airflow/.local/lib/python3.12/site-packages/airflow/example_dags/example_time_delta_sensor_async.py
[2024-12-12T05:41:13.497+0000] {processor.py:925} INFO - DAG(s) 'example_time_delta_sensor_async' retrieved from /home/airflow/.local/lib/python3.12/site-packages/airflow/example_dags/example_time_delta_sensor_async.py
[2024-12-12T05:41:13.532+0000] {logging_mixin.py:190} INFO - [2024-12-12T05:41:13.532+0000] {dag.py:3239} INFO - Sync 1 DAGs
[2024-12-12T05:41:13.548+0000] {logging_mixin.py:190} INFO - [2024-12-12T05:41:13.547+0000] {dag.py:4180} INFO - Setting next_dagrun for example_time_delta_sensor_async to None, run_after=None
[2024-12-12T05:41:13.572+0000] {processor.py:208} INFO - Processing /home/airflow/.local/lib/python3.12/site-packages/airflow/example_dags/example_time_delta_sensor_async.py took 0.094 seconds
[2024-12-12T05:41:50.521+0000] {processor.py:186} INFO - Started process (PID=458) to work on /home/airflow/.local/lib/python3.12/site-packages/airflow/example_dags/example_time_delta_sensor_async.py
[2024-12-12T05:41:50.522+0000] {processor.py:914} INFO - Processing file /home/airflow/.local/lib/python3.12/site-packages/airflow/example_dags/example_time_delta_sensor_async.py for tasks to queue
[2024-12-12T05:41:50.524+0000] {logging_mixin.py:190} INFO - [2024-12-12T05:41:50.524+0000] {dagbag.py:588} INFO - Filling up the DagBag from /home/airflow/.local/lib/python3.12/site-packages/airflow/example_dags/example_time_delta_sensor_async.py
[2024-12-12T05:41:50.533+0000] {processor.py:925} INFO - DAG(s) 'example_time_delta_sensor_async' retrieved from /home/airflow/.local/lib/python3.12/site-packages/airflow/example_dags/example_time_delta_sensor_async.py
[2024-12-12T05:41:50.561+0000] {logging_mixin.py:190} INFO - [2024-12-12T05:41:50.561+0000] {dag.py:3239} INFO - Sync 1 DAGs
[2024-12-12T05:41:50.571+0000] {logging_mixin.py:190} INFO - [2024-12-12T05:41:50.570+0000] {dag.py:4180} INFO - Setting next_dagrun for example_time_delta_sensor_async to None, run_after=None
[2024-12-12T05:41:50.590+0000] {processor.py:208} INFO - Processing /home/airflow/.local/lib/python3.12/site-packages/airflow/example_dags/example_time_delta_sensor_async.py took 0.073 seconds
[2024-12-12T05:42:23.057+0000] {processor.py:186} INFO - Started process (PID=521) to work on /home/airflow/.local/lib/python3.12/site-packages/airflow/example_dags/example_time_delta_sensor_async.py
[2024-12-12T05:42:23.058+0000] {processor.py:914} INFO - Processing file /home/airflow/.local/lib/python3.12/site-packages/airflow/example_dags/example_time_delta_sensor_async.py for tasks to queue
[2024-12-12T05:42:23.060+0000] {logging_mixin.py:190} INFO - [2024-12-12T05:42:23.060+0000] {dagbag.py:588} INFO - Filling up the DagBag from /home/airflow/.local/lib/python3.12/site-packages/airflow/example_dags/example_time_delta_sensor_async.py
[2024-12-12T05:42:23.070+0000] {processor.py:925} INFO - DAG(s) 'example_time_delta_sensor_async' retrieved from /home/airflow/.local/lib/python3.12/site-packages/airflow/example_dags/example_time_delta_sensor_async.py
[2024-12-12T05:42:23.086+0000] {logging_mixin.py:190} INFO - [2024-12-12T05:42:23.086+0000] {dag.py:3239} INFO - Sync 1 DAGs
[2024-12-12T05:42:23.096+0000] {logging_mixin.py:190} INFO - [2024-12-12T05:42:23.096+0000] {dag.py:4180} INFO - Setting next_dagrun for example_time_delta_sensor_async to None, run_after=None
[2024-12-12T05:42:23.110+0000] {processor.py:208} INFO - Processing /home/airflow/.local/lib/python3.12/site-packages/airflow/example_dags/example_time_delta_sensor_async.py took 0.057 seconds
[2024-12-12T05:42:55.874+0000] {processor.py:186} INFO - Started process (PID=585) to work on /home/airflow/.local/lib/python3.12/site-packages/airflow/example_dags/example_time_delta_sensor_async.py
[2024-12-12T05:42:55.877+0000] {processor.py:914} INFO - Processing file /home/airflow/.local/lib/python3.12/site-packages/airflow/example_dags/example_time_delta_sensor_async.py for tasks to queue
[2024-12-12T05:42:55.879+0000] {logging_mixin.py:190} INFO - [2024-12-12T05:42:55.878+0000] {dagbag.py:588} INFO - Filling up the DagBag from /home/airflow/.local/lib/python3.12/site-packages/airflow/example_dags/example_time_delta_sensor_async.py
[2024-12-12T05:42:55.884+0000] {processor.py:925} INFO - DAG(s) 'example_time_delta_sensor_async' retrieved from /home/airflow/.local/lib/python3.12/site-packages/airflow/example_dags/example_time_delta_sensor_async.py
[2024-12-12T05:42:55.900+0000] {logging_mixin.py:190} INFO - [2024-12-12T05:42:55.900+0000] {dag.py:3239} INFO - Sync 1 DAGs
[2024-12-12T05:42:55.910+0000] {logging_mixin.py:190} INFO - [2024-12-12T05:42:55.910+0000] {dag.py:4180} INFO - Setting next_dagrun for example_time_delta_sensor_async to None, run_after=None
[2024-12-12T05:42:55.922+0000] {processor.py:208} INFO - Processing /home/airflow/.local/lib/python3.12/site-packages/airflow/example_dags/example_time_delta_sensor_async.py took 0.056 seconds
[2024-12-12T05:43:29.870+0000] {processor.py:186} INFO - Started process (PID=648) to work on /home/airflow/.local/lib/python3.12/site-packages/airflow/example_dags/example_time_delta_sensor_async.py
[2024-12-12T05:43:29.872+0000] {processor.py:914} INFO - Processing file /home/airflow/.local/lib/python3.12/site-packages/airflow/example_dags/example_time_delta_sensor_async.py for tasks to queue
[2024-12-12T05:43:29.875+0000] {logging_mixin.py:190} INFO - [2024-12-12T05:43:29.874+0000] {dagbag.py:588} INFO - Filling up the DagBag from /home/airflow/.local/lib/python3.12/site-packages/airflow/example_dags/example_time_delta_sensor_async.py
[2024-12-12T05:43:29.881+0000] {processor.py:925} INFO - DAG(s) 'example_time_delta_sensor_async' retrieved from /home/airflow/.local/lib/python3.12/site-packages/airflow/example_dags/example_time_delta_sensor_async.py
[2024-12-12T05:43:29.899+0000] {logging_mixin.py:190} INFO - [2024-12-12T05:43:29.898+0000] {dag.py:3239} INFO - Sync 1 DAGs
[2024-12-12T05:43:29.911+0000] {logging_mixin.py:190} INFO - [2024-12-12T05:43:29.911+0000] {dag.py:4180} INFO - Setting next_dagrun for example_time_delta_sensor_async to None, run_after=None
[2024-12-12T05:43:29.930+0000] {processor.py:208} INFO - Processing /home/airflow/.local/lib/python3.12/site-packages/airflow/example_dags/example_time_delta_sensor_async.py took 0.063 seconds
[2024-12-12T05:45:15.133+0000] {processor.py:186} INFO - Started process (PID=78) to work on /home/airflow/.local/lib/python3.12/site-packages/airflow/example_dags/example_time_delta_sensor_async.py
[2024-12-12T05:45:15.135+0000] {processor.py:914} INFO - Processing file /home/airflow/.local/lib/python3.12/site-packages/airflow/example_dags/example_time_delta_sensor_async.py for tasks to queue
[2024-12-12T05:45:15.139+0000] {logging_mixin.py:190} INFO - [2024-12-12T05:45:15.139+0000] {dagbag.py:588} INFO - Filling up the DagBag from /home/airflow/.local/lib/python3.12/site-packages/airflow/example_dags/example_time_delta_sensor_async.py
[2024-12-12T05:45:15.147+0000] {processor.py:925} INFO - DAG(s) 'example_time_delta_sensor_async' retrieved from /home/airflow/.local/lib/python3.12/site-packages/airflow/example_dags/example_time_delta_sensor_async.py
[2024-12-12T05:45:15.165+0000] {logging_mixin.py:190} INFO - [2024-12-12T05:45:15.165+0000] {dag.py:3239} INFO - Sync 1 DAGs
[2024-12-12T05:45:15.177+0000] {logging_mixin.py:190} INFO - [2024-12-12T05:45:15.177+0000] {dag.py:4180} INFO - Setting next_dagrun for example_time_delta_sensor_async to None, run_after=None
[2024-12-12T05:45:15.194+0000] {processor.py:208} INFO - Processing /home/airflow/.local/lib/python3.12/site-packages/airflow/example_dags/example_time_delta_sensor_async.py took 0.066 seconds
[2024-12-12T05:45:47.867+0000] {processor.py:186} INFO - Started process (PID=142) to work on /home/airflow/.local/lib/python3.12/site-packages/airflow/example_dags/example_time_delta_sensor_async.py
[2024-12-12T05:45:47.868+0000] {processor.py:914} INFO - Processing file /home/airflow/.local/lib/python3.12/site-packages/airflow/example_dags/example_time_delta_sensor_async.py for tasks to queue
[2024-12-12T05:45:47.871+0000] {logging_mixin.py:190} INFO - [2024-12-12T05:45:47.871+0000] {dagbag.py:588} INFO - Filling up the DagBag from /home/airflow/.local/lib/python3.12/site-packages/airflow/example_dags/example_time_delta_sensor_async.py
[2024-12-12T05:45:47.877+0000] {processor.py:925} INFO - DAG(s) 'example_time_delta_sensor_async' retrieved from /home/airflow/.local/lib/python3.12/site-packages/airflow/example_dags/example_time_delta_sensor_async.py
[2024-12-12T05:45:47.897+0000] {logging_mixin.py:190} INFO - [2024-12-12T05:45:47.897+0000] {dag.py:3239} INFO - Sync 1 DAGs
[2024-12-12T05:45:47.910+0000] {logging_mixin.py:190} INFO - [2024-12-12T05:45:47.910+0000] {dag.py:4180} INFO - Setting next_dagrun for example_time_delta_sensor_async to None, run_after=None
[2024-12-12T05:45:47.928+0000] {processor.py:208} INFO - Processing /home/airflow/.local/lib/python3.12/site-packages/airflow/example_dags/example_time_delta_sensor_async.py took 0.065 seconds
[2024-12-12T05:46:19.766+0000] {processor.py:186} INFO - Started process (PID=205) to work on /home/airflow/.local/lib/python3.12/site-packages/airflow/example_dags/example_time_delta_sensor_async.py
[2024-12-12T05:46:19.768+0000] {processor.py:914} INFO - Processing file /home/airflow/.local/lib/python3.12/site-packages/airflow/example_dags/example_time_delta_sensor_async.py for tasks to queue
[2024-12-12T05:46:19.771+0000] {logging_mixin.py:190} INFO - [2024-12-12T05:46:19.771+0000] {dagbag.py:588} INFO - Filling up the DagBag from /home/airflow/.local/lib/python3.12/site-packages/airflow/example_dags/example_time_delta_sensor_async.py
[2024-12-12T05:46:19.778+0000] {processor.py:925} INFO - DAG(s) 'example_time_delta_sensor_async' retrieved from /home/airflow/.local/lib/python3.12/site-packages/airflow/example_dags/example_time_delta_sensor_async.py
[2024-12-12T05:46:19.804+0000] {logging_mixin.py:190} INFO - [2024-12-12T05:46:19.804+0000] {dag.py:3239} INFO - Sync 1 DAGs
[2024-12-12T05:46:19.818+0000] {logging_mixin.py:190} INFO - [2024-12-12T05:46:19.818+0000] {dag.py:4180} INFO - Setting next_dagrun for example_time_delta_sensor_async to None, run_after=None
[2024-12-12T05:46:19.839+0000] {processor.py:208} INFO - Processing /home/airflow/.local/lib/python3.12/site-packages/airflow/example_dags/example_time_delta_sensor_async.py took 0.077 seconds
