[2024-12-12T05:36:36.430+0000] {processor.py:186} INFO - Started process (PID=69) to work on /home/airflow/.local/lib/python3.12/site-packages/airflow/example_dags/example_branch_operator.py
[2024-12-12T05:36:36.435+0000] {processor.py:914} INFO - Processing file /home/airflow/.local/lib/python3.12/site-packages/airflow/example_dags/example_branch_operator.py for tasks to queue
[2024-12-12T05:36:36.454+0000] {logging_mixin.py:190} INFO - [2024-12-12T05:36:36.453+0000] {dagbag.py:588} INFO - Filling up the DagBag from /home/airflow/.local/lib/python3.12/site-packages/airflow/example_dags/example_branch_operator.py
[2024-12-12T05:36:36.530+0000] {processor.py:925} INFO - DAG(s) 'example_branch_operator' retrieved from /home/airflow/.local/lib/python3.12/site-packages/airflow/example_dags/example_branch_operator.py
[2024-12-12T05:36:37.120+0000] {logging_mixin.py:190} INFO - [2024-12-12T05:36:37.119+0000] {override.py:1911} INFO - Created Permission View: can delete on DAG:example_branch_operator
[2024-12-12T05:36:37.157+0000] {logging_mixin.py:190} INFO - [2024-12-12T05:36:37.155+0000] {override.py:1911} INFO - Created Permission View: can edit on DAG:example_branch_operator
[2024-12-12T05:36:37.389+0000] {logging_mixin.py:190} INFO - [2024-12-12T05:36:37.389+0000] {override.py:1911} INFO - Created Permission View: can read on DAG:example_branch_operator
[2024-12-12T05:36:37.428+0000] {logging_mixin.py:190} INFO - [2024-12-12T05:36:37.428+0000] {override.py:1911} INFO - Created Permission View: can delete on DAG Run:example_branch_operator
[2024-12-12T05:36:37.435+0000] {logging_mixin.py:190} INFO - [2024-12-12T05:36:37.434+0000] {override.py:1911} INFO - Created Permission View: menu access on DAG Run:example_branch_operator
[2024-12-12T05:36:37.446+0000] {logging_mixin.py:190} INFO - [2024-12-12T05:36:37.445+0000] {override.py:1911} INFO - Created Permission View: can create on DAG Run:example_branch_operator
[2024-12-12T05:36:37.463+0000] {logging_mixin.py:190} INFO - [2024-12-12T05:36:37.462+0000] {override.py:1911} INFO - Created Permission View: can read on DAG Run:example_branch_operator
[2024-12-12T05:36:37.469+0000] {logging_mixin.py:190} INFO - [2024-12-12T05:36:37.467+0000] {dag.py:3239} INFO - Sync 1 DAGs
[2024-12-12T05:36:37.539+0000] {logging_mixin.py:190} INFO - [2024-12-12T05:36:37.538+0000] {dag.py:3262} INFO - Creating ORM DAG for example_branch_operator
[2024-12-12T05:36:37.584+0000] {logging_mixin.py:190} INFO - [2024-12-12T05:36:37.583+0000] {dag.py:4180} INFO - Setting next_dagrun for example_branch_operator to 2024-12-11 00:00:00+00:00, run_after=2024-12-12 00:00:00+00:00
[2024-12-12T05:36:37.662+0000] {processor.py:208} INFO - Processing /home/airflow/.local/lib/python3.12/site-packages/airflow/example_dags/example_branch_operator.py took 1.241 seconds
[2024-12-12T05:37:08.382+0000] {processor.py:186} INFO - Started process (PID=132) to work on /home/airflow/.local/lib/python3.12/site-packages/airflow/example_dags/example_branch_operator.py
[2024-12-12T05:37:08.384+0000] {processor.py:914} INFO - Processing file /home/airflow/.local/lib/python3.12/site-packages/airflow/example_dags/example_branch_operator.py for tasks to queue
[2024-12-12T05:37:08.389+0000] {logging_mixin.py:190} INFO - [2024-12-12T05:37:08.388+0000] {dagbag.py:588} INFO - Filling up the DagBag from /home/airflow/.local/lib/python3.12/site-packages/airflow/example_dags/example_branch_operator.py
[2024-12-12T05:37:08.407+0000] {processor.py:925} INFO - DAG(s) 'example_branch_operator' retrieved from /home/airflow/.local/lib/python3.12/site-packages/airflow/example_dags/example_branch_operator.py
[2024-12-12T05:37:08.509+0000] {logging_mixin.py:190} INFO - [2024-12-12T05:37:08.509+0000] {dag.py:3239} INFO - Sync 1 DAGs
[2024-12-12T05:37:08.662+0000] {logging_mixin.py:190} INFO - [2024-12-12T05:37:08.662+0000] {dag.py:4180} INFO - Setting next_dagrun for example_branch_operator to 2024-12-11 00:00:00+00:00, run_after=2024-12-12 00:00:00+00:00
[2024-12-12T05:37:08.846+0000] {processor.py:208} INFO - Processing /home/airflow/.local/lib/python3.12/site-packages/airflow/example_dags/example_branch_operator.py took 0.470 seconds
[2024-12-12T05:37:39.092+0000] {processor.py:186} INFO - Started process (PID=195) to work on /home/airflow/.local/lib/python3.12/site-packages/airflow/example_dags/example_branch_operator.py
[2024-12-12T05:37:39.093+0000] {processor.py:914} INFO - Processing file /home/airflow/.local/lib/python3.12/site-packages/airflow/example_dags/example_branch_operator.py for tasks to queue
[2024-12-12T05:37:39.097+0000] {logging_mixin.py:190} INFO - [2024-12-12T05:37:39.097+0000] {dagbag.py:588} INFO - Filling up the DagBag from /home/airflow/.local/lib/python3.12/site-packages/airflow/example_dags/example_branch_operator.py
[2024-12-12T05:37:39.121+0000] {processor.py:925} INFO - DAG(s) 'example_branch_operator' retrieved from /home/airflow/.local/lib/python3.12/site-packages/airflow/example_dags/example_branch_operator.py
[2024-12-12T05:37:39.140+0000] {logging_mixin.py:190} INFO - [2024-12-12T05:37:39.140+0000] {dag.py:3239} INFO - Sync 1 DAGs
[2024-12-12T05:37:39.153+0000] {logging_mixin.py:190} INFO - [2024-12-12T05:37:39.153+0000] {dag.py:4180} INFO - Setting next_dagrun for example_branch_operator to 2024-12-11 00:00:00+00:00, run_after=2024-12-12 00:00:00+00:00
[2024-12-12T05:37:39.163+0000] {processor.py:208} INFO - Processing /home/airflow/.local/lib/python3.12/site-packages/airflow/example_dags/example_branch_operator.py took 0.078 seconds
[2024-12-12T05:38:24.446+0000] {processor.py:186} INFO - Started process (PID=62) to work on /home/airflow/.local/lib/python3.12/site-packages/airflow/example_dags/example_branch_operator.py
[2024-12-12T05:38:24.447+0000] {processor.py:914} INFO - Processing file /home/airflow/.local/lib/python3.12/site-packages/airflow/example_dags/example_branch_operator.py for tasks to queue
[2024-12-12T05:38:24.449+0000] {logging_mixin.py:190} INFO - [2024-12-12T05:38:24.449+0000] {dagbag.py:588} INFO - Filling up the DagBag from /home/airflow/.local/lib/python3.12/site-packages/airflow/example_dags/example_branch_operator.py
[2024-12-12T05:38:24.466+0000] {processor.py:925} INFO - DAG(s) 'example_branch_operator' retrieved from /home/airflow/.local/lib/python3.12/site-packages/airflow/example_dags/example_branch_operator.py
[2024-12-12T05:38:24.550+0000] {logging_mixin.py:190} INFO - [2024-12-12T05:38:24.550+0000] {dag.py:3239} INFO - Sync 1 DAGs
[2024-12-12T05:38:24.574+0000] {logging_mixin.py:190} INFO - [2024-12-12T05:38:24.574+0000] {dag.py:4180} INFO - Setting next_dagrun for example_branch_operator to 2024-12-11 00:00:00+00:00, run_after=2024-12-12 00:00:00+00:00
[2024-12-12T05:38:24.587+0000] {processor.py:208} INFO - Processing /home/airflow/.local/lib/python3.12/site-packages/airflow/example_dags/example_branch_operator.py took 0.144 seconds
[2024-12-12T05:38:54.984+0000] {processor.py:186} INFO - Started process (PID=125) to work on /home/airflow/.local/lib/python3.12/site-packages/airflow/example_dags/example_branch_operator.py
[2024-12-12T05:38:54.991+0000] {processor.py:914} INFO - Processing file /home/airflow/.local/lib/python3.12/site-packages/airflow/example_dags/example_branch_operator.py for tasks to queue
[2024-12-12T05:38:55.001+0000] {logging_mixin.py:190} INFO - [2024-12-12T05:38:54.999+0000] {dagbag.py:588} INFO - Filling up the DagBag from /home/airflow/.local/lib/python3.12/site-packages/airflow/example_dags/example_branch_operator.py
[2024-12-12T05:38:55.022+0000] {processor.py:925} INFO - DAG(s) 'example_branch_operator' retrieved from /home/airflow/.local/lib/python3.12/site-packages/airflow/example_dags/example_branch_operator.py
[2024-12-12T05:38:55.084+0000] {logging_mixin.py:190} INFO - [2024-12-12T05:38:55.084+0000] {dag.py:3239} INFO - Sync 1 DAGs
[2024-12-12T05:38:55.110+0000] {logging_mixin.py:190} INFO - [2024-12-12T05:38:55.110+0000] {dag.py:4180} INFO - Setting next_dagrun for example_branch_operator to 2024-12-11 00:00:00+00:00, run_after=2024-12-12 00:00:00+00:00
[2024-12-12T05:38:55.157+0000] {processor.py:208} INFO - Processing /home/airflow/.local/lib/python3.12/site-packages/airflow/example_dags/example_branch_operator.py took 0.179 seconds
[2024-12-12T05:39:27.672+0000] {processor.py:186} INFO - Started process (PID=188) to work on /home/airflow/.local/lib/python3.12/site-packages/airflow/example_dags/example_branch_operator.py
[2024-12-12T05:39:27.677+0000] {processor.py:914} INFO - Processing file /home/airflow/.local/lib/python3.12/site-packages/airflow/example_dags/example_branch_operator.py for tasks to queue
[2024-12-12T05:39:27.685+0000] {logging_mixin.py:190} INFO - [2024-12-12T05:39:27.684+0000] {dagbag.py:588} INFO - Filling up the DagBag from /home/airflow/.local/lib/python3.12/site-packages/airflow/example_dags/example_branch_operator.py
[2024-12-12T05:39:27.712+0000] {processor.py:925} INFO - DAG(s) 'example_branch_operator' retrieved from /home/airflow/.local/lib/python3.12/site-packages/airflow/example_dags/example_branch_operator.py
[2024-12-12T05:39:27.772+0000] {logging_mixin.py:190} INFO - [2024-12-12T05:39:27.771+0000] {dag.py:3239} INFO - Sync 1 DAGs
[2024-12-12T05:39:27.798+0000] {logging_mixin.py:190} INFO - [2024-12-12T05:39:27.798+0000] {dag.py:4180} INFO - Setting next_dagrun for example_branch_operator to 2024-12-11 00:00:00+00:00, run_after=2024-12-12 00:00:00+00:00
[2024-12-12T05:39:27.815+0000] {processor.py:208} INFO - Processing /home/airflow/.local/lib/python3.12/site-packages/airflow/example_dags/example_branch_operator.py took 0.147 seconds
[2024-12-12T05:39:58.020+0000] {processor.py:186} INFO - Started process (PID=250) to work on /home/airflow/.local/lib/python3.12/site-packages/airflow/example_dags/example_branch_operator.py
[2024-12-12T05:39:58.021+0000] {processor.py:914} INFO - Processing file /home/airflow/.local/lib/python3.12/site-packages/airflow/example_dags/example_branch_operator.py for tasks to queue
[2024-12-12T05:39:58.023+0000] {logging_mixin.py:190} INFO - [2024-12-12T05:39:58.023+0000] {dagbag.py:588} INFO - Filling up the DagBag from /home/airflow/.local/lib/python3.12/site-packages/airflow/example_dags/example_branch_operator.py
[2024-12-12T05:39:58.035+0000] {processor.py:925} INFO - DAG(s) 'example_branch_operator' retrieved from /home/airflow/.local/lib/python3.12/site-packages/airflow/example_dags/example_branch_operator.py
[2024-12-12T05:39:58.065+0000] {logging_mixin.py:190} INFO - [2024-12-12T05:39:58.065+0000] {dag.py:3239} INFO - Sync 1 DAGs
[2024-12-12T05:39:58.078+0000] {logging_mixin.py:190} INFO - [2024-12-12T05:39:58.078+0000] {dag.py:4180} INFO - Setting next_dagrun for example_branch_operator to 2024-12-11 00:00:00+00:00, run_after=2024-12-12 00:00:00+00:00
[2024-12-12T05:39:58.090+0000] {processor.py:208} INFO - Processing /home/airflow/.local/lib/python3.12/site-packages/airflow/example_dags/example_branch_operator.py took 0.074 seconds
[2024-12-12T05:40:31.816+0000] {processor.py:186} INFO - Started process (PID=319) to work on /home/airflow/.local/lib/python3.12/site-packages/airflow/example_dags/example_branch_operator.py
[2024-12-12T05:40:31.882+0000] {processor.py:914} INFO - Processing file /home/airflow/.local/lib/python3.12/site-packages/airflow/example_dags/example_branch_operator.py for tasks to queue
[2024-12-12T05:40:31.958+0000] {logging_mixin.py:190} INFO - [2024-12-12T05:40:31.948+0000] {dagbag.py:588} INFO - Filling up the DagBag from /home/airflow/.local/lib/python3.12/site-packages/airflow/example_dags/example_branch_operator.py
[2024-12-12T05:40:32.171+0000] {processor.py:925} INFO - DAG(s) 'example_branch_operator' retrieved from /home/airflow/.local/lib/python3.12/site-packages/airflow/example_dags/example_branch_operator.py
[2024-12-12T05:40:32.366+0000] {logging_mixin.py:190} INFO - [2024-12-12T05:40:32.365+0000] {dag.py:3239} INFO - Sync 1 DAGs
[2024-12-12T05:40:32.490+0000] {logging_mixin.py:190} INFO - [2024-12-12T05:40:32.490+0000] {dag.py:4180} INFO - Setting next_dagrun for example_branch_operator to 2024-12-11 00:00:00+00:00, run_after=2024-12-12 00:00:00+00:00
[2024-12-12T05:40:32.693+0000] {processor.py:208} INFO - Processing /home/airflow/.local/lib/python3.12/site-packages/airflow/example_dags/example_branch_operator.py took 0.910 seconds
[2024-12-12T05:41:04.978+0000] {processor.py:186} INFO - Started process (PID=383) to work on /home/airflow/.local/lib/python3.12/site-packages/airflow/example_dags/example_branch_operator.py
[2024-12-12T05:41:04.981+0000] {processor.py:914} INFO - Processing file /home/airflow/.local/lib/python3.12/site-packages/airflow/example_dags/example_branch_operator.py for tasks to queue
[2024-12-12T05:41:04.989+0000] {logging_mixin.py:190} INFO - [2024-12-12T05:41:04.987+0000] {dagbag.py:588} INFO - Filling up the DagBag from /home/airflow/.local/lib/python3.12/site-packages/airflow/example_dags/example_branch_operator.py
[2024-12-12T05:41:05.020+0000] {processor.py:925} INFO - DAG(s) 'example_branch_operator' retrieved from /home/airflow/.local/lib/python3.12/site-packages/airflow/example_dags/example_branch_operator.py
[2024-12-12T05:41:05.069+0000] {logging_mixin.py:190} INFO - [2024-12-12T05:41:05.068+0000] {dag.py:3239} INFO - Sync 1 DAGs
[2024-12-12T05:41:05.102+0000] {logging_mixin.py:190} INFO - [2024-12-12T05:41:05.101+0000] {dag.py:4180} INFO - Setting next_dagrun for example_branch_operator to 2024-12-11 00:00:00+00:00, run_after=2024-12-12 00:00:00+00:00
[2024-12-12T05:41:05.134+0000] {processor.py:208} INFO - Processing /home/airflow/.local/lib/python3.12/site-packages/airflow/example_dags/example_branch_operator.py took 0.166 seconds
[2024-12-12T05:41:36.067+0000] {processor.py:186} INFO - Started process (PID=447) to work on /home/airflow/.local/lib/python3.12/site-packages/airflow/example_dags/example_branch_operator.py
[2024-12-12T05:41:36.069+0000] {processor.py:914} INFO - Processing file /home/airflow/.local/lib/python3.12/site-packages/airflow/example_dags/example_branch_operator.py for tasks to queue
[2024-12-12T05:41:36.072+0000] {logging_mixin.py:190} INFO - [2024-12-12T05:41:36.071+0000] {dagbag.py:588} INFO - Filling up the DagBag from /home/airflow/.local/lib/python3.12/site-packages/airflow/example_dags/example_branch_operator.py
[2024-12-12T05:41:36.094+0000] {processor.py:925} INFO - DAG(s) 'example_branch_operator' retrieved from /home/airflow/.local/lib/python3.12/site-packages/airflow/example_dags/example_branch_operator.py
[2024-12-12T05:41:36.126+0000] {logging_mixin.py:190} INFO - [2024-12-12T05:41:36.126+0000] {dag.py:3239} INFO - Sync 1 DAGs
[2024-12-12T05:41:36.165+0000] {logging_mixin.py:190} INFO - [2024-12-12T05:41:36.165+0000] {dag.py:4180} INFO - Setting next_dagrun for example_branch_operator to 2024-12-11 00:00:00+00:00, run_after=2024-12-12 00:00:00+00:00
[2024-12-12T05:41:36.189+0000] {processor.py:208} INFO - Processing /home/airflow/.local/lib/python3.12/site-packages/airflow/example_dags/example_branch_operator.py took 0.134 seconds
[2024-12-12T05:42:11.718+0000] {processor.py:186} INFO - Started process (PID=510) to work on /home/airflow/.local/lib/python3.12/site-packages/airflow/example_dags/example_branch_operator.py
[2024-12-12T05:42:11.720+0000] {processor.py:914} INFO - Processing file /home/airflow/.local/lib/python3.12/site-packages/airflow/example_dags/example_branch_operator.py for tasks to queue
[2024-12-12T05:42:11.726+0000] {logging_mixin.py:190} INFO - [2024-12-12T05:42:11.724+0000] {dagbag.py:588} INFO - Filling up the DagBag from /home/airflow/.local/lib/python3.12/site-packages/airflow/example_dags/example_branch_operator.py
[2024-12-12T05:42:11.764+0000] {processor.py:925} INFO - DAG(s) 'example_branch_operator' retrieved from /home/airflow/.local/lib/python3.12/site-packages/airflow/example_dags/example_branch_operator.py
[2024-12-12T05:42:11.803+0000] {logging_mixin.py:190} INFO - [2024-12-12T05:42:11.803+0000] {dag.py:3239} INFO - Sync 1 DAGs
[2024-12-12T05:42:11.876+0000] {logging_mixin.py:190} INFO - [2024-12-12T05:42:11.876+0000] {dag.py:4180} INFO - Setting next_dagrun for example_branch_operator to 2024-12-11 00:00:00+00:00, run_after=2024-12-12 00:00:00+00:00
[2024-12-12T05:42:11.960+0000] {processor.py:208} INFO - Processing /home/airflow/.local/lib/python3.12/site-packages/airflow/example_dags/example_branch_operator.py took 0.251 seconds
[2024-12-12T05:42:43.134+0000] {processor.py:186} INFO - Started process (PID=573) to work on /home/airflow/.local/lib/python3.12/site-packages/airflow/example_dags/example_branch_operator.py
[2024-12-12T05:42:43.136+0000] {processor.py:914} INFO - Processing file /home/airflow/.local/lib/python3.12/site-packages/airflow/example_dags/example_branch_operator.py for tasks to queue
[2024-12-12T05:42:43.138+0000] {logging_mixin.py:190} INFO - [2024-12-12T05:42:43.138+0000] {dagbag.py:588} INFO - Filling up the DagBag from /home/airflow/.local/lib/python3.12/site-packages/airflow/example_dags/example_branch_operator.py
[2024-12-12T05:42:43.151+0000] {processor.py:925} INFO - DAG(s) 'example_branch_operator' retrieved from /home/airflow/.local/lib/python3.12/site-packages/airflow/example_dags/example_branch_operator.py
[2024-12-12T05:42:43.182+0000] {logging_mixin.py:190} INFO - [2024-12-12T05:42:43.181+0000] {dag.py:3239} INFO - Sync 1 DAGs
[2024-12-12T05:42:43.216+0000] {logging_mixin.py:190} INFO - [2024-12-12T05:42:43.216+0000] {dag.py:4180} INFO - Setting next_dagrun for example_branch_operator to 2024-12-11 00:00:00+00:00, run_after=2024-12-12 00:00:00+00:00
[2024-12-12T05:42:43.231+0000] {processor.py:208} INFO - Processing /home/airflow/.local/lib/python3.12/site-packages/airflow/example_dags/example_branch_operator.py took 0.112 seconds
[2024-12-12T05:43:13.477+0000] {processor.py:186} INFO - Started process (PID=636) to work on /home/airflow/.local/lib/python3.12/site-packages/airflow/example_dags/example_branch_operator.py
[2024-12-12T05:43:13.478+0000] {processor.py:914} INFO - Processing file /home/airflow/.local/lib/python3.12/site-packages/airflow/example_dags/example_branch_operator.py for tasks to queue
[2024-12-12T05:43:13.492+0000] {logging_mixin.py:190} INFO - [2024-12-12T05:43:13.492+0000] {dagbag.py:588} INFO - Filling up the DagBag from /home/airflow/.local/lib/python3.12/site-packages/airflow/example_dags/example_branch_operator.py
[2024-12-12T05:43:13.517+0000] {processor.py:925} INFO - DAG(s) 'example_branch_operator' retrieved from /home/airflow/.local/lib/python3.12/site-packages/airflow/example_dags/example_branch_operator.py
[2024-12-12T05:43:13.557+0000] {logging_mixin.py:190} INFO - [2024-12-12T05:43:13.557+0000] {dag.py:3239} INFO - Sync 1 DAGs
[2024-12-12T05:43:13.588+0000] {logging_mixin.py:190} INFO - [2024-12-12T05:43:13.587+0000] {dag.py:4180} INFO - Setting next_dagrun for example_branch_operator to 2024-12-11 00:00:00+00:00, run_after=2024-12-12 00:00:00+00:00
[2024-12-12T05:43:13.606+0000] {processor.py:208} INFO - Processing /home/airflow/.local/lib/python3.12/site-packages/airflow/example_dags/example_branch_operator.py took 0.134 seconds
[2024-12-12T05:45:13.444+0000] {processor.py:186} INFO - Started process (PID=69) to work on /home/airflow/.local/lib/python3.12/site-packages/airflow/example_dags/example_branch_operator.py
[2024-12-12T05:45:13.446+0000] {processor.py:914} INFO - Processing file /home/airflow/.local/lib/python3.12/site-packages/airflow/example_dags/example_branch_operator.py for tasks to queue
[2024-12-12T05:45:13.451+0000] {logging_mixin.py:190} INFO - [2024-12-12T05:45:13.450+0000] {dagbag.py:588} INFO - Filling up the DagBag from /home/airflow/.local/lib/python3.12/site-packages/airflow/example_dags/example_branch_operator.py
[2024-12-12T05:45:13.485+0000] {processor.py:925} INFO - DAG(s) 'example_branch_operator' retrieved from /home/airflow/.local/lib/python3.12/site-packages/airflow/example_dags/example_branch_operator.py
[2024-12-12T05:45:13.859+0000] {logging_mixin.py:190} INFO - [2024-12-12T05:45:13.859+0000] {dag.py:3239} INFO - Sync 1 DAGs
[2024-12-12T05:45:13.887+0000] {logging_mixin.py:190} INFO - [2024-12-12T05:45:13.886+0000] {dag.py:4180} INFO - Setting next_dagrun for example_branch_operator to 2024-12-11 00:00:00+00:00, run_after=2024-12-12 00:00:00+00:00
[2024-12-12T05:45:13.961+0000] {processor.py:208} INFO - Processing /home/airflow/.local/lib/python3.12/site-packages/airflow/example_dags/example_branch_operator.py took 0.526 seconds
[2024-12-12T05:45:44.369+0000] {processor.py:186} INFO - Started process (PID=132) to work on /home/airflow/.local/lib/python3.12/site-packages/airflow/example_dags/example_branch_operator.py
[2024-12-12T05:45:44.382+0000] {processor.py:914} INFO - Processing file /home/airflow/.local/lib/python3.12/site-packages/airflow/example_dags/example_branch_operator.py for tasks to queue
[2024-12-12T05:45:44.434+0000] {logging_mixin.py:190} INFO - [2024-12-12T05:45:44.428+0000] {dagbag.py:588} INFO - Filling up the DagBag from /home/airflow/.local/lib/python3.12/site-packages/airflow/example_dags/example_branch_operator.py
[2024-12-12T05:45:44.581+0000] {processor.py:925} INFO - DAG(s) 'example_branch_operator' retrieved from /home/airflow/.local/lib/python3.12/site-packages/airflow/example_dags/example_branch_operator.py
[2024-12-12T05:45:44.690+0000] {logging_mixin.py:190} INFO - [2024-12-12T05:45:44.689+0000] {dag.py:3239} INFO - Sync 1 DAGs
[2024-12-12T05:45:44.813+0000] {logging_mixin.py:190} INFO - [2024-12-12T05:45:44.812+0000] {dag.py:4180} INFO - Setting next_dagrun for example_branch_operator to 2024-12-11 00:00:00+00:00, run_after=2024-12-12 00:00:00+00:00
[2024-12-12T05:45:44.892+0000] {processor.py:208} INFO - Processing /home/airflow/.local/lib/python3.12/site-packages/airflow/example_dags/example_branch_operator.py took 0.605 seconds
[2024-12-12T05:46:15.099+0000] {processor.py:186} INFO - Started process (PID=194) to work on /home/airflow/.local/lib/python3.12/site-packages/airflow/example_dags/example_branch_operator.py
[2024-12-12T05:46:15.100+0000] {processor.py:914} INFO - Processing file /home/airflow/.local/lib/python3.12/site-packages/airflow/example_dags/example_branch_operator.py for tasks to queue
[2024-12-12T05:46:15.102+0000] {logging_mixin.py:190} INFO - [2024-12-12T05:46:15.102+0000] {dagbag.py:588} INFO - Filling up the DagBag from /home/airflow/.local/lib/python3.12/site-packages/airflow/example_dags/example_branch_operator.py
[2024-12-12T05:46:15.150+0000] {processor.py:925} INFO - DAG(s) 'example_branch_operator' retrieved from /home/airflow/.local/lib/python3.12/site-packages/airflow/example_dags/example_branch_operator.py
[2024-12-12T05:46:15.215+0000] {logging_mixin.py:190} INFO - [2024-12-12T05:46:15.215+0000] {dag.py:3239} INFO - Sync 1 DAGs
[2024-12-12T05:46:15.265+0000] {logging_mixin.py:190} INFO - [2024-12-12T05:46:15.265+0000] {dag.py:4180} INFO - Setting next_dagrun for example_branch_operator to 2024-12-11 00:00:00+00:00, run_after=2024-12-12 00:00:00+00:00
[2024-12-12T05:46:15.293+0000] {processor.py:208} INFO - Processing /home/airflow/.local/lib/python3.12/site-packages/airflow/example_dags/example_branch_operator.py took 0.198 seconds
