[2024-12-12T05:36:22.306+0000] {processor.py:186} INFO - Started process (PID=37) to work on /home/airflow/.local/lib/python3.12/site-packages/airflow/example_dags/example_branch_python_dop_operator_3.py
[2024-12-12T05:36:22.310+0000] {processor.py:914} INFO - Processing file /home/airflow/.local/lib/python3.12/site-packages/airflow/example_dags/example_branch_python_dop_operator_3.py for tasks to queue
[2024-12-12T05:36:22.330+0000] {logging_mixin.py:190} INFO - [2024-12-12T05:36:22.329+0000] {dagbag.py:588} INFO - Filling up the DagBag from /home/airflow/.local/lib/python3.12/site-packages/airflow/example_dags/example_branch_python_dop_operator_3.py
[2024-12-12T05:36:22.412+0000] {processor.py:925} INFO - DAG(s) 'example_branch_dop_operator_v3' retrieved from /home/airflow/.local/lib/python3.12/site-packages/airflow/example_dags/example_branch_python_dop_operator_3.py
[2024-12-12T05:36:22.840+0000] {logging_mixin.py:190} INFO - [2024-12-12T05:36:22.839+0000] {override.py:1911} INFO - Created Permission View: can delete on DAG:example_branch_dop_operator_v3
[2024-12-12T05:36:22.853+0000] {logging_mixin.py:190} INFO - [2024-12-12T05:36:22.852+0000] {override.py:1911} INFO - Created Permission View: can edit on DAG:example_branch_dop_operator_v3
[2024-12-12T05:36:22.856+0000] {logging_mixin.py:190} INFO - [2024-12-12T05:36:22.856+0000] {override.py:1911} INFO - Created Permission View: can read on DAG:example_branch_dop_operator_v3
[2024-12-12T05:36:22.860+0000] {logging_mixin.py:190} INFO - [2024-12-12T05:36:22.860+0000] {override.py:1911} INFO - Created Permission View: can delete on DAG Run:example_branch_dop_operator_v3
[2024-12-12T05:36:22.863+0000] {logging_mixin.py:190} INFO - [2024-12-12T05:36:22.863+0000] {override.py:1911} INFO - Created Permission View: menu access on DAG Run:example_branch_dop_operator_v3
[2024-12-12T05:36:22.867+0000] {logging_mixin.py:190} INFO - [2024-12-12T05:36:22.867+0000] {override.py:1911} INFO - Created Permission View: can create on DAG Run:example_branch_dop_operator_v3
[2024-12-12T05:36:22.870+0000] {logging_mixin.py:190} INFO - [2024-12-12T05:36:22.870+0000] {override.py:1911} INFO - Created Permission View: can read on DAG Run:example_branch_dop_operator_v3
[2024-12-12T05:36:22.871+0000] {logging_mixin.py:190} INFO - [2024-12-12T05:36:22.871+0000] {dag.py:3239} INFO - Sync 1 DAGs
[2024-12-12T05:36:22.920+0000] {logging_mixin.py:190} INFO - [2024-12-12T05:36:22.920+0000] {dag.py:3262} INFO - Creating ORM DAG for example_branch_dop_operator_v3
[2024-12-12T05:36:22.959+0000] {logging_mixin.py:190} INFO - [2024-12-12T05:36:22.959+0000] {dag.py:4180} INFO - Setting next_dagrun for example_branch_dop_operator_v3 to 2024-12-12 05:35:00+00:00, run_after=2024-12-12 05:36:00+00:00
[2024-12-12T05:36:22.980+0000] {processor.py:208} INFO - Processing /home/airflow/.local/lib/python3.12/site-packages/airflow/example_dags/example_branch_python_dop_operator_3.py took 0.704 seconds
[2024-12-12T05:36:53.736+0000] {processor.py:186} INFO - Started process (PID=101) to work on /home/airflow/.local/lib/python3.12/site-packages/airflow/example_dags/example_branch_python_dop_operator_3.py
[2024-12-12T05:36:53.740+0000] {processor.py:914} INFO - Processing file /home/airflow/.local/lib/python3.12/site-packages/airflow/example_dags/example_branch_python_dop_operator_3.py for tasks to queue
[2024-12-12T05:36:53.750+0000] {logging_mixin.py:190} INFO - [2024-12-12T05:36:53.749+0000] {dagbag.py:588} INFO - Filling up the DagBag from /home/airflow/.local/lib/python3.12/site-packages/airflow/example_dags/example_branch_python_dop_operator_3.py
[2024-12-12T05:36:53.784+0000] {processor.py:925} INFO - DAG(s) 'example_branch_dop_operator_v3' retrieved from /home/airflow/.local/lib/python3.12/site-packages/airflow/example_dags/example_branch_python_dop_operator_3.py
[2024-12-12T05:36:53.838+0000] {logging_mixin.py:190} INFO - [2024-12-12T05:36:53.838+0000] {dag.py:3239} INFO - Sync 1 DAGs
[2024-12-12T05:36:53.870+0000] {logging_mixin.py:190} INFO - [2024-12-12T05:36:53.870+0000] {dag.py:4180} INFO - Setting next_dagrun for example_branch_dop_operator_v3 to 2024-12-12 05:35:00+00:00, run_after=2024-12-12 05:36:00+00:00
[2024-12-12T05:36:53.910+0000] {processor.py:208} INFO - Processing /home/airflow/.local/lib/python3.12/site-packages/airflow/example_dags/example_branch_python_dop_operator_3.py took 0.190 seconds
[2024-12-12T05:37:25.124+0000] {processor.py:186} INFO - Started process (PID=165) to work on /home/airflow/.local/lib/python3.12/site-packages/airflow/example_dags/example_branch_python_dop_operator_3.py
[2024-12-12T05:37:25.181+0000] {processor.py:914} INFO - Processing file /home/airflow/.local/lib/python3.12/site-packages/airflow/example_dags/example_branch_python_dop_operator_3.py for tasks to queue
[2024-12-12T05:37:25.692+0000] {logging_mixin.py:190} INFO - [2024-12-12T05:37:25.665+0000] {dagbag.py:588} INFO - Filling up the DagBag from /home/airflow/.local/lib/python3.12/site-packages/airflow/example_dags/example_branch_python_dop_operator_3.py
[2024-12-12T05:37:26.151+0000] {processor.py:925} INFO - DAG(s) 'example_branch_dop_operator_v3' retrieved from /home/airflow/.local/lib/python3.12/site-packages/airflow/example_dags/example_branch_python_dop_operator_3.py
[2024-12-12T05:37:26.704+0000] {logging_mixin.py:190} INFO - [2024-12-12T05:37:26.703+0000] {dag.py:3239} INFO - Sync 1 DAGs
[2024-12-12T05:37:27.180+0000] {logging_mixin.py:190} INFO - [2024-12-12T05:37:27.176+0000] {dag.py:4180} INFO - Setting next_dagrun for example_branch_dop_operator_v3 to 2024-12-12 05:36:00+00:00, run_after=2024-12-12 05:37:00+00:00
[2024-12-12T05:37:27.423+0000] {processor.py:208} INFO - Processing /home/airflow/.local/lib/python3.12/site-packages/airflow/example_dags/example_branch_python_dop_operator_3.py took 2.548 seconds
[2024-12-12T05:38:22.539+0000] {processor.py:186} INFO - Started process (PID=36) to work on /home/airflow/.local/lib/python3.12/site-packages/airflow/example_dags/example_branch_python_dop_operator_3.py
[2024-12-12T05:38:22.540+0000] {processor.py:914} INFO - Processing file /home/airflow/.local/lib/python3.12/site-packages/airflow/example_dags/example_branch_python_dop_operator_3.py for tasks to queue
[2024-12-12T05:38:22.542+0000] {logging_mixin.py:190} INFO - [2024-12-12T05:38:22.542+0000] {dagbag.py:588} INFO - Filling up the DagBag from /home/airflow/.local/lib/python3.12/site-packages/airflow/example_dags/example_branch_python_dop_operator_3.py
[2024-12-12T05:38:22.552+0000] {processor.py:925} INFO - DAG(s) 'example_branch_dop_operator_v3' retrieved from /home/airflow/.local/lib/python3.12/site-packages/airflow/example_dags/example_branch_python_dop_operator_3.py
[2024-12-12T05:38:22.585+0000] {logging_mixin.py:190} INFO - [2024-12-12T05:38:22.585+0000] {dag.py:3239} INFO - Sync 1 DAGs
[2024-12-12T05:38:22.600+0000] {logging_mixin.py:190} INFO - [2024-12-12T05:38:22.600+0000] {dag.py:4180} INFO - Setting next_dagrun for example_branch_dop_operator_v3 to 2024-12-12 05:37:00+00:00, run_after=2024-12-12 05:38:00+00:00
[2024-12-12T05:38:22.614+0000] {processor.py:208} INFO - Processing /home/airflow/.local/lib/python3.12/site-packages/airflow/example_dags/example_branch_python_dop_operator_3.py took 0.079 seconds
[2024-12-12T05:38:52.932+0000] {processor.py:186} INFO - Started process (PID=100) to work on /home/airflow/.local/lib/python3.12/site-packages/airflow/example_dags/example_branch_python_dop_operator_3.py
[2024-12-12T05:38:52.934+0000] {processor.py:914} INFO - Processing file /home/airflow/.local/lib/python3.12/site-packages/airflow/example_dags/example_branch_python_dop_operator_3.py for tasks to queue
[2024-12-12T05:38:52.939+0000] {logging_mixin.py:190} INFO - [2024-12-12T05:38:52.939+0000] {dagbag.py:588} INFO - Filling up the DagBag from /home/airflow/.local/lib/python3.12/site-packages/airflow/example_dags/example_branch_python_dop_operator_3.py
[2024-12-12T05:38:52.961+0000] {processor.py:925} INFO - DAG(s) 'example_branch_dop_operator_v3' retrieved from /home/airflow/.local/lib/python3.12/site-packages/airflow/example_dags/example_branch_python_dop_operator_3.py
[2024-12-12T05:38:53.009+0000] {logging_mixin.py:190} INFO - [2024-12-12T05:38:53.009+0000] {dag.py:3239} INFO - Sync 1 DAGs
[2024-12-12T05:38:53.071+0000] {logging_mixin.py:190} INFO - [2024-12-12T05:38:53.070+0000] {dag.py:4180} INFO - Setting next_dagrun for example_branch_dop_operator_v3 to 2024-12-12 05:37:00+00:00, run_after=2024-12-12 05:38:00+00:00
[2024-12-12T05:38:53.108+0000] {processor.py:208} INFO - Processing /home/airflow/.local/lib/python3.12/site-packages/airflow/example_dags/example_branch_python_dop_operator_3.py took 0.190 seconds
[2024-12-12T05:39:24.192+0000] {processor.py:186} INFO - Started process (PID=163) to work on /home/airflow/.local/lib/python3.12/site-packages/airflow/example_dags/example_branch_python_dop_operator_3.py
[2024-12-12T05:39:24.197+0000] {processor.py:914} INFO - Processing file /home/airflow/.local/lib/python3.12/site-packages/airflow/example_dags/example_branch_python_dop_operator_3.py for tasks to queue
[2024-12-12T05:39:24.211+0000] {logging_mixin.py:190} INFO - [2024-12-12T05:39:24.210+0000] {dagbag.py:588} INFO - Filling up the DagBag from /home/airflow/.local/lib/python3.12/site-packages/airflow/example_dags/example_branch_python_dop_operator_3.py
[2024-12-12T05:39:24.413+0000] {processor.py:925} INFO - DAG(s) 'example_branch_dop_operator_v3' retrieved from /home/airflow/.local/lib/python3.12/site-packages/airflow/example_dags/example_branch_python_dop_operator_3.py
[2024-12-12T05:39:24.464+0000] {logging_mixin.py:190} INFO - [2024-12-12T05:39:24.464+0000] {dag.py:3239} INFO - Sync 1 DAGs
[2024-12-12T05:39:24.607+0000] {logging_mixin.py:190} INFO - [2024-12-12T05:39:24.607+0000] {dag.py:4180} INFO - Setting next_dagrun for example_branch_dop_operator_v3 to 2024-12-12 05:38:00+00:00, run_after=2024-12-12 05:39:00+00:00
[2024-12-12T05:39:24.625+0000] {processor.py:208} INFO - Processing /home/airflow/.local/lib/python3.12/site-packages/airflow/example_dags/example_branch_python_dop_operator_3.py took 0.449 seconds
[2024-12-12T05:39:54.842+0000] {processor.py:186} INFO - Started process (PID=226) to work on /home/airflow/.local/lib/python3.12/site-packages/airflow/example_dags/example_branch_python_dop_operator_3.py
[2024-12-12T05:39:54.852+0000] {processor.py:914} INFO - Processing file /home/airflow/.local/lib/python3.12/site-packages/airflow/example_dags/example_branch_python_dop_operator_3.py for tasks to queue
[2024-12-12T05:39:54.861+0000] {logging_mixin.py:190} INFO - [2024-12-12T05:39:54.861+0000] {dagbag.py:588} INFO - Filling up the DagBag from /home/airflow/.local/lib/python3.12/site-packages/airflow/example_dags/example_branch_python_dop_operator_3.py
[2024-12-12T05:39:54.896+0000] {processor.py:925} INFO - DAG(s) 'example_branch_dop_operator_v3' retrieved from /home/airflow/.local/lib/python3.12/site-packages/airflow/example_dags/example_branch_python_dop_operator_3.py
[2024-12-12T05:39:54.981+0000] {logging_mixin.py:190} INFO - [2024-12-12T05:39:54.980+0000] {dag.py:3239} INFO - Sync 1 DAGs
[2024-12-12T05:39:55.058+0000] {logging_mixin.py:190} INFO - [2024-12-12T05:39:55.057+0000] {dag.py:4180} INFO - Setting next_dagrun for example_branch_dop_operator_v3 to 2024-12-12 05:38:00+00:00, run_after=2024-12-12 05:39:00+00:00
[2024-12-12T05:39:55.094+0000] {processor.py:208} INFO - Processing /home/airflow/.local/lib/python3.12/site-packages/airflow/example_dags/example_branch_python_dop_operator_3.py took 0.273 seconds
[2024-12-12T05:40:26.291+0000] {processor.py:186} INFO - Started process (PID=289) to work on /home/airflow/.local/lib/python3.12/site-packages/airflow/example_dags/example_branch_python_dop_operator_3.py
[2024-12-12T05:40:26.295+0000] {processor.py:914} INFO - Processing file /home/airflow/.local/lib/python3.12/site-packages/airflow/example_dags/example_branch_python_dop_operator_3.py for tasks to queue
[2024-12-12T05:40:26.341+0000] {logging_mixin.py:190} INFO - [2024-12-12T05:40:26.340+0000] {dagbag.py:588} INFO - Filling up the DagBag from /home/airflow/.local/lib/python3.12/site-packages/airflow/example_dags/example_branch_python_dop_operator_3.py
[2024-12-12T05:40:26.484+0000] {processor.py:925} INFO - DAG(s) 'example_branch_dop_operator_v3' retrieved from /home/airflow/.local/lib/python3.12/site-packages/airflow/example_dags/example_branch_python_dop_operator_3.py
[2024-12-12T05:40:26.552+0000] {logging_mixin.py:190} INFO - [2024-12-12T05:40:26.552+0000] {dag.py:3239} INFO - Sync 1 DAGs
[2024-12-12T05:40:26.685+0000] {logging_mixin.py:190} INFO - [2024-12-12T05:40:26.685+0000] {dag.py:4180} INFO - Setting next_dagrun for example_branch_dop_operator_v3 to 2024-12-12 05:39:00+00:00, run_after=2024-12-12 05:40:00+00:00
[2024-12-12T05:40:26.782+0000] {processor.py:208} INFO - Processing /home/airflow/.local/lib/python3.12/site-packages/airflow/example_dags/example_branch_python_dop_operator_3.py took 0.498 seconds
[2024-12-12T05:40:57.849+0000] {processor.py:186} INFO - Started process (PID=353) to work on /home/airflow/.local/lib/python3.12/site-packages/airflow/example_dags/example_branch_python_dop_operator_3.py
[2024-12-12T05:40:57.862+0000] {processor.py:914} INFO - Processing file /home/airflow/.local/lib/python3.12/site-packages/airflow/example_dags/example_branch_python_dop_operator_3.py for tasks to queue
[2024-12-12T05:40:57.920+0000] {logging_mixin.py:190} INFO - [2024-12-12T05:40:57.916+0000] {dagbag.py:588} INFO - Filling up the DagBag from /home/airflow/.local/lib/python3.12/site-packages/airflow/example_dags/example_branch_python_dop_operator_3.py
[2024-12-12T05:40:58.279+0000] {processor.py:925} INFO - DAG(s) 'example_branch_dop_operator_v3' retrieved from /home/airflow/.local/lib/python3.12/site-packages/airflow/example_dags/example_branch_python_dop_operator_3.py
[2024-12-12T05:40:58.590+0000] {logging_mixin.py:190} INFO - [2024-12-12T05:40:58.590+0000] {dag.py:3239} INFO - Sync 1 DAGs
[2024-12-12T05:40:58.982+0000] {logging_mixin.py:190} INFO - [2024-12-12T05:40:58.980+0000] {dag.py:4180} INFO - Setting next_dagrun for example_branch_dop_operator_v3 to 2024-12-12 05:39:00+00:00, run_after=2024-12-12 05:40:00+00:00
[2024-12-12T05:40:59.073+0000] {processor.py:208} INFO - Processing /home/airflow/.local/lib/python3.12/site-packages/airflow/example_dags/example_branch_python_dop_operator_3.py took 1.302 seconds
[2024-12-12T05:41:29.561+0000] {processor.py:186} INFO - Started process (PID=417) to work on /home/airflow/.local/lib/python3.12/site-packages/airflow/example_dags/example_branch_python_dop_operator_3.py
[2024-12-12T05:41:29.563+0000] {processor.py:914} INFO - Processing file /home/airflow/.local/lib/python3.12/site-packages/airflow/example_dags/example_branch_python_dop_operator_3.py for tasks to queue
[2024-12-12T05:41:29.567+0000] {logging_mixin.py:190} INFO - [2024-12-12T05:41:29.566+0000] {dagbag.py:588} INFO - Filling up the DagBag from /home/airflow/.local/lib/python3.12/site-packages/airflow/example_dags/example_branch_python_dop_operator_3.py
[2024-12-12T05:41:29.604+0000] {processor.py:925} INFO - DAG(s) 'example_branch_dop_operator_v3' retrieved from /home/airflow/.local/lib/python3.12/site-packages/airflow/example_dags/example_branch_python_dop_operator_3.py
[2024-12-12T05:41:29.659+0000] {logging_mixin.py:190} INFO - [2024-12-12T05:41:29.659+0000] {dag.py:3239} INFO - Sync 1 DAGs
[2024-12-12T05:41:29.713+0000] {logging_mixin.py:190} INFO - [2024-12-12T05:41:29.712+0000] {dag.py:4180} INFO - Setting next_dagrun for example_branch_dop_operator_v3 to 2024-12-12 05:40:00+00:00, run_after=2024-12-12 05:41:00+00:00
[2024-12-12T05:41:29.764+0000] {processor.py:208} INFO - Processing /home/airflow/.local/lib/python3.12/site-packages/airflow/example_dags/example_branch_python_dop_operator_3.py took 0.214 seconds
[2024-12-12T05:42:03.759+0000] {processor.py:186} INFO - Started process (PID=485) to work on /home/airflow/.local/lib/python3.12/site-packages/airflow/example_dags/example_branch_python_dop_operator_3.py
[2024-12-12T05:42:03.768+0000] {processor.py:914} INFO - Processing file /home/airflow/.local/lib/python3.12/site-packages/airflow/example_dags/example_branch_python_dop_operator_3.py for tasks to queue
[2024-12-12T05:42:03.787+0000] {logging_mixin.py:190} INFO - [2024-12-12T05:42:03.787+0000] {dagbag.py:588} INFO - Filling up the DagBag from /home/airflow/.local/lib/python3.12/site-packages/airflow/example_dags/example_branch_python_dop_operator_3.py
[2024-12-12T05:42:03.813+0000] {processor.py:925} INFO - DAG(s) 'example_branch_dop_operator_v3' retrieved from /home/airflow/.local/lib/python3.12/site-packages/airflow/example_dags/example_branch_python_dop_operator_3.py
[2024-12-12T05:42:03.858+0000] {logging_mixin.py:190} INFO - [2024-12-12T05:42:03.858+0000] {dag.py:3239} INFO - Sync 1 DAGs
[2024-12-12T05:42:03.893+0000] {logging_mixin.py:190} INFO - [2024-12-12T05:42:03.893+0000] {dag.py:4180} INFO - Setting next_dagrun for example_branch_dop_operator_v3 to 2024-12-12 05:41:00+00:00, run_after=2024-12-12 05:42:00+00:00
[2024-12-12T05:42:03.937+0000] {processor.py:208} INFO - Processing /home/airflow/.local/lib/python3.12/site-packages/airflow/example_dags/example_branch_python_dop_operator_3.py took 0.186 seconds
[2024-12-12T05:42:34.594+0000] {processor.py:186} INFO - Started process (PID=549) to work on /home/airflow/.local/lib/python3.12/site-packages/airflow/example_dags/example_branch_python_dop_operator_3.py
[2024-12-12T05:42:34.595+0000] {processor.py:914} INFO - Processing file /home/airflow/.local/lib/python3.12/site-packages/airflow/example_dags/example_branch_python_dop_operator_3.py for tasks to queue
[2024-12-12T05:42:34.597+0000] {logging_mixin.py:190} INFO - [2024-12-12T05:42:34.597+0000] {dagbag.py:588} INFO - Filling up the DagBag from /home/airflow/.local/lib/python3.12/site-packages/airflow/example_dags/example_branch_python_dop_operator_3.py
[2024-12-12T05:42:34.608+0000] {processor.py:925} INFO - DAG(s) 'example_branch_dop_operator_v3' retrieved from /home/airflow/.local/lib/python3.12/site-packages/airflow/example_dags/example_branch_python_dop_operator_3.py
[2024-12-12T05:42:34.630+0000] {logging_mixin.py:190} INFO - [2024-12-12T05:42:34.629+0000] {dag.py:3239} INFO - Sync 1 DAGs
[2024-12-12T05:42:34.648+0000] {logging_mixin.py:190} INFO - [2024-12-12T05:42:34.648+0000] {dag.py:4180} INFO - Setting next_dagrun for example_branch_dop_operator_v3 to 2024-12-12 05:41:00+00:00, run_after=2024-12-12 05:42:00+00:00
[2024-12-12T05:42:34.666+0000] {processor.py:208} INFO - Processing /home/airflow/.local/lib/python3.12/site-packages/airflow/example_dags/example_branch_python_dop_operator_3.py took 0.076 seconds
[2024-12-12T05:43:05.557+0000] {processor.py:186} INFO - Started process (PID=612) to work on /home/airflow/.local/lib/python3.12/site-packages/airflow/example_dags/example_branch_python_dop_operator_3.py
[2024-12-12T05:43:05.565+0000] {processor.py:914} INFO - Processing file /home/airflow/.local/lib/python3.12/site-packages/airflow/example_dags/example_branch_python_dop_operator_3.py for tasks to queue
[2024-12-12T05:43:05.696+0000] {logging_mixin.py:190} INFO - [2024-12-12T05:43:05.658+0000] {dagbag.py:588} INFO - Filling up the DagBag from /home/airflow/.local/lib/python3.12/site-packages/airflow/example_dags/example_branch_python_dop_operator_3.py
[2024-12-12T05:43:05.803+0000] {processor.py:925} INFO - DAG(s) 'example_branch_dop_operator_v3' retrieved from /home/airflow/.local/lib/python3.12/site-packages/airflow/example_dags/example_branch_python_dop_operator_3.py
[2024-12-12T05:43:05.928+0000] {logging_mixin.py:190} INFO - [2024-12-12T05:43:05.928+0000] {dag.py:3239} INFO - Sync 1 DAGs
[2024-12-12T05:43:06.255+0000] {logging_mixin.py:190} INFO - [2024-12-12T05:43:06.255+0000] {dag.py:4180} INFO - Setting next_dagrun for example_branch_dop_operator_v3 to 2024-12-12 05:42:00+00:00, run_after=2024-12-12 05:43:00+00:00
[2024-12-12T05:43:06.349+0000] {processor.py:208} INFO - Processing /home/airflow/.local/lib/python3.12/site-packages/airflow/example_dags/example_branch_python_dop_operator_3.py took 0.805 seconds
[2024-12-12T05:43:37.230+0000] {processor.py:186} INFO - Started process (PID=676) to work on /home/airflow/.local/lib/python3.12/site-packages/airflow/example_dags/example_branch_python_dop_operator_3.py
[2024-12-12T05:43:37.243+0000] {processor.py:914} INFO - Processing file /home/airflow/.local/lib/python3.12/site-packages/airflow/example_dags/example_branch_python_dop_operator_3.py for tasks to queue
[2024-12-12T05:43:37.268+0000] {logging_mixin.py:190} INFO - [2024-12-12T05:43:37.260+0000] {dagbag.py:588} INFO - Filling up the DagBag from /home/airflow/.local/lib/python3.12/site-packages/airflow/example_dags/example_branch_python_dop_operator_3.py
[2024-12-12T05:43:39.953+0000] {logging_mixin.py:190} INFO - [2024-12-12T05:43:39.950+0000] {process_utils.py:266} INFO - Waiting up to 5 seconds for processes to exit...
[2024-12-12T05:45:03.699+0000] {processor.py:186} INFO - Started process (PID=43) to work on /home/airflow/.local/lib/python3.12/site-packages/airflow/example_dags/example_branch_python_dop_operator_3.py
[2024-12-12T05:45:03.720+0000] {processor.py:914} INFO - Processing file /home/airflow/.local/lib/python3.12/site-packages/airflow/example_dags/example_branch_python_dop_operator_3.py for tasks to queue
[2024-12-12T05:45:03.741+0000] {logging_mixin.py:190} INFO - [2024-12-12T05:45:03.738+0000] {dagbag.py:588} INFO - Filling up the DagBag from /home/airflow/.local/lib/python3.12/site-packages/airflow/example_dags/example_branch_python_dop_operator_3.py
[2024-12-12T05:45:03.849+0000] {processor.py:925} INFO - DAG(s) 'example_branch_dop_operator_v3' retrieved from /home/airflow/.local/lib/python3.12/site-packages/airflow/example_dags/example_branch_python_dop_operator_3.py
[2024-12-12T05:45:03.987+0000] {logging_mixin.py:190} INFO - [2024-12-12T05:45:03.986+0000] {dag.py:3239} INFO - Sync 1 DAGs
[2024-12-12T05:45:04.094+0000] {logging_mixin.py:190} INFO - [2024-12-12T05:45:04.094+0000] {dag.py:4180} INFO - Setting next_dagrun for example_branch_dop_operator_v3 to 2024-12-12 05:44:00+00:00, run_after=2024-12-12 05:45:00+00:00
[2024-12-12T05:45:04.174+0000] {processor.py:208} INFO - Processing /home/airflow/.local/lib/python3.12/site-packages/airflow/example_dags/example_branch_python_dop_operator_3.py took 0.549 seconds
[2024-12-12T05:45:34.721+0000] {processor.py:186} INFO - Started process (PID=107) to work on /home/airflow/.local/lib/python3.12/site-packages/airflow/example_dags/example_branch_python_dop_operator_3.py
[2024-12-12T05:45:34.722+0000] {processor.py:914} INFO - Processing file /home/airflow/.local/lib/python3.12/site-packages/airflow/example_dags/example_branch_python_dop_operator_3.py for tasks to queue
[2024-12-12T05:45:34.732+0000] {logging_mixin.py:190} INFO - [2024-12-12T05:45:34.731+0000] {dagbag.py:588} INFO - Filling up the DagBag from /home/airflow/.local/lib/python3.12/site-packages/airflow/example_dags/example_branch_python_dop_operator_3.py
[2024-12-12T05:45:34.754+0000] {processor.py:925} INFO - DAG(s) 'example_branch_dop_operator_v3' retrieved from /home/airflow/.local/lib/python3.12/site-packages/airflow/example_dags/example_branch_python_dop_operator_3.py
[2024-12-12T05:45:34.936+0000] {logging_mixin.py:190} INFO - [2024-12-12T05:45:34.935+0000] {dag.py:3239} INFO - Sync 1 DAGs
[2024-12-12T05:45:35.025+0000] {logging_mixin.py:190} INFO - [2024-12-12T05:45:35.024+0000] {dag.py:4180} INFO - Setting next_dagrun for example_branch_dop_operator_v3 to 2024-12-12 05:44:00+00:00, run_after=2024-12-12 05:45:00+00:00
[2024-12-12T05:45:35.054+0000] {processor.py:208} INFO - Processing /home/airflow/.local/lib/python3.12/site-packages/airflow/example_dags/example_branch_python_dop_operator_3.py took 0.338 seconds
[2024-12-12T05:46:05.813+0000] {processor.py:186} INFO - Started process (PID=170) to work on /home/airflow/.local/lib/python3.12/site-packages/airflow/example_dags/example_branch_python_dop_operator_3.py
[2024-12-12T05:46:05.817+0000] {processor.py:914} INFO - Processing file /home/airflow/.local/lib/python3.12/site-packages/airflow/example_dags/example_branch_python_dop_operator_3.py for tasks to queue
[2024-12-12T05:46:05.858+0000] {logging_mixin.py:190} INFO - [2024-12-12T05:46:05.856+0000] {dagbag.py:588} INFO - Filling up the DagBag from /home/airflow/.local/lib/python3.12/site-packages/airflow/example_dags/example_branch_python_dop_operator_3.py
[2024-12-12T05:46:05.961+0000] {processor.py:925} INFO - DAG(s) 'example_branch_dop_operator_v3' retrieved from /home/airflow/.local/lib/python3.12/site-packages/airflow/example_dags/example_branch_python_dop_operator_3.py
[2024-12-12T05:46:06.065+0000] {logging_mixin.py:190} INFO - [2024-12-12T05:46:06.065+0000] {dag.py:3239} INFO - Sync 1 DAGs
[2024-12-12T05:46:06.152+0000] {logging_mixin.py:190} INFO - [2024-12-12T05:46:06.152+0000] {dag.py:4180} INFO - Setting next_dagrun for example_branch_dop_operator_v3 to 2024-12-12 05:45:00+00:00, run_after=2024-12-12 05:46:00+00:00
[2024-12-12T05:46:06.203+0000] {processor.py:208} INFO - Processing /home/airflow/.local/lib/python3.12/site-packages/airflow/example_dags/example_branch_python_dop_operator_3.py took 0.396 seconds
