[2024-12-12T05:36:35.852+0000] {processor.py:186} INFO - Started process (PID=68) to work on /home/airflow/.local/lib/python3.12/site-packages/airflow/example_dags/example_dataset_alias_with_no_taskflow.py
[2024-12-12T05:36:35.853+0000] {processor.py:914} INFO - Processing file /home/airflow/.local/lib/python3.12/site-packages/airflow/example_dags/example_dataset_alias_with_no_taskflow.py for tasks to queue
[2024-12-12T05:36:35.855+0000] {logging_mixin.py:190} INFO - [2024-12-12T05:36:35.855+0000] {dagbag.py:588} INFO - Filling up the DagBag from /home/airflow/.local/lib/python3.12/site-packages/airflow/example_dags/example_dataset_alias_with_no_taskflow.py
[2024-12-12T05:36:38.124+0000] {processor.py:925} INFO - DAG(s) 'dataset_alias_example_alias_producer_with_no_taskflow', 'dataset_s3_bucket_consumer_with_no_taskflow', 'dataset_alias_example_alias_consumer_with_no_taskflow', 'dataset_s3_bucket_producer_with_no_taskflow' retrieved from /home/airflow/.local/lib/python3.12/site-packages/airflow/example_dags/example_dataset_alias_with_no_taskflow.py
[2024-12-12T05:36:38.323+0000] {logging_mixin.py:190} INFO - [2024-12-12T05:36:38.322+0000] {override.py:1911} INFO - Created Permission View: can delete on DAG:dataset_alias_example_alias_producer_with_no_taskflow
[2024-12-12T05:36:38.337+0000] {logging_mixin.py:190} INFO - [2024-12-12T05:36:38.336+0000] {override.py:1911} INFO - Created Permission View: can edit on DAG:dataset_alias_example_alias_producer_with_no_taskflow
[2024-12-12T05:36:38.347+0000] {logging_mixin.py:190} INFO - [2024-12-12T05:36:38.346+0000] {override.py:1911} INFO - Created Permission View: can read on DAG:dataset_alias_example_alias_producer_with_no_taskflow
[2024-12-12T05:36:38.353+0000] {logging_mixin.py:190} INFO - [2024-12-12T05:36:38.353+0000] {override.py:1911} INFO - Created Permission View: can delete on DAG Run:dataset_alias_example_alias_producer_with_no_taskflow
[2024-12-12T05:36:38.359+0000] {logging_mixin.py:190} INFO - [2024-12-12T05:36:38.358+0000] {override.py:1911} INFO - Created Permission View: menu access on DAG Run:dataset_alias_example_alias_producer_with_no_taskflow
[2024-12-12T05:36:38.365+0000] {logging_mixin.py:190} INFO - [2024-12-12T05:36:38.365+0000] {override.py:1911} INFO - Created Permission View: can create on DAG Run:dataset_alias_example_alias_producer_with_no_taskflow
[2024-12-12T05:36:38.375+0000] {logging_mixin.py:190} INFO - [2024-12-12T05:36:38.375+0000] {override.py:1911} INFO - Created Permission View: can read on DAG Run:dataset_alias_example_alias_producer_with_no_taskflow
[2024-12-12T05:36:38.394+0000] {logging_mixin.py:190} INFO - [2024-12-12T05:36:38.393+0000] {override.py:1911} INFO - Created Permission View: can delete on DAG:dataset_s3_bucket_consumer_with_no_taskflow
[2024-12-12T05:36:38.412+0000] {logging_mixin.py:190} INFO - [2024-12-12T05:36:38.411+0000] {override.py:1911} INFO - Created Permission View: can edit on DAG:dataset_s3_bucket_consumer_with_no_taskflow
[2024-12-12T05:36:38.423+0000] {logging_mixin.py:190} INFO - [2024-12-12T05:36:38.423+0000] {override.py:1911} INFO - Created Permission View: can read on DAG:dataset_s3_bucket_consumer_with_no_taskflow
[2024-12-12T05:36:38.445+0000] {logging_mixin.py:190} INFO - [2024-12-12T05:36:38.444+0000] {override.py:1911} INFO - Created Permission View: can delete on DAG Run:dataset_s3_bucket_consumer_with_no_taskflow
[2024-12-12T05:36:38.455+0000] {logging_mixin.py:190} INFO - [2024-12-12T05:36:38.455+0000] {override.py:1911} INFO - Created Permission View: menu access on DAG Run:dataset_s3_bucket_consumer_with_no_taskflow
[2024-12-12T05:36:38.490+0000] {logging_mixin.py:190} INFO - [2024-12-12T05:36:38.489+0000] {override.py:1911} INFO - Created Permission View: can create on DAG Run:dataset_s3_bucket_consumer_with_no_taskflow
[2024-12-12T05:36:38.545+0000] {logging_mixin.py:190} INFO - [2024-12-12T05:36:38.544+0000] {override.py:1911} INFO - Created Permission View: can read on DAG Run:dataset_s3_bucket_consumer_with_no_taskflow
[2024-12-12T05:36:38.576+0000] {logging_mixin.py:190} INFO - [2024-12-12T05:36:38.575+0000] {override.py:1911} INFO - Created Permission View: can delete on DAG:dataset_alias_example_alias_consumer_with_no_taskflow
[2024-12-12T05:36:38.584+0000] {logging_mixin.py:190} INFO - [2024-12-12T05:36:38.583+0000] {override.py:1911} INFO - Created Permission View: can edit on DAG:dataset_alias_example_alias_consumer_with_no_taskflow
[2024-12-12T05:36:38.603+0000] {logging_mixin.py:190} INFO - [2024-12-12T05:36:38.602+0000] {override.py:1911} INFO - Created Permission View: can read on DAG:dataset_alias_example_alias_consumer_with_no_taskflow
[2024-12-12T05:36:38.615+0000] {logging_mixin.py:190} INFO - [2024-12-12T05:36:38.615+0000] {override.py:1911} INFO - Created Permission View: can delete on DAG Run:dataset_alias_example_alias_consumer_with_no_taskflow
[2024-12-12T05:36:38.620+0000] {logging_mixin.py:190} INFO - [2024-12-12T05:36:38.620+0000] {override.py:1911} INFO - Created Permission View: menu access on DAG Run:dataset_alias_example_alias_consumer_with_no_taskflow
[2024-12-12T05:36:38.626+0000] {logging_mixin.py:190} INFO - [2024-12-12T05:36:38.626+0000] {override.py:1911} INFO - Created Permission View: can create on DAG Run:dataset_alias_example_alias_consumer_with_no_taskflow
[2024-12-12T05:36:38.643+0000] {logging_mixin.py:190} INFO - [2024-12-12T05:36:38.642+0000] {override.py:1911} INFO - Created Permission View: can read on DAG Run:dataset_alias_example_alias_consumer_with_no_taskflow
[2024-12-12T05:36:38.652+0000] {logging_mixin.py:190} INFO - [2024-12-12T05:36:38.652+0000] {override.py:1911} INFO - Created Permission View: can delete on DAG:dataset_s3_bucket_producer_with_no_taskflow
[2024-12-12T05:36:38.665+0000] {logging_mixin.py:190} INFO - [2024-12-12T05:36:38.664+0000] {override.py:1911} INFO - Created Permission View: can edit on DAG:dataset_s3_bucket_producer_with_no_taskflow
[2024-12-12T05:36:38.709+0000] {logging_mixin.py:190} INFO - [2024-12-12T05:36:38.709+0000] {override.py:1911} INFO - Created Permission View: can read on DAG:dataset_s3_bucket_producer_with_no_taskflow
[2024-12-12T05:36:38.727+0000] {logging_mixin.py:190} INFO - [2024-12-12T05:36:38.727+0000] {override.py:1911} INFO - Created Permission View: can delete on DAG Run:dataset_s3_bucket_producer_with_no_taskflow
[2024-12-12T05:36:38.741+0000] {logging_mixin.py:190} INFO - [2024-12-12T05:36:38.740+0000] {override.py:1911} INFO - Created Permission View: menu access on DAG Run:dataset_s3_bucket_producer_with_no_taskflow
[2024-12-12T05:36:38.753+0000] {logging_mixin.py:190} INFO - [2024-12-12T05:36:38.752+0000] {override.py:1911} INFO - Created Permission View: can create on DAG Run:dataset_s3_bucket_producer_with_no_taskflow
[2024-12-12T05:36:38.759+0000] {logging_mixin.py:190} INFO - [2024-12-12T05:36:38.759+0000] {override.py:1911} INFO - Created Permission View: can read on DAG Run:dataset_s3_bucket_producer_with_no_taskflow
[2024-12-12T05:36:38.760+0000] {logging_mixin.py:190} INFO - [2024-12-12T05:36:38.760+0000] {dag.py:3239} INFO - Sync 4 DAGs
[2024-12-12T05:36:38.788+0000] {logging_mixin.py:190} INFO - [2024-12-12T05:36:38.787+0000] {dag.py:3262} INFO - Creating ORM DAG for dataset_s3_bucket_producer_with_no_taskflow
[2024-12-12T05:36:38.789+0000] {logging_mixin.py:190} INFO - [2024-12-12T05:36:38.788+0000] {dag.py:3262} INFO - Creating ORM DAG for dataset_alias_example_alias_producer_with_no_taskflow
[2024-12-12T05:36:38.790+0000] {logging_mixin.py:190} INFO - [2024-12-12T05:36:38.790+0000] {dag.py:3262} INFO - Creating ORM DAG for dataset_s3_bucket_consumer_with_no_taskflow
[2024-12-12T05:36:38.790+0000] {logging_mixin.py:190} INFO - [2024-12-12T05:36:38.790+0000] {dag.py:3262} INFO - Creating ORM DAG for dataset_alias_example_alias_consumer_with_no_taskflow
[2024-12-12T05:36:38.802+0000] {logging_mixin.py:190} INFO - [2024-12-12T05:36:38.801+0000] {dag.py:4180} INFO - Setting next_dagrun for dataset_alias_example_alias_consumer_with_no_taskflow to None, run_after=None
[2024-12-12T05:36:38.804+0000] {logging_mixin.py:190} INFO - [2024-12-12T05:36:38.803+0000] {dag.py:4180} INFO - Setting next_dagrun for dataset_alias_example_alias_producer_with_no_taskflow to None, run_after=None
[2024-12-12T05:36:38.820+0000] {logging_mixin.py:190} INFO - [2024-12-12T05:36:38.820+0000] {dag.py:4180} INFO - Setting next_dagrun for dataset_s3_bucket_consumer_with_no_taskflow to None, run_after=None
[2024-12-12T05:36:38.821+0000] {logging_mixin.py:190} INFO - [2024-12-12T05:36:38.821+0000] {dag.py:4180} INFO - Setting next_dagrun for dataset_s3_bucket_producer_with_no_taskflow to None, run_after=None
[2024-12-12T05:36:38.861+0000] {processor.py:208} INFO - Processing /home/airflow/.local/lib/python3.12/site-packages/airflow/example_dags/example_dataset_alias_with_no_taskflow.py took 3.019 seconds
[2024-12-12T05:37:09.205+0000] {processor.py:186} INFO - Started process (PID=134) to work on /home/airflow/.local/lib/python3.12/site-packages/airflow/example_dags/example_dataset_alias_with_no_taskflow.py
[2024-12-12T05:37:09.209+0000] {processor.py:914} INFO - Processing file /home/airflow/.local/lib/python3.12/site-packages/airflow/example_dags/example_dataset_alias_with_no_taskflow.py for tasks to queue
[2024-12-12T05:37:09.213+0000] {logging_mixin.py:190} INFO - [2024-12-12T05:37:09.213+0000] {dagbag.py:588} INFO - Filling up the DagBag from /home/airflow/.local/lib/python3.12/site-packages/airflow/example_dags/example_dataset_alias_with_no_taskflow.py
[2024-12-12T05:37:10.294+0000] {processor.py:925} INFO - DAG(s) 'dataset_s3_bucket_consumer_with_no_taskflow', 'dataset_alias_example_alias_consumer_with_no_taskflow', 'dataset_s3_bucket_producer_with_no_taskflow', 'dataset_alias_example_alias_producer_with_no_taskflow' retrieved from /home/airflow/.local/lib/python3.12/site-packages/airflow/example_dags/example_dataset_alias_with_no_taskflow.py
[2024-12-12T05:37:10.322+0000] {logging_mixin.py:190} INFO - [2024-12-12T05:37:10.322+0000] {dag.py:3239} INFO - Sync 4 DAGs
[2024-12-12T05:37:10.342+0000] {logging_mixin.py:190} INFO - [2024-12-12T05:37:10.341+0000] {dag.py:4180} INFO - Setting next_dagrun for dataset_alias_example_alias_consumer_with_no_taskflow to None, run_after=None
[2024-12-12T05:37:10.346+0000] {logging_mixin.py:190} INFO - [2024-12-12T05:37:10.346+0000] {dag.py:4180} INFO - Setting next_dagrun for dataset_alias_example_alias_producer_with_no_taskflow to None, run_after=None
[2024-12-12T05:37:10.348+0000] {logging_mixin.py:190} INFO - [2024-12-12T05:37:10.348+0000] {dag.py:4180} INFO - Setting next_dagrun for dataset_s3_bucket_consumer_with_no_taskflow to None, run_after=None
[2024-12-12T05:37:10.349+0000] {logging_mixin.py:190} INFO - [2024-12-12T05:37:10.349+0000] {dag.py:4180} INFO - Setting next_dagrun for dataset_s3_bucket_producer_with_no_taskflow to None, run_after=None
[2024-12-12T05:37:10.373+0000] {processor.py:208} INFO - Processing /home/airflow/.local/lib/python3.12/site-packages/airflow/example_dags/example_dataset_alias_with_no_taskflow.py took 1.178 seconds
[2024-12-12T05:37:40.749+0000] {processor.py:186} INFO - Started process (PID=201) to work on /home/airflow/.local/lib/python3.12/site-packages/airflow/example_dags/example_dataset_alias_with_no_taskflow.py
[2024-12-12T05:37:40.751+0000] {processor.py:914} INFO - Processing file /home/airflow/.local/lib/python3.12/site-packages/airflow/example_dags/example_dataset_alias_with_no_taskflow.py for tasks to queue
[2024-12-12T05:37:40.753+0000] {logging_mixin.py:190} INFO - [2024-12-12T05:37:40.753+0000] {dagbag.py:588} INFO - Filling up the DagBag from /home/airflow/.local/lib/python3.12/site-packages/airflow/example_dags/example_dataset_alias_with_no_taskflow.py
[2024-12-12T05:37:43.034+0000] {processor.py:925} INFO - DAG(s) 'dataset_alias_example_alias_producer_with_no_taskflow', 'dataset_s3_bucket_producer_with_no_taskflow', 'dataset_alias_example_alias_consumer_with_no_taskflow', 'dataset_s3_bucket_consumer_with_no_taskflow' retrieved from /home/airflow/.local/lib/python3.12/site-packages/airflow/example_dags/example_dataset_alias_with_no_taskflow.py
[2024-12-12T05:37:43.084+0000] {logging_mixin.py:190} INFO - [2024-12-12T05:37:43.083+0000] {dag.py:3239} INFO - Sync 4 DAGs
[2024-12-12T05:37:43.128+0000] {logging_mixin.py:190} INFO - [2024-12-12T05:37:43.128+0000] {dag.py:4180} INFO - Setting next_dagrun for dataset_alias_example_alias_consumer_with_no_taskflow to None, run_after=None
[2024-12-12T05:37:43.132+0000] {logging_mixin.py:190} INFO - [2024-12-12T05:37:43.132+0000] {dag.py:4180} INFO - Setting next_dagrun for dataset_alias_example_alias_producer_with_no_taskflow to None, run_after=None
[2024-12-12T05:37:43.136+0000] {logging_mixin.py:190} INFO - [2024-12-12T05:37:43.135+0000] {dag.py:4180} INFO - Setting next_dagrun for dataset_s3_bucket_consumer_with_no_taskflow to None, run_after=None
[2024-12-12T05:37:43.140+0000] {logging_mixin.py:190} INFO - [2024-12-12T05:37:43.140+0000] {dag.py:4180} INFO - Setting next_dagrun for dataset_s3_bucket_producer_with_no_taskflow to None, run_after=None
[2024-12-12T05:37:43.215+0000] {processor.py:208} INFO - Processing /home/airflow/.local/lib/python3.12/site-packages/airflow/example_dags/example_dataset_alias_with_no_taskflow.py took 2.471 seconds
[2024-12-12T05:38:24.439+0000] {processor.py:186} INFO - Started process (PID=61) to work on /home/airflow/.local/lib/python3.12/site-packages/airflow/example_dags/example_dataset_alias_with_no_taskflow.py
[2024-12-12T05:38:24.440+0000] {processor.py:914} INFO - Processing file /home/airflow/.local/lib/python3.12/site-packages/airflow/example_dags/example_dataset_alias_with_no_taskflow.py for tasks to queue
[2024-12-12T05:38:24.443+0000] {logging_mixin.py:190} INFO - [2024-12-12T05:38:24.442+0000] {dagbag.py:588} INFO - Filling up the DagBag from /home/airflow/.local/lib/python3.12/site-packages/airflow/example_dags/example_dataset_alias_with_no_taskflow.py
[2024-12-12T05:38:24.921+0000] {processor.py:925} INFO - DAG(s) 'dataset_alias_example_alias_consumer_with_no_taskflow', 'dataset_s3_bucket_consumer_with_no_taskflow', 'dataset_alias_example_alias_producer_with_no_taskflow', 'dataset_s3_bucket_producer_with_no_taskflow' retrieved from /home/airflow/.local/lib/python3.12/site-packages/airflow/example_dags/example_dataset_alias_with_no_taskflow.py
[2024-12-12T05:38:24.940+0000] {logging_mixin.py:190} INFO - [2024-12-12T05:38:24.939+0000] {dag.py:3239} INFO - Sync 4 DAGs
[2024-12-12T05:38:24.958+0000] {logging_mixin.py:190} INFO - [2024-12-12T05:38:24.958+0000] {dag.py:4180} INFO - Setting next_dagrun for dataset_alias_example_alias_consumer_with_no_taskflow to None, run_after=None
[2024-12-12T05:38:24.983+0000] {logging_mixin.py:190} INFO - [2024-12-12T05:38:24.983+0000] {dag.py:4180} INFO - Setting next_dagrun for dataset_alias_example_alias_producer_with_no_taskflow to None, run_after=None
[2024-12-12T05:38:24.984+0000] {logging_mixin.py:190} INFO - [2024-12-12T05:38:24.984+0000] {dag.py:4180} INFO - Setting next_dagrun for dataset_s3_bucket_consumer_with_no_taskflow to None, run_after=None
[2024-12-12T05:38:24.985+0000] {logging_mixin.py:190} INFO - [2024-12-12T05:38:24.985+0000] {dag.py:4180} INFO - Setting next_dagrun for dataset_s3_bucket_producer_with_no_taskflow to None, run_after=None
[2024-12-12T05:38:25.001+0000] {processor.py:208} INFO - Processing /home/airflow/.local/lib/python3.12/site-packages/airflow/example_dags/example_dataset_alias_with_no_taskflow.py took 0.565 seconds
[2024-12-12T05:38:55.379+0000] {processor.py:186} INFO - Started process (PID=129) to work on /home/airflow/.local/lib/python3.12/site-packages/airflow/example_dags/example_dataset_alias_with_no_taskflow.py
[2024-12-12T05:38:55.380+0000] {processor.py:914} INFO - Processing file /home/airflow/.local/lib/python3.12/site-packages/airflow/example_dags/example_dataset_alias_with_no_taskflow.py for tasks to queue
[2024-12-12T05:38:55.382+0000] {logging_mixin.py:190} INFO - [2024-12-12T05:38:55.382+0000] {dagbag.py:588} INFO - Filling up the DagBag from /home/airflow/.local/lib/python3.12/site-packages/airflow/example_dags/example_dataset_alias_with_no_taskflow.py
[2024-12-12T05:38:55.754+0000] {processor.py:925} INFO - DAG(s) 'dataset_alias_example_alias_consumer_with_no_taskflow', 'dataset_s3_bucket_consumer_with_no_taskflow', 'dataset_alias_example_alias_producer_with_no_taskflow', 'dataset_s3_bucket_producer_with_no_taskflow' retrieved from /home/airflow/.local/lib/python3.12/site-packages/airflow/example_dags/example_dataset_alias_with_no_taskflow.py
[2024-12-12T05:38:55.764+0000] {logging_mixin.py:190} INFO - [2024-12-12T05:38:55.764+0000] {dag.py:3239} INFO - Sync 4 DAGs
[2024-12-12T05:38:55.776+0000] {logging_mixin.py:190} INFO - [2024-12-12T05:38:55.775+0000] {dag.py:4180} INFO - Setting next_dagrun for dataset_alias_example_alias_consumer_with_no_taskflow to None, run_after=None
[2024-12-12T05:38:55.777+0000] {logging_mixin.py:190} INFO - [2024-12-12T05:38:55.777+0000] {dag.py:4180} INFO - Setting next_dagrun for dataset_alias_example_alias_producer_with_no_taskflow to None, run_after=None
[2024-12-12T05:38:55.778+0000] {logging_mixin.py:190} INFO - [2024-12-12T05:38:55.778+0000] {dag.py:4180} INFO - Setting next_dagrun for dataset_s3_bucket_consumer_with_no_taskflow to None, run_after=None
[2024-12-12T05:38:55.779+0000] {logging_mixin.py:190} INFO - [2024-12-12T05:38:55.779+0000] {dag.py:4180} INFO - Setting next_dagrun for dataset_s3_bucket_producer_with_no_taskflow to None, run_after=None
[2024-12-12T05:38:55.790+0000] {processor.py:208} INFO - Processing /home/airflow/.local/lib/python3.12/site-packages/airflow/example_dags/example_dataset_alias_with_no_taskflow.py took 0.416 seconds
[2024-12-12T05:39:28.559+0000] {processor.py:186} INFO - Started process (PID=193) to work on /home/airflow/.local/lib/python3.12/site-packages/airflow/example_dags/example_dataset_alias_with_no_taskflow.py
[2024-12-12T05:39:28.568+0000] {processor.py:914} INFO - Processing file /home/airflow/.local/lib/python3.12/site-packages/airflow/example_dags/example_dataset_alias_with_no_taskflow.py for tasks to queue
[2024-12-12T05:39:28.574+0000] {logging_mixin.py:190} INFO - [2024-12-12T05:39:28.573+0000] {dagbag.py:588} INFO - Filling up the DagBag from /home/airflow/.local/lib/python3.12/site-packages/airflow/example_dags/example_dataset_alias_with_no_taskflow.py
[2024-12-12T05:39:30.099+0000] {processor.py:925} INFO - DAG(s) 'dataset_s3_bucket_consumer_with_no_taskflow', 'dataset_alias_example_alias_consumer_with_no_taskflow', 'dataset_s3_bucket_producer_with_no_taskflow', 'dataset_alias_example_alias_producer_with_no_taskflow' retrieved from /home/airflow/.local/lib/python3.12/site-packages/airflow/example_dags/example_dataset_alias_with_no_taskflow.py
[2024-12-12T05:39:30.121+0000] {logging_mixin.py:190} INFO - [2024-12-12T05:39:30.120+0000] {dag.py:3239} INFO - Sync 4 DAGs
[2024-12-12T05:39:30.140+0000] {logging_mixin.py:190} INFO - [2024-12-12T05:39:30.140+0000] {dag.py:4180} INFO - Setting next_dagrun for dataset_alias_example_alias_consumer_with_no_taskflow to None, run_after=None
[2024-12-12T05:39:30.149+0000] {logging_mixin.py:190} INFO - [2024-12-12T05:39:30.149+0000] {dag.py:4180} INFO - Setting next_dagrun for dataset_alias_example_alias_producer_with_no_taskflow to None, run_after=None
[2024-12-12T05:39:30.161+0000] {logging_mixin.py:190} INFO - [2024-12-12T05:39:30.161+0000] {dag.py:4180} INFO - Setting next_dagrun for dataset_s3_bucket_consumer_with_no_taskflow to None, run_after=None
[2024-12-12T05:39:30.175+0000] {logging_mixin.py:190} INFO - [2024-12-12T05:39:30.174+0000] {dag.py:4180} INFO - Setting next_dagrun for dataset_s3_bucket_producer_with_no_taskflow to None, run_after=None
[2024-12-12T05:39:30.207+0000] {processor.py:208} INFO - Processing /home/airflow/.local/lib/python3.12/site-packages/airflow/example_dags/example_dataset_alias_with_no_taskflow.py took 1.654 seconds
[2024-12-12T05:40:00.271+0000] {processor.py:186} INFO - Started process (PID=261) to work on /home/airflow/.local/lib/python3.12/site-packages/airflow/example_dags/example_dataset_alias_with_no_taskflow.py
[2024-12-12T05:40:00.275+0000] {processor.py:914} INFO - Processing file /home/airflow/.local/lib/python3.12/site-packages/airflow/example_dags/example_dataset_alias_with_no_taskflow.py for tasks to queue
[2024-12-12T05:40:00.278+0000] {logging_mixin.py:190} INFO - [2024-12-12T05:40:00.278+0000] {dagbag.py:588} INFO - Filling up the DagBag from /home/airflow/.local/lib/python3.12/site-packages/airflow/example_dags/example_dataset_alias_with_no_taskflow.py
[2024-12-12T05:40:01.027+0000] {processor.py:925} INFO - DAG(s) 'dataset_s3_bucket_producer_with_no_taskflow', 'dataset_alias_example_alias_producer_with_no_taskflow', 'dataset_alias_example_alias_consumer_with_no_taskflow', 'dataset_s3_bucket_consumer_with_no_taskflow' retrieved from /home/airflow/.local/lib/python3.12/site-packages/airflow/example_dags/example_dataset_alias_with_no_taskflow.py
[2024-12-12T05:40:01.045+0000] {logging_mixin.py:190} INFO - [2024-12-12T05:40:01.044+0000] {dag.py:3239} INFO - Sync 4 DAGs
[2024-12-12T05:40:01.059+0000] {logging_mixin.py:190} INFO - [2024-12-12T05:40:01.059+0000] {dag.py:4180} INFO - Setting next_dagrun for dataset_alias_example_alias_consumer_with_no_taskflow to None, run_after=None
[2024-12-12T05:40:01.061+0000] {logging_mixin.py:190} INFO - [2024-12-12T05:40:01.061+0000] {dag.py:4180} INFO - Setting next_dagrun for dataset_alias_example_alias_producer_with_no_taskflow to None, run_after=None
[2024-12-12T05:40:01.063+0000] {logging_mixin.py:190} INFO - [2024-12-12T05:40:01.063+0000] {dag.py:4180} INFO - Setting next_dagrun for dataset_s3_bucket_consumer_with_no_taskflow to None, run_after=None
[2024-12-12T05:40:01.064+0000] {logging_mixin.py:190} INFO - [2024-12-12T05:40:01.064+0000] {dag.py:4180} INFO - Setting next_dagrun for dataset_s3_bucket_producer_with_no_taskflow to None, run_after=None
[2024-12-12T05:40:01.079+0000] {processor.py:208} INFO - Processing /home/airflow/.local/lib/python3.12/site-packages/airflow/example_dags/example_dataset_alias_with_no_taskflow.py took 0.815 seconds
[2024-12-12T05:40:33.039+0000] {processor.py:186} INFO - Started process (PID=323) to work on /home/airflow/.local/lib/python3.12/site-packages/airflow/example_dags/example_dataset_alias_with_no_taskflow.py
[2024-12-12T05:40:33.043+0000] {processor.py:914} INFO - Processing file /home/airflow/.local/lib/python3.12/site-packages/airflow/example_dags/example_dataset_alias_with_no_taskflow.py for tasks to queue
[2024-12-12T05:40:33.062+0000] {logging_mixin.py:190} INFO - [2024-12-12T05:40:33.061+0000] {dagbag.py:588} INFO - Filling up the DagBag from /home/airflow/.local/lib/python3.12/site-packages/airflow/example_dags/example_dataset_alias_with_no_taskflow.py
[2024-12-12T05:40:34.778+0000] {processor.py:925} INFO - DAG(s) 'dataset_alias_example_alias_producer_with_no_taskflow', 'dataset_alias_example_alias_consumer_with_no_taskflow', 'dataset_s3_bucket_consumer_with_no_taskflow', 'dataset_s3_bucket_producer_with_no_taskflow' retrieved from /home/airflow/.local/lib/python3.12/site-packages/airflow/example_dags/example_dataset_alias_with_no_taskflow.py
[2024-12-12T05:40:34.819+0000] {logging_mixin.py:190} INFO - [2024-12-12T05:40:34.817+0000] {dag.py:3239} INFO - Sync 4 DAGs
[2024-12-12T05:40:34.862+0000] {logging_mixin.py:190} INFO - [2024-12-12T05:40:34.862+0000] {dag.py:4180} INFO - Setting next_dagrun for dataset_alias_example_alias_consumer_with_no_taskflow to None, run_after=None
[2024-12-12T05:40:34.869+0000] {logging_mixin.py:190} INFO - [2024-12-12T05:40:34.868+0000] {dag.py:4180} INFO - Setting next_dagrun for dataset_alias_example_alias_producer_with_no_taskflow to None, run_after=None
[2024-12-12T05:40:34.875+0000] {logging_mixin.py:190} INFO - [2024-12-12T05:40:34.875+0000] {dag.py:4180} INFO - Setting next_dagrun for dataset_s3_bucket_consumer_with_no_taskflow to None, run_after=None
[2024-12-12T05:40:34.879+0000] {logging_mixin.py:190} INFO - [2024-12-12T05:40:34.878+0000] {dag.py:4180} INFO - Setting next_dagrun for dataset_s3_bucket_producer_with_no_taskflow to None, run_after=None
[2024-12-12T05:40:34.964+0000] {processor.py:208} INFO - Processing /home/airflow/.local/lib/python3.12/site-packages/airflow/example_dags/example_dataset_alias_with_no_taskflow.py took 1.941 seconds
[2024-12-12T05:41:05.616+0000] {processor.py:186} INFO - Started process (PID=387) to work on /home/airflow/.local/lib/python3.12/site-packages/airflow/example_dags/example_dataset_alias_with_no_taskflow.py
[2024-12-12T05:41:05.618+0000] {processor.py:914} INFO - Processing file /home/airflow/.local/lib/python3.12/site-packages/airflow/example_dags/example_dataset_alias_with_no_taskflow.py for tasks to queue
[2024-12-12T05:41:05.624+0000] {logging_mixin.py:190} INFO - [2024-12-12T05:41:05.624+0000] {dagbag.py:588} INFO - Filling up the DagBag from /home/airflow/.local/lib/python3.12/site-packages/airflow/example_dags/example_dataset_alias_with_no_taskflow.py
[2024-12-12T05:41:12.613+0000] {processor.py:925} INFO - DAG(s) 'dataset_alias_example_alias_producer_with_no_taskflow', 'dataset_s3_bucket_producer_with_no_taskflow', 'dataset_s3_bucket_consumer_with_no_taskflow', 'dataset_alias_example_alias_consumer_with_no_taskflow' retrieved from /home/airflow/.local/lib/python3.12/site-packages/airflow/example_dags/example_dataset_alias_with_no_taskflow.py
[2024-12-12T05:41:12.644+0000] {logging_mixin.py:190} INFO - [2024-12-12T05:41:12.642+0000] {dag.py:3239} INFO - Sync 4 DAGs
[2024-12-12T05:41:12.677+0000] {logging_mixin.py:190} INFO - [2024-12-12T05:41:12.677+0000] {dag.py:4180} INFO - Setting next_dagrun for dataset_alias_example_alias_consumer_with_no_taskflow to None, run_after=None
[2024-12-12T05:41:12.681+0000] {logging_mixin.py:190} INFO - [2024-12-12T05:41:12.680+0000] {dag.py:4180} INFO - Setting next_dagrun for dataset_alias_example_alias_producer_with_no_taskflow to None, run_after=None
[2024-12-12T05:41:12.685+0000] {logging_mixin.py:190} INFO - [2024-12-12T05:41:12.684+0000] {dag.py:4180} INFO - Setting next_dagrun for dataset_s3_bucket_consumer_with_no_taskflow to None, run_after=None
[2024-12-12T05:41:12.686+0000] {logging_mixin.py:190} INFO - [2024-12-12T05:41:12.686+0000] {dag.py:4180} INFO - Setting next_dagrun for dataset_s3_bucket_producer_with_no_taskflow to None, run_after=None
[2024-12-12T05:41:12.717+0000] {processor.py:208} INFO - Processing /home/airflow/.local/lib/python3.12/site-packages/airflow/example_dags/example_dataset_alias_with_no_taskflow.py took 7.117 seconds
[2024-12-12T05:41:43.639+0000] {processor.py:186} INFO - Started process (PID=451) to work on /home/airflow/.local/lib/python3.12/site-packages/airflow/example_dags/example_dataset_alias_with_no_taskflow.py
[2024-12-12T05:41:43.644+0000] {processor.py:914} INFO - Processing file /home/airflow/.local/lib/python3.12/site-packages/airflow/example_dags/example_dataset_alias_with_no_taskflow.py for tasks to queue
[2024-12-12T05:41:43.651+0000] {logging_mixin.py:190} INFO - [2024-12-12T05:41:43.651+0000] {dagbag.py:588} INFO - Filling up the DagBag from /home/airflow/.local/lib/python3.12/site-packages/airflow/example_dags/example_dataset_alias_with_no_taskflow.py
[2024-12-12T05:41:49.779+0000] {processor.py:925} INFO - DAG(s) 'dataset_s3_bucket_producer_with_no_taskflow', 'dataset_alias_example_alias_producer_with_no_taskflow', 'dataset_alias_example_alias_consumer_with_no_taskflow', 'dataset_s3_bucket_consumer_with_no_taskflow' retrieved from /home/airflow/.local/lib/python3.12/site-packages/airflow/example_dags/example_dataset_alias_with_no_taskflow.py
[2024-12-12T05:41:49.820+0000] {logging_mixin.py:190} INFO - [2024-12-12T05:41:49.820+0000] {dag.py:3239} INFO - Sync 4 DAGs
[2024-12-12T05:41:49.914+0000] {logging_mixin.py:190} INFO - [2024-12-12T05:41:49.914+0000] {dag.py:4180} INFO - Setting next_dagrun for dataset_alias_example_alias_consumer_with_no_taskflow to None, run_after=None
[2024-12-12T05:41:49.916+0000] {logging_mixin.py:190} INFO - [2024-12-12T05:41:49.916+0000] {dag.py:4180} INFO - Setting next_dagrun for dataset_alias_example_alias_producer_with_no_taskflow to None, run_after=None
[2024-12-12T05:41:49.917+0000] {logging_mixin.py:190} INFO - [2024-12-12T05:41:49.916+0000] {dag.py:4180} INFO - Setting next_dagrun for dataset_s3_bucket_consumer_with_no_taskflow to None, run_after=None
[2024-12-12T05:41:49.918+0000] {logging_mixin.py:190} INFO - [2024-12-12T05:41:49.918+0000] {dag.py:4180} INFO - Setting next_dagrun for dataset_s3_bucket_producer_with_no_taskflow to None, run_after=None
[2024-12-12T05:41:49.960+0000] {processor.py:208} INFO - Processing /home/airflow/.local/lib/python3.12/site-packages/airflow/example_dags/example_dataset_alias_with_no_taskflow.py took 6.350 seconds
[2024-12-12T05:42:20.397+0000] {processor.py:186} INFO - Started process (PID=514) to work on /home/airflow/.local/lib/python3.12/site-packages/airflow/example_dags/example_dataset_alias_with_no_taskflow.py
[2024-12-12T05:42:20.402+0000] {processor.py:914} INFO - Processing file /home/airflow/.local/lib/python3.12/site-packages/airflow/example_dags/example_dataset_alias_with_no_taskflow.py for tasks to queue
[2024-12-12T05:42:20.423+0000] {logging_mixin.py:190} INFO - [2024-12-12T05:42:20.423+0000] {dagbag.py:588} INFO - Filling up the DagBag from /home/airflow/.local/lib/python3.12/site-packages/airflow/example_dags/example_dataset_alias_with_no_taskflow.py
[2024-12-12T05:42:22.609+0000] {processor.py:925} INFO - DAG(s) 'dataset_alias_example_alias_producer_with_no_taskflow', 'dataset_s3_bucket_producer_with_no_taskflow', 'dataset_s3_bucket_consumer_with_no_taskflow', 'dataset_alias_example_alias_consumer_with_no_taskflow' retrieved from /home/airflow/.local/lib/python3.12/site-packages/airflow/example_dags/example_dataset_alias_with_no_taskflow.py
[2024-12-12T05:42:22.623+0000] {logging_mixin.py:190} INFO - [2024-12-12T05:42:22.623+0000] {dag.py:3239} INFO - Sync 4 DAGs
[2024-12-12T05:42:22.684+0000] {logging_mixin.py:190} INFO - [2024-12-12T05:42:22.684+0000] {dag.py:4180} INFO - Setting next_dagrun for dataset_alias_example_alias_consumer_with_no_taskflow to None, run_after=None
[2024-12-12T05:42:22.691+0000] {logging_mixin.py:190} INFO - [2024-12-12T05:42:22.691+0000] {dag.py:4180} INFO - Setting next_dagrun for dataset_alias_example_alias_producer_with_no_taskflow to None, run_after=None
[2024-12-12T05:42:22.692+0000] {logging_mixin.py:190} INFO - [2024-12-12T05:42:22.692+0000] {dag.py:4180} INFO - Setting next_dagrun for dataset_s3_bucket_consumer_with_no_taskflow to None, run_after=None
[2024-12-12T05:42:22.693+0000] {logging_mixin.py:190} INFO - [2024-12-12T05:42:22.693+0000] {dag.py:4180} INFO - Setting next_dagrun for dataset_s3_bucket_producer_with_no_taskflow to None, run_after=None
[2024-12-12T05:42:22.706+0000] {processor.py:208} INFO - Processing /home/airflow/.local/lib/python3.12/site-packages/airflow/example_dags/example_dataset_alias_with_no_taskflow.py took 2.353 seconds
[2024-12-12T05:42:53.336+0000] {processor.py:186} INFO - Started process (PID=578) to work on /home/airflow/.local/lib/python3.12/site-packages/airflow/example_dags/example_dataset_alias_with_no_taskflow.py
[2024-12-12T05:42:53.338+0000] {processor.py:914} INFO - Processing file /home/airflow/.local/lib/python3.12/site-packages/airflow/example_dags/example_dataset_alias_with_no_taskflow.py for tasks to queue
[2024-12-12T05:42:53.347+0000] {logging_mixin.py:190} INFO - [2024-12-12T05:42:53.346+0000] {dagbag.py:588} INFO - Filling up the DagBag from /home/airflow/.local/lib/python3.12/site-packages/airflow/example_dags/example_dataset_alias_with_no_taskflow.py
[2024-12-12T05:42:55.430+0000] {processor.py:925} INFO - DAG(s) 'dataset_s3_bucket_producer_with_no_taskflow', 'dataset_s3_bucket_consumer_with_no_taskflow', 'dataset_alias_example_alias_consumer_with_no_taskflow', 'dataset_alias_example_alias_producer_with_no_taskflow' retrieved from /home/airflow/.local/lib/python3.12/site-packages/airflow/example_dags/example_dataset_alias_with_no_taskflow.py
[2024-12-12T05:42:55.443+0000] {logging_mixin.py:190} INFO - [2024-12-12T05:42:55.442+0000] {dag.py:3239} INFO - Sync 4 DAGs
[2024-12-12T05:42:55.456+0000] {logging_mixin.py:190} INFO - [2024-12-12T05:42:55.456+0000] {dag.py:4180} INFO - Setting next_dagrun for dataset_alias_example_alias_consumer_with_no_taskflow to None, run_after=None
[2024-12-12T05:42:55.459+0000] {logging_mixin.py:190} INFO - [2024-12-12T05:42:55.459+0000] {dag.py:4180} INFO - Setting next_dagrun for dataset_alias_example_alias_producer_with_no_taskflow to None, run_after=None
[2024-12-12T05:42:55.460+0000] {logging_mixin.py:190} INFO - [2024-12-12T05:42:55.460+0000] {dag.py:4180} INFO - Setting next_dagrun for dataset_s3_bucket_consumer_with_no_taskflow to None, run_after=None
[2024-12-12T05:42:55.461+0000] {logging_mixin.py:190} INFO - [2024-12-12T05:42:55.461+0000] {dag.py:4180} INFO - Setting next_dagrun for dataset_s3_bucket_producer_with_no_taskflow to None, run_after=None
[2024-12-12T05:42:55.483+0000] {processor.py:208} INFO - Processing /home/airflow/.local/lib/python3.12/site-packages/airflow/example_dags/example_dataset_alias_with_no_taskflow.py took 2.159 seconds
[2024-12-12T05:43:25.635+0000] {processor.py:186} INFO - Started process (PID=641) to work on /home/airflow/.local/lib/python3.12/site-packages/airflow/example_dags/example_dataset_alias_with_no_taskflow.py
[2024-12-12T05:43:25.639+0000] {processor.py:914} INFO - Processing file /home/airflow/.local/lib/python3.12/site-packages/airflow/example_dags/example_dataset_alias_with_no_taskflow.py for tasks to queue
[2024-12-12T05:43:25.648+0000] {logging_mixin.py:190} INFO - [2024-12-12T05:43:25.647+0000] {dagbag.py:588} INFO - Filling up the DagBag from /home/airflow/.local/lib/python3.12/site-packages/airflow/example_dags/example_dataset_alias_with_no_taskflow.py
[2024-12-12T05:43:29.306+0000] {processor.py:925} INFO - DAG(s) 'dataset_s3_bucket_consumer_with_no_taskflow', 'dataset_s3_bucket_producer_with_no_taskflow', 'dataset_alias_example_alias_producer_with_no_taskflow', 'dataset_alias_example_alias_consumer_with_no_taskflow' retrieved from /home/airflow/.local/lib/python3.12/site-packages/airflow/example_dags/example_dataset_alias_with_no_taskflow.py
[2024-12-12T05:43:29.332+0000] {logging_mixin.py:190} INFO - [2024-12-12T05:43:29.332+0000] {dag.py:3239} INFO - Sync 4 DAGs
[2024-12-12T05:43:29.368+0000] {logging_mixin.py:190} INFO - [2024-12-12T05:43:29.367+0000] {dag.py:4180} INFO - Setting next_dagrun for dataset_alias_example_alias_consumer_with_no_taskflow to None, run_after=None
[2024-12-12T05:43:29.371+0000] {logging_mixin.py:190} INFO - [2024-12-12T05:43:29.371+0000] {dag.py:4180} INFO - Setting next_dagrun for dataset_alias_example_alias_producer_with_no_taskflow to None, run_after=None
[2024-12-12T05:43:29.372+0000] {logging_mixin.py:190} INFO - [2024-12-12T05:43:29.372+0000] {dag.py:4180} INFO - Setting next_dagrun for dataset_s3_bucket_consumer_with_no_taskflow to None, run_after=None
[2024-12-12T05:43:29.373+0000] {logging_mixin.py:190} INFO - [2024-12-12T05:43:29.373+0000] {dag.py:4180} INFO - Setting next_dagrun for dataset_s3_bucket_producer_with_no_taskflow to None, run_after=None
[2024-12-12T05:43:29.402+0000] {processor.py:208} INFO - Processing /home/airflow/.local/lib/python3.12/site-packages/airflow/example_dags/example_dataset_alias_with_no_taskflow.py took 3.800 seconds
[2024-12-12T05:45:12.563+0000] {processor.py:186} INFO - Started process (PID=68) to work on /home/airflow/.local/lib/python3.12/site-packages/airflow/example_dags/example_dataset_alias_with_no_taskflow.py
[2024-12-12T05:45:12.578+0000] {processor.py:914} INFO - Processing file /home/airflow/.local/lib/python3.12/site-packages/airflow/example_dags/example_dataset_alias_with_no_taskflow.py for tasks to queue
[2024-12-12T05:45:12.631+0000] {logging_mixin.py:190} INFO - [2024-12-12T05:45:12.623+0000] {dagbag.py:588} INFO - Filling up the DagBag from /home/airflow/.local/lib/python3.12/site-packages/airflow/example_dags/example_dataset_alias_with_no_taskflow.py
[2024-12-12T05:45:14.786+0000] {processor.py:925} INFO - DAG(s) 'dataset_alias_example_alias_consumer_with_no_taskflow', 'dataset_s3_bucket_producer_with_no_taskflow', 'dataset_s3_bucket_consumer_with_no_taskflow', 'dataset_alias_example_alias_producer_with_no_taskflow' retrieved from /home/airflow/.local/lib/python3.12/site-packages/airflow/example_dags/example_dataset_alias_with_no_taskflow.py
[2024-12-12T05:45:14.800+0000] {logging_mixin.py:190} INFO - [2024-12-12T05:45:14.799+0000] {dag.py:3239} INFO - Sync 4 DAGs
[2024-12-12T05:45:14.845+0000] {logging_mixin.py:190} INFO - [2024-12-12T05:45:14.845+0000] {dag.py:4180} INFO - Setting next_dagrun for dataset_alias_example_alias_consumer_with_no_taskflow to None, run_after=None
[2024-12-12T05:45:14.848+0000] {logging_mixin.py:190} INFO - [2024-12-12T05:45:14.848+0000] {dag.py:4180} INFO - Setting next_dagrun for dataset_alias_example_alias_producer_with_no_taskflow to None, run_after=None
[2024-12-12T05:45:14.849+0000] {logging_mixin.py:190} INFO - [2024-12-12T05:45:14.849+0000] {dag.py:4180} INFO - Setting next_dagrun for dataset_s3_bucket_consumer_with_no_taskflow to None, run_after=None
[2024-12-12T05:45:14.850+0000] {logging_mixin.py:190} INFO - [2024-12-12T05:45:14.850+0000] {dag.py:4180} INFO - Setting next_dagrun for dataset_s3_bucket_producer_with_no_taskflow to None, run_after=None
[2024-12-12T05:45:14.878+0000] {processor.py:208} INFO - Processing /home/airflow/.local/lib/python3.12/site-packages/airflow/example_dags/example_dataset_alias_with_no_taskflow.py took 2.436 seconds
[2024-12-12T05:45:45.775+0000] {processor.py:186} INFO - Started process (PID=134) to work on /home/airflow/.local/lib/python3.12/site-packages/airflow/example_dags/example_dataset_alias_with_no_taskflow.py
[2024-12-12T05:45:45.779+0000] {processor.py:914} INFO - Processing file /home/airflow/.local/lib/python3.12/site-packages/airflow/example_dags/example_dataset_alias_with_no_taskflow.py for tasks to queue
[2024-12-12T05:45:45.783+0000] {logging_mixin.py:190} INFO - [2024-12-12T05:45:45.783+0000] {dagbag.py:588} INFO - Filling up the DagBag from /home/airflow/.local/lib/python3.12/site-packages/airflow/example_dags/example_dataset_alias_with_no_taskflow.py
[2024-12-12T05:45:47.298+0000] {processor.py:925} INFO - DAG(s) 'dataset_s3_bucket_consumer_with_no_taskflow', 'dataset_alias_example_alias_consumer_with_no_taskflow', 'dataset_s3_bucket_producer_with_no_taskflow', 'dataset_alias_example_alias_producer_with_no_taskflow' retrieved from /home/airflow/.local/lib/python3.12/site-packages/airflow/example_dags/example_dataset_alias_with_no_taskflow.py
[2024-12-12T05:45:47.330+0000] {logging_mixin.py:190} INFO - [2024-12-12T05:45:47.330+0000] {dag.py:3239} INFO - Sync 4 DAGs
[2024-12-12T05:45:47.390+0000] {logging_mixin.py:190} INFO - [2024-12-12T05:45:47.390+0000] {dag.py:4180} INFO - Setting next_dagrun for dataset_alias_example_alias_consumer_with_no_taskflow to None, run_after=None
[2024-12-12T05:45:47.394+0000] {logging_mixin.py:190} INFO - [2024-12-12T05:45:47.394+0000] {dag.py:4180} INFO - Setting next_dagrun for dataset_alias_example_alias_producer_with_no_taskflow to None, run_after=None
[2024-12-12T05:45:47.396+0000] {logging_mixin.py:190} INFO - [2024-12-12T05:45:47.396+0000] {dag.py:4180} INFO - Setting next_dagrun for dataset_s3_bucket_consumer_with_no_taskflow to None, run_after=None
[2024-12-12T05:45:47.399+0000] {logging_mixin.py:190} INFO - [2024-12-12T05:45:47.399+0000] {dag.py:4180} INFO - Setting next_dagrun for dataset_s3_bucket_producer_with_no_taskflow to None, run_after=None
[2024-12-12T05:45:47.418+0000] {processor.py:208} INFO - Processing /home/airflow/.local/lib/python3.12/site-packages/airflow/example_dags/example_dataset_alias_with_no_taskflow.py took 1.649 seconds
[2024-12-12T05:46:18.412+0000] {processor.py:186} INFO - Started process (PID=197) to work on /home/airflow/.local/lib/python3.12/site-packages/airflow/example_dags/example_dataset_alias_with_no_taskflow.py
[2024-12-12T05:46:18.417+0000] {processor.py:914} INFO - Processing file /home/airflow/.local/lib/python3.12/site-packages/airflow/example_dags/example_dataset_alias_with_no_taskflow.py for tasks to queue
[2024-12-12T05:46:18.421+0000] {logging_mixin.py:190} INFO - [2024-12-12T05:46:18.420+0000] {dagbag.py:588} INFO - Filling up the DagBag from /home/airflow/.local/lib/python3.12/site-packages/airflow/example_dags/example_dataset_alias_with_no_taskflow.py
[2024-12-12T05:46:19.335+0000] {processor.py:925} INFO - DAG(s) 'dataset_s3_bucket_consumer_with_no_taskflow', 'dataset_s3_bucket_producer_with_no_taskflow', 'dataset_alias_example_alias_consumer_with_no_taskflow', 'dataset_alias_example_alias_producer_with_no_taskflow' retrieved from /home/airflow/.local/lib/python3.12/site-packages/airflow/example_dags/example_dataset_alias_with_no_taskflow.py
[2024-12-12T05:46:19.354+0000] {logging_mixin.py:190} INFO - [2024-12-12T05:46:19.354+0000] {dag.py:3239} INFO - Sync 4 DAGs
[2024-12-12T05:46:19.382+0000] {logging_mixin.py:190} INFO - [2024-12-12T05:46:19.382+0000] {dag.py:4180} INFO - Setting next_dagrun for dataset_alias_example_alias_consumer_with_no_taskflow to None, run_after=None
[2024-12-12T05:46:19.385+0000] {logging_mixin.py:190} INFO - [2024-12-12T05:46:19.384+0000] {dag.py:4180} INFO - Setting next_dagrun for dataset_alias_example_alias_producer_with_no_taskflow to None, run_after=None
[2024-12-12T05:46:19.386+0000] {logging_mixin.py:190} INFO - [2024-12-12T05:46:19.386+0000] {dag.py:4180} INFO - Setting next_dagrun for dataset_s3_bucket_consumer_with_no_taskflow to None, run_after=None
[2024-12-12T05:46:19.388+0000] {logging_mixin.py:190} INFO - [2024-12-12T05:46:19.388+0000] {dag.py:4180} INFO - Setting next_dagrun for dataset_s3_bucket_producer_with_no_taskflow to None, run_after=None
[2024-12-12T05:46:19.413+0000] {processor.py:208} INFO - Processing /home/airflow/.local/lib/python3.12/site-packages/airflow/example_dags/example_dataset_alias_with_no_taskflow.py took 1.022 seconds
