[2024-12-12T05:36:32.094+0000] {processor.py:186} INFO - Started process (PID=61) to work on /home/airflow/.local/lib/python3.12/site-packages/airflow/example_dags/example_trigger_target_dag.py
[2024-12-12T05:36:32.103+0000] {processor.py:914} INFO - Processing file /home/airflow/.local/lib/python3.12/site-packages/airflow/example_dags/example_trigger_target_dag.py for tasks to queue
[2024-12-12T05:36:32.121+0000] {logging_mixin.py:190} INFO - [2024-12-12T05:36:32.119+0000] {dagbag.py:588} INFO - Filling up the DagBag from /home/airflow/.local/lib/python3.12/site-packages/airflow/example_dags/example_trigger_target_dag.py
[2024-12-12T05:36:32.210+0000] {processor.py:925} INFO - DAG(s) 'example_trigger_target_dag' retrieved from /home/airflow/.local/lib/python3.12/site-packages/airflow/example_dags/example_trigger_target_dag.py
[2024-12-12T05:36:32.516+0000] {logging_mixin.py:190} INFO - [2024-12-12T05:36:32.515+0000] {override.py:1911} INFO - Created Permission View: can delete on DAG:example_trigger_target_dag
[2024-12-12T05:36:32.529+0000] {logging_mixin.py:190} INFO - [2024-12-12T05:36:32.528+0000] {override.py:1911} INFO - Created Permission View: can edit on DAG:example_trigger_target_dag
[2024-12-12T05:36:32.537+0000] {logging_mixin.py:190} INFO - [2024-12-12T05:36:32.537+0000] {override.py:1911} INFO - Created Permission View: can read on DAG:example_trigger_target_dag
[2024-12-12T05:36:32.552+0000] {logging_mixin.py:190} INFO - [2024-12-12T05:36:32.552+0000] {override.py:1911} INFO - Created Permission View: can delete on DAG Run:example_trigger_target_dag
[2024-12-12T05:36:32.562+0000] {logging_mixin.py:190} INFO - [2024-12-12T05:36:32.561+0000] {override.py:1911} INFO - Created Permission View: menu access on DAG Run:example_trigger_target_dag
[2024-12-12T05:36:32.570+0000] {logging_mixin.py:190} INFO - [2024-12-12T05:36:32.569+0000] {override.py:1911} INFO - Created Permission View: can create on DAG Run:example_trigger_target_dag
[2024-12-12T05:36:32.585+0000] {logging_mixin.py:190} INFO - [2024-12-12T05:36:32.585+0000] {override.py:1911} INFO - Created Permission View: can read on DAG Run:example_trigger_target_dag
[2024-12-12T05:36:32.588+0000] {logging_mixin.py:190} INFO - [2024-12-12T05:36:32.588+0000] {dag.py:3239} INFO - Sync 1 DAGs
[2024-12-12T05:36:32.623+0000] {logging_mixin.py:190} INFO - [2024-12-12T05:36:32.622+0000] {dag.py:3262} INFO - Creating ORM DAG for example_trigger_target_dag
[2024-12-12T05:36:32.625+0000] {logging_mixin.py:190} INFO - [2024-12-12T05:36:32.625+0000] {dag.py:4180} INFO - Setting next_dagrun for example_trigger_target_dag to None, run_after=None
[2024-12-12T05:36:32.650+0000] {processor.py:208} INFO - Processing /home/airflow/.local/lib/python3.12/site-packages/airflow/example_dags/example_trigger_target_dag.py took 0.592 seconds
[2024-12-12T05:37:02.697+0000] {processor.py:186} INFO - Started process (PID=124) to work on /home/airflow/.local/lib/python3.12/site-packages/airflow/example_dags/example_trigger_target_dag.py
[2024-12-12T05:37:02.699+0000] {processor.py:914} INFO - Processing file /home/airflow/.local/lib/python3.12/site-packages/airflow/example_dags/example_trigger_target_dag.py for tasks to queue
[2024-12-12T05:37:02.701+0000] {logging_mixin.py:190} INFO - [2024-12-12T05:37:02.701+0000] {dagbag.py:588} INFO - Filling up the DagBag from /home/airflow/.local/lib/python3.12/site-packages/airflow/example_dags/example_trigger_target_dag.py
[2024-12-12T05:37:02.707+0000] {processor.py:925} INFO - DAG(s) 'example_trigger_target_dag' retrieved from /home/airflow/.local/lib/python3.12/site-packages/airflow/example_dags/example_trigger_target_dag.py
[2024-12-12T05:37:02.718+0000] {logging_mixin.py:190} INFO - [2024-12-12T05:37:02.718+0000] {dag.py:3239} INFO - Sync 1 DAGs
[2024-12-12T05:37:02.742+0000] {logging_mixin.py:190} INFO - [2024-12-12T05:37:02.742+0000] {dag.py:4180} INFO - Setting next_dagrun for example_trigger_target_dag to None, run_after=None
[2024-12-12T05:37:02.754+0000] {processor.py:208} INFO - Processing /home/airflow/.local/lib/python3.12/site-packages/airflow/example_dags/example_trigger_target_dag.py took 0.061 seconds
[2024-12-12T05:37:33.062+0000] {processor.py:186} INFO - Started process (PID=188) to work on /home/airflow/.local/lib/python3.12/site-packages/airflow/example_dags/example_trigger_target_dag.py
[2024-12-12T05:37:33.067+0000] {processor.py:914} INFO - Processing file /home/airflow/.local/lib/python3.12/site-packages/airflow/example_dags/example_trigger_target_dag.py for tasks to queue
[2024-12-12T05:37:33.069+0000] {logging_mixin.py:190} INFO - [2024-12-12T05:37:33.069+0000] {dagbag.py:588} INFO - Filling up the DagBag from /home/airflow/.local/lib/python3.12/site-packages/airflow/example_dags/example_trigger_target_dag.py
[2024-12-12T05:37:33.077+0000] {processor.py:925} INFO - DAG(s) 'example_trigger_target_dag' retrieved from /home/airflow/.local/lib/python3.12/site-packages/airflow/example_dags/example_trigger_target_dag.py
[2024-12-12T05:37:33.096+0000] {logging_mixin.py:190} INFO - [2024-12-12T05:37:33.095+0000] {dag.py:3239} INFO - Sync 1 DAGs
[2024-12-12T05:37:33.108+0000] {logging_mixin.py:190} INFO - [2024-12-12T05:37:33.108+0000] {dag.py:4180} INFO - Setting next_dagrun for example_trigger_target_dag to None, run_after=None
[2024-12-12T05:37:33.175+0000] {processor.py:208} INFO - Processing /home/airflow/.local/lib/python3.12/site-packages/airflow/example_dags/example_trigger_target_dag.py took 0.132 seconds
[2024-12-12T05:38:23.578+0000] {processor.py:186} INFO - Started process (PID=54) to work on /home/airflow/.local/lib/python3.12/site-packages/airflow/example_dags/example_trigger_target_dag.py
[2024-12-12T05:38:23.579+0000] {processor.py:914} INFO - Processing file /home/airflow/.local/lib/python3.12/site-packages/airflow/example_dags/example_trigger_target_dag.py for tasks to queue
[2024-12-12T05:38:23.581+0000] {logging_mixin.py:190} INFO - [2024-12-12T05:38:23.581+0000] {dagbag.py:588} INFO - Filling up the DagBag from /home/airflow/.local/lib/python3.12/site-packages/airflow/example_dags/example_trigger_target_dag.py
[2024-12-12T05:38:23.587+0000] {processor.py:925} INFO - DAG(s) 'example_trigger_target_dag' retrieved from /home/airflow/.local/lib/python3.12/site-packages/airflow/example_dags/example_trigger_target_dag.py
[2024-12-12T05:38:23.602+0000] {logging_mixin.py:190} INFO - [2024-12-12T05:38:23.602+0000] {dag.py:3239} INFO - Sync 1 DAGs
[2024-12-12T05:38:23.611+0000] {logging_mixin.py:190} INFO - [2024-12-12T05:38:23.610+0000] {dag.py:4180} INFO - Setting next_dagrun for example_trigger_target_dag to None, run_after=None
[2024-12-12T05:38:23.634+0000] {processor.py:208} INFO - Processing /home/airflow/.local/lib/python3.12/site-packages/airflow/example_dags/example_trigger_target_dag.py took 0.061 seconds
[2024-12-12T05:38:54.357+0000] {processor.py:186} INFO - Started process (PID=117) to work on /home/airflow/.local/lib/python3.12/site-packages/airflow/example_dags/example_trigger_target_dag.py
[2024-12-12T05:38:54.359+0000] {processor.py:914} INFO - Processing file /home/airflow/.local/lib/python3.12/site-packages/airflow/example_dags/example_trigger_target_dag.py for tasks to queue
[2024-12-12T05:38:54.361+0000] {logging_mixin.py:190} INFO - [2024-12-12T05:38:54.360+0000] {dagbag.py:588} INFO - Filling up the DagBag from /home/airflow/.local/lib/python3.12/site-packages/airflow/example_dags/example_trigger_target_dag.py
[2024-12-12T05:38:54.369+0000] {processor.py:925} INFO - DAG(s) 'example_trigger_target_dag' retrieved from /home/airflow/.local/lib/python3.12/site-packages/airflow/example_dags/example_trigger_target_dag.py
[2024-12-12T05:38:54.391+0000] {logging_mixin.py:190} INFO - [2024-12-12T05:38:54.390+0000] {dag.py:3239} INFO - Sync 1 DAGs
[2024-12-12T05:38:54.401+0000] {logging_mixin.py:190} INFO - [2024-12-12T05:38:54.401+0000] {dag.py:4180} INFO - Setting next_dagrun for example_trigger_target_dag to None, run_after=None
[2024-12-12T05:38:54.418+0000] {processor.py:208} INFO - Processing /home/airflow/.local/lib/python3.12/site-packages/airflow/example_dags/example_trigger_target_dag.py took 0.065 seconds
[2024-12-12T05:39:26.308+0000] {processor.py:186} INFO - Started process (PID=181) to work on /home/airflow/.local/lib/python3.12/site-packages/airflow/example_dags/example_trigger_target_dag.py
[2024-12-12T05:39:26.311+0000] {processor.py:914} INFO - Processing file /home/airflow/.local/lib/python3.12/site-packages/airflow/example_dags/example_trigger_target_dag.py for tasks to queue
[2024-12-12T05:39:26.315+0000] {logging_mixin.py:190} INFO - [2024-12-12T05:39:26.314+0000] {dagbag.py:588} INFO - Filling up the DagBag from /home/airflow/.local/lib/python3.12/site-packages/airflow/example_dags/example_trigger_target_dag.py
[2024-12-12T05:39:26.323+0000] {processor.py:925} INFO - DAG(s) 'example_trigger_target_dag' retrieved from /home/airflow/.local/lib/python3.12/site-packages/airflow/example_dags/example_trigger_target_dag.py
[2024-12-12T05:39:26.343+0000] {logging_mixin.py:190} INFO - [2024-12-12T05:39:26.343+0000] {dag.py:3239} INFO - Sync 1 DAGs
[2024-12-12T05:39:26.357+0000] {logging_mixin.py:190} INFO - [2024-12-12T05:39:26.357+0000] {dag.py:4180} INFO - Setting next_dagrun for example_trigger_target_dag to None, run_after=None
[2024-12-12T05:39:26.414+0000] {processor.py:208} INFO - Processing /home/airflow/.local/lib/python3.12/site-packages/airflow/example_dags/example_trigger_target_dag.py took 0.111 seconds
[2024-12-12T05:39:56.637+0000] {processor.py:186} INFO - Started process (PID=243) to work on /home/airflow/.local/lib/python3.12/site-packages/airflow/example_dags/example_trigger_target_dag.py
[2024-12-12T05:39:56.650+0000] {processor.py:914} INFO - Processing file /home/airflow/.local/lib/python3.12/site-packages/airflow/example_dags/example_trigger_target_dag.py for tasks to queue
[2024-12-12T05:39:56.657+0000] {logging_mixin.py:190} INFO - [2024-12-12T05:39:56.657+0000] {dagbag.py:588} INFO - Filling up the DagBag from /home/airflow/.local/lib/python3.12/site-packages/airflow/example_dags/example_trigger_target_dag.py
[2024-12-12T05:39:56.664+0000] {processor.py:925} INFO - DAG(s) 'example_trigger_target_dag' retrieved from /home/airflow/.local/lib/python3.12/site-packages/airflow/example_dags/example_trigger_target_dag.py
[2024-12-12T05:39:56.684+0000] {logging_mixin.py:190} INFO - [2024-12-12T05:39:56.684+0000] {dag.py:3239} INFO - Sync 1 DAGs
[2024-12-12T05:39:56.694+0000] {logging_mixin.py:190} INFO - [2024-12-12T05:39:56.694+0000] {dag.py:4180} INFO - Setting next_dagrun for example_trigger_target_dag to None, run_after=None
[2024-12-12T05:39:56.707+0000] {processor.py:208} INFO - Processing /home/airflow/.local/lib/python3.12/site-packages/airflow/example_dags/example_trigger_target_dag.py took 0.074 seconds
[2024-12-12T05:40:29.910+0000] {processor.py:186} INFO - Started process (PID=312) to work on /home/airflow/.local/lib/python3.12/site-packages/airflow/example_dags/example_trigger_target_dag.py
[2024-12-12T05:40:29.930+0000] {processor.py:914} INFO - Processing file /home/airflow/.local/lib/python3.12/site-packages/airflow/example_dags/example_trigger_target_dag.py for tasks to queue
[2024-12-12T05:40:29.945+0000] {logging_mixin.py:190} INFO - [2024-12-12T05:40:29.942+0000] {dagbag.py:588} INFO - Filling up the DagBag from /home/airflow/.local/lib/python3.12/site-packages/airflow/example_dags/example_trigger_target_dag.py
[2024-12-12T05:40:29.965+0000] {processor.py:925} INFO - DAG(s) 'example_trigger_target_dag' retrieved from /home/airflow/.local/lib/python3.12/site-packages/airflow/example_dags/example_trigger_target_dag.py
[2024-12-12T05:40:30.022+0000] {logging_mixin.py:190} INFO - [2024-12-12T05:40:30.021+0000] {dag.py:3239} INFO - Sync 1 DAGs
[2024-12-12T05:40:30.054+0000] {logging_mixin.py:190} INFO - [2024-12-12T05:40:30.054+0000] {dag.py:4180} INFO - Setting next_dagrun for example_trigger_target_dag to None, run_after=None
[2024-12-12T05:40:30.083+0000] {processor.py:208} INFO - Processing /home/airflow/.local/lib/python3.12/site-packages/airflow/example_dags/example_trigger_target_dag.py took 0.198 seconds
[2024-12-12T05:41:03.370+0000] {processor.py:186} INFO - Started process (PID=376) to work on /home/airflow/.local/lib/python3.12/site-packages/airflow/example_dags/example_trigger_target_dag.py
[2024-12-12T05:41:03.372+0000] {processor.py:914} INFO - Processing file /home/airflow/.local/lib/python3.12/site-packages/airflow/example_dags/example_trigger_target_dag.py for tasks to queue
[2024-12-12T05:41:03.376+0000] {logging_mixin.py:190} INFO - [2024-12-12T05:41:03.376+0000] {dagbag.py:588} INFO - Filling up the DagBag from /home/airflow/.local/lib/python3.12/site-packages/airflow/example_dags/example_trigger_target_dag.py
[2024-12-12T05:41:03.385+0000] {processor.py:925} INFO - DAG(s) 'example_trigger_target_dag' retrieved from /home/airflow/.local/lib/python3.12/site-packages/airflow/example_dags/example_trigger_target_dag.py
[2024-12-12T05:41:03.415+0000] {logging_mixin.py:190} INFO - [2024-12-12T05:41:03.415+0000] {dag.py:3239} INFO - Sync 1 DAGs
[2024-12-12T05:41:03.439+0000] {logging_mixin.py:190} INFO - [2024-12-12T05:41:03.439+0000] {dag.py:4180} INFO - Setting next_dagrun for example_trigger_target_dag to None, run_after=None
[2024-12-12T05:41:03.511+0000] {processor.py:208} INFO - Processing /home/airflow/.local/lib/python3.12/site-packages/airflow/example_dags/example_trigger_target_dag.py took 0.147 seconds
[2024-12-12T05:41:34.377+0000] {processor.py:186} INFO - Started process (PID=440) to work on /home/airflow/.local/lib/python3.12/site-packages/airflow/example_dags/example_trigger_target_dag.py
[2024-12-12T05:41:34.378+0000] {processor.py:914} INFO - Processing file /home/airflow/.local/lib/python3.12/site-packages/airflow/example_dags/example_trigger_target_dag.py for tasks to queue
[2024-12-12T05:41:34.379+0000] {logging_mixin.py:190} INFO - [2024-12-12T05:41:34.379+0000] {dagbag.py:588} INFO - Filling up the DagBag from /home/airflow/.local/lib/python3.12/site-packages/airflow/example_dags/example_trigger_target_dag.py
[2024-12-12T05:41:34.390+0000] {processor.py:925} INFO - DAG(s) 'example_trigger_target_dag' retrieved from /home/airflow/.local/lib/python3.12/site-packages/airflow/example_dags/example_trigger_target_dag.py
[2024-12-12T05:41:34.410+0000] {logging_mixin.py:190} INFO - [2024-12-12T05:41:34.409+0000] {dag.py:3239} INFO - Sync 1 DAGs
[2024-12-12T05:41:34.424+0000] {logging_mixin.py:190} INFO - [2024-12-12T05:41:34.424+0000] {dag.py:4180} INFO - Setting next_dagrun for example_trigger_target_dag to None, run_after=None
[2024-12-12T05:41:34.469+0000] {processor.py:208} INFO - Processing /home/airflow/.local/lib/python3.12/site-packages/airflow/example_dags/example_trigger_target_dag.py took 0.099 seconds
[2024-12-12T05:42:09.372+0000] {processor.py:186} INFO - Started process (PID=503) to work on /home/airflow/.local/lib/python3.12/site-packages/airflow/example_dags/example_trigger_target_dag.py
[2024-12-12T05:42:09.386+0000] {processor.py:914} INFO - Processing file /home/airflow/.local/lib/python3.12/site-packages/airflow/example_dags/example_trigger_target_dag.py for tasks to queue
[2024-12-12T05:42:09.404+0000] {logging_mixin.py:190} INFO - [2024-12-12T05:42:09.403+0000] {dagbag.py:588} INFO - Filling up the DagBag from /home/airflow/.local/lib/python3.12/site-packages/airflow/example_dags/example_trigger_target_dag.py
[2024-12-12T05:42:09.439+0000] {processor.py:925} INFO - DAG(s) 'example_trigger_target_dag' retrieved from /home/airflow/.local/lib/python3.12/site-packages/airflow/example_dags/example_trigger_target_dag.py
[2024-12-12T05:42:09.534+0000] {logging_mixin.py:190} INFO - [2024-12-12T05:42:09.533+0000] {dag.py:3239} INFO - Sync 1 DAGs
[2024-12-12T05:42:09.557+0000] {logging_mixin.py:190} INFO - [2024-12-12T05:42:09.557+0000] {dag.py:4180} INFO - Setting next_dagrun for example_trigger_target_dag to None, run_after=None
[2024-12-12T05:42:09.613+0000] {processor.py:208} INFO - Processing /home/airflow/.local/lib/python3.12/site-packages/airflow/example_dags/example_trigger_target_dag.py took 0.277 seconds
[2024-12-12T05:42:39.819+0000] {processor.py:186} INFO - Started process (PID=566) to work on /home/airflow/.local/lib/python3.12/site-packages/airflow/example_dags/example_trigger_target_dag.py
[2024-12-12T05:42:39.821+0000] {processor.py:914} INFO - Processing file /home/airflow/.local/lib/python3.12/site-packages/airflow/example_dags/example_trigger_target_dag.py for tasks to queue
[2024-12-12T05:42:39.823+0000] {logging_mixin.py:190} INFO - [2024-12-12T05:42:39.822+0000] {dagbag.py:588} INFO - Filling up the DagBag from /home/airflow/.local/lib/python3.12/site-packages/airflow/example_dags/example_trigger_target_dag.py
[2024-12-12T05:42:39.830+0000] {processor.py:925} INFO - DAG(s) 'example_trigger_target_dag' retrieved from /home/airflow/.local/lib/python3.12/site-packages/airflow/example_dags/example_trigger_target_dag.py
[2024-12-12T05:42:39.843+0000] {logging_mixin.py:190} INFO - [2024-12-12T05:42:39.843+0000] {dag.py:3239} INFO - Sync 1 DAGs
[2024-12-12T05:42:39.852+0000] {logging_mixin.py:190} INFO - [2024-12-12T05:42:39.851+0000] {dag.py:4180} INFO - Setting next_dagrun for example_trigger_target_dag to None, run_after=None
[2024-12-12T05:42:39.867+0000] {processor.py:208} INFO - Processing /home/airflow/.local/lib/python3.12/site-packages/airflow/example_dags/example_trigger_target_dag.py took 0.052 seconds
[2024-12-12T05:43:10.852+0000] {processor.py:186} INFO - Started process (PID=629) to work on /home/airflow/.local/lib/python3.12/site-packages/airflow/example_dags/example_trigger_target_dag.py
[2024-12-12T05:43:10.853+0000] {processor.py:914} INFO - Processing file /home/airflow/.local/lib/python3.12/site-packages/airflow/example_dags/example_trigger_target_dag.py for tasks to queue
[2024-12-12T05:43:10.854+0000] {logging_mixin.py:190} INFO - [2024-12-12T05:43:10.854+0000] {dagbag.py:588} INFO - Filling up the DagBag from /home/airflow/.local/lib/python3.12/site-packages/airflow/example_dags/example_trigger_target_dag.py
[2024-12-12T05:43:10.860+0000] {processor.py:925} INFO - DAG(s) 'example_trigger_target_dag' retrieved from /home/airflow/.local/lib/python3.12/site-packages/airflow/example_dags/example_trigger_target_dag.py
[2024-12-12T05:43:10.879+0000] {logging_mixin.py:190} INFO - [2024-12-12T05:43:10.878+0000] {dag.py:3239} INFO - Sync 1 DAGs
[2024-12-12T05:43:10.887+0000] {logging_mixin.py:190} INFO - [2024-12-12T05:43:10.887+0000] {dag.py:4180} INFO - Setting next_dagrun for example_trigger_target_dag to None, run_after=None
[2024-12-12T05:43:10.901+0000] {processor.py:208} INFO - Processing /home/airflow/.local/lib/python3.12/site-packages/airflow/example_dags/example_trigger_target_dag.py took 0.054 seconds
[2024-12-12T05:45:09.367+0000] {processor.py:186} INFO - Started process (PID=61) to work on /home/airflow/.local/lib/python3.12/site-packages/airflow/example_dags/example_trigger_target_dag.py
[2024-12-12T05:45:09.369+0000] {processor.py:914} INFO - Processing file /home/airflow/.local/lib/python3.12/site-packages/airflow/example_dags/example_trigger_target_dag.py for tasks to queue
[2024-12-12T05:45:09.374+0000] {logging_mixin.py:190} INFO - [2024-12-12T05:45:09.373+0000] {dagbag.py:588} INFO - Filling up the DagBag from /home/airflow/.local/lib/python3.12/site-packages/airflow/example_dags/example_trigger_target_dag.py
[2024-12-12T05:45:09.382+0000] {processor.py:925} INFO - DAG(s) 'example_trigger_target_dag' retrieved from /home/airflow/.local/lib/python3.12/site-packages/airflow/example_dags/example_trigger_target_dag.py
[2024-12-12T05:45:09.428+0000] {logging_mixin.py:190} INFO - [2024-12-12T05:45:09.427+0000] {dag.py:3239} INFO - Sync 1 DAGs
[2024-12-12T05:45:09.445+0000] {logging_mixin.py:190} INFO - [2024-12-12T05:45:09.445+0000] {dag.py:4180} INFO - Setting next_dagrun for example_trigger_target_dag to None, run_after=None
[2024-12-12T05:45:09.477+0000] {processor.py:208} INFO - Processing /home/airflow/.local/lib/python3.12/site-packages/airflow/example_dags/example_trigger_target_dag.py took 0.116 seconds
[2024-12-12T05:45:39.712+0000] {processor.py:186} INFO - Started process (PID=124) to work on /home/airflow/.local/lib/python3.12/site-packages/airflow/example_dags/example_trigger_target_dag.py
[2024-12-12T05:45:39.713+0000] {processor.py:914} INFO - Processing file /home/airflow/.local/lib/python3.12/site-packages/airflow/example_dags/example_trigger_target_dag.py for tasks to queue
[2024-12-12T05:45:39.714+0000] {logging_mixin.py:190} INFO - [2024-12-12T05:45:39.714+0000] {dagbag.py:588} INFO - Filling up the DagBag from /home/airflow/.local/lib/python3.12/site-packages/airflow/example_dags/example_trigger_target_dag.py
[2024-12-12T05:45:39.720+0000] {processor.py:925} INFO - DAG(s) 'example_trigger_target_dag' retrieved from /home/airflow/.local/lib/python3.12/site-packages/airflow/example_dags/example_trigger_target_dag.py
[2024-12-12T05:45:39.738+0000] {logging_mixin.py:190} INFO - [2024-12-12T05:45:39.738+0000] {dag.py:3239} INFO - Sync 1 DAGs
[2024-12-12T05:45:39.750+0000] {logging_mixin.py:190} INFO - [2024-12-12T05:45:39.750+0000] {dag.py:4180} INFO - Setting next_dagrun for example_trigger_target_dag to None, run_after=None
[2024-12-12T05:45:39.762+0000] {processor.py:208} INFO - Processing /home/airflow/.local/lib/python3.12/site-packages/airflow/example_dags/example_trigger_target_dag.py took 0.054 seconds
[2024-12-12T05:46:10.355+0000] {processor.py:186} INFO - Started process (PID=187) to work on /home/airflow/.local/lib/python3.12/site-packages/airflow/example_dags/example_trigger_target_dag.py
[2024-12-12T05:46:10.358+0000] {processor.py:914} INFO - Processing file /home/airflow/.local/lib/python3.12/site-packages/airflow/example_dags/example_trigger_target_dag.py for tasks to queue
[2024-12-12T05:46:10.364+0000] {logging_mixin.py:190} INFO - [2024-12-12T05:46:10.363+0000] {dagbag.py:588} INFO - Filling up the DagBag from /home/airflow/.local/lib/python3.12/site-packages/airflow/example_dags/example_trigger_target_dag.py
[2024-12-12T05:46:10.382+0000] {processor.py:925} INFO - DAG(s) 'example_trigger_target_dag' retrieved from /home/airflow/.local/lib/python3.12/site-packages/airflow/example_dags/example_trigger_target_dag.py
[2024-12-12T05:46:10.413+0000] {logging_mixin.py:190} INFO - [2024-12-12T05:46:10.413+0000] {dag.py:3239} INFO - Sync 1 DAGs
[2024-12-12T05:46:10.446+0000] {logging_mixin.py:190} INFO - [2024-12-12T05:46:10.446+0000] {dag.py:4180} INFO - Setting next_dagrun for example_trigger_target_dag to None, run_after=None
[2024-12-12T05:46:10.514+0000] {processor.py:208} INFO - Processing /home/airflow/.local/lib/python3.12/site-packages/airflow/example_dags/example_trigger_target_dag.py took 0.163 seconds
