[2024-12-12T05:36:41.895+0000] {processor.py:186} INFO - Started process (PID=82) to work on /home/airflow/.local/lib/python3.12/site-packages/airflow/example_dags/example_skip_dag.py
[2024-12-12T05:36:41.896+0000] {processor.py:914} INFO - Processing file /home/airflow/.local/lib/python3.12/site-packages/airflow/example_dags/example_skip_dag.py for tasks to queue
[2024-12-12T05:36:41.897+0000] {logging_mixin.py:190} INFO - [2024-12-12T05:36:41.897+0000] {dagbag.py:588} INFO - Filling up the DagBag from /home/airflow/.local/lib/python3.12/site-packages/airflow/example_dags/example_skip_dag.py
[2024-12-12T05:36:41.906+0000] {processor.py:925} INFO - DAG(s) 'example_skip_dag' retrieved from /home/airflow/.local/lib/python3.12/site-packages/airflow/example_dags/example_skip_dag.py
[2024-12-12T05:36:41.969+0000] {logging_mixin.py:190} INFO - [2024-12-12T05:36:41.969+0000] {override.py:1911} INFO - Created Permission View: can delete on DAG:example_skip_dag
[2024-12-12T05:36:41.975+0000] {logging_mixin.py:190} INFO - [2024-12-12T05:36:41.975+0000] {override.py:1911} INFO - Created Permission View: can edit on DAG:example_skip_dag
[2024-12-12T05:36:41.978+0000] {logging_mixin.py:190} INFO - [2024-12-12T05:36:41.978+0000] {override.py:1911} INFO - Created Permission View: can read on DAG:example_skip_dag
[2024-12-12T05:36:41.981+0000] {logging_mixin.py:190} INFO - [2024-12-12T05:36:41.981+0000] {override.py:1911} INFO - Created Permission View: can delete on DAG Run:example_skip_dag
[2024-12-12T05:36:41.985+0000] {logging_mixin.py:190} INFO - [2024-12-12T05:36:41.985+0000] {override.py:1911} INFO - Created Permission View: menu access on DAG Run:example_skip_dag
[2024-12-12T05:36:41.989+0000] {logging_mixin.py:190} INFO - [2024-12-12T05:36:41.988+0000] {override.py:1911} INFO - Created Permission View: can create on DAG Run:example_skip_dag
[2024-12-12T05:36:41.992+0000] {logging_mixin.py:190} INFO - [2024-12-12T05:36:41.992+0000] {override.py:1911} INFO - Created Permission View: can read on DAG Run:example_skip_dag
[2024-12-12T05:36:41.993+0000] {logging_mixin.py:190} INFO - [2024-12-12T05:36:41.993+0000] {dag.py:3239} INFO - Sync 1 DAGs
[2024-12-12T05:36:42.000+0000] {logging_mixin.py:190} INFO - [2024-12-12T05:36:42.000+0000] {dag.py:3262} INFO - Creating ORM DAG for example_skip_dag
[2024-12-12T05:36:42.006+0000] {logging_mixin.py:190} INFO - [2024-12-12T05:36:42.006+0000] {dag.py:4180} INFO - Setting next_dagrun for example_skip_dag to 2024-12-11 00:00:00+00:00, run_after=2024-12-12 00:00:00+00:00
[2024-12-12T05:36:42.015+0000] {processor.py:208} INFO - Processing /home/airflow/.local/lib/python3.12/site-packages/airflow/example_dags/example_skip_dag.py took 0.124 seconds
[2024-12-12T05:37:17.385+0000] {processor.py:186} INFO - Started process (PID=146) to work on /home/airflow/.local/lib/python3.12/site-packages/airflow/example_dags/example_skip_dag.py
[2024-12-12T05:37:17.392+0000] {processor.py:914} INFO - Processing file /home/airflow/.local/lib/python3.12/site-packages/airflow/example_dags/example_skip_dag.py for tasks to queue
[2024-12-12T05:37:17.399+0000] {logging_mixin.py:190} INFO - [2024-12-12T05:37:17.399+0000] {dagbag.py:588} INFO - Filling up the DagBag from /home/airflow/.local/lib/python3.12/site-packages/airflow/example_dags/example_skip_dag.py
[2024-12-12T05:37:17.412+0000] {processor.py:925} INFO - DAG(s) 'example_skip_dag' retrieved from /home/airflow/.local/lib/python3.12/site-packages/airflow/example_dags/example_skip_dag.py
[2024-12-12T05:37:17.456+0000] {logging_mixin.py:190} INFO - [2024-12-12T05:37:17.455+0000] {dag.py:3239} INFO - Sync 1 DAGs
[2024-12-12T05:37:17.490+0000] {logging_mixin.py:190} INFO - [2024-12-12T05:37:17.490+0000] {dag.py:4180} INFO - Setting next_dagrun for example_skip_dag to 2024-12-11 00:00:00+00:00, run_after=2024-12-12 00:00:00+00:00
[2024-12-12T05:37:17.518+0000] {processor.py:208} INFO - Processing /home/airflow/.local/lib/python3.12/site-packages/airflow/example_dags/example_skip_dag.py took 0.169 seconds
[2024-12-12T05:37:48.912+0000] {processor.py:186} INFO - Started process (PID=210) to work on /home/airflow/.local/lib/python3.12/site-packages/airflow/example_dags/example_skip_dag.py
[2024-12-12T05:37:48.914+0000] {processor.py:914} INFO - Processing file /home/airflow/.local/lib/python3.12/site-packages/airflow/example_dags/example_skip_dag.py for tasks to queue
[2024-12-12T05:37:48.916+0000] {logging_mixin.py:190} INFO - [2024-12-12T05:37:48.916+0000] {dagbag.py:588} INFO - Filling up the DagBag from /home/airflow/.local/lib/python3.12/site-packages/airflow/example_dags/example_skip_dag.py
[2024-12-12T05:37:48.922+0000] {processor.py:925} INFO - DAG(s) 'example_skip_dag' retrieved from /home/airflow/.local/lib/python3.12/site-packages/airflow/example_dags/example_skip_dag.py
[2024-12-12T05:37:48.937+0000] {logging_mixin.py:190} INFO - [2024-12-12T05:37:48.937+0000] {dag.py:3239} INFO - Sync 1 DAGs
[2024-12-12T05:37:48.956+0000] {logging_mixin.py:190} INFO - [2024-12-12T05:37:48.956+0000] {dag.py:4180} INFO - Setting next_dagrun for example_skip_dag to 2024-12-11 00:00:00+00:00, run_after=2024-12-12 00:00:00+00:00
[2024-12-12T05:37:48.968+0000] {processor.py:208} INFO - Processing /home/airflow/.local/lib/python3.12/site-packages/airflow/example_dags/example_skip_dag.py took 0.060 seconds
[2024-12-12T05:38:26.553+0000] {processor.py:186} INFO - Started process (PID=75) to work on /home/airflow/.local/lib/python3.12/site-packages/airflow/example_dags/example_skip_dag.py
[2024-12-12T05:38:26.556+0000] {processor.py:914} INFO - Processing file /home/airflow/.local/lib/python3.12/site-packages/airflow/example_dags/example_skip_dag.py for tasks to queue
[2024-12-12T05:38:26.560+0000] {logging_mixin.py:190} INFO - [2024-12-12T05:38:26.559+0000] {dagbag.py:588} INFO - Filling up the DagBag from /home/airflow/.local/lib/python3.12/site-packages/airflow/example_dags/example_skip_dag.py
[2024-12-12T05:38:26.566+0000] {processor.py:925} INFO - DAG(s) 'example_skip_dag' retrieved from /home/airflow/.local/lib/python3.12/site-packages/airflow/example_dags/example_skip_dag.py
[2024-12-12T05:38:26.596+0000] {logging_mixin.py:190} INFO - [2024-12-12T05:38:26.596+0000] {dag.py:3239} INFO - Sync 1 DAGs
[2024-12-12T05:38:26.659+0000] {logging_mixin.py:190} INFO - [2024-12-12T05:38:26.659+0000] {dag.py:4180} INFO - Setting next_dagrun for example_skip_dag to 2024-12-11 00:00:00+00:00, run_after=2024-12-12 00:00:00+00:00
[2024-12-12T05:38:26.705+0000] {processor.py:208} INFO - Processing /home/airflow/.local/lib/python3.12/site-packages/airflow/example_dags/example_skip_dag.py took 0.166 seconds
[2024-12-12T05:38:57.082+0000] {processor.py:186} INFO - Started process (PID=138) to work on /home/airflow/.local/lib/python3.12/site-packages/airflow/example_dags/example_skip_dag.py
[2024-12-12T05:38:57.083+0000] {processor.py:914} INFO - Processing file /home/airflow/.local/lib/python3.12/site-packages/airflow/example_dags/example_skip_dag.py for tasks to queue
[2024-12-12T05:38:57.086+0000] {logging_mixin.py:190} INFO - [2024-12-12T05:38:57.085+0000] {dagbag.py:588} INFO - Filling up the DagBag from /home/airflow/.local/lib/python3.12/site-packages/airflow/example_dags/example_skip_dag.py
[2024-12-12T05:38:57.096+0000] {processor.py:925} INFO - DAG(s) 'example_skip_dag' retrieved from /home/airflow/.local/lib/python3.12/site-packages/airflow/example_dags/example_skip_dag.py
[2024-12-12T05:38:57.132+0000] {logging_mixin.py:190} INFO - [2024-12-12T05:38:57.132+0000] {dag.py:3239} INFO - Sync 1 DAGs
[2024-12-12T05:38:57.149+0000] {logging_mixin.py:190} INFO - [2024-12-12T05:38:57.149+0000] {dag.py:4180} INFO - Setting next_dagrun for example_skip_dag to 2024-12-11 00:00:00+00:00, run_after=2024-12-12 00:00:00+00:00
[2024-12-12T05:38:57.166+0000] {processor.py:208} INFO - Processing /home/airflow/.local/lib/python3.12/site-packages/airflow/example_dags/example_skip_dag.py took 0.090 seconds
[2024-12-12T05:39:31.886+0000] {processor.py:186} INFO - Started process (PID=207) to work on /home/airflow/.local/lib/python3.12/site-packages/airflow/example_dags/example_skip_dag.py
[2024-12-12T05:39:31.891+0000] {processor.py:914} INFO - Processing file /home/airflow/.local/lib/python3.12/site-packages/airflow/example_dags/example_skip_dag.py for tasks to queue
[2024-12-12T05:39:31.906+0000] {logging_mixin.py:190} INFO - [2024-12-12T05:39:31.905+0000] {dagbag.py:588} INFO - Filling up the DagBag from /home/airflow/.local/lib/python3.12/site-packages/airflow/example_dags/example_skip_dag.py
[2024-12-12T05:39:31.922+0000] {processor.py:925} INFO - DAG(s) 'example_skip_dag' retrieved from /home/airflow/.local/lib/python3.12/site-packages/airflow/example_dags/example_skip_dag.py
[2024-12-12T05:39:31.941+0000] {logging_mixin.py:190} INFO - [2024-12-12T05:39:31.941+0000] {dag.py:3239} INFO - Sync 1 DAGs
[2024-12-12T05:39:31.958+0000] {logging_mixin.py:190} INFO - [2024-12-12T05:39:31.958+0000] {dag.py:4180} INFO - Setting next_dagrun for example_skip_dag to 2024-12-11 00:00:00+00:00, run_after=2024-12-12 00:00:00+00:00
[2024-12-12T05:39:31.979+0000] {processor.py:208} INFO - Processing /home/airflow/.local/lib/python3.12/site-packages/airflow/example_dags/example_skip_dag.py took 0.097 seconds
[2024-12-12T05:40:03.467+0000] {processor.py:186} INFO - Started process (PID=270) to work on /home/airflow/.local/lib/python3.12/site-packages/airflow/example_dags/example_skip_dag.py
[2024-12-12T05:40:03.468+0000] {processor.py:914} INFO - Processing file /home/airflow/.local/lib/python3.12/site-packages/airflow/example_dags/example_skip_dag.py for tasks to queue
[2024-12-12T05:40:03.474+0000] {logging_mixin.py:190} INFO - [2024-12-12T05:40:03.474+0000] {dagbag.py:588} INFO - Filling up the DagBag from /home/airflow/.local/lib/python3.12/site-packages/airflow/example_dags/example_skip_dag.py
[2024-12-12T05:40:03.508+0000] {processor.py:925} INFO - DAG(s) 'example_skip_dag' retrieved from /home/airflow/.local/lib/python3.12/site-packages/airflow/example_dags/example_skip_dag.py
[2024-12-12T05:40:03.583+0000] {logging_mixin.py:190} INFO - [2024-12-12T05:40:03.582+0000] {dag.py:3239} INFO - Sync 1 DAGs
[2024-12-12T05:40:03.623+0000] {logging_mixin.py:190} INFO - [2024-12-12T05:40:03.622+0000] {dag.py:4180} INFO - Setting next_dagrun for example_skip_dag to 2024-12-11 00:00:00+00:00, run_after=2024-12-12 00:00:00+00:00
[2024-12-12T05:40:03.652+0000] {processor.py:208} INFO - Processing /home/airflow/.local/lib/python3.12/site-packages/airflow/example_dags/example_skip_dag.py took 0.192 seconds
[2024-12-12T05:40:41.490+0000] {processor.py:186} INFO - Started process (PID=334) to work on /home/airflow/.local/lib/python3.12/site-packages/airflow/example_dags/example_skip_dag.py
[2024-12-12T05:40:41.498+0000] {processor.py:914} INFO - Processing file /home/airflow/.local/lib/python3.12/site-packages/airflow/example_dags/example_skip_dag.py for tasks to queue
[2024-12-12T05:40:41.514+0000] {logging_mixin.py:190} INFO - [2024-12-12T05:40:41.513+0000] {dagbag.py:588} INFO - Filling up the DagBag from /home/airflow/.local/lib/python3.12/site-packages/airflow/example_dags/example_skip_dag.py
[2024-12-12T05:40:41.526+0000] {processor.py:925} INFO - DAG(s) 'example_skip_dag' retrieved from /home/airflow/.local/lib/python3.12/site-packages/airflow/example_dags/example_skip_dag.py
[2024-12-12T05:40:41.566+0000] {logging_mixin.py:190} INFO - [2024-12-12T05:40:41.566+0000] {dag.py:3239} INFO - Sync 1 DAGs
[2024-12-12T05:40:41.601+0000] {logging_mixin.py:190} INFO - [2024-12-12T05:40:41.600+0000] {dag.py:4180} INFO - Setting next_dagrun for example_skip_dag to 2024-12-11 00:00:00+00:00, run_after=2024-12-12 00:00:00+00:00
[2024-12-12T05:40:41.684+0000] {processor.py:208} INFO - Processing /home/airflow/.local/lib/python3.12/site-packages/airflow/example_dags/example_skip_dag.py took 0.200 seconds
[2024-12-12T05:41:22.942+0000] {processor.py:186} INFO - Started process (PID=398) to work on /home/airflow/.local/lib/python3.12/site-packages/airflow/example_dags/example_skip_dag.py
[2024-12-12T05:41:22.961+0000] {processor.py:914} INFO - Processing file /home/airflow/.local/lib/python3.12/site-packages/airflow/example_dags/example_skip_dag.py for tasks to queue
[2024-12-12T05:41:22.976+0000] {logging_mixin.py:190} INFO - [2024-12-12T05:41:22.975+0000] {dagbag.py:588} INFO - Filling up the DagBag from /home/airflow/.local/lib/python3.12/site-packages/airflow/example_dags/example_skip_dag.py
[2024-12-12T05:41:23.028+0000] {processor.py:925} INFO - DAG(s) 'example_skip_dag' retrieved from /home/airflow/.local/lib/python3.12/site-packages/airflow/example_dags/example_skip_dag.py
[2024-12-12T05:41:23.109+0000] {logging_mixin.py:190} INFO - [2024-12-12T05:41:23.109+0000] {dag.py:3239} INFO - Sync 1 DAGs
[2024-12-12T05:41:23.198+0000] {logging_mixin.py:190} INFO - [2024-12-12T05:41:23.198+0000] {dag.py:4180} INFO - Setting next_dagrun for example_skip_dag to 2024-12-11 00:00:00+00:00, run_after=2024-12-12 00:00:00+00:00
[2024-12-12T05:41:23.285+0000] {processor.py:208} INFO - Processing /home/airflow/.local/lib/python3.12/site-packages/airflow/example_dags/example_skip_dag.py took 0.377 seconds
[2024-12-12T05:41:57.148+0000] {processor.py:186} INFO - Started process (PID=462) to work on /home/airflow/.local/lib/python3.12/site-packages/airflow/example_dags/example_skip_dag.py
[2024-12-12T05:41:57.158+0000] {processor.py:914} INFO - Processing file /home/airflow/.local/lib/python3.12/site-packages/airflow/example_dags/example_skip_dag.py for tasks to queue
[2024-12-12T05:41:57.214+0000] {logging_mixin.py:190} INFO - [2024-12-12T05:41:57.213+0000] {dagbag.py:588} INFO - Filling up the DagBag from /home/airflow/.local/lib/python3.12/site-packages/airflow/example_dags/example_skip_dag.py
[2024-12-12T05:41:57.403+0000] {processor.py:925} INFO - DAG(s) 'example_skip_dag' retrieved from /home/airflow/.local/lib/python3.12/site-packages/airflow/example_dags/example_skip_dag.py
[2024-12-12T05:41:57.744+0000] {logging_mixin.py:190} INFO - [2024-12-12T05:41:57.743+0000] {dag.py:3239} INFO - Sync 1 DAGs
[2024-12-12T05:41:57.849+0000] {logging_mixin.py:190} INFO - [2024-12-12T05:41:57.849+0000] {dag.py:4180} INFO - Setting next_dagrun for example_skip_dag to 2024-12-11 00:00:00+00:00, run_after=2024-12-12 00:00:00+00:00
[2024-12-12T05:41:58.183+0000] {processor.py:208} INFO - Processing /home/airflow/.local/lib/python3.12/site-packages/airflow/example_dags/example_skip_dag.py took 1.293 seconds
[2024-12-12T05:42:28.790+0000] {processor.py:186} INFO - Started process (PID=525) to work on /home/airflow/.local/lib/python3.12/site-packages/airflow/example_dags/example_skip_dag.py
[2024-12-12T05:42:28.792+0000] {processor.py:914} INFO - Processing file /home/airflow/.local/lib/python3.12/site-packages/airflow/example_dags/example_skip_dag.py for tasks to queue
[2024-12-12T05:42:28.794+0000] {logging_mixin.py:190} INFO - [2024-12-12T05:42:28.794+0000] {dagbag.py:588} INFO - Filling up the DagBag from /home/airflow/.local/lib/python3.12/site-packages/airflow/example_dags/example_skip_dag.py
[2024-12-12T05:42:28.801+0000] {processor.py:925} INFO - DAG(s) 'example_skip_dag' retrieved from /home/airflow/.local/lib/python3.12/site-packages/airflow/example_dags/example_skip_dag.py
[2024-12-12T05:42:28.816+0000] {logging_mixin.py:190} INFO - [2024-12-12T05:42:28.816+0000] {dag.py:3239} INFO - Sync 1 DAGs
[2024-12-12T05:42:28.830+0000] {logging_mixin.py:190} INFO - [2024-12-12T05:42:28.830+0000] {dag.py:4180} INFO - Setting next_dagrun for example_skip_dag to 2024-12-11 00:00:00+00:00, run_after=2024-12-12 00:00:00+00:00
[2024-12-12T05:42:28.844+0000] {processor.py:208} INFO - Processing /home/airflow/.local/lib/python3.12/site-packages/airflow/example_dags/example_skip_dag.py took 0.064 seconds
[2024-12-12T05:43:00.063+0000] {processor.py:186} INFO - Started process (PID=589) to work on /home/airflow/.local/lib/python3.12/site-packages/airflow/example_dags/example_skip_dag.py
[2024-12-12T05:43:00.066+0000] {processor.py:914} INFO - Processing file /home/airflow/.local/lib/python3.12/site-packages/airflow/example_dags/example_skip_dag.py for tasks to queue
[2024-12-12T05:43:00.067+0000] {logging_mixin.py:190} INFO - [2024-12-12T05:43:00.067+0000] {dagbag.py:588} INFO - Filling up the DagBag from /home/airflow/.local/lib/python3.12/site-packages/airflow/example_dags/example_skip_dag.py
[2024-12-12T05:43:00.073+0000] {processor.py:925} INFO - DAG(s) 'example_skip_dag' retrieved from /home/airflow/.local/lib/python3.12/site-packages/airflow/example_dags/example_skip_dag.py
[2024-12-12T05:43:00.099+0000] {logging_mixin.py:190} INFO - [2024-12-12T05:43:00.099+0000] {dag.py:3239} INFO - Sync 1 DAGs
[2024-12-12T05:43:00.113+0000] {logging_mixin.py:190} INFO - [2024-12-12T05:43:00.113+0000] {dag.py:4180} INFO - Setting next_dagrun for example_skip_dag to 2024-12-11 00:00:00+00:00, run_after=2024-12-12 00:00:00+00:00
[2024-12-12T05:43:00.125+0000] {processor.py:208} INFO - Processing /home/airflow/.local/lib/python3.12/site-packages/airflow/example_dags/example_skip_dag.py took 0.066 seconds
[2024-12-12T05:43:32.690+0000] {processor.py:186} INFO - Started process (PID=657) to work on /home/airflow/.local/lib/python3.12/site-packages/airflow/example_dags/example_skip_dag.py
[2024-12-12T05:43:32.691+0000] {processor.py:914} INFO - Processing file /home/airflow/.local/lib/python3.12/site-packages/airflow/example_dags/example_skip_dag.py for tasks to queue
[2024-12-12T05:43:32.693+0000] {logging_mixin.py:190} INFO - [2024-12-12T05:43:32.693+0000] {dagbag.py:588} INFO - Filling up the DagBag from /home/airflow/.local/lib/python3.12/site-packages/airflow/example_dags/example_skip_dag.py
[2024-12-12T05:43:32.701+0000] {processor.py:925} INFO - DAG(s) 'example_skip_dag' retrieved from /home/airflow/.local/lib/python3.12/site-packages/airflow/example_dags/example_skip_dag.py
[2024-12-12T05:43:32.722+0000] {logging_mixin.py:190} INFO - [2024-12-12T05:43:32.722+0000] {dag.py:3239} INFO - Sync 1 DAGs
[2024-12-12T05:43:32.738+0000] {logging_mixin.py:190} INFO - [2024-12-12T05:43:32.738+0000] {dag.py:4180} INFO - Setting next_dagrun for example_skip_dag to 2024-12-11 00:00:00+00:00, run_after=2024-12-12 00:00:00+00:00
[2024-12-12T05:43:32.751+0000] {processor.py:208} INFO - Processing /home/airflow/.local/lib/python3.12/site-packages/airflow/example_dags/example_skip_dag.py took 0.069 seconds
[2024-12-12T05:45:17.072+0000] {processor.py:186} INFO - Started process (PID=82) to work on /home/airflow/.local/lib/python3.12/site-packages/airflow/example_dags/example_skip_dag.py
[2024-12-12T05:45:17.075+0000] {processor.py:914} INFO - Processing file /home/airflow/.local/lib/python3.12/site-packages/airflow/example_dags/example_skip_dag.py for tasks to queue
[2024-12-12T05:45:17.077+0000] {logging_mixin.py:190} INFO - [2024-12-12T05:45:17.077+0000] {dagbag.py:588} INFO - Filling up the DagBag from /home/airflow/.local/lib/python3.12/site-packages/airflow/example_dags/example_skip_dag.py
[2024-12-12T05:45:17.086+0000] {processor.py:925} INFO - DAG(s) 'example_skip_dag' retrieved from /home/airflow/.local/lib/python3.12/site-packages/airflow/example_dags/example_skip_dag.py
[2024-12-12T05:45:17.113+0000] {logging_mixin.py:190} INFO - [2024-12-12T05:45:17.113+0000] {dag.py:3239} INFO - Sync 1 DAGs
[2024-12-12T05:45:17.135+0000] {logging_mixin.py:190} INFO - [2024-12-12T05:45:17.135+0000] {dag.py:4180} INFO - Setting next_dagrun for example_skip_dag to 2024-12-11 00:00:00+00:00, run_after=2024-12-12 00:00:00+00:00
[2024-12-12T05:45:17.160+0000] {processor.py:208} INFO - Processing /home/airflow/.local/lib/python3.12/site-packages/airflow/example_dags/example_skip_dag.py took 0.093 seconds
[2024-12-12T05:45:49.157+0000] {processor.py:186} INFO - Started process (PID=146) to work on /home/airflow/.local/lib/python3.12/site-packages/airflow/example_dags/example_skip_dag.py
[2024-12-12T05:45:49.165+0000] {processor.py:914} INFO - Processing file /home/airflow/.local/lib/python3.12/site-packages/airflow/example_dags/example_skip_dag.py for tasks to queue
[2024-12-12T05:45:49.172+0000] {logging_mixin.py:190} INFO - [2024-12-12T05:45:49.172+0000] {dagbag.py:588} INFO - Filling up the DagBag from /home/airflow/.local/lib/python3.12/site-packages/airflow/example_dags/example_skip_dag.py
[2024-12-12T05:45:49.186+0000] {processor.py:925} INFO - DAG(s) 'example_skip_dag' retrieved from /home/airflow/.local/lib/python3.12/site-packages/airflow/example_dags/example_skip_dag.py
[2024-12-12T05:45:49.213+0000] {logging_mixin.py:190} INFO - [2024-12-12T05:45:49.213+0000] {dag.py:3239} INFO - Sync 1 DAGs
[2024-12-12T05:45:49.245+0000] {logging_mixin.py:190} INFO - [2024-12-12T05:45:49.245+0000] {dag.py:4180} INFO - Setting next_dagrun for example_skip_dag to 2024-12-11 00:00:00+00:00, run_after=2024-12-12 00:00:00+00:00
[2024-12-12T05:45:49.315+0000] {processor.py:208} INFO - Processing /home/airflow/.local/lib/python3.12/site-packages/airflow/example_dags/example_skip_dag.py took 0.164 seconds
[2024-12-12T05:46:20.771+0000] {processor.py:186} INFO - Started process (PID=209) to work on /home/airflow/.local/lib/python3.12/site-packages/airflow/example_dags/example_skip_dag.py
[2024-12-12T05:46:20.771+0000] {processor.py:914} INFO - Processing file /home/airflow/.local/lib/python3.12/site-packages/airflow/example_dags/example_skip_dag.py for tasks to queue
[2024-12-12T05:46:20.773+0000] {logging_mixin.py:190} INFO - [2024-12-12T05:46:20.773+0000] {dagbag.py:588} INFO - Filling up the DagBag from /home/airflow/.local/lib/python3.12/site-packages/airflow/example_dags/example_skip_dag.py
[2024-12-12T05:46:20.779+0000] {processor.py:925} INFO - DAG(s) 'example_skip_dag' retrieved from /home/airflow/.local/lib/python3.12/site-packages/airflow/example_dags/example_skip_dag.py
[2024-12-12T05:46:20.799+0000] {logging_mixin.py:190} INFO - [2024-12-12T05:46:20.799+0000] {dag.py:3239} INFO - Sync 1 DAGs
[2024-12-12T05:46:20.812+0000] {logging_mixin.py:190} INFO - [2024-12-12T05:46:20.812+0000] {dag.py:4180} INFO - Setting next_dagrun for example_skip_dag to 2024-12-11 00:00:00+00:00, run_after=2024-12-12 00:00:00+00:00
[2024-12-12T05:46:20.823+0000] {processor.py:208} INFO - Processing /home/airflow/.local/lib/python3.12/site-packages/airflow/example_dags/example_skip_dag.py took 0.056 seconds
