[2024-12-12T05:36:39.883+0000] {processor.py:186} INFO - Started process (PID=80) to work on /home/airflow/.local/lib/python3.12/site-packages/airflow/example_dags/example_inlet_event_extra.py
[2024-12-12T05:36:39.884+0000] {processor.py:914} INFO - Processing file /home/airflow/.local/lib/python3.12/site-packages/airflow/example_dags/example_inlet_event_extra.py for tasks to queue
[2024-12-12T05:36:39.887+0000] {logging_mixin.py:190} INFO - [2024-12-12T05:36:39.886+0000] {dagbag.py:588} INFO - Filling up the DagBag from /home/airflow/.local/lib/python3.12/site-packages/airflow/example_dags/example_inlet_event_extra.py
[2024-12-12T05:36:41.357+0000] {processor.py:925} INFO - DAG(s) 'read_dataset_event', 'read_dataset_event_from_classic' retrieved from /home/airflow/.local/lib/python3.12/site-packages/airflow/example_dags/example_inlet_event_extra.py
[2024-12-12T05:36:41.435+0000] {logging_mixin.py:190} INFO - [2024-12-12T05:36:41.434+0000] {override.py:1911} INFO - Created Permission View: can delete on DAG:read_dataset_event
[2024-12-12T05:36:41.456+0000] {logging_mixin.py:190} INFO - [2024-12-12T05:36:41.455+0000] {override.py:1911} INFO - Created Permission View: can edit on DAG:read_dataset_event
[2024-12-12T05:36:41.460+0000] {logging_mixin.py:190} INFO - [2024-12-12T05:36:41.459+0000] {override.py:1911} INFO - Created Permission View: can read on DAG:read_dataset_event
[2024-12-12T05:36:41.465+0000] {logging_mixin.py:190} INFO - [2024-12-12T05:36:41.464+0000] {override.py:1911} INFO - Created Permission View: can delete on DAG Run:read_dataset_event
[2024-12-12T05:36:41.468+0000] {logging_mixin.py:190} INFO - [2024-12-12T05:36:41.468+0000] {override.py:1911} INFO - Created Permission View: menu access on DAG Run:read_dataset_event
[2024-12-12T05:36:41.472+0000] {logging_mixin.py:190} INFO - [2024-12-12T05:36:41.471+0000] {override.py:1911} INFO - Created Permission View: can create on DAG Run:read_dataset_event
[2024-12-12T05:36:41.476+0000] {logging_mixin.py:190} INFO - [2024-12-12T05:36:41.476+0000] {override.py:1911} INFO - Created Permission View: can read on DAG Run:read_dataset_event
[2024-12-12T05:36:41.483+0000] {logging_mixin.py:190} INFO - [2024-12-12T05:36:41.483+0000] {override.py:1911} INFO - Created Permission View: can delete on DAG:read_dataset_event_from_classic
[2024-12-12T05:36:41.487+0000] {logging_mixin.py:190} INFO - [2024-12-12T05:36:41.487+0000] {override.py:1911} INFO - Created Permission View: can edit on DAG:read_dataset_event_from_classic
[2024-12-12T05:36:41.490+0000] {logging_mixin.py:190} INFO - [2024-12-12T05:36:41.490+0000] {override.py:1911} INFO - Created Permission View: can read on DAG:read_dataset_event_from_classic
[2024-12-12T05:36:41.494+0000] {logging_mixin.py:190} INFO - [2024-12-12T05:36:41.493+0000] {override.py:1911} INFO - Created Permission View: can delete on DAG Run:read_dataset_event_from_classic
[2024-12-12T05:36:41.497+0000] {logging_mixin.py:190} INFO - [2024-12-12T05:36:41.497+0000] {override.py:1911} INFO - Created Permission View: menu access on DAG Run:read_dataset_event_from_classic
[2024-12-12T05:36:41.500+0000] {logging_mixin.py:190} INFO - [2024-12-12T05:36:41.499+0000] {override.py:1911} INFO - Created Permission View: can create on DAG Run:read_dataset_event_from_classic
[2024-12-12T05:36:41.503+0000] {logging_mixin.py:190} INFO - [2024-12-12T05:36:41.503+0000] {override.py:1911} INFO - Created Permission View: can read on DAG Run:read_dataset_event_from_classic
[2024-12-12T05:36:41.504+0000] {logging_mixin.py:190} INFO - [2024-12-12T05:36:41.504+0000] {dag.py:3239} INFO - Sync 2 DAGs
[2024-12-12T05:36:41.511+0000] {logging_mixin.py:190} INFO - [2024-12-12T05:36:41.511+0000] {dag.py:3262} INFO - Creating ORM DAG for read_dataset_event
[2024-12-12T05:36:41.512+0000] {logging_mixin.py:190} INFO - [2024-12-12T05:36:41.512+0000] {dag.py:3262} INFO - Creating ORM DAG for read_dataset_event_from_classic
[2024-12-12T05:36:41.523+0000] {logging_mixin.py:190} INFO - [2024-12-12T05:36:41.523+0000] {dag.py:4180} INFO - Setting next_dagrun for read_dataset_event to 2024-12-11 00:00:00+00:00, run_after=2024-12-12 00:00:00+00:00
[2024-12-12T05:36:41.542+0000] {logging_mixin.py:190} INFO - [2024-12-12T05:36:41.541+0000] {dag.py:4180} INFO - Setting next_dagrun for read_dataset_event_from_classic to 2024-12-11 00:00:00+00:00, run_after=2024-12-12 00:00:00+00:00
[2024-12-12T05:36:41.624+0000] {processor.py:208} INFO - Processing /home/airflow/.local/lib/python3.12/site-packages/airflow/example_dags/example_inlet_event_extra.py took 1.747 seconds
[2024-12-12T05:37:12.763+0000] {processor.py:186} INFO - Started process (PID=144) to work on /home/airflow/.local/lib/python3.12/site-packages/airflow/example_dags/example_inlet_event_extra.py
[2024-12-12T05:37:12.772+0000] {processor.py:914} INFO - Processing file /home/airflow/.local/lib/python3.12/site-packages/airflow/example_dags/example_inlet_event_extra.py for tasks to queue
[2024-12-12T05:37:12.780+0000] {logging_mixin.py:190} INFO - [2024-12-12T05:37:12.780+0000] {dagbag.py:588} INFO - Filling up the DagBag from /home/airflow/.local/lib/python3.12/site-packages/airflow/example_dags/example_inlet_event_extra.py
[2024-12-12T05:37:16.667+0000] {processor.py:925} INFO - DAG(s) 'read_dataset_event_from_classic', 'read_dataset_event' retrieved from /home/airflow/.local/lib/python3.12/site-packages/airflow/example_dags/example_inlet_event_extra.py
[2024-12-12T05:37:16.850+0000] {logging_mixin.py:190} INFO - [2024-12-12T05:37:16.849+0000] {dag.py:3239} INFO - Sync 2 DAGs
[2024-12-12T05:37:16.963+0000] {logging_mixin.py:190} INFO - [2024-12-12T05:37:16.963+0000] {dag.py:4180} INFO - Setting next_dagrun for read_dataset_event to 2024-12-11 00:00:00+00:00, run_after=2024-12-12 00:00:00+00:00
[2024-12-12T05:37:16.979+0000] {logging_mixin.py:190} INFO - [2024-12-12T05:37:16.978+0000] {dag.py:4180} INFO - Setting next_dagrun for read_dataset_event_from_classic to 2024-12-11 00:00:00+00:00, run_after=2024-12-12 00:00:00+00:00
[2024-12-12T05:37:17.077+0000] {processor.py:208} INFO - Processing /home/airflow/.local/lib/python3.12/site-packages/airflow/example_dags/example_inlet_event_extra.py took 4.329 seconds
[2024-12-12T05:37:47.881+0000] {processor.py:186} INFO - Started process (PID=208) to work on /home/airflow/.local/lib/python3.12/site-packages/airflow/example_dags/example_inlet_event_extra.py
[2024-12-12T05:37:47.884+0000] {processor.py:914} INFO - Processing file /home/airflow/.local/lib/python3.12/site-packages/airflow/example_dags/example_inlet_event_extra.py for tasks to queue
[2024-12-12T05:37:47.892+0000] {logging_mixin.py:190} INFO - [2024-12-12T05:37:47.892+0000] {dagbag.py:588} INFO - Filling up the DagBag from /home/airflow/.local/lib/python3.12/site-packages/airflow/example_dags/example_inlet_event_extra.py
[2024-12-12T05:37:48.799+0000] {processor.py:925} INFO - DAG(s) 'read_dataset_event', 'read_dataset_event_from_classic' retrieved from /home/airflow/.local/lib/python3.12/site-packages/airflow/example_dags/example_inlet_event_extra.py
[2024-12-12T05:37:48.825+0000] {logging_mixin.py:190} INFO - [2024-12-12T05:37:48.824+0000] {dag.py:3239} INFO - Sync 2 DAGs
[2024-12-12T05:37:48.842+0000] {logging_mixin.py:190} INFO - [2024-12-12T05:37:48.842+0000] {dag.py:4180} INFO - Setting next_dagrun for read_dataset_event to 2024-12-11 00:00:00+00:00, run_after=2024-12-12 00:00:00+00:00
[2024-12-12T05:37:48.845+0000] {logging_mixin.py:190} INFO - [2024-12-12T05:37:48.845+0000] {dag.py:4180} INFO - Setting next_dagrun for read_dataset_event_from_classic to 2024-12-11 00:00:00+00:00, run_after=2024-12-12 00:00:00+00:00
[2024-12-12T05:37:48.855+0000] {processor.py:208} INFO - Processing /home/airflow/.local/lib/python3.12/site-packages/airflow/example_dags/example_inlet_event_extra.py took 0.987 seconds
[2024-12-12T05:38:26.256+0000] {processor.py:186} INFO - Started process (PID=73) to work on /home/airflow/.local/lib/python3.12/site-packages/airflow/example_dags/example_inlet_event_extra.py
[2024-12-12T05:38:26.257+0000] {processor.py:914} INFO - Processing file /home/airflow/.local/lib/python3.12/site-packages/airflow/example_dags/example_inlet_event_extra.py for tasks to queue
[2024-12-12T05:38:26.260+0000] {logging_mixin.py:190} INFO - [2024-12-12T05:38:26.260+0000] {dagbag.py:588} INFO - Filling up the DagBag from /home/airflow/.local/lib/python3.12/site-packages/airflow/example_dags/example_inlet_event_extra.py
[2024-12-12T05:38:27.054+0000] {processor.py:925} INFO - DAG(s) 'read_dataset_event_from_classic', 'read_dataset_event' retrieved from /home/airflow/.local/lib/python3.12/site-packages/airflow/example_dags/example_inlet_event_extra.py
[2024-12-12T05:38:27.077+0000] {logging_mixin.py:190} INFO - [2024-12-12T05:38:27.077+0000] {dag.py:3239} INFO - Sync 2 DAGs
[2024-12-12T05:38:27.103+0000] {logging_mixin.py:190} INFO - [2024-12-12T05:38:27.103+0000] {dag.py:4180} INFO - Setting next_dagrun for read_dataset_event to 2024-12-11 00:00:00+00:00, run_after=2024-12-12 00:00:00+00:00
[2024-12-12T05:38:27.107+0000] {logging_mixin.py:190} INFO - [2024-12-12T05:38:27.107+0000] {dag.py:4180} INFO - Setting next_dagrun for read_dataset_event_from_classic to 2024-12-11 00:00:00+00:00, run_after=2024-12-12 00:00:00+00:00
[2024-12-12T05:38:27.127+0000] {processor.py:208} INFO - Processing /home/airflow/.local/lib/python3.12/site-packages/airflow/example_dags/example_inlet_event_extra.py took 0.879 seconds
[2024-12-12T05:38:57.191+0000] {processor.py:186} INFO - Started process (PID=139) to work on /home/airflow/.local/lib/python3.12/site-packages/airflow/example_dags/example_inlet_event_extra.py
[2024-12-12T05:38:57.193+0000] {processor.py:914} INFO - Processing file /home/airflow/.local/lib/python3.12/site-packages/airflow/example_dags/example_inlet_event_extra.py for tasks to queue
[2024-12-12T05:38:57.196+0000] {logging_mixin.py:190} INFO - [2024-12-12T05:38:57.196+0000] {dagbag.py:588} INFO - Filling up the DagBag from /home/airflow/.local/lib/python3.12/site-packages/airflow/example_dags/example_inlet_event_extra.py
[2024-12-12T05:38:58.082+0000] {processor.py:925} INFO - DAG(s) 'read_dataset_event_from_classic', 'read_dataset_event' retrieved from /home/airflow/.local/lib/python3.12/site-packages/airflow/example_dags/example_inlet_event_extra.py
[2024-12-12T05:38:58.098+0000] {logging_mixin.py:190} INFO - [2024-12-12T05:38:58.098+0000] {dag.py:3239} INFO - Sync 2 DAGs
[2024-12-12T05:38:58.117+0000] {logging_mixin.py:190} INFO - [2024-12-12T05:38:58.117+0000] {dag.py:4180} INFO - Setting next_dagrun for read_dataset_event to 2024-12-11 00:00:00+00:00, run_after=2024-12-12 00:00:00+00:00
[2024-12-12T05:38:58.121+0000] {logging_mixin.py:190} INFO - [2024-12-12T05:38:58.120+0000] {dag.py:4180} INFO - Setting next_dagrun for read_dataset_event_from_classic to 2024-12-11 00:00:00+00:00, run_after=2024-12-12 00:00:00+00:00
[2024-12-12T05:38:58.138+0000] {processor.py:208} INFO - Processing /home/airflow/.local/lib/python3.12/site-packages/airflow/example_dags/example_inlet_event_extra.py took 0.951 seconds
[2024-12-12T05:39:30.997+0000] {processor.py:186} INFO - Started process (PID=205) to work on /home/airflow/.local/lib/python3.12/site-packages/airflow/example_dags/example_inlet_event_extra.py
[2024-12-12T05:39:31.001+0000] {processor.py:914} INFO - Processing file /home/airflow/.local/lib/python3.12/site-packages/airflow/example_dags/example_inlet_event_extra.py for tasks to queue
[2024-12-12T05:39:31.007+0000] {logging_mixin.py:190} INFO - [2024-12-12T05:39:31.007+0000] {dagbag.py:588} INFO - Filling up the DagBag from /home/airflow/.local/lib/python3.12/site-packages/airflow/example_dags/example_inlet_event_extra.py
[2024-12-12T05:39:31.746+0000] {processor.py:925} INFO - DAG(s) 'read_dataset_event', 'read_dataset_event_from_classic' retrieved from /home/airflow/.local/lib/python3.12/site-packages/airflow/example_dags/example_inlet_event_extra.py
[2024-12-12T05:39:31.779+0000] {logging_mixin.py:190} INFO - [2024-12-12T05:39:31.779+0000] {dag.py:3239} INFO - Sync 2 DAGs
[2024-12-12T05:39:31.799+0000] {logging_mixin.py:190} INFO - [2024-12-12T05:39:31.799+0000] {dag.py:4180} INFO - Setting next_dagrun for read_dataset_event to 2024-12-11 00:00:00+00:00, run_after=2024-12-12 00:00:00+00:00
[2024-12-12T05:39:31.805+0000] {logging_mixin.py:190} INFO - [2024-12-12T05:39:31.805+0000] {dag.py:4180} INFO - Setting next_dagrun for read_dataset_event_from_classic to 2024-12-11 00:00:00+00:00, run_after=2024-12-12 00:00:00+00:00
[2024-12-12T05:39:31.833+0000] {processor.py:208} INFO - Processing /home/airflow/.local/lib/python3.12/site-packages/airflow/example_dags/example_inlet_event_extra.py took 0.840 seconds
[2024-12-12T05:40:02.347+0000] {processor.py:186} INFO - Started process (PID=268) to work on /home/airflow/.local/lib/python3.12/site-packages/airflow/example_dags/example_inlet_event_extra.py
[2024-12-12T05:40:02.349+0000] {processor.py:914} INFO - Processing file /home/airflow/.local/lib/python3.12/site-packages/airflow/example_dags/example_inlet_event_extra.py for tasks to queue
[2024-12-12T05:40:02.351+0000] {logging_mixin.py:190} INFO - [2024-12-12T05:40:02.351+0000] {dagbag.py:588} INFO - Filling up the DagBag from /home/airflow/.local/lib/python3.12/site-packages/airflow/example_dags/example_inlet_event_extra.py
[2024-12-12T05:40:03.274+0000] {processor.py:925} INFO - DAG(s) 'read_dataset_event_from_classic', 'read_dataset_event' retrieved from /home/airflow/.local/lib/python3.12/site-packages/airflow/example_dags/example_inlet_event_extra.py
[2024-12-12T05:40:03.306+0000] {logging_mixin.py:190} INFO - [2024-12-12T05:40:03.305+0000] {dag.py:3239} INFO - Sync 2 DAGs
[2024-12-12T05:40:03.335+0000] {logging_mixin.py:190} INFO - [2024-12-12T05:40:03.334+0000] {dag.py:4180} INFO - Setting next_dagrun for read_dataset_event to 2024-12-11 00:00:00+00:00, run_after=2024-12-12 00:00:00+00:00
[2024-12-12T05:40:03.342+0000] {logging_mixin.py:190} INFO - [2024-12-12T05:40:03.342+0000] {dag.py:4180} INFO - Setting next_dagrun for read_dataset_event_from_classic to 2024-12-11 00:00:00+00:00, run_after=2024-12-12 00:00:00+00:00
[2024-12-12T05:40:03.364+0000] {processor.py:208} INFO - Processing /home/airflow/.local/lib/python3.12/site-packages/airflow/example_dags/example_inlet_event_extra.py took 1.024 seconds
[2024-12-12T05:40:36.447+0000] {processor.py:186} INFO - Started process (PID=332) to work on /home/airflow/.local/lib/python3.12/site-packages/airflow/example_dags/example_inlet_event_extra.py
[2024-12-12T05:40:36.457+0000] {processor.py:914} INFO - Processing file /home/airflow/.local/lib/python3.12/site-packages/airflow/example_dags/example_inlet_event_extra.py for tasks to queue
[2024-12-12T05:40:36.466+0000] {logging_mixin.py:190} INFO - [2024-12-12T05:40:36.465+0000] {dagbag.py:588} INFO - Filling up the DagBag from /home/airflow/.local/lib/python3.12/site-packages/airflow/example_dags/example_inlet_event_extra.py
[2024-12-12T05:40:41.242+0000] {processor.py:925} INFO - DAG(s) 'read_dataset_event_from_classic', 'read_dataset_event' retrieved from /home/airflow/.local/lib/python3.12/site-packages/airflow/example_dags/example_inlet_event_extra.py
[2024-12-12T05:40:41.285+0000] {logging_mixin.py:190} INFO - [2024-12-12T05:40:41.285+0000] {dag.py:3239} INFO - Sync 2 DAGs
[2024-12-12T05:40:41.316+0000] {logging_mixin.py:190} INFO - [2024-12-12T05:40:41.316+0000] {dag.py:4180} INFO - Setting next_dagrun for read_dataset_event to 2024-12-11 00:00:00+00:00, run_after=2024-12-12 00:00:00+00:00
[2024-12-12T05:40:41.321+0000] {logging_mixin.py:190} INFO - [2024-12-12T05:40:41.321+0000] {dag.py:4180} INFO - Setting next_dagrun for read_dataset_event_from_classic to 2024-12-11 00:00:00+00:00, run_after=2024-12-12 00:00:00+00:00
[2024-12-12T05:40:41.341+0000] {processor.py:208} INFO - Processing /home/airflow/.local/lib/python3.12/site-packages/airflow/example_dags/example_inlet_event_extra.py took 4.925 seconds
[2024-12-12T05:41:13.616+0000] {processor.py:186} INFO - Started process (PID=396) to work on /home/airflow/.local/lib/python3.12/site-packages/airflow/example_dags/example_inlet_event_extra.py
[2024-12-12T05:41:13.620+0000] {processor.py:914} INFO - Processing file /home/airflow/.local/lib/python3.12/site-packages/airflow/example_dags/example_inlet_event_extra.py for tasks to queue
[2024-12-12T05:41:13.622+0000] {logging_mixin.py:190} INFO - [2024-12-12T05:41:13.621+0000] {dagbag.py:588} INFO - Filling up the DagBag from /home/airflow/.local/lib/python3.12/site-packages/airflow/example_dags/example_inlet_event_extra.py
[2024-12-12T05:41:21.055+0000] {processor.py:925} INFO - DAG(s) 'read_dataset_event', 'read_dataset_event_from_classic' retrieved from /home/airflow/.local/lib/python3.12/site-packages/airflow/example_dags/example_inlet_event_extra.py
[2024-12-12T05:41:21.295+0000] {logging_mixin.py:190} INFO - [2024-12-12T05:41:21.294+0000] {dag.py:3239} INFO - Sync 2 DAGs
[2024-12-12T05:41:21.602+0000] {logging_mixin.py:190} INFO - [2024-12-12T05:41:21.602+0000] {dag.py:4180} INFO - Setting next_dagrun for read_dataset_event to 2024-12-11 00:00:00+00:00, run_after=2024-12-12 00:00:00+00:00
[2024-12-12T05:41:21.661+0000] {logging_mixin.py:190} INFO - [2024-12-12T05:41:21.661+0000] {dag.py:4180} INFO - Setting next_dagrun for read_dataset_event_from_classic to 2024-12-11 00:00:00+00:00, run_after=2024-12-12 00:00:00+00:00
[2024-12-12T05:41:21.757+0000] {processor.py:208} INFO - Processing /home/airflow/.local/lib/python3.12/site-packages/airflow/example_dags/example_inlet_event_extra.py took 8.146 seconds
[2024-12-12T05:41:52.718+0000] {processor.py:186} INFO - Started process (PID=460) to work on /home/airflow/.local/lib/python3.12/site-packages/airflow/example_dags/example_inlet_event_extra.py
[2024-12-12T05:41:52.722+0000] {processor.py:914} INFO - Processing file /home/airflow/.local/lib/python3.12/site-packages/airflow/example_dags/example_inlet_event_extra.py for tasks to queue
[2024-12-12T05:41:52.728+0000] {logging_mixin.py:190} INFO - [2024-12-12T05:41:52.727+0000] {dagbag.py:588} INFO - Filling up the DagBag from /home/airflow/.local/lib/python3.12/site-packages/airflow/example_dags/example_inlet_event_extra.py
[2024-12-12T05:41:54.216+0000] {processor.py:925} INFO - DAG(s) 'read_dataset_event', 'read_dataset_event_from_classic' retrieved from /home/airflow/.local/lib/python3.12/site-packages/airflow/example_dags/example_inlet_event_extra.py
[2024-12-12T05:41:54.430+0000] {logging_mixin.py:190} INFO - [2024-12-12T05:41:54.428+0000] {dag.py:3239} INFO - Sync 2 DAGs
[2024-12-12T05:41:54.756+0000] {logging_mixin.py:190} INFO - [2024-12-12T05:41:54.755+0000] {dag.py:4180} INFO - Setting next_dagrun for read_dataset_event to 2024-12-11 00:00:00+00:00, run_after=2024-12-12 00:00:00+00:00
[2024-12-12T05:41:54.790+0000] {logging_mixin.py:190} INFO - [2024-12-12T05:41:54.786+0000] {dag.py:4180} INFO - Setting next_dagrun for read_dataset_event_from_classic to 2024-12-11 00:00:00+00:00, run_after=2024-12-12 00:00:00+00:00
[2024-12-12T05:41:55.003+0000] {processor.py:208} INFO - Processing /home/airflow/.local/lib/python3.12/site-packages/airflow/example_dags/example_inlet_event_extra.py took 2.303 seconds
[2024-12-12T05:42:26.223+0000] {processor.py:186} INFO - Started process (PID=522) to work on /home/airflow/.local/lib/python3.12/site-packages/airflow/example_dags/example_inlet_event_extra.py
[2024-12-12T05:42:26.227+0000] {processor.py:914} INFO - Processing file /home/airflow/.local/lib/python3.12/site-packages/airflow/example_dags/example_inlet_event_extra.py for tasks to queue
[2024-12-12T05:42:26.234+0000] {logging_mixin.py:190} INFO - [2024-12-12T05:42:26.233+0000] {dagbag.py:588} INFO - Filling up the DagBag from /home/airflow/.local/lib/python3.12/site-packages/airflow/example_dags/example_inlet_event_extra.py
[2024-12-12T05:42:28.457+0000] {processor.py:925} INFO - DAG(s) 'read_dataset_event_from_classic', 'read_dataset_event' retrieved from /home/airflow/.local/lib/python3.12/site-packages/airflow/example_dags/example_inlet_event_extra.py
[2024-12-12T05:42:28.549+0000] {logging_mixin.py:190} INFO - [2024-12-12T05:42:28.548+0000] {dag.py:3239} INFO - Sync 2 DAGs
[2024-12-12T05:42:28.625+0000] {logging_mixin.py:190} INFO - [2024-12-12T05:42:28.623+0000] {dag.py:4180} INFO - Setting next_dagrun for read_dataset_event to 2024-12-11 00:00:00+00:00, run_after=2024-12-12 00:00:00+00:00
[2024-12-12T05:42:28.653+0000] {logging_mixin.py:190} INFO - [2024-12-12T05:42:28.653+0000] {dag.py:4180} INFO - Setting next_dagrun for read_dataset_event_from_classic to 2024-12-11 00:00:00+00:00, run_after=2024-12-12 00:00:00+00:00
[2024-12-12T05:42:28.676+0000] {processor.py:208} INFO - Processing /home/airflow/.local/lib/python3.12/site-packages/airflow/example_dags/example_inlet_event_extra.py took 2.475 seconds
[2024-12-12T05:42:58.939+0000] {processor.py:186} INFO - Started process (PID=587) to work on /home/airflow/.local/lib/python3.12/site-packages/airflow/example_dags/example_inlet_event_extra.py
[2024-12-12T05:42:58.943+0000] {processor.py:914} INFO - Processing file /home/airflow/.local/lib/python3.12/site-packages/airflow/example_dags/example_inlet_event_extra.py for tasks to queue
[2024-12-12T05:42:58.950+0000] {logging_mixin.py:190} INFO - [2024-12-12T05:42:58.949+0000] {dagbag.py:588} INFO - Filling up the DagBag from /home/airflow/.local/lib/python3.12/site-packages/airflow/example_dags/example_inlet_event_extra.py
[2024-12-12T05:42:59.924+0000] {processor.py:925} INFO - DAG(s) 'read_dataset_event_from_classic', 'read_dataset_event' retrieved from /home/airflow/.local/lib/python3.12/site-packages/airflow/example_dags/example_inlet_event_extra.py
[2024-12-12T05:42:59.945+0000] {logging_mixin.py:190} INFO - [2024-12-12T05:42:59.945+0000] {dag.py:3239} INFO - Sync 2 DAGs
[2024-12-12T05:42:59.975+0000] {logging_mixin.py:190} INFO - [2024-12-12T05:42:59.974+0000] {dag.py:4180} INFO - Setting next_dagrun for read_dataset_event to 2024-12-11 00:00:00+00:00, run_after=2024-12-12 00:00:00+00:00
[2024-12-12T05:42:59.979+0000] {logging_mixin.py:190} INFO - [2024-12-12T05:42:59.979+0000] {dag.py:4180} INFO - Setting next_dagrun for read_dataset_event_from_classic to 2024-12-11 00:00:00+00:00, run_after=2024-12-12 00:00:00+00:00
[2024-12-12T05:42:59.993+0000] {processor.py:208} INFO - Processing /home/airflow/.local/lib/python3.12/site-packages/airflow/example_dags/example_inlet_event_extra.py took 1.070 seconds
[2024-12-12T05:43:30.901+0000] {processor.py:186} INFO - Started process (PID=650) to work on /home/airflow/.local/lib/python3.12/site-packages/airflow/example_dags/example_inlet_event_extra.py
[2024-12-12T05:43:30.902+0000] {processor.py:914} INFO - Processing file /home/airflow/.local/lib/python3.12/site-packages/airflow/example_dags/example_inlet_event_extra.py for tasks to queue
[2024-12-12T05:43:30.904+0000] {logging_mixin.py:190} INFO - [2024-12-12T05:43:30.904+0000] {dagbag.py:588} INFO - Filling up the DagBag from /home/airflow/.local/lib/python3.12/site-packages/airflow/example_dags/example_inlet_event_extra.py
[2024-12-12T05:43:32.496+0000] {processor.py:925} INFO - DAG(s) 'read_dataset_event_from_classic', 'read_dataset_event' retrieved from /home/airflow/.local/lib/python3.12/site-packages/airflow/example_dags/example_inlet_event_extra.py
[2024-12-12T05:43:32.531+0000] {logging_mixin.py:190} INFO - [2024-12-12T05:43:32.531+0000] {dag.py:3239} INFO - Sync 2 DAGs
[2024-12-12T05:43:32.552+0000] {logging_mixin.py:190} INFO - [2024-12-12T05:43:32.551+0000] {dag.py:4180} INFO - Setting next_dagrun for read_dataset_event to 2024-12-11 00:00:00+00:00, run_after=2024-12-12 00:00:00+00:00
[2024-12-12T05:43:32.557+0000] {logging_mixin.py:190} INFO - [2024-12-12T05:43:32.557+0000] {dag.py:4180} INFO - Setting next_dagrun for read_dataset_event_from_classic to 2024-12-11 00:00:00+00:00, run_after=2024-12-12 00:00:00+00:00
[2024-12-12T05:43:32.572+0000] {processor.py:208} INFO - Processing /home/airflow/.local/lib/python3.12/site-packages/airflow/example_dags/example_inlet_event_extra.py took 1.676 seconds
[2024-12-12T05:45:15.218+0000] {processor.py:186} INFO - Started process (PID=80) to work on /home/airflow/.local/lib/python3.12/site-packages/airflow/example_dags/example_inlet_event_extra.py
[2024-12-12T05:45:15.220+0000] {processor.py:914} INFO - Processing file /home/airflow/.local/lib/python3.12/site-packages/airflow/example_dags/example_inlet_event_extra.py for tasks to queue
[2024-12-12T05:45:15.222+0000] {logging_mixin.py:190} INFO - [2024-12-12T05:45:15.222+0000] {dagbag.py:588} INFO - Filling up the DagBag from /home/airflow/.local/lib/python3.12/site-packages/airflow/example_dags/example_inlet_event_extra.py
[2024-12-12T05:45:16.702+0000] {processor.py:925} INFO - DAG(s) 'read_dataset_event', 'read_dataset_event_from_classic' retrieved from /home/airflow/.local/lib/python3.12/site-packages/airflow/example_dags/example_inlet_event_extra.py
[2024-12-12T05:45:16.745+0000] {logging_mixin.py:190} INFO - [2024-12-12T05:45:16.744+0000] {dag.py:3239} INFO - Sync 2 DAGs
[2024-12-12T05:45:16.767+0000] {logging_mixin.py:190} INFO - [2024-12-12T05:45:16.767+0000] {dag.py:4180} INFO - Setting next_dagrun for read_dataset_event to 2024-12-11 00:00:00+00:00, run_after=2024-12-12 00:00:00+00:00
[2024-12-12T05:45:16.770+0000] {logging_mixin.py:190} INFO - [2024-12-12T05:45:16.770+0000] {dag.py:4180} INFO - Setting next_dagrun for read_dataset_event_from_classic to 2024-12-11 00:00:00+00:00, run_after=2024-12-12 00:00:00+00:00
[2024-12-12T05:45:16.791+0000] {processor.py:208} INFO - Processing /home/airflow/.local/lib/python3.12/site-packages/airflow/example_dags/example_inlet_event_extra.py took 1.577 seconds
[2024-12-12T05:45:47.959+0000] {processor.py:186} INFO - Started process (PID=144) to work on /home/airflow/.local/lib/python3.12/site-packages/airflow/example_dags/example_inlet_event_extra.py
[2024-12-12T05:45:47.960+0000] {processor.py:914} INFO - Processing file /home/airflow/.local/lib/python3.12/site-packages/airflow/example_dags/example_inlet_event_extra.py for tasks to queue
[2024-12-12T05:45:47.965+0000] {logging_mixin.py:190} INFO - [2024-12-12T05:45:47.964+0000] {dagbag.py:588} INFO - Filling up the DagBag from /home/airflow/.local/lib/python3.12/site-packages/airflow/example_dags/example_inlet_event_extra.py
[2024-12-12T05:45:48.951+0000] {processor.py:925} INFO - DAG(s) 'read_dataset_event_from_classic', 'read_dataset_event' retrieved from /home/airflow/.local/lib/python3.12/site-packages/airflow/example_dags/example_inlet_event_extra.py
[2024-12-12T05:45:48.987+0000] {logging_mixin.py:190} INFO - [2024-12-12T05:45:48.986+0000] {dag.py:3239} INFO - Sync 2 DAGs
[2024-12-12T05:45:49.013+0000] {logging_mixin.py:190} INFO - [2024-12-12T05:45:49.012+0000] {dag.py:4180} INFO - Setting next_dagrun for read_dataset_event to 2024-12-11 00:00:00+00:00, run_after=2024-12-12 00:00:00+00:00
[2024-12-12T05:45:49.029+0000] {logging_mixin.py:190} INFO - [2024-12-12T05:45:49.029+0000] {dag.py:4180} INFO - Setting next_dagrun for read_dataset_event_from_classic to 2024-12-11 00:00:00+00:00, run_after=2024-12-12 00:00:00+00:00
[2024-12-12T05:45:49.040+0000] {processor.py:208} INFO - Processing /home/airflow/.local/lib/python3.12/site-packages/airflow/example_dags/example_inlet_event_extra.py took 1.091 seconds
[2024-12-12T05:46:20.622+0000] {processor.py:186} INFO - Started process (PID=207) to work on /home/airflow/.local/lib/python3.12/site-packages/airflow/example_dags/example_inlet_event_extra.py
[2024-12-12T05:46:20.623+0000] {processor.py:914} INFO - Processing file /home/airflow/.local/lib/python3.12/site-packages/airflow/example_dags/example_inlet_event_extra.py for tasks to queue
[2024-12-12T05:46:20.625+0000] {logging_mixin.py:190} INFO - [2024-12-12T05:46:20.625+0000] {dagbag.py:588} INFO - Filling up the DagBag from /home/airflow/.local/lib/python3.12/site-packages/airflow/example_dags/example_inlet_event_extra.py
[2024-12-12T05:46:21.045+0000] {processor.py:925} INFO - DAG(s) 'read_dataset_event_from_classic', 'read_dataset_event' retrieved from /home/airflow/.local/lib/python3.12/site-packages/airflow/example_dags/example_inlet_event_extra.py
[2024-12-12T05:46:21.063+0000] {logging_mixin.py:190} INFO - [2024-12-12T05:46:21.063+0000] {dag.py:3239} INFO - Sync 2 DAGs
[2024-12-12T05:46:21.122+0000] {logging_mixin.py:190} INFO - [2024-12-12T05:46:21.109+0000] {dag.py:4180} INFO - Setting next_dagrun for read_dataset_event to 2024-12-11 00:00:00+00:00, run_after=2024-12-12 00:00:00+00:00
[2024-12-12T05:46:21.131+0000] {logging_mixin.py:190} INFO - [2024-12-12T05:46:21.131+0000] {dag.py:4180} INFO - Setting next_dagrun for read_dataset_event_from_classic to 2024-12-11 00:00:00+00:00, run_after=2024-12-12 00:00:00+00:00
[2024-12-12T05:46:21.158+0000] {processor.py:208} INFO - Processing /home/airflow/.local/lib/python3.12/site-packages/airflow/example_dags/example_inlet_event_extra.py took 0.540 seconds
