[2024-12-12T05:36:29.336+0000] {processor.py:186} INFO - Started process (PID=55) to work on /home/airflow/.local/lib/python3.12/site-packages/airflow/example_dags/example_nested_branch_dag.py
[2024-12-12T05:36:29.343+0000] {processor.py:914} INFO - Processing file /home/airflow/.local/lib/python3.12/site-packages/airflow/example_dags/example_nested_branch_dag.py for tasks to queue
[2024-12-12T05:36:29.375+0000] {logging_mixin.py:190} INFO - [2024-12-12T05:36:29.367+0000] {dagbag.py:588} INFO - Filling up the DagBag from /home/airflow/.local/lib/python3.12/site-packages/airflow/example_dags/example_nested_branch_dag.py
[2024-12-12T05:36:29.529+0000] {processor.py:925} INFO - DAG(s) 'example_nested_branch_dag' retrieved from /home/airflow/.local/lib/python3.12/site-packages/airflow/example_dags/example_nested_branch_dag.py
[2024-12-12T05:36:29.785+0000] {logging_mixin.py:190} INFO - [2024-12-12T05:36:29.784+0000] {override.py:1911} INFO - Created Permission View: can delete on DAG:example_nested_branch_dag
[2024-12-12T05:36:29.800+0000] {logging_mixin.py:190} INFO - [2024-12-12T05:36:29.800+0000] {override.py:1911} INFO - Created Permission View: can edit on DAG:example_nested_branch_dag
[2024-12-12T05:36:29.813+0000] {logging_mixin.py:190} INFO - [2024-12-12T05:36:29.813+0000] {override.py:1911} INFO - Created Permission View: can read on DAG:example_nested_branch_dag
[2024-12-12T05:36:29.825+0000] {logging_mixin.py:190} INFO - [2024-12-12T05:36:29.825+0000] {override.py:1911} INFO - Created Permission View: can delete on DAG Run:example_nested_branch_dag
[2024-12-12T05:36:29.837+0000] {logging_mixin.py:190} INFO - [2024-12-12T05:36:29.836+0000] {override.py:1911} INFO - Created Permission View: menu access on DAG Run:example_nested_branch_dag
[2024-12-12T05:36:29.844+0000] {logging_mixin.py:190} INFO - [2024-12-12T05:36:29.843+0000] {override.py:1911} INFO - Created Permission View: can create on DAG Run:example_nested_branch_dag
[2024-12-12T05:36:29.849+0000] {logging_mixin.py:190} INFO - [2024-12-12T05:36:29.848+0000] {override.py:1911} INFO - Created Permission View: can read on DAG Run:example_nested_branch_dag
[2024-12-12T05:36:29.850+0000] {logging_mixin.py:190} INFO - [2024-12-12T05:36:29.849+0000] {dag.py:3239} INFO - Sync 1 DAGs
[2024-12-12T05:36:29.895+0000] {logging_mixin.py:190} INFO - [2024-12-12T05:36:29.895+0000] {dag.py:3262} INFO - Creating ORM DAG for example_nested_branch_dag
[2024-12-12T05:36:29.930+0000] {logging_mixin.py:190} INFO - [2024-12-12T05:36:29.929+0000] {dag.py:4180} INFO - Setting next_dagrun for example_nested_branch_dag to 2024-12-11 00:00:00+00:00, run_after=2024-12-12 00:00:00+00:00
[2024-12-12T05:36:29.970+0000] {processor.py:208} INFO - Processing /home/airflow/.local/lib/python3.12/site-packages/airflow/example_dags/example_nested_branch_dag.py took 0.730 seconds
[2024-12-12T05:37:00.467+0000] {processor.py:186} INFO - Started process (PID=119) to work on /home/airflow/.local/lib/python3.12/site-packages/airflow/example_dags/example_nested_branch_dag.py
[2024-12-12T05:37:00.467+0000] {processor.py:914} INFO - Processing file /home/airflow/.local/lib/python3.12/site-packages/airflow/example_dags/example_nested_branch_dag.py for tasks to queue
[2024-12-12T05:37:00.469+0000] {logging_mixin.py:190} INFO - [2024-12-12T05:37:00.469+0000] {dagbag.py:588} INFO - Filling up the DagBag from /home/airflow/.local/lib/python3.12/site-packages/airflow/example_dags/example_nested_branch_dag.py
[2024-12-12T05:37:00.477+0000] {processor.py:925} INFO - DAG(s) 'example_nested_branch_dag' retrieved from /home/airflow/.local/lib/python3.12/site-packages/airflow/example_dags/example_nested_branch_dag.py
[2024-12-12T05:37:00.489+0000] {logging_mixin.py:190} INFO - [2024-12-12T05:37:00.489+0000] {dag.py:3239} INFO - Sync 1 DAGs
[2024-12-12T05:37:00.501+0000] {logging_mixin.py:190} INFO - [2024-12-12T05:37:00.501+0000] {dag.py:4180} INFO - Setting next_dagrun for example_nested_branch_dag to 2024-12-11 00:00:00+00:00, run_after=2024-12-12 00:00:00+00:00
[2024-12-12T05:37:00.513+0000] {processor.py:208} INFO - Processing /home/airflow/.local/lib/python3.12/site-packages/airflow/example_dags/example_nested_branch_dag.py took 0.049 seconds
[2024-12-12T05:37:31.568+0000] {processor.py:186} INFO - Started process (PID=183) to work on /home/airflow/.local/lib/python3.12/site-packages/airflow/example_dags/example_nested_branch_dag.py
[2024-12-12T05:37:31.572+0000] {processor.py:914} INFO - Processing file /home/airflow/.local/lib/python3.12/site-packages/airflow/example_dags/example_nested_branch_dag.py for tasks to queue
[2024-12-12T05:37:31.581+0000] {logging_mixin.py:190} INFO - [2024-12-12T05:37:31.580+0000] {dagbag.py:588} INFO - Filling up the DagBag from /home/airflow/.local/lib/python3.12/site-packages/airflow/example_dags/example_nested_branch_dag.py
[2024-12-12T05:37:31.638+0000] {processor.py:925} INFO - DAG(s) 'example_nested_branch_dag' retrieved from /home/airflow/.local/lib/python3.12/site-packages/airflow/example_dags/example_nested_branch_dag.py
[2024-12-12T05:37:31.690+0000] {logging_mixin.py:190} INFO - [2024-12-12T05:37:31.690+0000] {dag.py:3239} INFO - Sync 1 DAGs
[2024-12-12T05:37:31.728+0000] {logging_mixin.py:190} INFO - [2024-12-12T05:37:31.728+0000] {dag.py:4180} INFO - Setting next_dagrun for example_nested_branch_dag to 2024-12-11 00:00:00+00:00, run_after=2024-12-12 00:00:00+00:00
[2024-12-12T05:37:31.751+0000] {processor.py:208} INFO - Processing /home/airflow/.local/lib/python3.12/site-packages/airflow/example_dags/example_nested_branch_dag.py took 0.210 seconds
[2024-12-12T05:38:23.188+0000] {processor.py:186} INFO - Started process (PID=48) to work on /home/airflow/.local/lib/python3.12/site-packages/airflow/example_dags/example_nested_branch_dag.py
[2024-12-12T05:38:23.190+0000] {processor.py:914} INFO - Processing file /home/airflow/.local/lib/python3.12/site-packages/airflow/example_dags/example_nested_branch_dag.py for tasks to queue
[2024-12-12T05:38:23.193+0000] {logging_mixin.py:190} INFO - [2024-12-12T05:38:23.192+0000] {dagbag.py:588} INFO - Filling up the DagBag from /home/airflow/.local/lib/python3.12/site-packages/airflow/example_dags/example_nested_branch_dag.py
[2024-12-12T05:38:23.201+0000] {processor.py:925} INFO - DAG(s) 'example_nested_branch_dag' retrieved from /home/airflow/.local/lib/python3.12/site-packages/airflow/example_dags/example_nested_branch_dag.py
[2024-12-12T05:38:23.216+0000] {logging_mixin.py:190} INFO - [2024-12-12T05:38:23.216+0000] {dag.py:3239} INFO - Sync 1 DAGs
[2024-12-12T05:38:23.235+0000] {logging_mixin.py:190} INFO - [2024-12-12T05:38:23.235+0000] {dag.py:4180} INFO - Setting next_dagrun for example_nested_branch_dag to 2024-12-11 00:00:00+00:00, run_after=2024-12-12 00:00:00+00:00
[2024-12-12T05:38:23.249+0000] {processor.py:208} INFO - Processing /home/airflow/.local/lib/python3.12/site-packages/airflow/example_dags/example_nested_branch_dag.py took 0.065 seconds
[2024-12-12T05:38:53.967+0000] {processor.py:186} INFO - Started process (PID=112) to work on /home/airflow/.local/lib/python3.12/site-packages/airflow/example_dags/example_nested_branch_dag.py
[2024-12-12T05:38:53.968+0000] {processor.py:914} INFO - Processing file /home/airflow/.local/lib/python3.12/site-packages/airflow/example_dags/example_nested_branch_dag.py for tasks to queue
[2024-12-12T05:38:53.972+0000] {logging_mixin.py:190} INFO - [2024-12-12T05:38:53.971+0000] {dagbag.py:588} INFO - Filling up the DagBag from /home/airflow/.local/lib/python3.12/site-packages/airflow/example_dags/example_nested_branch_dag.py
[2024-12-12T05:38:53.991+0000] {processor.py:925} INFO - DAG(s) 'example_nested_branch_dag' retrieved from /home/airflow/.local/lib/python3.12/site-packages/airflow/example_dags/example_nested_branch_dag.py
[2024-12-12T05:38:54.036+0000] {logging_mixin.py:190} INFO - [2024-12-12T05:38:54.036+0000] {dag.py:3239} INFO - Sync 1 DAGs
[2024-12-12T05:38:54.065+0000] {logging_mixin.py:190} INFO - [2024-12-12T05:38:54.064+0000] {dag.py:4180} INFO - Setting next_dagrun for example_nested_branch_dag to 2024-12-11 00:00:00+00:00, run_after=2024-12-12 00:00:00+00:00
[2024-12-12T05:38:54.118+0000] {processor.py:208} INFO - Processing /home/airflow/.local/lib/python3.12/site-packages/airflow/example_dags/example_nested_branch_dag.py took 0.156 seconds
[2024-12-12T05:39:25.555+0000] {processor.py:186} INFO - Started process (PID=175) to work on /home/airflow/.local/lib/python3.12/site-packages/airflow/example_dags/example_nested_branch_dag.py
[2024-12-12T05:39:25.564+0000] {processor.py:914} INFO - Processing file /home/airflow/.local/lib/python3.12/site-packages/airflow/example_dags/example_nested_branch_dag.py for tasks to queue
[2024-12-12T05:39:25.568+0000] {logging_mixin.py:190} INFO - [2024-12-12T05:39:25.568+0000] {dagbag.py:588} INFO - Filling up the DagBag from /home/airflow/.local/lib/python3.12/site-packages/airflow/example_dags/example_nested_branch_dag.py
[2024-12-12T05:39:25.586+0000] {processor.py:925} INFO - DAG(s) 'example_nested_branch_dag' retrieved from /home/airflow/.local/lib/python3.12/site-packages/airflow/example_dags/example_nested_branch_dag.py
[2024-12-12T05:39:25.623+0000] {logging_mixin.py:190} INFO - [2024-12-12T05:39:25.623+0000] {dag.py:3239} INFO - Sync 1 DAGs
[2024-12-12T05:39:25.646+0000] {logging_mixin.py:190} INFO - [2024-12-12T05:39:25.646+0000] {dag.py:4180} INFO - Setting next_dagrun for example_nested_branch_dag to 2024-12-11 00:00:00+00:00, run_after=2024-12-12 00:00:00+00:00
[2024-12-12T05:39:25.693+0000] {processor.py:208} INFO - Processing /home/airflow/.local/lib/python3.12/site-packages/airflow/example_dags/example_nested_branch_dag.py took 0.144 seconds
[2024-12-12T05:39:56.318+0000] {processor.py:186} INFO - Started process (PID=238) to work on /home/airflow/.local/lib/python3.12/site-packages/airflow/example_dags/example_nested_branch_dag.py
[2024-12-12T05:39:56.319+0000] {processor.py:914} INFO - Processing file /home/airflow/.local/lib/python3.12/site-packages/airflow/example_dags/example_nested_branch_dag.py for tasks to queue
[2024-12-12T05:39:56.321+0000] {logging_mixin.py:190} INFO - [2024-12-12T05:39:56.320+0000] {dagbag.py:588} INFO - Filling up the DagBag from /home/airflow/.local/lib/python3.12/site-packages/airflow/example_dags/example_nested_branch_dag.py
[2024-12-12T05:39:56.328+0000] {processor.py:925} INFO - DAG(s) 'example_nested_branch_dag' retrieved from /home/airflow/.local/lib/python3.12/site-packages/airflow/example_dags/example_nested_branch_dag.py
[2024-12-12T05:39:56.351+0000] {logging_mixin.py:190} INFO - [2024-12-12T05:39:56.351+0000] {dag.py:3239} INFO - Sync 1 DAGs
[2024-12-12T05:39:56.363+0000] {logging_mixin.py:190} INFO - [2024-12-12T05:39:56.363+0000] {dag.py:4180} INFO - Setting next_dagrun for example_nested_branch_dag to 2024-12-11 00:00:00+00:00, run_after=2024-12-12 00:00:00+00:00
[2024-12-12T05:39:56.379+0000] {processor.py:208} INFO - Processing /home/airflow/.local/lib/python3.12/site-packages/airflow/example_dags/example_nested_branch_dag.py took 0.065 seconds
[2024-12-12T05:40:29.037+0000] {processor.py:186} INFO - Started process (PID=301) to work on /home/airflow/.local/lib/python3.12/site-packages/airflow/example_dags/example_nested_branch_dag.py
[2024-12-12T05:40:29.044+0000] {processor.py:914} INFO - Processing file /home/airflow/.local/lib/python3.12/site-packages/airflow/example_dags/example_nested_branch_dag.py for tasks to queue
[2024-12-12T05:40:29.059+0000] {logging_mixin.py:190} INFO - [2024-12-12T05:40:29.058+0000] {dagbag.py:588} INFO - Filling up the DagBag from /home/airflow/.local/lib/python3.12/site-packages/airflow/example_dags/example_nested_branch_dag.py
[2024-12-12T05:40:29.204+0000] {processor.py:925} INFO - DAG(s) 'example_nested_branch_dag' retrieved from /home/airflow/.local/lib/python3.12/site-packages/airflow/example_dags/example_nested_branch_dag.py
[2024-12-12T05:40:29.279+0000] {logging_mixin.py:190} INFO - [2024-12-12T05:40:29.279+0000] {dag.py:3239} INFO - Sync 1 DAGs
[2024-12-12T05:40:29.308+0000] {logging_mixin.py:190} INFO - [2024-12-12T05:40:29.308+0000] {dag.py:4180} INFO - Setting next_dagrun for example_nested_branch_dag to 2024-12-11 00:00:00+00:00, run_after=2024-12-12 00:00:00+00:00
[2024-12-12T05:40:29.396+0000] {processor.py:208} INFO - Processing /home/airflow/.local/lib/python3.12/site-packages/airflow/example_dags/example_nested_branch_dag.py took 0.365 seconds
[2024-12-12T05:41:02.461+0000] {processor.py:186} INFO - Started process (PID=371) to work on /home/airflow/.local/lib/python3.12/site-packages/airflow/example_dags/example_nested_branch_dag.py
[2024-12-12T05:41:02.465+0000] {processor.py:914} INFO - Processing file /home/airflow/.local/lib/python3.12/site-packages/airflow/example_dags/example_nested_branch_dag.py for tasks to queue
[2024-12-12T05:41:02.484+0000] {logging_mixin.py:190} INFO - [2024-12-12T05:41:02.483+0000] {dagbag.py:588} INFO - Filling up the DagBag from /home/airflow/.local/lib/python3.12/site-packages/airflow/example_dags/example_nested_branch_dag.py
[2024-12-12T05:41:02.533+0000] {processor.py:925} INFO - DAG(s) 'example_nested_branch_dag' retrieved from /home/airflow/.local/lib/python3.12/site-packages/airflow/example_dags/example_nested_branch_dag.py
[2024-12-12T05:41:02.589+0000] {logging_mixin.py:190} INFO - [2024-12-12T05:41:02.589+0000] {dag.py:3239} INFO - Sync 1 DAGs
[2024-12-12T05:41:02.634+0000] {logging_mixin.py:190} INFO - [2024-12-12T05:41:02.633+0000] {dag.py:4180} INFO - Setting next_dagrun for example_nested_branch_dag to 2024-12-11 00:00:00+00:00, run_after=2024-12-12 00:00:00+00:00
[2024-12-12T05:41:02.664+0000] {processor.py:208} INFO - Processing /home/airflow/.local/lib/python3.12/site-packages/airflow/example_dags/example_nested_branch_dag.py took 0.209 seconds
[2024-12-12T05:41:32.745+0000] {processor.py:186} INFO - Started process (PID=435) to work on /home/airflow/.local/lib/python3.12/site-packages/airflow/example_dags/example_nested_branch_dag.py
[2024-12-12T05:41:32.746+0000] {processor.py:914} INFO - Processing file /home/airflow/.local/lib/python3.12/site-packages/airflow/example_dags/example_nested_branch_dag.py for tasks to queue
[2024-12-12T05:41:32.748+0000] {logging_mixin.py:190} INFO - [2024-12-12T05:41:32.748+0000] {dagbag.py:588} INFO - Filling up the DagBag from /home/airflow/.local/lib/python3.12/site-packages/airflow/example_dags/example_nested_branch_dag.py
[2024-12-12T05:41:32.767+0000] {processor.py:925} INFO - DAG(s) 'example_nested_branch_dag' retrieved from /home/airflow/.local/lib/python3.12/site-packages/airflow/example_dags/example_nested_branch_dag.py
[2024-12-12T05:41:32.790+0000] {logging_mixin.py:190} INFO - [2024-12-12T05:41:32.789+0000] {dag.py:3239} INFO - Sync 1 DAGs
[2024-12-12T05:41:32.829+0000] {logging_mixin.py:190} INFO - [2024-12-12T05:41:32.829+0000] {dag.py:4180} INFO - Setting next_dagrun for example_nested_branch_dag to 2024-12-11 00:00:00+00:00, run_after=2024-12-12 00:00:00+00:00
[2024-12-12T05:41:32.940+0000] {processor.py:208} INFO - Processing /home/airflow/.local/lib/python3.12/site-packages/airflow/example_dags/example_nested_branch_dag.py took 0.202 seconds
[2024-12-12T05:42:06.310+0000] {processor.py:186} INFO - Started process (PID=497) to work on /home/airflow/.local/lib/python3.12/site-packages/airflow/example_dags/example_nested_branch_dag.py
[2024-12-12T05:42:06.316+0000] {processor.py:914} INFO - Processing file /home/airflow/.local/lib/python3.12/site-packages/airflow/example_dags/example_nested_branch_dag.py for tasks to queue
[2024-12-12T05:42:06.371+0000] {logging_mixin.py:190} INFO - [2024-12-12T05:42:06.366+0000] {dagbag.py:588} INFO - Filling up the DagBag from /home/airflow/.local/lib/python3.12/site-packages/airflow/example_dags/example_nested_branch_dag.py
[2024-12-12T05:42:06.674+0000] {processor.py:925} INFO - DAG(s) 'example_nested_branch_dag' retrieved from /home/airflow/.local/lib/python3.12/site-packages/airflow/example_dags/example_nested_branch_dag.py
[2024-12-12T05:42:06.965+0000] {logging_mixin.py:190} INFO - [2024-12-12T05:42:06.965+0000] {dag.py:3239} INFO - Sync 1 DAGs
[2024-12-12T05:42:07.037+0000] {logging_mixin.py:190} INFO - [2024-12-12T05:42:07.037+0000] {dag.py:4180} INFO - Setting next_dagrun for example_nested_branch_dag to 2024-12-11 00:00:00+00:00, run_after=2024-12-12 00:00:00+00:00
[2024-12-12T05:42:07.081+0000] {processor.py:208} INFO - Processing /home/airflow/.local/lib/python3.12/site-packages/airflow/example_dags/example_nested_branch_dag.py took 0.814 seconds
[2024-12-12T05:42:37.389+0000] {processor.py:186} INFO - Started process (PID=561) to work on /home/airflow/.local/lib/python3.12/site-packages/airflow/example_dags/example_nested_branch_dag.py
[2024-12-12T05:42:37.390+0000] {processor.py:914} INFO - Processing file /home/airflow/.local/lib/python3.12/site-packages/airflow/example_dags/example_nested_branch_dag.py for tasks to queue
[2024-12-12T05:42:37.395+0000] {logging_mixin.py:190} INFO - [2024-12-12T05:42:37.395+0000] {dagbag.py:588} INFO - Filling up the DagBag from /home/airflow/.local/lib/python3.12/site-packages/airflow/example_dags/example_nested_branch_dag.py
[2024-12-12T05:42:37.417+0000] {processor.py:925} INFO - DAG(s) 'example_nested_branch_dag' retrieved from /home/airflow/.local/lib/python3.12/site-packages/airflow/example_dags/example_nested_branch_dag.py
[2024-12-12T05:42:37.434+0000] {logging_mixin.py:190} INFO - [2024-12-12T05:42:37.434+0000] {dag.py:3239} INFO - Sync 1 DAGs
[2024-12-12T05:42:37.456+0000] {logging_mixin.py:190} INFO - [2024-12-12T05:42:37.456+0000] {dag.py:4180} INFO - Setting next_dagrun for example_nested_branch_dag to 2024-12-11 00:00:00+00:00, run_after=2024-12-12 00:00:00+00:00
[2024-12-12T05:42:37.474+0000] {processor.py:208} INFO - Processing /home/airflow/.local/lib/python3.12/site-packages/airflow/example_dags/example_nested_branch_dag.py took 0.091 seconds
[2024-12-12T05:43:08.363+0000] {processor.py:186} INFO - Started process (PID=624) to work on /home/airflow/.local/lib/python3.12/site-packages/airflow/example_dags/example_nested_branch_dag.py
[2024-12-12T05:43:08.365+0000] {processor.py:914} INFO - Processing file /home/airflow/.local/lib/python3.12/site-packages/airflow/example_dags/example_nested_branch_dag.py for tasks to queue
[2024-12-12T05:43:08.368+0000] {logging_mixin.py:190} INFO - [2024-12-12T05:43:08.368+0000] {dagbag.py:588} INFO - Filling up the DagBag from /home/airflow/.local/lib/python3.12/site-packages/airflow/example_dags/example_nested_branch_dag.py
[2024-12-12T05:43:08.383+0000] {processor.py:925} INFO - DAG(s) 'example_nested_branch_dag' retrieved from /home/airflow/.local/lib/python3.12/site-packages/airflow/example_dags/example_nested_branch_dag.py
[2024-12-12T05:43:08.410+0000] {logging_mixin.py:190} INFO - [2024-12-12T05:43:08.410+0000] {dag.py:3239} INFO - Sync 1 DAGs
[2024-12-12T05:43:08.433+0000] {logging_mixin.py:190} INFO - [2024-12-12T05:43:08.432+0000] {dag.py:4180} INFO - Setting next_dagrun for example_nested_branch_dag to 2024-12-11 00:00:00+00:00, run_after=2024-12-12 00:00:00+00:00
[2024-12-12T05:43:08.457+0000] {processor.py:208} INFO - Processing /home/airflow/.local/lib/python3.12/site-packages/airflow/example_dags/example_nested_branch_dag.py took 0.101 seconds
[2024-12-12T05:45:07.373+0000] {processor.py:186} INFO - Started process (PID=55) to work on /home/airflow/.local/lib/python3.12/site-packages/airflow/example_dags/example_nested_branch_dag.py
[2024-12-12T05:45:07.385+0000] {processor.py:914} INFO - Processing file /home/airflow/.local/lib/python3.12/site-packages/airflow/example_dags/example_nested_branch_dag.py for tasks to queue
[2024-12-12T05:45:07.399+0000] {logging_mixin.py:190} INFO - [2024-12-12T05:45:07.398+0000] {dagbag.py:588} INFO - Filling up the DagBag from /home/airflow/.local/lib/python3.12/site-packages/airflow/example_dags/example_nested_branch_dag.py
[2024-12-12T05:45:07.574+0000] {processor.py:925} INFO - DAG(s) 'example_nested_branch_dag' retrieved from /home/airflow/.local/lib/python3.12/site-packages/airflow/example_dags/example_nested_branch_dag.py
[2024-12-12T05:45:07.692+0000] {logging_mixin.py:190} INFO - [2024-12-12T05:45:07.691+0000] {dag.py:3239} INFO - Sync 1 DAGs
[2024-12-12T05:45:07.807+0000] {logging_mixin.py:190} INFO - [2024-12-12T05:45:07.806+0000] {dag.py:4180} INFO - Setting next_dagrun for example_nested_branch_dag to 2024-12-11 00:00:00+00:00, run_after=2024-12-12 00:00:00+00:00
[2024-12-12T05:45:07.866+0000] {processor.py:208} INFO - Processing /home/airflow/.local/lib/python3.12/site-packages/airflow/example_dags/example_nested_branch_dag.py took 0.536 seconds
[2024-12-12T05:45:38.027+0000] {processor.py:186} INFO - Started process (PID=119) to work on /home/airflow/.local/lib/python3.12/site-packages/airflow/example_dags/example_nested_branch_dag.py
[2024-12-12T05:45:38.030+0000] {processor.py:914} INFO - Processing file /home/airflow/.local/lib/python3.12/site-packages/airflow/example_dags/example_nested_branch_dag.py for tasks to queue
[2024-12-12T05:45:38.033+0000] {logging_mixin.py:190} INFO - [2024-12-12T05:45:38.032+0000] {dagbag.py:588} INFO - Filling up the DagBag from /home/airflow/.local/lib/python3.12/site-packages/airflow/example_dags/example_nested_branch_dag.py
[2024-12-12T05:45:38.046+0000] {processor.py:925} INFO - DAG(s) 'example_nested_branch_dag' retrieved from /home/airflow/.local/lib/python3.12/site-packages/airflow/example_dags/example_nested_branch_dag.py
[2024-12-12T05:45:38.065+0000] {logging_mixin.py:190} INFO - [2024-12-12T05:45:38.065+0000] {dag.py:3239} INFO - Sync 1 DAGs
[2024-12-12T05:45:38.085+0000] {logging_mixin.py:190} INFO - [2024-12-12T05:45:38.084+0000] {dag.py:4180} INFO - Setting next_dagrun for example_nested_branch_dag to 2024-12-11 00:00:00+00:00, run_after=2024-12-12 00:00:00+00:00
[2024-12-12T05:45:38.098+0000] {processor.py:208} INFO - Processing /home/airflow/.local/lib/python3.12/site-packages/airflow/example_dags/example_nested_branch_dag.py took 0.075 seconds
[2024-12-12T05:46:09.070+0000] {processor.py:186} INFO - Started process (PID=182) to work on /home/airflow/.local/lib/python3.12/site-packages/airflow/example_dags/example_nested_branch_dag.py
[2024-12-12T05:46:09.072+0000] {processor.py:914} INFO - Processing file /home/airflow/.local/lib/python3.12/site-packages/airflow/example_dags/example_nested_branch_dag.py for tasks to queue
[2024-12-12T05:46:09.075+0000] {logging_mixin.py:190} INFO - [2024-12-12T05:46:09.075+0000] {dagbag.py:588} INFO - Filling up the DagBag from /home/airflow/.local/lib/python3.12/site-packages/airflow/example_dags/example_nested_branch_dag.py
[2024-12-12T05:46:09.085+0000] {processor.py:925} INFO - DAG(s) 'example_nested_branch_dag' retrieved from /home/airflow/.local/lib/python3.12/site-packages/airflow/example_dags/example_nested_branch_dag.py
[2024-12-12T05:46:09.107+0000] {logging_mixin.py:190} INFO - [2024-12-12T05:46:09.107+0000] {dag.py:3239} INFO - Sync 1 DAGs
[2024-12-12T05:46:09.125+0000] {logging_mixin.py:190} INFO - [2024-12-12T05:46:09.124+0000] {dag.py:4180} INFO - Setting next_dagrun for example_nested_branch_dag to 2024-12-11 00:00:00+00:00, run_after=2024-12-12 00:00:00+00:00
[2024-12-12T05:46:09.140+0000] {processor.py:208} INFO - Processing /home/airflow/.local/lib/python3.12/site-packages/airflow/example_dags/example_nested_branch_dag.py took 0.074 seconds
