[2024-12-12T05:36:29.770+0000] {processor.py:186} INFO - Started process (PID=56) to work on /home/airflow/.local/lib/python3.12/site-packages/airflow/example_dags/example_xcomargs.py
[2024-12-12T05:36:29.772+0000] {processor.py:914} INFO - Processing file /home/airflow/.local/lib/python3.12/site-packages/airflow/example_dags/example_xcomargs.py for tasks to queue
[2024-12-12T05:36:29.779+0000] {logging_mixin.py:190} INFO - [2024-12-12T05:36:29.778+0000] {dagbag.py:588} INFO - Filling up the DagBag from /home/airflow/.local/lib/python3.12/site-packages/airflow/example_dags/example_xcomargs.py
[2024-12-12T05:36:29.797+0000] {processor.py:925} INFO - DAG(s) 'example_xcom_args', 'example_xcom_args_with_operators' retrieved from /home/airflow/.local/lib/python3.12/site-packages/airflow/example_dags/example_xcomargs.py
[2024-12-12T05:36:30.144+0000] {logging_mixin.py:190} INFO - [2024-12-12T05:36:30.143+0000] {override.py:1911} INFO - Created Permission View: can delete on DAG:example_xcom_args
[2024-12-12T05:36:30.157+0000] {logging_mixin.py:190} INFO - [2024-12-12T05:36:30.156+0000] {override.py:1911} INFO - Created Permission View: can edit on DAG:example_xcom_args
[2024-12-12T05:36:30.164+0000] {logging_mixin.py:190} INFO - [2024-12-12T05:36:30.163+0000] {override.py:1911} INFO - Created Permission View: can read on DAG:example_xcom_args
[2024-12-12T05:36:30.171+0000] {logging_mixin.py:190} INFO - [2024-12-12T05:36:30.171+0000] {override.py:1911} INFO - Created Permission View: can delete on DAG Run:example_xcom_args
[2024-12-12T05:36:30.175+0000] {logging_mixin.py:190} INFO - [2024-12-12T05:36:30.175+0000] {override.py:1911} INFO - Created Permission View: menu access on DAG Run:example_xcom_args
[2024-12-12T05:36:30.184+0000] {logging_mixin.py:190} INFO - [2024-12-12T05:36:30.184+0000] {override.py:1911} INFO - Created Permission View: can create on DAG Run:example_xcom_args
[2024-12-12T05:36:30.192+0000] {logging_mixin.py:190} INFO - [2024-12-12T05:36:30.192+0000] {override.py:1911} INFO - Created Permission View: can read on DAG Run:example_xcom_args
[2024-12-12T05:36:30.202+0000] {logging_mixin.py:190} INFO - [2024-12-12T05:36:30.202+0000] {override.py:1911} INFO - Created Permission View: can delete on DAG:example_xcom_args_with_operators
[2024-12-12T05:36:30.207+0000] {logging_mixin.py:190} INFO - [2024-12-12T05:36:30.207+0000] {override.py:1911} INFO - Created Permission View: can edit on DAG:example_xcom_args_with_operators
[2024-12-12T05:36:30.213+0000] {logging_mixin.py:190} INFO - [2024-12-12T05:36:30.212+0000] {override.py:1911} INFO - Created Permission View: can read on DAG:example_xcom_args_with_operators
[2024-12-12T05:36:30.216+0000] {logging_mixin.py:190} INFO - [2024-12-12T05:36:30.216+0000] {override.py:1911} INFO - Created Permission View: can delete on DAG Run:example_xcom_args_with_operators
[2024-12-12T05:36:30.220+0000] {logging_mixin.py:190} INFO - [2024-12-12T05:36:30.219+0000] {override.py:1911} INFO - Created Permission View: menu access on DAG Run:example_xcom_args_with_operators
[2024-12-12T05:36:30.223+0000] {logging_mixin.py:190} INFO - [2024-12-12T05:36:30.223+0000] {override.py:1911} INFO - Created Permission View: can create on DAG Run:example_xcom_args_with_operators
[2024-12-12T05:36:30.232+0000] {logging_mixin.py:190} INFO - [2024-12-12T05:36:30.230+0000] {override.py:1911} INFO - Created Permission View: can read on DAG Run:example_xcom_args_with_operators
[2024-12-12T05:36:30.234+0000] {logging_mixin.py:190} INFO - [2024-12-12T05:36:30.234+0000] {dag.py:3239} INFO - Sync 2 DAGs
[2024-12-12T05:36:30.266+0000] {logging_mixin.py:190} INFO - [2024-12-12T05:36:30.266+0000] {dag.py:3262} INFO - Creating ORM DAG for example_xcom_args_with_operators
[2024-12-12T05:36:30.269+0000] {logging_mixin.py:190} INFO - [2024-12-12T05:36:30.269+0000] {dag.py:3262} INFO - Creating ORM DAG for example_xcom_args
[2024-12-12T05:36:30.275+0000] {logging_mixin.py:190} INFO - [2024-12-12T05:36:30.274+0000] {dag.py:4180} INFO - Setting next_dagrun for example_xcom_args to None, run_after=None
[2024-12-12T05:36:30.276+0000] {logging_mixin.py:190} INFO - [2024-12-12T05:36:30.275+0000] {dag.py:4180} INFO - Setting next_dagrun for example_xcom_args_with_operators to None, run_after=None
[2024-12-12T05:36:30.297+0000] {processor.py:208} INFO - Processing /home/airflow/.local/lib/python3.12/site-packages/airflow/example_dags/example_xcomargs.py took 0.535 seconds
[2024-12-12T05:37:00.521+0000] {processor.py:186} INFO - Started process (PID=120) to work on /home/airflow/.local/lib/python3.12/site-packages/airflow/example_dags/example_xcomargs.py
[2024-12-12T05:37:00.522+0000] {processor.py:914} INFO - Processing file /home/airflow/.local/lib/python3.12/site-packages/airflow/example_dags/example_xcomargs.py for tasks to queue
[2024-12-12T05:37:00.524+0000] {logging_mixin.py:190} INFO - [2024-12-12T05:37:00.524+0000] {dagbag.py:588} INFO - Filling up the DagBag from /home/airflow/.local/lib/python3.12/site-packages/airflow/example_dags/example_xcomargs.py
[2024-12-12T05:37:00.530+0000] {processor.py:925} INFO - DAG(s) 'example_xcom_args_with_operators', 'example_xcom_args' retrieved from /home/airflow/.local/lib/python3.12/site-packages/airflow/example_dags/example_xcomargs.py
[2024-12-12T05:37:00.543+0000] {logging_mixin.py:190} INFO - [2024-12-12T05:37:00.543+0000] {dag.py:3239} INFO - Sync 2 DAGs
[2024-12-12T05:37:00.551+0000] {logging_mixin.py:190} INFO - [2024-12-12T05:37:00.550+0000] {dag.py:4180} INFO - Setting next_dagrun for example_xcom_args to None, run_after=None
[2024-12-12T05:37:00.553+0000] {logging_mixin.py:190} INFO - [2024-12-12T05:37:00.553+0000] {dag.py:4180} INFO - Setting next_dagrun for example_xcom_args_with_operators to None, run_after=None
[2024-12-12T05:37:00.561+0000] {processor.py:208} INFO - Processing /home/airflow/.local/lib/python3.12/site-packages/airflow/example_dags/example_xcomargs.py took 0.043 seconds
[2024-12-12T05:37:31.786+0000] {processor.py:186} INFO - Started process (PID=184) to work on /home/airflow/.local/lib/python3.12/site-packages/airflow/example_dags/example_xcomargs.py
[2024-12-12T05:37:31.789+0000] {processor.py:914} INFO - Processing file /home/airflow/.local/lib/python3.12/site-packages/airflow/example_dags/example_xcomargs.py for tasks to queue
[2024-12-12T05:37:31.793+0000] {logging_mixin.py:190} INFO - [2024-12-12T05:37:31.793+0000] {dagbag.py:588} INFO - Filling up the DagBag from /home/airflow/.local/lib/python3.12/site-packages/airflow/example_dags/example_xcomargs.py
[2024-12-12T05:37:31.803+0000] {processor.py:925} INFO - DAG(s) 'example_xcom_args_with_operators', 'example_xcom_args' retrieved from /home/airflow/.local/lib/python3.12/site-packages/airflow/example_dags/example_xcomargs.py
[2024-12-12T05:37:31.853+0000] {logging_mixin.py:190} INFO - [2024-12-12T05:37:31.849+0000] {dag.py:3239} INFO - Sync 2 DAGs
[2024-12-12T05:37:31.919+0000] {logging_mixin.py:190} INFO - [2024-12-12T05:37:31.919+0000] {dag.py:4180} INFO - Setting next_dagrun for example_xcom_args to None, run_after=None
[2024-12-12T05:37:31.933+0000] {logging_mixin.py:190} INFO - [2024-12-12T05:37:31.933+0000] {dag.py:4180} INFO - Setting next_dagrun for example_xcom_args_with_operators to None, run_after=None
[2024-12-12T05:37:31.981+0000] {processor.py:208} INFO - Processing /home/airflow/.local/lib/python3.12/site-packages/airflow/example_dags/example_xcomargs.py took 0.209 seconds
[2024-12-12T05:38:23.247+0000] {processor.py:186} INFO - Started process (PID=49) to work on /home/airflow/.local/lib/python3.12/site-packages/airflow/example_dags/example_xcomargs.py
[2024-12-12T05:38:23.248+0000] {processor.py:914} INFO - Processing file /home/airflow/.local/lib/python3.12/site-packages/airflow/example_dags/example_xcomargs.py for tasks to queue
[2024-12-12T05:38:23.250+0000] {logging_mixin.py:190} INFO - [2024-12-12T05:38:23.250+0000] {dagbag.py:588} INFO - Filling up the DagBag from /home/airflow/.local/lib/python3.12/site-packages/airflow/example_dags/example_xcomargs.py
[2024-12-12T05:38:23.257+0000] {processor.py:925} INFO - DAG(s) 'example_xcom_args_with_operators', 'example_xcom_args' retrieved from /home/airflow/.local/lib/python3.12/site-packages/airflow/example_dags/example_xcomargs.py
[2024-12-12T05:38:23.365+0000] {logging_mixin.py:190} INFO - [2024-12-12T05:38:23.364+0000] {dag.py:3239} INFO - Sync 2 DAGs
[2024-12-12T05:38:23.377+0000] {logging_mixin.py:190} INFO - [2024-12-12T05:38:23.377+0000] {dag.py:4180} INFO - Setting next_dagrun for example_xcom_args to None, run_after=None
[2024-12-12T05:38:23.380+0000] {logging_mixin.py:190} INFO - [2024-12-12T05:38:23.380+0000] {dag.py:4180} INFO - Setting next_dagrun for example_xcom_args_with_operators to None, run_after=None
[2024-12-12T05:38:23.394+0000] {processor.py:208} INFO - Processing /home/airflow/.local/lib/python3.12/site-packages/airflow/example_dags/example_xcomargs.py took 0.153 seconds
[2024-12-12T05:38:54.040+0000] {processor.py:186} INFO - Started process (PID=113) to work on /home/airflow/.local/lib/python3.12/site-packages/airflow/example_dags/example_xcomargs.py
[2024-12-12T05:38:54.042+0000] {processor.py:914} INFO - Processing file /home/airflow/.local/lib/python3.12/site-packages/airflow/example_dags/example_xcomargs.py for tasks to queue
[2024-12-12T05:38:54.045+0000] {logging_mixin.py:190} INFO - [2024-12-12T05:38:54.044+0000] {dagbag.py:588} INFO - Filling up the DagBag from /home/airflow/.local/lib/python3.12/site-packages/airflow/example_dags/example_xcomargs.py
[2024-12-12T05:38:54.060+0000] {processor.py:925} INFO - DAG(s) 'example_xcom_args', 'example_xcom_args_with_operators' retrieved from /home/airflow/.local/lib/python3.12/site-packages/airflow/example_dags/example_xcomargs.py
[2024-12-12T05:38:54.138+0000] {logging_mixin.py:190} INFO - [2024-12-12T05:38:54.137+0000] {dag.py:3239} INFO - Sync 2 DAGs
[2024-12-12T05:38:54.150+0000] {logging_mixin.py:190} INFO - [2024-12-12T05:38:54.150+0000] {dag.py:4180} INFO - Setting next_dagrun for example_xcom_args to None, run_after=None
[2024-12-12T05:38:54.154+0000] {logging_mixin.py:190} INFO - [2024-12-12T05:38:54.154+0000] {dag.py:4180} INFO - Setting next_dagrun for example_xcom_args_with_operators to None, run_after=None
[2024-12-12T05:38:54.187+0000] {processor.py:208} INFO - Processing /home/airflow/.local/lib/python3.12/site-packages/airflow/example_dags/example_xcomargs.py took 0.152 seconds
[2024-12-12T05:39:25.631+0000] {processor.py:186} INFO - Started process (PID=176) to work on /home/airflow/.local/lib/python3.12/site-packages/airflow/example_dags/example_xcomargs.py
[2024-12-12T05:39:25.636+0000] {processor.py:914} INFO - Processing file /home/airflow/.local/lib/python3.12/site-packages/airflow/example_dags/example_xcomargs.py for tasks to queue
[2024-12-12T05:39:25.644+0000] {logging_mixin.py:190} INFO - [2024-12-12T05:39:25.642+0000] {dagbag.py:588} INFO - Filling up the DagBag from /home/airflow/.local/lib/python3.12/site-packages/airflow/example_dags/example_xcomargs.py
[2024-12-12T05:39:25.660+0000] {processor.py:925} INFO - DAG(s) 'example_xcom_args', 'example_xcom_args_with_operators' retrieved from /home/airflow/.local/lib/python3.12/site-packages/airflow/example_dags/example_xcomargs.py
[2024-12-12T05:39:25.719+0000] {logging_mixin.py:190} INFO - [2024-12-12T05:39:25.719+0000] {dag.py:3239} INFO - Sync 2 DAGs
[2024-12-12T05:39:25.740+0000] {logging_mixin.py:190} INFO - [2024-12-12T05:39:25.740+0000] {dag.py:4180} INFO - Setting next_dagrun for example_xcom_args to None, run_after=None
[2024-12-12T05:39:25.780+0000] {logging_mixin.py:190} INFO - [2024-12-12T05:39:25.780+0000] {dag.py:4180} INFO - Setting next_dagrun for example_xcom_args_with_operators to None, run_after=None
[2024-12-12T05:39:25.827+0000] {processor.py:208} INFO - Processing /home/airflow/.local/lib/python3.12/site-packages/airflow/example_dags/example_xcomargs.py took 0.201 seconds
[2024-12-12T05:39:56.391+0000] {processor.py:186} INFO - Started process (PID=239) to work on /home/airflow/.local/lib/python3.12/site-packages/airflow/example_dags/example_xcomargs.py
[2024-12-12T05:39:56.392+0000] {processor.py:914} INFO - Processing file /home/airflow/.local/lib/python3.12/site-packages/airflow/example_dags/example_xcomargs.py for tasks to queue
[2024-12-12T05:39:56.394+0000] {logging_mixin.py:190} INFO - [2024-12-12T05:39:56.394+0000] {dagbag.py:588} INFO - Filling up the DagBag from /home/airflow/.local/lib/python3.12/site-packages/airflow/example_dags/example_xcomargs.py
[2024-12-12T05:39:56.403+0000] {processor.py:925} INFO - DAG(s) 'example_xcom_args', 'example_xcom_args_with_operators' retrieved from /home/airflow/.local/lib/python3.12/site-packages/airflow/example_dags/example_xcomargs.py
[2024-12-12T05:39:56.419+0000] {logging_mixin.py:190} INFO - [2024-12-12T05:39:56.419+0000] {dag.py:3239} INFO - Sync 2 DAGs
[2024-12-12T05:39:56.429+0000] {logging_mixin.py:190} INFO - [2024-12-12T05:39:56.429+0000] {dag.py:4180} INFO - Setting next_dagrun for example_xcom_args to None, run_after=None
[2024-12-12T05:39:56.431+0000] {logging_mixin.py:190} INFO - [2024-12-12T05:39:56.431+0000] {dag.py:4180} INFO - Setting next_dagrun for example_xcom_args_with_operators to None, run_after=None
[2024-12-12T05:39:56.448+0000] {processor.py:208} INFO - Processing /home/airflow/.local/lib/python3.12/site-packages/airflow/example_dags/example_xcomargs.py took 0.061 seconds
[2024-12-12T05:40:29.207+0000] {processor.py:186} INFO - Started process (PID=302) to work on /home/airflow/.local/lib/python3.12/site-packages/airflow/example_dags/example_xcomargs.py
[2024-12-12T05:40:29.219+0000] {processor.py:914} INFO - Processing file /home/airflow/.local/lib/python3.12/site-packages/airflow/example_dags/example_xcomargs.py for tasks to queue
[2024-12-12T05:40:29.244+0000] {logging_mixin.py:190} INFO - [2024-12-12T05:40:29.243+0000] {dagbag.py:588} INFO - Filling up the DagBag from /home/airflow/.local/lib/python3.12/site-packages/airflow/example_dags/example_xcomargs.py
[2024-12-12T05:40:29.265+0000] {processor.py:925} INFO - DAG(s) 'example_xcom_args', 'example_xcom_args_with_operators' retrieved from /home/airflow/.local/lib/python3.12/site-packages/airflow/example_dags/example_xcomargs.py
[2024-12-12T05:40:29.289+0000] {logging_mixin.py:190} INFO - [2024-12-12T05:40:29.289+0000] {dag.py:3239} INFO - Sync 2 DAGs
[2024-12-12T05:40:29.395+0000] {logging_mixin.py:190} INFO - [2024-12-12T05:40:29.394+0000] {dag.py:4180} INFO - Setting next_dagrun for example_xcom_args to None, run_after=None
[2024-12-12T05:40:29.403+0000] {logging_mixin.py:190} INFO - [2024-12-12T05:40:29.403+0000] {dag.py:4180} INFO - Setting next_dagrun for example_xcom_args_with_operators to None, run_after=None
[2024-12-12T05:40:29.441+0000] {processor.py:208} INFO - Processing /home/airflow/.local/lib/python3.12/site-packages/airflow/example_dags/example_xcomargs.py took 0.371 seconds
[2024-12-12T05:41:02.463+0000] {processor.py:186} INFO - Started process (PID=372) to work on /home/airflow/.local/lib/python3.12/site-packages/airflow/example_dags/example_xcomargs.py
[2024-12-12T05:41:02.466+0000] {processor.py:914} INFO - Processing file /home/airflow/.local/lib/python3.12/site-packages/airflow/example_dags/example_xcomargs.py for tasks to queue
[2024-12-12T05:41:02.472+0000] {logging_mixin.py:190} INFO - [2024-12-12T05:41:02.471+0000] {dagbag.py:588} INFO - Filling up the DagBag from /home/airflow/.local/lib/python3.12/site-packages/airflow/example_dags/example_xcomargs.py
[2024-12-12T05:41:02.505+0000] {processor.py:925} INFO - DAG(s) 'example_xcom_args_with_operators', 'example_xcom_args' retrieved from /home/airflow/.local/lib/python3.12/site-packages/airflow/example_dags/example_xcomargs.py
[2024-12-12T05:41:02.571+0000] {logging_mixin.py:190} INFO - [2024-12-12T05:41:02.571+0000] {dag.py:3239} INFO - Sync 2 DAGs
[2024-12-12T05:41:02.585+0000] {logging_mixin.py:190} INFO - [2024-12-12T05:41:02.584+0000] {dag.py:4180} INFO - Setting next_dagrun for example_xcom_args to None, run_after=None
[2024-12-12T05:41:02.615+0000] {logging_mixin.py:190} INFO - [2024-12-12T05:41:02.613+0000] {dag.py:4180} INFO - Setting next_dagrun for example_xcom_args_with_operators to None, run_after=None
[2024-12-12T05:41:02.658+0000] {processor.py:208} INFO - Processing /home/airflow/.local/lib/python3.12/site-packages/airflow/example_dags/example_xcomargs.py took 0.200 seconds
[2024-12-12T05:41:32.899+0000] {processor.py:186} INFO - Started process (PID=436) to work on /home/airflow/.local/lib/python3.12/site-packages/airflow/example_dags/example_xcomargs.py
[2024-12-12T05:41:32.905+0000] {processor.py:914} INFO - Processing file /home/airflow/.local/lib/python3.12/site-packages/airflow/example_dags/example_xcomargs.py for tasks to queue
[2024-12-12T05:41:32.911+0000] {logging_mixin.py:190} INFO - [2024-12-12T05:41:32.911+0000] {dagbag.py:588} INFO - Filling up the DagBag from /home/airflow/.local/lib/python3.12/site-packages/airflow/example_dags/example_xcomargs.py
[2024-12-12T05:41:32.942+0000] {processor.py:925} INFO - DAG(s) 'example_xcom_args', 'example_xcom_args_with_operators' retrieved from /home/airflow/.local/lib/python3.12/site-packages/airflow/example_dags/example_xcomargs.py
[2024-12-12T05:41:33.037+0000] {logging_mixin.py:190} INFO - [2024-12-12T05:41:33.037+0000] {dag.py:3239} INFO - Sync 2 DAGs
[2024-12-12T05:41:33.058+0000] {logging_mixin.py:190} INFO - [2024-12-12T05:41:33.058+0000] {dag.py:4180} INFO - Setting next_dagrun for example_xcom_args to None, run_after=None
[2024-12-12T05:41:33.064+0000] {logging_mixin.py:190} INFO - [2024-12-12T05:41:33.063+0000] {dag.py:4180} INFO - Setting next_dagrun for example_xcom_args_with_operators to None, run_after=None
[2024-12-12T05:41:33.118+0000] {processor.py:208} INFO - Processing /home/airflow/.local/lib/python3.12/site-packages/airflow/example_dags/example_xcomargs.py took 0.296 seconds
[2024-12-12T05:42:06.538+0000] {processor.py:186} INFO - Started process (PID=498) to work on /home/airflow/.local/lib/python3.12/site-packages/airflow/example_dags/example_xcomargs.py
[2024-12-12T05:42:06.560+0000] {processor.py:914} INFO - Processing file /home/airflow/.local/lib/python3.12/site-packages/airflow/example_dags/example_xcomargs.py for tasks to queue
[2024-12-12T05:42:06.635+0000] {logging_mixin.py:190} INFO - [2024-12-12T05:42:06.631+0000] {dagbag.py:588} INFO - Filling up the DagBag from /home/airflow/.local/lib/python3.12/site-packages/airflow/example_dags/example_xcomargs.py
[2024-12-12T05:42:06.955+0000] {processor.py:925} INFO - DAG(s) 'example_xcom_args', 'example_xcom_args_with_operators' retrieved from /home/airflow/.local/lib/python3.12/site-packages/airflow/example_dags/example_xcomargs.py
[2024-12-12T05:42:07.031+0000] {logging_mixin.py:190} INFO - [2024-12-12T05:42:07.031+0000] {dag.py:3239} INFO - Sync 2 DAGs
[2024-12-12T05:42:07.053+0000] {logging_mixin.py:190} INFO - [2024-12-12T05:42:07.053+0000] {dag.py:4180} INFO - Setting next_dagrun for example_xcom_args to None, run_after=None
[2024-12-12T05:42:07.063+0000] {logging_mixin.py:190} INFO - [2024-12-12T05:42:07.062+0000] {dag.py:4180} INFO - Setting next_dagrun for example_xcom_args_with_operators to None, run_after=None
[2024-12-12T05:42:07.099+0000] {processor.py:208} INFO - Processing /home/airflow/.local/lib/python3.12/site-packages/airflow/example_dags/example_xcomargs.py took 0.777 seconds
[2024-12-12T05:42:37.399+0000] {processor.py:186} INFO - Started process (PID=562) to work on /home/airflow/.local/lib/python3.12/site-packages/airflow/example_dags/example_xcomargs.py
[2024-12-12T05:42:37.401+0000] {processor.py:914} INFO - Processing file /home/airflow/.local/lib/python3.12/site-packages/airflow/example_dags/example_xcomargs.py for tasks to queue
[2024-12-12T05:42:37.405+0000] {logging_mixin.py:190} INFO - [2024-12-12T05:42:37.404+0000] {dagbag.py:588} INFO - Filling up the DagBag from /home/airflow/.local/lib/python3.12/site-packages/airflow/example_dags/example_xcomargs.py
[2024-12-12T05:42:37.418+0000] {processor.py:925} INFO - DAG(s) 'example_xcom_args_with_operators', 'example_xcom_args' retrieved from /home/airflow/.local/lib/python3.12/site-packages/airflow/example_dags/example_xcomargs.py
[2024-12-12T05:42:37.436+0000] {logging_mixin.py:190} INFO - [2024-12-12T05:42:37.436+0000] {dag.py:3239} INFO - Sync 2 DAGs
[2024-12-12T05:42:37.446+0000] {logging_mixin.py:190} INFO - [2024-12-12T05:42:37.446+0000] {dag.py:4180} INFO - Setting next_dagrun for example_xcom_args to None, run_after=None
[2024-12-12T05:42:37.450+0000] {logging_mixin.py:190} INFO - [2024-12-12T05:42:37.449+0000] {dag.py:4180} INFO - Setting next_dagrun for example_xcom_args_with_operators to None, run_after=None
[2024-12-12T05:42:37.464+0000] {processor.py:208} INFO - Processing /home/airflow/.local/lib/python3.12/site-packages/airflow/example_dags/example_xcomargs.py took 0.073 seconds
[2024-12-12T05:43:08.371+0000] {processor.py:186} INFO - Started process (PID=625) to work on /home/airflow/.local/lib/python3.12/site-packages/airflow/example_dags/example_xcomargs.py
[2024-12-12T05:43:08.372+0000] {processor.py:914} INFO - Processing file /home/airflow/.local/lib/python3.12/site-packages/airflow/example_dags/example_xcomargs.py for tasks to queue
[2024-12-12T05:43:08.375+0000] {logging_mixin.py:190} INFO - [2024-12-12T05:43:08.374+0000] {dagbag.py:588} INFO - Filling up the DagBag from /home/airflow/.local/lib/python3.12/site-packages/airflow/example_dags/example_xcomargs.py
[2024-12-12T05:43:08.390+0000] {processor.py:925} INFO - DAG(s) 'example_xcom_args_with_operators', 'example_xcom_args' retrieved from /home/airflow/.local/lib/python3.12/site-packages/airflow/example_dags/example_xcomargs.py
[2024-12-12T05:43:08.421+0000] {logging_mixin.py:190} INFO - [2024-12-12T05:43:08.421+0000] {dag.py:3239} INFO - Sync 2 DAGs
[2024-12-12T05:43:08.434+0000] {logging_mixin.py:190} INFO - [2024-12-12T05:43:08.434+0000] {dag.py:4180} INFO - Setting next_dagrun for example_xcom_args to None, run_after=None
[2024-12-12T05:43:08.441+0000] {logging_mixin.py:190} INFO - [2024-12-12T05:43:08.441+0000] {dag.py:4180} INFO - Setting next_dagrun for example_xcom_args_with_operators to None, run_after=None
[2024-12-12T05:43:08.460+0000] {processor.py:208} INFO - Processing /home/airflow/.local/lib/python3.12/site-packages/airflow/example_dags/example_xcomargs.py took 0.097 seconds
[2024-12-12T05:45:07.671+0000] {processor.py:186} INFO - Started process (PID=56) to work on /home/airflow/.local/lib/python3.12/site-packages/airflow/example_dags/example_xcomargs.py
[2024-12-12T05:45:07.684+0000] {processor.py:914} INFO - Processing file /home/airflow/.local/lib/python3.12/site-packages/airflow/example_dags/example_xcomargs.py for tasks to queue
[2024-12-12T05:45:07.716+0000] {logging_mixin.py:190} INFO - [2024-12-12T05:45:07.713+0000] {dagbag.py:588} INFO - Filling up the DagBag from /home/airflow/.local/lib/python3.12/site-packages/airflow/example_dags/example_xcomargs.py
[2024-12-12T05:45:07.847+0000] {processor.py:925} INFO - DAG(s) 'example_xcom_args', 'example_xcom_args_with_operators' retrieved from /home/airflow/.local/lib/python3.12/site-packages/airflow/example_dags/example_xcomargs.py
[2024-12-12T05:45:07.952+0000] {logging_mixin.py:190} INFO - [2024-12-12T05:45:07.951+0000] {dag.py:3239} INFO - Sync 2 DAGs
[2024-12-12T05:45:08.044+0000] {logging_mixin.py:190} INFO - [2024-12-12T05:45:08.044+0000] {dag.py:4180} INFO - Setting next_dagrun for example_xcom_args to None, run_after=None
[2024-12-12T05:45:08.054+0000] {logging_mixin.py:190} INFO - [2024-12-12T05:45:08.054+0000] {dag.py:4180} INFO - Setting next_dagrun for example_xcom_args_with_operators to None, run_after=None
[2024-12-12T05:45:08.098+0000] {processor.py:208} INFO - Processing /home/airflow/.local/lib/python3.12/site-packages/airflow/example_dags/example_xcomargs.py took 0.491 seconds
[2024-12-12T05:45:38.127+0000] {processor.py:186} INFO - Started process (PID=120) to work on /home/airflow/.local/lib/python3.12/site-packages/airflow/example_dags/example_xcomargs.py
[2024-12-12T05:45:38.130+0000] {processor.py:914} INFO - Processing file /home/airflow/.local/lib/python3.12/site-packages/airflow/example_dags/example_xcomargs.py for tasks to queue
[2024-12-12T05:45:38.134+0000] {logging_mixin.py:190} INFO - [2024-12-12T05:45:38.133+0000] {dagbag.py:588} INFO - Filling up the DagBag from /home/airflow/.local/lib/python3.12/site-packages/airflow/example_dags/example_xcomargs.py
[2024-12-12T05:45:38.148+0000] {processor.py:925} INFO - DAG(s) 'example_xcom_args_with_operators', 'example_xcom_args' retrieved from /home/airflow/.local/lib/python3.12/site-packages/airflow/example_dags/example_xcomargs.py
[2024-12-12T05:45:38.178+0000] {logging_mixin.py:190} INFO - [2024-12-12T05:45:38.178+0000] {dag.py:3239} INFO - Sync 2 DAGs
[2024-12-12T05:45:38.191+0000] {logging_mixin.py:190} INFO - [2024-12-12T05:45:38.191+0000] {dag.py:4180} INFO - Setting next_dagrun for example_xcom_args to None, run_after=None
[2024-12-12T05:45:38.194+0000] {logging_mixin.py:190} INFO - [2024-12-12T05:45:38.193+0000] {dag.py:4180} INFO - Setting next_dagrun for example_xcom_args_with_operators to None, run_after=None
[2024-12-12T05:45:38.205+0000] {processor.py:208} INFO - Processing /home/airflow/.local/lib/python3.12/site-packages/airflow/example_dags/example_xcomargs.py took 0.083 seconds
[2024-12-12T05:46:09.169+0000] {processor.py:186} INFO - Started process (PID=183) to work on /home/airflow/.local/lib/python3.12/site-packages/airflow/example_dags/example_xcomargs.py
[2024-12-12T05:46:09.171+0000] {processor.py:914} INFO - Processing file /home/airflow/.local/lib/python3.12/site-packages/airflow/example_dags/example_xcomargs.py for tasks to queue
[2024-12-12T05:46:09.172+0000] {logging_mixin.py:190} INFO - [2024-12-12T05:46:09.172+0000] {dagbag.py:588} INFO - Filling up the DagBag from /home/airflow/.local/lib/python3.12/site-packages/airflow/example_dags/example_xcomargs.py
[2024-12-12T05:46:09.182+0000] {processor.py:925} INFO - DAG(s) 'example_xcom_args_with_operators', 'example_xcom_args' retrieved from /home/airflow/.local/lib/python3.12/site-packages/airflow/example_dags/example_xcomargs.py
[2024-12-12T05:46:09.201+0000] {logging_mixin.py:190} INFO - [2024-12-12T05:46:09.201+0000] {dag.py:3239} INFO - Sync 2 DAGs
[2024-12-12T05:46:09.209+0000] {logging_mixin.py:190} INFO - [2024-12-12T05:46:09.209+0000] {dag.py:4180} INFO - Setting next_dagrun for example_xcom_args to None, run_after=None
[2024-12-12T05:46:09.213+0000] {logging_mixin.py:190} INFO - [2024-12-12T05:46:09.213+0000] {dag.py:4180} INFO - Setting next_dagrun for example_xcom_args_with_operators to None, run_after=None
[2024-12-12T05:46:09.237+0000] {processor.py:208} INFO - Processing /home/airflow/.local/lib/python3.12/site-packages/airflow/example_dags/example_xcomargs.py took 0.075 seconds
