[2024-12-12T05:36:28.899+0000] {processor.py:186} INFO - Started process (PID=54) to work on /home/airflow/.local/lib/python3.12/site-packages/airflow/example_dags/example_display_name.py
[2024-12-12T05:36:28.911+0000] {processor.py:914} INFO - Processing file /home/airflow/.local/lib/python3.12/site-packages/airflow/example_dags/example_display_name.py for tasks to queue
[2024-12-12T05:36:28.936+0000] {logging_mixin.py:190} INFO - [2024-12-12T05:36:28.930+0000] {dagbag.py:588} INFO - Filling up the DagBag from /home/airflow/.local/lib/python3.12/site-packages/airflow/example_dags/example_display_name.py
[2024-12-12T05:36:29.053+0000] {processor.py:925} INFO - DAG(s) 'example_display_name' retrieved from /home/airflow/.local/lib/python3.12/site-packages/airflow/example_dags/example_display_name.py
[2024-12-12T05:36:29.566+0000] {logging_mixin.py:190} INFO - [2024-12-12T05:36:29.564+0000] {override.py:1911} INFO - Created Permission View: can delete on DAG:example_display_name
[2024-12-12T05:36:29.586+0000] {logging_mixin.py:190} INFO - [2024-12-12T05:36:29.586+0000] {override.py:1911} INFO - Created Permission View: can edit on DAG:example_display_name
[2024-12-12T05:36:29.597+0000] {logging_mixin.py:190} INFO - [2024-12-12T05:36:29.596+0000] {override.py:1911} INFO - Created Permission View: can read on DAG:example_display_name
[2024-12-12T05:36:29.606+0000] {logging_mixin.py:190} INFO - [2024-12-12T05:36:29.606+0000] {override.py:1911} INFO - Created Permission View: can delete on DAG Run:example_display_name
[2024-12-12T05:36:29.620+0000] {logging_mixin.py:190} INFO - [2024-12-12T05:36:29.619+0000] {override.py:1911} INFO - Created Permission View: menu access on DAG Run:example_display_name
[2024-12-12T05:36:29.631+0000] {logging_mixin.py:190} INFO - [2024-12-12T05:36:29.630+0000] {override.py:1911} INFO - Created Permission View: can create on DAG Run:example_display_name
[2024-12-12T05:36:29.643+0000] {logging_mixin.py:190} INFO - [2024-12-12T05:36:29.642+0000] {override.py:1911} INFO - Created Permission View: can read on DAG Run:example_display_name
[2024-12-12T05:36:29.646+0000] {logging_mixin.py:190} INFO - [2024-12-12T05:36:29.646+0000] {dag.py:3239} INFO - Sync 1 DAGs
[2024-12-12T05:36:29.691+0000] {logging_mixin.py:190} INFO - [2024-12-12T05:36:29.691+0000] {dag.py:3262} INFO - Creating ORM DAG for example_display_name
[2024-12-12T05:36:29.696+0000] {logging_mixin.py:190} INFO - [2024-12-12T05:36:29.695+0000] {dag.py:4180} INFO - Setting next_dagrun for example_display_name to None, run_after=None
[2024-12-12T05:36:29.725+0000] {processor.py:208} INFO - Processing /home/airflow/.local/lib/python3.12/site-packages/airflow/example_dags/example_display_name.py took 1.012 seconds
[2024-12-12T05:37:00.463+0000] {processor.py:186} INFO - Started process (PID=118) to work on /home/airflow/.local/lib/python3.12/site-packages/airflow/example_dags/example_display_name.py
[2024-12-12T05:37:00.464+0000] {processor.py:914} INFO - Processing file /home/airflow/.local/lib/python3.12/site-packages/airflow/example_dags/example_display_name.py for tasks to queue
[2024-12-12T05:37:00.466+0000] {logging_mixin.py:190} INFO - [2024-12-12T05:37:00.466+0000] {dagbag.py:588} INFO - Filling up the DagBag from /home/airflow/.local/lib/python3.12/site-packages/airflow/example_dags/example_display_name.py
[2024-12-12T05:37:00.472+0000] {processor.py:925} INFO - DAG(s) 'example_display_name' retrieved from /home/airflow/.local/lib/python3.12/site-packages/airflow/example_dags/example_display_name.py
[2024-12-12T05:37:00.485+0000] {logging_mixin.py:190} INFO - [2024-12-12T05:37:00.485+0000] {dag.py:3239} INFO - Sync 1 DAGs
[2024-12-12T05:37:00.493+0000] {logging_mixin.py:190} INFO - [2024-12-12T05:37:00.493+0000] {dag.py:4180} INFO - Setting next_dagrun for example_display_name to None, run_after=None
[2024-12-12T05:37:00.503+0000] {processor.py:208} INFO - Processing /home/airflow/.local/lib/python3.12/site-packages/airflow/example_dags/example_display_name.py took 0.045 seconds
[2024-12-12T05:37:31.568+0000] {processor.py:186} INFO - Started process (PID=182) to work on /home/airflow/.local/lib/python3.12/site-packages/airflow/example_dags/example_display_name.py
[2024-12-12T05:37:31.572+0000] {processor.py:914} INFO - Processing file /home/airflow/.local/lib/python3.12/site-packages/airflow/example_dags/example_display_name.py for tasks to queue
[2024-12-12T05:37:31.580+0000] {logging_mixin.py:190} INFO - [2024-12-12T05:37:31.580+0000] {dagbag.py:588} INFO - Filling up the DagBag from /home/airflow/.local/lib/python3.12/site-packages/airflow/example_dags/example_display_name.py
[2024-12-12T05:37:31.638+0000] {processor.py:925} INFO - DAG(s) 'example_display_name' retrieved from /home/airflow/.local/lib/python3.12/site-packages/airflow/example_dags/example_display_name.py
[2024-12-12T05:37:31.690+0000] {logging_mixin.py:190} INFO - [2024-12-12T05:37:31.690+0000] {dag.py:3239} INFO - Sync 1 DAGs
[2024-12-12T05:37:31.715+0000] {logging_mixin.py:190} INFO - [2024-12-12T05:37:31.715+0000] {dag.py:4180} INFO - Setting next_dagrun for example_display_name to None, run_after=None
[2024-12-12T05:37:31.738+0000] {processor.py:208} INFO - Processing /home/airflow/.local/lib/python3.12/site-packages/airflow/example_dags/example_display_name.py took 0.197 seconds
[2024-12-12T05:38:23.183+0000] {processor.py:186} INFO - Started process (PID=47) to work on /home/airflow/.local/lib/python3.12/site-packages/airflow/example_dags/example_display_name.py
[2024-12-12T05:38:23.183+0000] {processor.py:914} INFO - Processing file /home/airflow/.local/lib/python3.12/site-packages/airflow/example_dags/example_display_name.py for tasks to queue
[2024-12-12T05:38:23.186+0000] {logging_mixin.py:190} INFO - [2024-12-12T05:38:23.186+0000] {dagbag.py:588} INFO - Filling up the DagBag from /home/airflow/.local/lib/python3.12/site-packages/airflow/example_dags/example_display_name.py
[2024-12-12T05:38:23.192+0000] {processor.py:925} INFO - DAG(s) 'example_display_name' retrieved from /home/airflow/.local/lib/python3.12/site-packages/airflow/example_dags/example_display_name.py
[2024-12-12T05:38:23.207+0000] {logging_mixin.py:190} INFO - [2024-12-12T05:38:23.207+0000] {dag.py:3239} INFO - Sync 1 DAGs
[2024-12-12T05:38:23.215+0000] {logging_mixin.py:190} INFO - [2024-12-12T05:38:23.215+0000] {dag.py:4180} INFO - Setting next_dagrun for example_display_name to None, run_after=None
[2024-12-12T05:38:23.226+0000] {processor.py:208} INFO - Processing /home/airflow/.local/lib/python3.12/site-packages/airflow/example_dags/example_display_name.py took 0.048 seconds
[2024-12-12T05:38:53.914+0000] {processor.py:186} INFO - Started process (PID=111) to work on /home/airflow/.local/lib/python3.12/site-packages/airflow/example_dags/example_display_name.py
[2024-12-12T05:38:53.916+0000] {processor.py:914} INFO - Processing file /home/airflow/.local/lib/python3.12/site-packages/airflow/example_dags/example_display_name.py for tasks to queue
[2024-12-12T05:38:53.920+0000] {logging_mixin.py:190} INFO - [2024-12-12T05:38:53.919+0000] {dagbag.py:588} INFO - Filling up the DagBag from /home/airflow/.local/lib/python3.12/site-packages/airflow/example_dags/example_display_name.py
[2024-12-12T05:38:53.927+0000] {processor.py:925} INFO - DAG(s) 'example_display_name' retrieved from /home/airflow/.local/lib/python3.12/site-packages/airflow/example_dags/example_display_name.py
[2024-12-12T05:38:53.957+0000] {logging_mixin.py:190} INFO - [2024-12-12T05:38:53.957+0000] {dag.py:3239} INFO - Sync 1 DAGs
[2024-12-12T05:38:53.973+0000] {logging_mixin.py:190} INFO - [2024-12-12T05:38:53.973+0000] {dag.py:4180} INFO - Setting next_dagrun for example_display_name to None, run_after=None
[2024-12-12T05:38:54.004+0000] {processor.py:208} INFO - Processing /home/airflow/.local/lib/python3.12/site-packages/airflow/example_dags/example_display_name.py took 0.098 seconds
[2024-12-12T05:39:25.467+0000] {processor.py:186} INFO - Started process (PID=174) to work on /home/airflow/.local/lib/python3.12/site-packages/airflow/example_dags/example_display_name.py
[2024-12-12T05:39:25.468+0000] {processor.py:914} INFO - Processing file /home/airflow/.local/lib/python3.12/site-packages/airflow/example_dags/example_display_name.py for tasks to queue
[2024-12-12T05:39:25.473+0000] {logging_mixin.py:190} INFO - [2024-12-12T05:39:25.472+0000] {dagbag.py:588} INFO - Filling up the DagBag from /home/airflow/.local/lib/python3.12/site-packages/airflow/example_dags/example_display_name.py
[2024-12-12T05:39:25.487+0000] {processor.py:925} INFO - DAG(s) 'example_display_name' retrieved from /home/airflow/.local/lib/python3.12/site-packages/airflow/example_dags/example_display_name.py
[2024-12-12T05:39:25.515+0000] {logging_mixin.py:190} INFO - [2024-12-12T05:39:25.515+0000] {dag.py:3239} INFO - Sync 1 DAGs
[2024-12-12T05:39:25.528+0000] {logging_mixin.py:190} INFO - [2024-12-12T05:39:25.528+0000] {dag.py:4180} INFO - Setting next_dagrun for example_display_name to None, run_after=None
[2024-12-12T05:39:25.567+0000] {processor.py:208} INFO - Processing /home/airflow/.local/lib/python3.12/site-packages/airflow/example_dags/example_display_name.py took 0.108 seconds
[2024-12-12T05:39:56.314+0000] {processor.py:186} INFO - Started process (PID=237) to work on /home/airflow/.local/lib/python3.12/site-packages/airflow/example_dags/example_display_name.py
[2024-12-12T05:39:56.315+0000] {processor.py:914} INFO - Processing file /home/airflow/.local/lib/python3.12/site-packages/airflow/example_dags/example_display_name.py for tasks to queue
[2024-12-12T05:39:56.318+0000] {logging_mixin.py:190} INFO - [2024-12-12T05:39:56.318+0000] {dagbag.py:588} INFO - Filling up the DagBag from /home/airflow/.local/lib/python3.12/site-packages/airflow/example_dags/example_display_name.py
[2024-12-12T05:39:56.323+0000] {processor.py:925} INFO - DAG(s) 'example_display_name' retrieved from /home/airflow/.local/lib/python3.12/site-packages/airflow/example_dags/example_display_name.py
[2024-12-12T05:39:56.350+0000] {logging_mixin.py:190} INFO - [2024-12-12T05:39:56.350+0000] {dag.py:3239} INFO - Sync 1 DAGs
[2024-12-12T05:39:56.358+0000] {logging_mixin.py:190} INFO - [2024-12-12T05:39:56.358+0000] {dag.py:4180} INFO - Setting next_dagrun for example_display_name to None, run_after=None
[2024-12-12T05:39:56.370+0000] {processor.py:208} INFO - Processing /home/airflow/.local/lib/python3.12/site-packages/airflow/example_dags/example_display_name.py took 0.060 seconds
[2024-12-12T05:40:28.865+0000] {processor.py:186} INFO - Started process (PID=300) to work on /home/airflow/.local/lib/python3.12/site-packages/airflow/example_dags/example_display_name.py
[2024-12-12T05:40:28.868+0000] {processor.py:914} INFO - Processing file /home/airflow/.local/lib/python3.12/site-packages/airflow/example_dags/example_display_name.py for tasks to queue
[2024-12-12T05:40:28.872+0000] {logging_mixin.py:190} INFO - [2024-12-12T05:40:28.871+0000] {dagbag.py:588} INFO - Filling up the DagBag from /home/airflow/.local/lib/python3.12/site-packages/airflow/example_dags/example_display_name.py
[2024-12-12T05:40:28.923+0000] {processor.py:925} INFO - DAG(s) 'example_display_name' retrieved from /home/airflow/.local/lib/python3.12/site-packages/airflow/example_dags/example_display_name.py
[2024-12-12T05:40:28.951+0000] {logging_mixin.py:190} INFO - [2024-12-12T05:40:28.951+0000] {dag.py:3239} INFO - Sync 1 DAGs
[2024-12-12T05:40:28.967+0000] {logging_mixin.py:190} INFO - [2024-12-12T05:40:28.967+0000] {dag.py:4180} INFO - Setting next_dagrun for example_display_name to None, run_after=None
[2024-12-12T05:40:29.025+0000] {processor.py:208} INFO - Processing /home/airflow/.local/lib/python3.12/site-packages/airflow/example_dags/example_display_name.py took 0.166 seconds
[2024-12-12T05:41:02.140+0000] {processor.py:186} INFO - Started process (PID=370) to work on /home/airflow/.local/lib/python3.12/site-packages/airflow/example_dags/example_display_name.py
[2024-12-12T05:41:02.141+0000] {processor.py:914} INFO - Processing file /home/airflow/.local/lib/python3.12/site-packages/airflow/example_dags/example_display_name.py for tasks to queue
[2024-12-12T05:41:02.143+0000] {logging_mixin.py:190} INFO - [2024-12-12T05:41:02.143+0000] {dagbag.py:588} INFO - Filling up the DagBag from /home/airflow/.local/lib/python3.12/site-packages/airflow/example_dags/example_display_name.py
[2024-12-12T05:41:02.159+0000] {processor.py:925} INFO - DAG(s) 'example_display_name' retrieved from /home/airflow/.local/lib/python3.12/site-packages/airflow/example_dags/example_display_name.py
[2024-12-12T05:41:02.266+0000] {logging_mixin.py:190} INFO - [2024-12-12T05:41:02.263+0000] {dag.py:3239} INFO - Sync 1 DAGs
[2024-12-12T05:41:02.332+0000] {logging_mixin.py:190} INFO - [2024-12-12T05:41:02.332+0000] {dag.py:4180} INFO - Setting next_dagrun for example_display_name to None, run_after=None
[2024-12-12T05:41:02.379+0000] {processor.py:208} INFO - Processing /home/airflow/.local/lib/python3.12/site-packages/airflow/example_dags/example_display_name.py took 0.244 seconds
[2024-12-12T05:41:32.708+0000] {processor.py:186} INFO - Started process (PID=434) to work on /home/airflow/.local/lib/python3.12/site-packages/airflow/example_dags/example_display_name.py
[2024-12-12T05:41:32.714+0000] {processor.py:914} INFO - Processing file /home/airflow/.local/lib/python3.12/site-packages/airflow/example_dags/example_display_name.py for tasks to queue
[2024-12-12T05:41:32.716+0000] {logging_mixin.py:190} INFO - [2024-12-12T05:41:32.716+0000] {dagbag.py:588} INFO - Filling up the DagBag from /home/airflow/.local/lib/python3.12/site-packages/airflow/example_dags/example_display_name.py
[2024-12-12T05:41:32.729+0000] {processor.py:925} INFO - DAG(s) 'example_display_name' retrieved from /home/airflow/.local/lib/python3.12/site-packages/airflow/example_dags/example_display_name.py
[2024-12-12T05:41:32.751+0000] {logging_mixin.py:190} INFO - [2024-12-12T05:41:32.751+0000] {dag.py:3239} INFO - Sync 1 DAGs
[2024-12-12T05:41:32.771+0000] {logging_mixin.py:190} INFO - [2024-12-12T05:41:32.770+0000] {dag.py:4180} INFO - Setting next_dagrun for example_display_name to None, run_after=None
[2024-12-12T05:41:32.791+0000] {processor.py:208} INFO - Processing /home/airflow/.local/lib/python3.12/site-packages/airflow/example_dags/example_display_name.py took 0.087 seconds
[2024-12-12T05:42:05.586+0000] {processor.py:186} INFO - Started process (PID=496) to work on /home/airflow/.local/lib/python3.12/site-packages/airflow/example_dags/example_display_name.py
[2024-12-12T05:42:05.593+0000] {processor.py:914} INFO - Processing file /home/airflow/.local/lib/python3.12/site-packages/airflow/example_dags/example_display_name.py for tasks to queue
[2024-12-12T05:42:05.596+0000] {logging_mixin.py:190} INFO - [2024-12-12T05:42:05.596+0000] {dagbag.py:588} INFO - Filling up the DagBag from /home/airflow/.local/lib/python3.12/site-packages/airflow/example_dags/example_display_name.py
[2024-12-12T05:42:05.610+0000] {processor.py:925} INFO - DAG(s) 'example_display_name' retrieved from /home/airflow/.local/lib/python3.12/site-packages/airflow/example_dags/example_display_name.py
[2024-12-12T05:42:06.076+0000] {logging_mixin.py:190} INFO - [2024-12-12T05:42:06.073+0000] {dag.py:3239} INFO - Sync 1 DAGs
[2024-12-12T05:42:06.210+0000] {logging_mixin.py:190} INFO - [2024-12-12T05:42:06.207+0000] {dag.py:4180} INFO - Setting next_dagrun for example_display_name to None, run_after=None
[2024-12-12T05:42:06.248+0000] {processor.py:208} INFO - Processing /home/airflow/.local/lib/python3.12/site-packages/airflow/example_dags/example_display_name.py took 0.667 seconds
[2024-12-12T05:42:37.191+0000] {processor.py:186} INFO - Started process (PID=560) to work on /home/airflow/.local/lib/python3.12/site-packages/airflow/example_dags/example_display_name.py
[2024-12-12T05:42:37.194+0000] {processor.py:914} INFO - Processing file /home/airflow/.local/lib/python3.12/site-packages/airflow/example_dags/example_display_name.py for tasks to queue
[2024-12-12T05:42:37.208+0000] {logging_mixin.py:190} INFO - [2024-12-12T05:42:37.207+0000] {dagbag.py:588} INFO - Filling up the DagBag from /home/airflow/.local/lib/python3.12/site-packages/airflow/example_dags/example_display_name.py
[2024-12-12T05:42:37.247+0000] {processor.py:925} INFO - DAG(s) 'example_display_name' retrieved from /home/airflow/.local/lib/python3.12/site-packages/airflow/example_dags/example_display_name.py
[2024-12-12T05:42:37.285+0000] {logging_mixin.py:190} INFO - [2024-12-12T05:42:37.285+0000] {dag.py:3239} INFO - Sync 1 DAGs
[2024-12-12T05:42:37.324+0000] {logging_mixin.py:190} INFO - [2024-12-12T05:42:37.323+0000] {dag.py:4180} INFO - Setting next_dagrun for example_display_name to None, run_after=None
[2024-12-12T05:42:37.360+0000] {processor.py:208} INFO - Processing /home/airflow/.local/lib/python3.12/site-packages/airflow/example_dags/example_display_name.py took 0.196 seconds
[2024-12-12T05:43:08.200+0000] {processor.py:186} INFO - Started process (PID=623) to work on /home/airflow/.local/lib/python3.12/site-packages/airflow/example_dags/example_display_name.py
[2024-12-12T05:43:08.204+0000] {processor.py:914} INFO - Processing file /home/airflow/.local/lib/python3.12/site-packages/airflow/example_dags/example_display_name.py for tasks to queue
[2024-12-12T05:43:08.208+0000] {logging_mixin.py:190} INFO - [2024-12-12T05:43:08.208+0000] {dagbag.py:588} INFO - Filling up the DagBag from /home/airflow/.local/lib/python3.12/site-packages/airflow/example_dags/example_display_name.py
[2024-12-12T05:43:08.243+0000] {processor.py:925} INFO - DAG(s) 'example_display_name' retrieved from /home/airflow/.local/lib/python3.12/site-packages/airflow/example_dags/example_display_name.py
[2024-12-12T05:43:08.280+0000] {logging_mixin.py:190} INFO - [2024-12-12T05:43:08.280+0000] {dag.py:3239} INFO - Sync 1 DAGs
[2024-12-12T05:43:08.300+0000] {logging_mixin.py:190} INFO - [2024-12-12T05:43:08.300+0000] {dag.py:4180} INFO - Setting next_dagrun for example_display_name to None, run_after=None
[2024-12-12T05:43:08.334+0000] {processor.py:208} INFO - Processing /home/airflow/.local/lib/python3.12/site-packages/airflow/example_dags/example_display_name.py took 0.139 seconds
[2024-12-12T05:45:07.119+0000] {processor.py:186} INFO - Started process (PID=54) to work on /home/airflow/.local/lib/python3.12/site-packages/airflow/example_dags/example_display_name.py
[2024-12-12T05:45:07.126+0000] {processor.py:914} INFO - Processing file /home/airflow/.local/lib/python3.12/site-packages/airflow/example_dags/example_display_name.py for tasks to queue
[2024-12-12T05:45:07.149+0000] {logging_mixin.py:190} INFO - [2024-12-12T05:45:07.148+0000] {dagbag.py:588} INFO - Filling up the DagBag from /home/airflow/.local/lib/python3.12/site-packages/airflow/example_dags/example_display_name.py
[2024-12-12T05:45:07.245+0000] {processor.py:925} INFO - DAG(s) 'example_display_name' retrieved from /home/airflow/.local/lib/python3.12/site-packages/airflow/example_dags/example_display_name.py
[2024-12-12T05:45:07.331+0000] {logging_mixin.py:190} INFO - [2024-12-12T05:45:07.331+0000] {dag.py:3239} INFO - Sync 1 DAGs
[2024-12-12T05:45:07.381+0000] {logging_mixin.py:190} INFO - [2024-12-12T05:45:07.381+0000] {dag.py:4180} INFO - Setting next_dagrun for example_display_name to None, run_after=None
[2024-12-12T05:45:07.556+0000] {processor.py:208} INFO - Processing /home/airflow/.local/lib/python3.12/site-packages/airflow/example_dags/example_display_name.py took 0.492 seconds
[2024-12-12T05:45:37.950+0000] {processor.py:186} INFO - Started process (PID=118) to work on /home/airflow/.local/lib/python3.12/site-packages/airflow/example_dags/example_display_name.py
[2024-12-12T05:45:37.951+0000] {processor.py:914} INFO - Processing file /home/airflow/.local/lib/python3.12/site-packages/airflow/example_dags/example_display_name.py for tasks to queue
[2024-12-12T05:45:37.953+0000] {logging_mixin.py:190} INFO - [2024-12-12T05:45:37.953+0000] {dagbag.py:588} INFO - Filling up the DagBag from /home/airflow/.local/lib/python3.12/site-packages/airflow/example_dags/example_display_name.py
[2024-12-12T05:45:37.959+0000] {processor.py:925} INFO - DAG(s) 'example_display_name' retrieved from /home/airflow/.local/lib/python3.12/site-packages/airflow/example_dags/example_display_name.py
[2024-12-12T05:45:37.976+0000] {logging_mixin.py:190} INFO - [2024-12-12T05:45:37.976+0000] {dag.py:3239} INFO - Sync 1 DAGs
[2024-12-12T05:45:37.987+0000] {logging_mixin.py:190} INFO - [2024-12-12T05:45:37.987+0000] {dag.py:4180} INFO - Setting next_dagrun for example_display_name to None, run_after=None
[2024-12-12T05:45:38.000+0000] {processor.py:208} INFO - Processing /home/airflow/.local/lib/python3.12/site-packages/airflow/example_dags/example_display_name.py took 0.054 seconds
[2024-12-12T05:46:08.987+0000] {processor.py:186} INFO - Started process (PID=181) to work on /home/airflow/.local/lib/python3.12/site-packages/airflow/example_dags/example_display_name.py
[2024-12-12T05:46:08.995+0000] {processor.py:914} INFO - Processing file /home/airflow/.local/lib/python3.12/site-packages/airflow/example_dags/example_display_name.py for tasks to queue
[2024-12-12T05:46:08.997+0000] {logging_mixin.py:190} INFO - [2024-12-12T05:46:08.997+0000] {dagbag.py:588} INFO - Filling up the DagBag from /home/airflow/.local/lib/python3.12/site-packages/airflow/example_dags/example_display_name.py
[2024-12-12T05:46:09.004+0000] {processor.py:925} INFO - DAG(s) 'example_display_name' retrieved from /home/airflow/.local/lib/python3.12/site-packages/airflow/example_dags/example_display_name.py
[2024-12-12T05:46:09.017+0000] {logging_mixin.py:190} INFO - [2024-12-12T05:46:09.016+0000] {dag.py:3239} INFO - Sync 1 DAGs
[2024-12-12T05:46:09.029+0000] {logging_mixin.py:190} INFO - [2024-12-12T05:46:09.028+0000] {dag.py:4180} INFO - Setting next_dagrun for example_display_name to None, run_after=None
[2024-12-12T05:46:09.052+0000] {processor.py:208} INFO - Processing /home/airflow/.local/lib/python3.12/site-packages/airflow/example_dags/example_display_name.py took 0.073 seconds
