[2024-12-12T05:36:25.536+0000] {processor.py:186} INFO - Started process (PID=45) to work on /home/airflow/.local/lib/python3.12/site-packages/airflow/example_dags/example_local_kubernetes_executor.py
[2024-12-12T05:36:25.538+0000] {processor.py:914} INFO - Processing file /home/airflow/.local/lib/python3.12/site-packages/airflow/example_dags/example_local_kubernetes_executor.py for tasks to queue
[2024-12-12T05:36:25.553+0000] {logging_mixin.py:190} INFO - [2024-12-12T05:36:25.553+0000] {dagbag.py:588} INFO - Filling up the DagBag from /home/airflow/.local/lib/python3.12/site-packages/airflow/example_dags/example_local_kubernetes_executor.py
[2024-12-12T05:36:25.731+0000] {processor.py:925} INFO - DAG(s) 'example_local_kubernetes_executor' retrieved from /home/airflow/.local/lib/python3.12/site-packages/airflow/example_dags/example_local_kubernetes_executor.py
[2024-12-12T05:36:26.889+0000] {logging_mixin.py:190} INFO - [2024-12-12T05:36:26.887+0000] {override.py:1911} INFO - Created Permission View: can delete on DAG:example_local_kubernetes_executor
[2024-12-12T05:36:26.926+0000] {logging_mixin.py:190} INFO - [2024-12-12T05:36:26.925+0000] {override.py:1911} INFO - Created Permission View: can edit on DAG:example_local_kubernetes_executor
[2024-12-12T05:36:26.937+0000] {logging_mixin.py:190} INFO - [2024-12-12T05:36:26.937+0000] {override.py:1911} INFO - Created Permission View: can read on DAG:example_local_kubernetes_executor
[2024-12-12T05:36:26.959+0000] {logging_mixin.py:190} INFO - [2024-12-12T05:36:26.958+0000] {override.py:1911} INFO - Created Permission View: can delete on DAG Run:example_local_kubernetes_executor
[2024-12-12T05:36:26.977+0000] {logging_mixin.py:190} INFO - [2024-12-12T05:36:26.976+0000] {override.py:1911} INFO - Created Permission View: menu access on DAG Run:example_local_kubernetes_executor
[2024-12-12T05:36:26.998+0000] {logging_mixin.py:190} INFO - [2024-12-12T05:36:26.998+0000] {override.py:1911} INFO - Created Permission View: can create on DAG Run:example_local_kubernetes_executor
[2024-12-12T05:36:27.012+0000] {logging_mixin.py:190} INFO - [2024-12-12T05:36:27.011+0000] {override.py:1911} INFO - Created Permission View: can read on DAG Run:example_local_kubernetes_executor
[2024-12-12T05:36:27.015+0000] {logging_mixin.py:190} INFO - [2024-12-12T05:36:27.015+0000] {dag.py:3239} INFO - Sync 1 DAGs
[2024-12-12T05:36:27.089+0000] {logging_mixin.py:190} INFO - [2024-12-12T05:36:27.089+0000] {dag.py:3262} INFO - Creating ORM DAG for example_local_kubernetes_executor
[2024-12-12T05:36:27.098+0000] {logging_mixin.py:190} INFO - [2024-12-12T05:36:27.098+0000] {dag.py:4180} INFO - Setting next_dagrun for example_local_kubernetes_executor to None, run_after=None
[2024-12-12T05:36:27.151+0000] {processor.py:208} INFO - Processing /home/airflow/.local/lib/python3.12/site-packages/airflow/example_dags/example_local_kubernetes_executor.py took 1.636 seconds
[2024-12-12T05:36:57.316+0000] {processor.py:186} INFO - Started process (PID=109) to work on /home/airflow/.local/lib/python3.12/site-packages/airflow/example_dags/example_local_kubernetes_executor.py
[2024-12-12T05:36:57.317+0000] {processor.py:914} INFO - Processing file /home/airflow/.local/lib/python3.12/site-packages/airflow/example_dags/example_local_kubernetes_executor.py for tasks to queue
[2024-12-12T05:36:57.319+0000] {logging_mixin.py:190} INFO - [2024-12-12T05:36:57.318+0000] {dagbag.py:588} INFO - Filling up the DagBag from /home/airflow/.local/lib/python3.12/site-packages/airflow/example_dags/example_local_kubernetes_executor.py
[2024-12-12T05:36:57.331+0000] {processor.py:925} INFO - DAG(s) 'example_local_kubernetes_executor' retrieved from /home/airflow/.local/lib/python3.12/site-packages/airflow/example_dags/example_local_kubernetes_executor.py
[2024-12-12T05:36:57.367+0000] {logging_mixin.py:190} INFO - [2024-12-12T05:36:57.367+0000] {dag.py:3239} INFO - Sync 1 DAGs
[2024-12-12T05:36:57.375+0000] {logging_mixin.py:190} INFO - [2024-12-12T05:36:57.375+0000] {dag.py:4180} INFO - Setting next_dagrun for example_local_kubernetes_executor to None, run_after=None
[2024-12-12T05:36:57.386+0000] {processor.py:208} INFO - Processing /home/airflow/.local/lib/python3.12/site-packages/airflow/example_dags/example_local_kubernetes_executor.py took 0.074 seconds
[2024-12-12T05:37:29.512+0000] {processor.py:186} INFO - Started process (PID=173) to work on /home/airflow/.local/lib/python3.12/site-packages/airflow/example_dags/example_local_kubernetes_executor.py
[2024-12-12T05:37:29.520+0000] {processor.py:914} INFO - Processing file /home/airflow/.local/lib/python3.12/site-packages/airflow/example_dags/example_local_kubernetes_executor.py for tasks to queue
[2024-12-12T05:37:29.533+0000] {logging_mixin.py:190} INFO - [2024-12-12T05:37:29.530+0000] {dagbag.py:588} INFO - Filling up the DagBag from /home/airflow/.local/lib/python3.12/site-packages/airflow/example_dags/example_local_kubernetes_executor.py
[2024-12-12T05:37:29.790+0000] {processor.py:925} INFO - DAG(s) 'example_local_kubernetes_executor' retrieved from /home/airflow/.local/lib/python3.12/site-packages/airflow/example_dags/example_local_kubernetes_executor.py
[2024-12-12T05:37:30.256+0000] {logging_mixin.py:190} INFO - [2024-12-12T05:37:30.255+0000] {dag.py:3239} INFO - Sync 1 DAGs
[2024-12-12T05:37:30.350+0000] {logging_mixin.py:190} INFO - [2024-12-12T05:37:30.350+0000] {dag.py:4180} INFO - Setting next_dagrun for example_local_kubernetes_executor to None, run_after=None
[2024-12-12T05:37:30.397+0000] {processor.py:208} INFO - Processing /home/airflow/.local/lib/python3.12/site-packages/airflow/example_dags/example_local_kubernetes_executor.py took 0.907 seconds
[2024-12-12T05:38:23.014+0000] {processor.py:186} INFO - Started process (PID=44) to work on /home/airflow/.local/lib/python3.12/site-packages/airflow/example_dags/example_local_kubernetes_executor.py
[2024-12-12T05:38:23.015+0000] {processor.py:914} INFO - Processing file /home/airflow/.local/lib/python3.12/site-packages/airflow/example_dags/example_local_kubernetes_executor.py for tasks to queue
[2024-12-12T05:38:23.019+0000] {logging_mixin.py:190} INFO - [2024-12-12T05:38:23.018+0000] {dagbag.py:588} INFO - Filling up the DagBag from /home/airflow/.local/lib/python3.12/site-packages/airflow/example_dags/example_local_kubernetes_executor.py
[2024-12-12T05:38:23.031+0000] {processor.py:925} INFO - DAG(s) 'example_local_kubernetes_executor' retrieved from /home/airflow/.local/lib/python3.12/site-packages/airflow/example_dags/example_local_kubernetes_executor.py
[2024-12-12T05:38:23.078+0000] {logging_mixin.py:190} INFO - [2024-12-12T05:38:23.078+0000] {dag.py:3239} INFO - Sync 1 DAGs
[2024-12-12T05:38:23.087+0000] {logging_mixin.py:190} INFO - [2024-12-12T05:38:23.087+0000] {dag.py:4180} INFO - Setting next_dagrun for example_local_kubernetes_executor to None, run_after=None
[2024-12-12T05:38:23.098+0000] {processor.py:208} INFO - Processing /home/airflow/.local/lib/python3.12/site-packages/airflow/example_dags/example_local_kubernetes_executor.py took 0.088 seconds
[2024-12-12T05:38:53.652+0000] {processor.py:186} INFO - Started process (PID=108) to work on /home/airflow/.local/lib/python3.12/site-packages/airflow/example_dags/example_local_kubernetes_executor.py
[2024-12-12T05:38:53.656+0000] {processor.py:914} INFO - Processing file /home/airflow/.local/lib/python3.12/site-packages/airflow/example_dags/example_local_kubernetes_executor.py for tasks to queue
[2024-12-12T05:38:53.660+0000] {logging_mixin.py:190} INFO - [2024-12-12T05:38:53.659+0000] {dagbag.py:588} INFO - Filling up the DagBag from /home/airflow/.local/lib/python3.12/site-packages/airflow/example_dags/example_local_kubernetes_executor.py
[2024-12-12T05:38:53.686+0000] {processor.py:925} INFO - DAG(s) 'example_local_kubernetes_executor' retrieved from /home/airflow/.local/lib/python3.12/site-packages/airflow/example_dags/example_local_kubernetes_executor.py
[2024-12-12T05:38:53.729+0000] {logging_mixin.py:190} INFO - [2024-12-12T05:38:53.728+0000] {dag.py:3239} INFO - Sync 1 DAGs
[2024-12-12T05:38:53.759+0000] {logging_mixin.py:190} INFO - [2024-12-12T05:38:53.759+0000] {dag.py:4180} INFO - Setting next_dagrun for example_local_kubernetes_executor to None, run_after=None
[2024-12-12T05:38:53.803+0000] {processor.py:208} INFO - Processing /home/airflow/.local/lib/python3.12/site-packages/airflow/example_dags/example_local_kubernetes_executor.py took 0.161 seconds
[2024-12-12T05:39:25.255+0000] {processor.py:186} INFO - Started process (PID=171) to work on /home/airflow/.local/lib/python3.12/site-packages/airflow/example_dags/example_local_kubernetes_executor.py
[2024-12-12T05:39:25.256+0000] {processor.py:914} INFO - Processing file /home/airflow/.local/lib/python3.12/site-packages/airflow/example_dags/example_local_kubernetes_executor.py for tasks to queue
[2024-12-12T05:39:25.260+0000] {logging_mixin.py:190} INFO - [2024-12-12T05:39:25.260+0000] {dagbag.py:588} INFO - Filling up the DagBag from /home/airflow/.local/lib/python3.12/site-packages/airflow/example_dags/example_local_kubernetes_executor.py
[2024-12-12T05:39:25.275+0000] {processor.py:925} INFO - DAG(s) 'example_local_kubernetes_executor' retrieved from /home/airflow/.local/lib/python3.12/site-packages/airflow/example_dags/example_local_kubernetes_executor.py
[2024-12-12T05:39:25.329+0000] {logging_mixin.py:190} INFO - [2024-12-12T05:39:25.329+0000] {dag.py:3239} INFO - Sync 1 DAGs
[2024-12-12T05:39:25.343+0000] {logging_mixin.py:190} INFO - [2024-12-12T05:39:25.343+0000] {dag.py:4180} INFO - Setting next_dagrun for example_local_kubernetes_executor to None, run_after=None
[2024-12-12T05:39:25.386+0000] {processor.py:208} INFO - Processing /home/airflow/.local/lib/python3.12/site-packages/airflow/example_dags/example_local_kubernetes_executor.py took 0.140 seconds
[2024-12-12T05:39:56.037+0000] {processor.py:186} INFO - Started process (PID=234) to work on /home/airflow/.local/lib/python3.12/site-packages/airflow/example_dags/example_local_kubernetes_executor.py
[2024-12-12T05:39:56.038+0000] {processor.py:914} INFO - Processing file /home/airflow/.local/lib/python3.12/site-packages/airflow/example_dags/example_local_kubernetes_executor.py for tasks to queue
[2024-12-12T05:39:56.041+0000] {logging_mixin.py:190} INFO - [2024-12-12T05:39:56.040+0000] {dagbag.py:588} INFO - Filling up the DagBag from /home/airflow/.local/lib/python3.12/site-packages/airflow/example_dags/example_local_kubernetes_executor.py
[2024-12-12T05:39:56.052+0000] {processor.py:925} INFO - DAG(s) 'example_local_kubernetes_executor' retrieved from /home/airflow/.local/lib/python3.12/site-packages/airflow/example_dags/example_local_kubernetes_executor.py
[2024-12-12T05:39:56.128+0000] {logging_mixin.py:190} INFO - [2024-12-12T05:39:56.128+0000] {dag.py:3239} INFO - Sync 1 DAGs
[2024-12-12T05:39:56.166+0000] {logging_mixin.py:190} INFO - [2024-12-12T05:39:56.166+0000] {dag.py:4180} INFO - Setting next_dagrun for example_local_kubernetes_executor to None, run_after=None
[2024-12-12T05:39:56.216+0000] {processor.py:208} INFO - Processing /home/airflow/.local/lib/python3.12/site-packages/airflow/example_dags/example_local_kubernetes_executor.py took 0.184 seconds
[2024-12-12T05:40:28.505+0000] {processor.py:186} INFO - Started process (PID=297) to work on /home/airflow/.local/lib/python3.12/site-packages/airflow/example_dags/example_local_kubernetes_executor.py
[2024-12-12T05:40:28.509+0000] {processor.py:914} INFO - Processing file /home/airflow/.local/lib/python3.12/site-packages/airflow/example_dags/example_local_kubernetes_executor.py for tasks to queue
[2024-12-12T05:40:28.517+0000] {logging_mixin.py:190} INFO - [2024-12-12T05:40:28.516+0000] {dagbag.py:588} INFO - Filling up the DagBag from /home/airflow/.local/lib/python3.12/site-packages/airflow/example_dags/example_local_kubernetes_executor.py
[2024-12-12T05:40:28.543+0000] {processor.py:925} INFO - DAG(s) 'example_local_kubernetes_executor' retrieved from /home/airflow/.local/lib/python3.12/site-packages/airflow/example_dags/example_local_kubernetes_executor.py
[2024-12-12T05:40:28.657+0000] {logging_mixin.py:190} INFO - [2024-12-12T05:40:28.657+0000] {dag.py:3239} INFO - Sync 1 DAGs
[2024-12-12T05:40:28.702+0000] {logging_mixin.py:190} INFO - [2024-12-12T05:40:28.701+0000] {dag.py:4180} INFO - Setting next_dagrun for example_local_kubernetes_executor to None, run_after=None
[2024-12-12T05:40:28.730+0000] {processor.py:208} INFO - Processing /home/airflow/.local/lib/python3.12/site-packages/airflow/example_dags/example_local_kubernetes_executor.py took 0.230 seconds
[2024-12-12T05:41:01.448+0000] {processor.py:186} INFO - Started process (PID=367) to work on /home/airflow/.local/lib/python3.12/site-packages/airflow/example_dags/example_local_kubernetes_executor.py
[2024-12-12T05:41:01.452+0000] {processor.py:914} INFO - Processing file /home/airflow/.local/lib/python3.12/site-packages/airflow/example_dags/example_local_kubernetes_executor.py for tasks to queue
[2024-12-12T05:41:01.464+0000] {logging_mixin.py:190} INFO - [2024-12-12T05:41:01.463+0000] {dagbag.py:588} INFO - Filling up the DagBag from /home/airflow/.local/lib/python3.12/site-packages/airflow/example_dags/example_local_kubernetes_executor.py
[2024-12-12T05:41:01.506+0000] {processor.py:925} INFO - DAG(s) 'example_local_kubernetes_executor' retrieved from /home/airflow/.local/lib/python3.12/site-packages/airflow/example_dags/example_local_kubernetes_executor.py
[2024-12-12T05:41:01.679+0000] {logging_mixin.py:190} INFO - [2024-12-12T05:41:01.678+0000] {dag.py:3239} INFO - Sync 1 DAGs
[2024-12-12T05:41:01.715+0000] {logging_mixin.py:190} INFO - [2024-12-12T05:41:01.715+0000] {dag.py:4180} INFO - Setting next_dagrun for example_local_kubernetes_executor to None, run_after=None
[2024-12-12T05:41:01.748+0000] {processor.py:208} INFO - Processing /home/airflow/.local/lib/python3.12/site-packages/airflow/example_dags/example_local_kubernetes_executor.py took 0.307 seconds
[2024-12-12T05:41:32.447+0000] {processor.py:186} INFO - Started process (PID=431) to work on /home/airflow/.local/lib/python3.12/site-packages/airflow/example_dags/example_local_kubernetes_executor.py
[2024-12-12T05:41:32.448+0000] {processor.py:914} INFO - Processing file /home/airflow/.local/lib/python3.12/site-packages/airflow/example_dags/example_local_kubernetes_executor.py for tasks to queue
[2024-12-12T05:41:32.450+0000] {logging_mixin.py:190} INFO - [2024-12-12T05:41:32.450+0000] {dagbag.py:588} INFO - Filling up the DagBag from /home/airflow/.local/lib/python3.12/site-packages/airflow/example_dags/example_local_kubernetes_executor.py
[2024-12-12T05:41:32.488+0000] {processor.py:925} INFO - DAG(s) 'example_local_kubernetes_executor' retrieved from /home/airflow/.local/lib/python3.12/site-packages/airflow/example_dags/example_local_kubernetes_executor.py
[2024-12-12T05:41:32.545+0000] {logging_mixin.py:190} INFO - [2024-12-12T05:41:32.545+0000] {dag.py:3239} INFO - Sync 1 DAGs
[2024-12-12T05:41:32.571+0000] {logging_mixin.py:190} INFO - [2024-12-12T05:41:32.571+0000] {dag.py:4180} INFO - Setting next_dagrun for example_local_kubernetes_executor to None, run_after=None
[2024-12-12T05:41:32.594+0000] {processor.py:208} INFO - Processing /home/airflow/.local/lib/python3.12/site-packages/airflow/example_dags/example_local_kubernetes_executor.py took 0.151 seconds
[2024-12-12T05:42:04.798+0000] {processor.py:186} INFO - Started process (PID=493) to work on /home/airflow/.local/lib/python3.12/site-packages/airflow/example_dags/example_local_kubernetes_executor.py
[2024-12-12T05:42:04.819+0000] {processor.py:914} INFO - Processing file /home/airflow/.local/lib/python3.12/site-packages/airflow/example_dags/example_local_kubernetes_executor.py for tasks to queue
[2024-12-12T05:42:04.902+0000] {logging_mixin.py:190} INFO - [2024-12-12T05:42:04.890+0000] {dagbag.py:588} INFO - Filling up the DagBag from /home/airflow/.local/lib/python3.12/site-packages/airflow/example_dags/example_local_kubernetes_executor.py
[2024-12-12T05:42:05.039+0000] {processor.py:925} INFO - DAG(s) 'example_local_kubernetes_executor' retrieved from /home/airflow/.local/lib/python3.12/site-packages/airflow/example_dags/example_local_kubernetes_executor.py
[2024-12-12T05:42:05.327+0000] {logging_mixin.py:190} INFO - [2024-12-12T05:42:05.326+0000] {dag.py:3239} INFO - Sync 1 DAGs
[2024-12-12T05:42:05.384+0000] {logging_mixin.py:190} INFO - [2024-12-12T05:42:05.383+0000] {dag.py:4180} INFO - Setting next_dagrun for example_local_kubernetes_executor to None, run_after=None
[2024-12-12T05:42:05.452+0000] {processor.py:208} INFO - Processing /home/airflow/.local/lib/python3.12/site-packages/airflow/example_dags/example_local_kubernetes_executor.py took 0.720 seconds
[2024-12-12T05:42:35.915+0000] {processor.py:186} INFO - Started process (PID=557) to work on /home/airflow/.local/lib/python3.12/site-packages/airflow/example_dags/example_local_kubernetes_executor.py
[2024-12-12T05:42:35.918+0000] {processor.py:914} INFO - Processing file /home/airflow/.local/lib/python3.12/site-packages/airflow/example_dags/example_local_kubernetes_executor.py for tasks to queue
[2024-12-12T05:42:35.920+0000] {logging_mixin.py:190} INFO - [2024-12-12T05:42:35.920+0000] {dagbag.py:588} INFO - Filling up the DagBag from /home/airflow/.local/lib/python3.12/site-packages/airflow/example_dags/example_local_kubernetes_executor.py
[2024-12-12T05:42:35.931+0000] {processor.py:925} INFO - DAG(s) 'example_local_kubernetes_executor' retrieved from /home/airflow/.local/lib/python3.12/site-packages/airflow/example_dags/example_local_kubernetes_executor.py
[2024-12-12T05:42:35.970+0000] {logging_mixin.py:190} INFO - [2024-12-12T05:42:35.970+0000] {dag.py:3239} INFO - Sync 1 DAGs
[2024-12-12T05:42:35.982+0000] {logging_mixin.py:190} INFO - [2024-12-12T05:42:35.982+0000] {dag.py:4180} INFO - Setting next_dagrun for example_local_kubernetes_executor to None, run_after=None
[2024-12-12T05:42:35.999+0000] {processor.py:208} INFO - Processing /home/airflow/.local/lib/python3.12/site-packages/airflow/example_dags/example_local_kubernetes_executor.py took 0.088 seconds
[2024-12-12T05:43:06.962+0000] {processor.py:186} INFO - Started process (PID=620) to work on /home/airflow/.local/lib/python3.12/site-packages/airflow/example_dags/example_local_kubernetes_executor.py
[2024-12-12T05:43:06.963+0000] {processor.py:914} INFO - Processing file /home/airflow/.local/lib/python3.12/site-packages/airflow/example_dags/example_local_kubernetes_executor.py for tasks to queue
[2024-12-12T05:43:06.965+0000] {logging_mixin.py:190} INFO - [2024-12-12T05:43:06.965+0000] {dagbag.py:588} INFO - Filling up the DagBag from /home/airflow/.local/lib/python3.12/site-packages/airflow/example_dags/example_local_kubernetes_executor.py
[2024-12-12T05:43:07.030+0000] {processor.py:925} INFO - DAG(s) 'example_local_kubernetes_executor' retrieved from /home/airflow/.local/lib/python3.12/site-packages/airflow/example_dags/example_local_kubernetes_executor.py
[2024-12-12T05:43:07.098+0000] {logging_mixin.py:190} INFO - [2024-12-12T05:43:07.098+0000] {dag.py:3239} INFO - Sync 1 DAGs
[2024-12-12T05:43:07.119+0000] {logging_mixin.py:190} INFO - [2024-12-12T05:43:07.119+0000] {dag.py:4180} INFO - Setting next_dagrun for example_local_kubernetes_executor to None, run_after=None
[2024-12-12T05:43:07.131+0000] {processor.py:208} INFO - Processing /home/airflow/.local/lib/python3.12/site-packages/airflow/example_dags/example_local_kubernetes_executor.py took 0.175 seconds
[2024-12-12T05:45:06.328+0000] {processor.py:186} INFO - Started process (PID=51) to work on /home/airflow/.local/lib/python3.12/site-packages/airflow/example_dags/example_local_kubernetes_executor.py
[2024-12-12T05:45:06.332+0000] {processor.py:914} INFO - Processing file /home/airflow/.local/lib/python3.12/site-packages/airflow/example_dags/example_local_kubernetes_executor.py for tasks to queue
[2024-12-12T05:45:06.342+0000] {logging_mixin.py:190} INFO - [2024-12-12T05:45:06.341+0000] {dagbag.py:588} INFO - Filling up the DagBag from /home/airflow/.local/lib/python3.12/site-packages/airflow/example_dags/example_local_kubernetes_executor.py
[2024-12-12T05:45:06.426+0000] {processor.py:925} INFO - DAG(s) 'example_local_kubernetes_executor' retrieved from /home/airflow/.local/lib/python3.12/site-packages/airflow/example_dags/example_local_kubernetes_executor.py
[2024-12-12T05:45:06.713+0000] {logging_mixin.py:190} INFO - [2024-12-12T05:45:06.712+0000] {dag.py:3239} INFO - Sync 1 DAGs
[2024-12-12T05:45:06.832+0000] {logging_mixin.py:190} INFO - [2024-12-12T05:45:06.831+0000] {dag.py:4180} INFO - Setting next_dagrun for example_local_kubernetes_executor to None, run_after=None
[2024-12-12T05:45:06.887+0000] {processor.py:208} INFO - Processing /home/airflow/.local/lib/python3.12/site-packages/airflow/example_dags/example_local_kubernetes_executor.py took 0.647 seconds
[2024-12-12T05:45:37.613+0000] {processor.py:186} INFO - Started process (PID=115) to work on /home/airflow/.local/lib/python3.12/site-packages/airflow/example_dags/example_local_kubernetes_executor.py
[2024-12-12T05:45:37.616+0000] {processor.py:914} INFO - Processing file /home/airflow/.local/lib/python3.12/site-packages/airflow/example_dags/example_local_kubernetes_executor.py for tasks to queue
[2024-12-12T05:45:37.620+0000] {logging_mixin.py:190} INFO - [2024-12-12T05:45:37.620+0000] {dagbag.py:588} INFO - Filling up the DagBag from /home/airflow/.local/lib/python3.12/site-packages/airflow/example_dags/example_local_kubernetes_executor.py
[2024-12-12T05:45:37.639+0000] {processor.py:925} INFO - DAG(s) 'example_local_kubernetes_executor' retrieved from /home/airflow/.local/lib/python3.12/site-packages/airflow/example_dags/example_local_kubernetes_executor.py
[2024-12-12T05:45:37.695+0000] {logging_mixin.py:190} INFO - [2024-12-12T05:45:37.695+0000] {dag.py:3239} INFO - Sync 1 DAGs
[2024-12-12T05:45:37.703+0000] {logging_mixin.py:190} INFO - [2024-12-12T05:45:37.703+0000] {dag.py:4180} INFO - Setting next_dagrun for example_local_kubernetes_executor to None, run_after=None
[2024-12-12T05:45:37.715+0000] {processor.py:208} INFO - Processing /home/airflow/.local/lib/python3.12/site-packages/airflow/example_dags/example_local_kubernetes_executor.py took 0.105 seconds
[2024-12-12T05:46:08.701+0000] {processor.py:186} INFO - Started process (PID=178) to work on /home/airflow/.local/lib/python3.12/site-packages/airflow/example_dags/example_local_kubernetes_executor.py
[2024-12-12T05:46:08.717+0000] {processor.py:914} INFO - Processing file /home/airflow/.local/lib/python3.12/site-packages/airflow/example_dags/example_local_kubernetes_executor.py for tasks to queue
[2024-12-12T05:46:08.730+0000] {logging_mixin.py:190} INFO - [2024-12-12T05:46:08.729+0000] {dagbag.py:588} INFO - Filling up the DagBag from /home/airflow/.local/lib/python3.12/site-packages/airflow/example_dags/example_local_kubernetes_executor.py
[2024-12-12T05:46:08.780+0000] {processor.py:925} INFO - DAG(s) 'example_local_kubernetes_executor' retrieved from /home/airflow/.local/lib/python3.12/site-packages/airflow/example_dags/example_local_kubernetes_executor.py
[2024-12-12T05:46:08.880+0000] {logging_mixin.py:190} INFO - [2024-12-12T05:46:08.880+0000] {dag.py:3239} INFO - Sync 1 DAGs
[2024-12-12T05:46:08.899+0000] {logging_mixin.py:190} INFO - [2024-12-12T05:46:08.899+0000] {dag.py:4180} INFO - Setting next_dagrun for example_local_kubernetes_executor to None, run_after=None
[2024-12-12T05:46:08.930+0000] {processor.py:208} INFO - Processing /home/airflow/.local/lib/python3.12/site-packages/airflow/example_dags/example_local_kubernetes_executor.py took 0.235 seconds
