[2024-12-12T05:36:27.349+0000] {processor.py:186} INFO - Started process (PID=47) to work on /home/airflow/.local/lib/python3.12/site-packages/airflow/example_dags/example_external_task_marker_dag.py
[2024-12-12T05:36:27.375+0000] {processor.py:914} INFO - Processing file /home/airflow/.local/lib/python3.12/site-packages/airflow/example_dags/example_external_task_marker_dag.py for tasks to queue
[2024-12-12T05:36:27.460+0000] {logging_mixin.py:190} INFO - [2024-12-12T05:36:27.456+0000] {dagbag.py:588} INFO - Filling up the DagBag from /home/airflow/.local/lib/python3.12/site-packages/airflow/example_dags/example_external_task_marker_dag.py
[2024-12-12T05:36:27.715+0000] {processor.py:925} INFO - DAG(s) 'example_external_task_marker_child', 'example_external_task_marker_parent' retrieved from /home/airflow/.local/lib/python3.12/site-packages/airflow/example_dags/example_external_task_marker_dag.py
[2024-12-12T05:36:28.558+0000] {logging_mixin.py:190} INFO - [2024-12-12T05:36:28.554+0000] {override.py:1911} INFO - Created Permission View: can delete on DAG:example_external_task_marker_child
[2024-12-12T05:36:28.585+0000] {logging_mixin.py:190} INFO - [2024-12-12T05:36:28.585+0000] {override.py:1911} INFO - Created Permission View: can edit on DAG:example_external_task_marker_child
[2024-12-12T05:36:28.594+0000] {logging_mixin.py:190} INFO - [2024-12-12T05:36:28.594+0000] {override.py:1911} INFO - Created Permission View: can read on DAG:example_external_task_marker_child
[2024-12-12T05:36:28.610+0000] {logging_mixin.py:190} INFO - [2024-12-12T05:36:28.610+0000] {override.py:1911} INFO - Created Permission View: can delete on DAG Run:example_external_task_marker_child
[2024-12-12T05:36:28.645+0000] {logging_mixin.py:190} INFO - [2024-12-12T05:36:28.643+0000] {override.py:1911} INFO - Created Permission View: menu access on DAG Run:example_external_task_marker_child
[2024-12-12T05:36:28.655+0000] {logging_mixin.py:190} INFO - [2024-12-12T05:36:28.655+0000] {override.py:1911} INFO - Created Permission View: can create on DAG Run:example_external_task_marker_child
[2024-12-12T05:36:28.667+0000] {logging_mixin.py:190} INFO - [2024-12-12T05:36:28.667+0000] {override.py:1911} INFO - Created Permission View: can read on DAG Run:example_external_task_marker_child
[2024-12-12T05:36:28.690+0000] {logging_mixin.py:190} INFO - [2024-12-12T05:36:28.689+0000] {override.py:1911} INFO - Created Permission View: can delete on DAG:example_external_task_marker_parent
[2024-12-12T05:36:28.717+0000] {logging_mixin.py:190} INFO - [2024-12-12T05:36:28.717+0000] {override.py:1911} INFO - Created Permission View: can edit on DAG:example_external_task_marker_parent
[2024-12-12T05:36:28.773+0000] {logging_mixin.py:190} INFO - [2024-12-12T05:36:28.773+0000] {override.py:1911} INFO - Created Permission View: can read on DAG:example_external_task_marker_parent
[2024-12-12T05:36:28.829+0000] {logging_mixin.py:190} INFO - [2024-12-12T05:36:28.829+0000] {override.py:1911} INFO - Created Permission View: can delete on DAG Run:example_external_task_marker_parent
[2024-12-12T05:36:28.878+0000] {logging_mixin.py:190} INFO - [2024-12-12T05:36:28.877+0000] {override.py:1911} INFO - Created Permission View: menu access on DAG Run:example_external_task_marker_parent
[2024-12-12T05:36:28.911+0000] {logging_mixin.py:190} INFO - [2024-12-12T05:36:28.910+0000] {override.py:1911} INFO - Created Permission View: can create on DAG Run:example_external_task_marker_parent
[2024-12-12T05:36:28.923+0000] {logging_mixin.py:190} INFO - [2024-12-12T05:36:28.922+0000] {override.py:1911} INFO - Created Permission View: can read on DAG Run:example_external_task_marker_parent
[2024-12-12T05:36:28.927+0000] {logging_mixin.py:190} INFO - [2024-12-12T05:36:28.926+0000] {dag.py:3239} INFO - Sync 2 DAGs
[2024-12-12T05:36:28.962+0000] {logging_mixin.py:190} INFO - [2024-12-12T05:36:28.962+0000] {dag.py:3262} INFO - Creating ORM DAG for example_external_task_marker_parent
[2024-12-12T05:36:28.972+0000] {logging_mixin.py:190} INFO - [2024-12-12T05:36:28.972+0000] {dag.py:3262} INFO - Creating ORM DAG for example_external_task_marker_child
[2024-12-12T05:36:28.987+0000] {logging_mixin.py:190} INFO - [2024-12-12T05:36:28.986+0000] {dag.py:4180} INFO - Setting next_dagrun for example_external_task_marker_child to None, run_after=None
[2024-12-12T05:36:28.997+0000] {logging_mixin.py:190} INFO - [2024-12-12T05:36:28.997+0000] {dag.py:4180} INFO - Setting next_dagrun for example_external_task_marker_parent to None, run_after=None
[2024-12-12T05:36:29.094+0000] {processor.py:208} INFO - Processing /home/airflow/.local/lib/python3.12/site-packages/airflow/example_dags/example_external_task_marker_dag.py took 1.888 seconds
[2024-12-12T05:36:59.454+0000] {processor.py:186} INFO - Started process (PID=117) to work on /home/airflow/.local/lib/python3.12/site-packages/airflow/example_dags/example_external_task_marker_dag.py
[2024-12-12T05:36:59.458+0000] {processor.py:914} INFO - Processing file /home/airflow/.local/lib/python3.12/site-packages/airflow/example_dags/example_external_task_marker_dag.py for tasks to queue
[2024-12-12T05:36:59.463+0000] {logging_mixin.py:190} INFO - [2024-12-12T05:36:59.463+0000] {dagbag.py:588} INFO - Filling up the DagBag from /home/airflow/.local/lib/python3.12/site-packages/airflow/example_dags/example_external_task_marker_dag.py
[2024-12-12T05:36:59.485+0000] {processor.py:925} INFO - DAG(s) 'example_external_task_marker_child', 'example_external_task_marker_parent' retrieved from /home/airflow/.local/lib/python3.12/site-packages/airflow/example_dags/example_external_task_marker_dag.py
[2024-12-12T05:36:59.557+0000] {logging_mixin.py:190} INFO - [2024-12-12T05:36:59.557+0000] {dag.py:3239} INFO - Sync 2 DAGs
[2024-12-12T05:36:59.583+0000] {logging_mixin.py:190} INFO - [2024-12-12T05:36:59.583+0000] {dag.py:4180} INFO - Setting next_dagrun for example_external_task_marker_child to None, run_after=None
[2024-12-12T05:36:59.587+0000] {logging_mixin.py:190} INFO - [2024-12-12T05:36:59.587+0000] {dag.py:4180} INFO - Setting next_dagrun for example_external_task_marker_parent to None, run_after=None
[2024-12-12T05:36:59.644+0000] {processor.py:208} INFO - Processing /home/airflow/.local/lib/python3.12/site-packages/airflow/example_dags/example_external_task_marker_dag.py took 0.197 seconds
[2024-12-12T05:37:30.390+0000] {processor.py:186} INFO - Started process (PID=181) to work on /home/airflow/.local/lib/python3.12/site-packages/airflow/example_dags/example_external_task_marker_dag.py
[2024-12-12T05:37:30.394+0000] {processor.py:914} INFO - Processing file /home/airflow/.local/lib/python3.12/site-packages/airflow/example_dags/example_external_task_marker_dag.py for tasks to queue
[2024-12-12T05:37:30.396+0000] {logging_mixin.py:190} INFO - [2024-12-12T05:37:30.396+0000] {dagbag.py:588} INFO - Filling up the DagBag from /home/airflow/.local/lib/python3.12/site-packages/airflow/example_dags/example_external_task_marker_dag.py
[2024-12-12T05:37:30.412+0000] {processor.py:925} INFO - DAG(s) 'example_external_task_marker_parent', 'example_external_task_marker_child' retrieved from /home/airflow/.local/lib/python3.12/site-packages/airflow/example_dags/example_external_task_marker_dag.py
[2024-12-12T05:37:30.448+0000] {logging_mixin.py:190} INFO - [2024-12-12T05:37:30.447+0000] {dag.py:3239} INFO - Sync 2 DAGs
[2024-12-12T05:37:30.460+0000] {logging_mixin.py:190} INFO - [2024-12-12T05:37:30.460+0000] {dag.py:4180} INFO - Setting next_dagrun for example_external_task_marker_child to None, run_after=None
[2024-12-12T05:37:30.463+0000] {logging_mixin.py:190} INFO - [2024-12-12T05:37:30.463+0000] {dag.py:4180} INFO - Setting next_dagrun for example_external_task_marker_parent to None, run_after=None
[2024-12-12T05:37:30.482+0000] {processor.py:208} INFO - Processing /home/airflow/.local/lib/python3.12/site-packages/airflow/example_dags/example_external_task_marker_dag.py took 0.099 seconds
[2024-12-12T05:38:23.128+0000] {processor.py:186} INFO - Started process (PID=46) to work on /home/airflow/.local/lib/python3.12/site-packages/airflow/example_dags/example_external_task_marker_dag.py
[2024-12-12T05:38:23.129+0000] {processor.py:914} INFO - Processing file /home/airflow/.local/lib/python3.12/site-packages/airflow/example_dags/example_external_task_marker_dag.py for tasks to queue
[2024-12-12T05:38:23.131+0000] {logging_mixin.py:190} INFO - [2024-12-12T05:38:23.131+0000] {dagbag.py:588} INFO - Filling up the DagBag from /home/airflow/.local/lib/python3.12/site-packages/airflow/example_dags/example_external_task_marker_dag.py
[2024-12-12T05:38:23.136+0000] {processor.py:925} INFO - DAG(s) 'example_external_task_marker_child', 'example_external_task_marker_parent' retrieved from /home/airflow/.local/lib/python3.12/site-packages/airflow/example_dags/example_external_task_marker_dag.py
[2024-12-12T05:38:23.149+0000] {logging_mixin.py:190} INFO - [2024-12-12T05:38:23.149+0000] {dag.py:3239} INFO - Sync 2 DAGs
[2024-12-12T05:38:23.156+0000] {logging_mixin.py:190} INFO - [2024-12-12T05:38:23.156+0000] {dag.py:4180} INFO - Setting next_dagrun for example_external_task_marker_child to None, run_after=None
[2024-12-12T05:38:23.158+0000] {logging_mixin.py:190} INFO - [2024-12-12T05:38:23.158+0000] {dag.py:4180} INFO - Setting next_dagrun for example_external_task_marker_parent to None, run_after=None
[2024-12-12T05:38:23.166+0000] {processor.py:208} INFO - Processing /home/airflow/.local/lib/python3.12/site-packages/airflow/example_dags/example_external_task_marker_dag.py took 0.042 seconds
[2024-12-12T05:38:53.838+0000] {processor.py:186} INFO - Started process (PID=110) to work on /home/airflow/.local/lib/python3.12/site-packages/airflow/example_dags/example_external_task_marker_dag.py
[2024-12-12T05:38:53.841+0000] {processor.py:914} INFO - Processing file /home/airflow/.local/lib/python3.12/site-packages/airflow/example_dags/example_external_task_marker_dag.py for tasks to queue
[2024-12-12T05:38:53.845+0000] {logging_mixin.py:190} INFO - [2024-12-12T05:38:53.844+0000] {dagbag.py:588} INFO - Filling up the DagBag from /home/airflow/.local/lib/python3.12/site-packages/airflow/example_dags/example_external_task_marker_dag.py
[2024-12-12T05:38:53.854+0000] {processor.py:925} INFO - DAG(s) 'example_external_task_marker_parent', 'example_external_task_marker_child' retrieved from /home/airflow/.local/lib/python3.12/site-packages/airflow/example_dags/example_external_task_marker_dag.py
[2024-12-12T05:38:53.880+0000] {logging_mixin.py:190} INFO - [2024-12-12T05:38:53.880+0000] {dag.py:3239} INFO - Sync 2 DAGs
[2024-12-12T05:38:53.892+0000] {logging_mixin.py:190} INFO - [2024-12-12T05:38:53.892+0000] {dag.py:4180} INFO - Setting next_dagrun for example_external_task_marker_child to None, run_after=None
[2024-12-12T05:38:53.898+0000] {logging_mixin.py:190} INFO - [2024-12-12T05:38:53.898+0000] {dag.py:4180} INFO - Setting next_dagrun for example_external_task_marker_parent to None, run_after=None
[2024-12-12T05:38:53.927+0000] {processor.py:208} INFO - Processing /home/airflow/.local/lib/python3.12/site-packages/airflow/example_dags/example_external_task_marker_dag.py took 0.096 seconds
[2024-12-12T05:39:25.420+0000] {processor.py:186} INFO - Started process (PID=173) to work on /home/airflow/.local/lib/python3.12/site-packages/airflow/example_dags/example_external_task_marker_dag.py
[2024-12-12T05:39:25.422+0000] {processor.py:914} INFO - Processing file /home/airflow/.local/lib/python3.12/site-packages/airflow/example_dags/example_external_task_marker_dag.py for tasks to queue
[2024-12-12T05:39:25.428+0000] {logging_mixin.py:190} INFO - [2024-12-12T05:39:25.428+0000] {dagbag.py:588} INFO - Filling up the DagBag from /home/airflow/.local/lib/python3.12/site-packages/airflow/example_dags/example_external_task_marker_dag.py
[2024-12-12T05:39:25.443+0000] {processor.py:925} INFO - DAG(s) 'example_external_task_marker_parent', 'example_external_task_marker_child' retrieved from /home/airflow/.local/lib/python3.12/site-packages/airflow/example_dags/example_external_task_marker_dag.py
[2024-12-12T05:39:25.467+0000] {logging_mixin.py:190} INFO - [2024-12-12T05:39:25.467+0000] {dag.py:3239} INFO - Sync 2 DAGs
[2024-12-12T05:39:25.479+0000] {logging_mixin.py:190} INFO - [2024-12-12T05:39:25.479+0000] {dag.py:4180} INFO - Setting next_dagrun for example_external_task_marker_child to None, run_after=None
[2024-12-12T05:39:25.490+0000] {logging_mixin.py:190} INFO - [2024-12-12T05:39:25.488+0000] {dag.py:4180} INFO - Setting next_dagrun for example_external_task_marker_parent to None, run_after=None
[2024-12-12T05:39:25.505+0000] {processor.py:208} INFO - Processing /home/airflow/.local/lib/python3.12/site-packages/airflow/example_dags/example_external_task_marker_dag.py took 0.089 seconds
[2024-12-12T05:39:56.246+0000] {processor.py:186} INFO - Started process (PID=236) to work on /home/airflow/.local/lib/python3.12/site-packages/airflow/example_dags/example_external_task_marker_dag.py
[2024-12-12T05:39:56.248+0000] {processor.py:914} INFO - Processing file /home/airflow/.local/lib/python3.12/site-packages/airflow/example_dags/example_external_task_marker_dag.py for tasks to queue
[2024-12-12T05:39:56.250+0000] {logging_mixin.py:190} INFO - [2024-12-12T05:39:56.250+0000] {dagbag.py:588} INFO - Filling up the DagBag from /home/airflow/.local/lib/python3.12/site-packages/airflow/example_dags/example_external_task_marker_dag.py
[2024-12-12T05:39:56.257+0000] {processor.py:925} INFO - DAG(s) 'example_external_task_marker_parent', 'example_external_task_marker_child' retrieved from /home/airflow/.local/lib/python3.12/site-packages/airflow/example_dags/example_external_task_marker_dag.py
[2024-12-12T05:39:56.272+0000] {logging_mixin.py:190} INFO - [2024-12-12T05:39:56.272+0000] {dag.py:3239} INFO - Sync 2 DAGs
[2024-12-12T05:39:56.284+0000] {logging_mixin.py:190} INFO - [2024-12-12T05:39:56.284+0000] {dag.py:4180} INFO - Setting next_dagrun for example_external_task_marker_child to None, run_after=None
[2024-12-12T05:39:56.286+0000] {logging_mixin.py:190} INFO - [2024-12-12T05:39:56.286+0000] {dag.py:4180} INFO - Setting next_dagrun for example_external_task_marker_parent to None, run_after=None
[2024-12-12T05:39:56.295+0000] {processor.py:208} INFO - Processing /home/airflow/.local/lib/python3.12/site-packages/airflow/example_dags/example_external_task_marker_dag.py took 0.052 seconds
[2024-12-12T05:40:28.787+0000] {processor.py:186} INFO - Started process (PID=299) to work on /home/airflow/.local/lib/python3.12/site-packages/airflow/example_dags/example_external_task_marker_dag.py
[2024-12-12T05:40:28.791+0000] {processor.py:914} INFO - Processing file /home/airflow/.local/lib/python3.12/site-packages/airflow/example_dags/example_external_task_marker_dag.py for tasks to queue
[2024-12-12T05:40:28.800+0000] {logging_mixin.py:190} INFO - [2024-12-12T05:40:28.799+0000] {dagbag.py:588} INFO - Filling up the DagBag from /home/airflow/.local/lib/python3.12/site-packages/airflow/example_dags/example_external_task_marker_dag.py
[2024-12-12T05:40:28.825+0000] {processor.py:925} INFO - DAG(s) 'example_external_task_marker_parent', 'example_external_task_marker_child' retrieved from /home/airflow/.local/lib/python3.12/site-packages/airflow/example_dags/example_external_task_marker_dag.py
[2024-12-12T05:40:28.900+0000] {logging_mixin.py:190} INFO - [2024-12-12T05:40:28.888+0000] {dag.py:3239} INFO - Sync 2 DAGs
[2024-12-12T05:40:28.948+0000] {logging_mixin.py:190} INFO - [2024-12-12T05:40:28.947+0000] {dag.py:4180} INFO - Setting next_dagrun for example_external_task_marker_child to None, run_after=None
[2024-12-12T05:40:28.954+0000] {logging_mixin.py:190} INFO - [2024-12-12T05:40:28.954+0000] {dag.py:4180} INFO - Setting next_dagrun for example_external_task_marker_parent to None, run_after=None
[2024-12-12T05:40:28.989+0000] {processor.py:208} INFO - Processing /home/airflow/.local/lib/python3.12/site-packages/airflow/example_dags/example_external_task_marker_dag.py took 0.207 seconds
[2024-12-12T05:41:01.926+0000] {processor.py:186} INFO - Started process (PID=369) to work on /home/airflow/.local/lib/python3.12/site-packages/airflow/example_dags/example_external_task_marker_dag.py
[2024-12-12T05:41:01.931+0000] {processor.py:914} INFO - Processing file /home/airflow/.local/lib/python3.12/site-packages/airflow/example_dags/example_external_task_marker_dag.py for tasks to queue
[2024-12-12T05:41:01.946+0000] {logging_mixin.py:190} INFO - [2024-12-12T05:41:01.945+0000] {dagbag.py:588} INFO - Filling up the DagBag from /home/airflow/.local/lib/python3.12/site-packages/airflow/example_dags/example_external_task_marker_dag.py
[2024-12-12T05:41:01.998+0000] {processor.py:925} INFO - DAG(s) 'example_external_task_marker_parent', 'example_external_task_marker_child' retrieved from /home/airflow/.local/lib/python3.12/site-packages/airflow/example_dags/example_external_task_marker_dag.py
[2024-12-12T05:41:02.047+0000] {logging_mixin.py:190} INFO - [2024-12-12T05:41:02.047+0000] {dag.py:3239} INFO - Sync 2 DAGs
[2024-12-12T05:41:02.073+0000] {logging_mixin.py:190} INFO - [2024-12-12T05:41:02.073+0000] {dag.py:4180} INFO - Setting next_dagrun for example_external_task_marker_child to None, run_after=None
[2024-12-12T05:41:02.079+0000] {logging_mixin.py:190} INFO - [2024-12-12T05:41:02.078+0000] {dag.py:4180} INFO - Setting next_dagrun for example_external_task_marker_parent to None, run_after=None
[2024-12-12T05:41:02.102+0000] {processor.py:208} INFO - Processing /home/airflow/.local/lib/python3.12/site-packages/airflow/example_dags/example_external_task_marker_dag.py took 0.187 seconds
[2024-12-12T05:41:32.644+0000] {processor.py:186} INFO - Started process (PID=433) to work on /home/airflow/.local/lib/python3.12/site-packages/airflow/example_dags/example_external_task_marker_dag.py
[2024-12-12T05:41:32.645+0000] {processor.py:914} INFO - Processing file /home/airflow/.local/lib/python3.12/site-packages/airflow/example_dags/example_external_task_marker_dag.py for tasks to queue
[2024-12-12T05:41:32.648+0000] {logging_mixin.py:190} INFO - [2024-12-12T05:41:32.648+0000] {dagbag.py:588} INFO - Filling up the DagBag from /home/airflow/.local/lib/python3.12/site-packages/airflow/example_dags/example_external_task_marker_dag.py
[2024-12-12T05:41:32.656+0000] {processor.py:925} INFO - DAG(s) 'example_external_task_marker_parent', 'example_external_task_marker_child' retrieved from /home/airflow/.local/lib/python3.12/site-packages/airflow/example_dags/example_external_task_marker_dag.py
[2024-12-12T05:41:32.681+0000] {logging_mixin.py:190} INFO - [2024-12-12T05:41:32.681+0000] {dag.py:3239} INFO - Sync 2 DAGs
[2024-12-12T05:41:32.693+0000] {logging_mixin.py:190} INFO - [2024-12-12T05:41:32.693+0000] {dag.py:4180} INFO - Setting next_dagrun for example_external_task_marker_child to None, run_after=None
[2024-12-12T05:41:32.696+0000] {logging_mixin.py:190} INFO - [2024-12-12T05:41:32.696+0000] {dag.py:4180} INFO - Setting next_dagrun for example_external_task_marker_parent to None, run_after=None
[2024-12-12T05:41:32.708+0000] {processor.py:208} INFO - Processing /home/airflow/.local/lib/python3.12/site-packages/airflow/example_dags/example_external_task_marker_dag.py took 0.069 seconds
[2024-12-12T05:42:05.509+0000] {processor.py:186} INFO - Started process (PID=495) to work on /home/airflow/.local/lib/python3.12/site-packages/airflow/example_dags/example_external_task_marker_dag.py
[2024-12-12T05:42:05.516+0000] {processor.py:914} INFO - Processing file /home/airflow/.local/lib/python3.12/site-packages/airflow/example_dags/example_external_task_marker_dag.py for tasks to queue
[2024-12-12T05:42:05.523+0000] {logging_mixin.py:190} INFO - [2024-12-12T05:42:05.522+0000] {dagbag.py:588} INFO - Filling up the DagBag from /home/airflow/.local/lib/python3.12/site-packages/airflow/example_dags/example_external_task_marker_dag.py
[2024-12-12T05:42:05.550+0000] {processor.py:925} INFO - DAG(s) 'example_external_task_marker_child', 'example_external_task_marker_parent' retrieved from /home/airflow/.local/lib/python3.12/site-packages/airflow/example_dags/example_external_task_marker_dag.py
[2024-12-12T05:42:05.627+0000] {logging_mixin.py:190} INFO - [2024-12-12T05:42:05.625+0000] {dag.py:3239} INFO - Sync 2 DAGs
[2024-12-12T05:42:05.969+0000] {logging_mixin.py:190} INFO - [2024-12-12T05:42:05.966+0000] {dag.py:4180} INFO - Setting next_dagrun for example_external_task_marker_child to None, run_after=None
[2024-12-12T05:42:06.000+0000] {logging_mixin.py:190} INFO - [2024-12-12T05:42:06.000+0000] {dag.py:4180} INFO - Setting next_dagrun for example_external_task_marker_parent to None, run_after=None
[2024-12-12T05:42:06.153+0000] {processor.py:208} INFO - Processing /home/airflow/.local/lib/python3.12/site-packages/airflow/example_dags/example_external_task_marker_dag.py took 0.650 seconds
[2024-12-12T05:42:37.185+0000] {processor.py:186} INFO - Started process (PID=559) to work on /home/airflow/.local/lib/python3.12/site-packages/airflow/example_dags/example_external_task_marker_dag.py
[2024-12-12T05:42:37.191+0000] {processor.py:914} INFO - Processing file /home/airflow/.local/lib/python3.12/site-packages/airflow/example_dags/example_external_task_marker_dag.py for tasks to queue
[2024-12-12T05:42:37.207+0000] {logging_mixin.py:190} INFO - [2024-12-12T05:42:37.206+0000] {dagbag.py:588} INFO - Filling up the DagBag from /home/airflow/.local/lib/python3.12/site-packages/airflow/example_dags/example_external_task_marker_dag.py
[2024-12-12T05:42:37.247+0000] {processor.py:925} INFO - DAG(s) 'example_external_task_marker_parent', 'example_external_task_marker_child' retrieved from /home/airflow/.local/lib/python3.12/site-packages/airflow/example_dags/example_external_task_marker_dag.py
[2024-12-12T05:42:37.295+0000] {logging_mixin.py:190} INFO - [2024-12-12T05:42:37.295+0000] {dag.py:3239} INFO - Sync 2 DAGs
[2024-12-12T05:42:37.325+0000] {logging_mixin.py:190} INFO - [2024-12-12T05:42:37.325+0000] {dag.py:4180} INFO - Setting next_dagrun for example_external_task_marker_child to None, run_after=None
[2024-12-12T05:42:37.335+0000] {logging_mixin.py:190} INFO - [2024-12-12T05:42:37.335+0000] {dag.py:4180} INFO - Setting next_dagrun for example_external_task_marker_parent to None, run_after=None
[2024-12-12T05:42:37.359+0000] {processor.py:208} INFO - Processing /home/airflow/.local/lib/python3.12/site-packages/airflow/example_dags/example_external_task_marker_dag.py took 0.212 seconds
[2024-12-12T05:43:08.198+0000] {processor.py:186} INFO - Started process (PID=622) to work on /home/airflow/.local/lib/python3.12/site-packages/airflow/example_dags/example_external_task_marker_dag.py
[2024-12-12T05:43:08.200+0000] {processor.py:914} INFO - Processing file /home/airflow/.local/lib/python3.12/site-packages/airflow/example_dags/example_external_task_marker_dag.py for tasks to queue
[2024-12-12T05:43:08.207+0000] {logging_mixin.py:190} INFO - [2024-12-12T05:43:08.206+0000] {dagbag.py:588} INFO - Filling up the DagBag from /home/airflow/.local/lib/python3.12/site-packages/airflow/example_dags/example_external_task_marker_dag.py
[2024-12-12T05:43:08.243+0000] {processor.py:925} INFO - DAG(s) 'example_external_task_marker_child', 'example_external_task_marker_parent' retrieved from /home/airflow/.local/lib/python3.12/site-packages/airflow/example_dags/example_external_task_marker_dag.py
[2024-12-12T05:43:08.283+0000] {logging_mixin.py:190} INFO - [2024-12-12T05:43:08.283+0000] {dag.py:3239} INFO - Sync 2 DAGs
[2024-12-12T05:43:08.301+0000] {logging_mixin.py:190} INFO - [2024-12-12T05:43:08.301+0000] {dag.py:4180} INFO - Setting next_dagrun for example_external_task_marker_child to None, run_after=None
[2024-12-12T05:43:08.307+0000] {logging_mixin.py:190} INFO - [2024-12-12T05:43:08.307+0000] {dag.py:4180} INFO - Setting next_dagrun for example_external_task_marker_parent to None, run_after=None
[2024-12-12T05:43:08.334+0000] {processor.py:208} INFO - Processing /home/airflow/.local/lib/python3.12/site-packages/airflow/example_dags/example_external_task_marker_dag.py took 0.149 seconds
[2024-12-12T05:45:06.984+0000] {processor.py:186} INFO - Started process (PID=53) to work on /home/airflow/.local/lib/python3.12/site-packages/airflow/example_dags/example_external_task_marker_dag.py
[2024-12-12T05:45:06.995+0000] {processor.py:914} INFO - Processing file /home/airflow/.local/lib/python3.12/site-packages/airflow/example_dags/example_external_task_marker_dag.py for tasks to queue
[2024-12-12T05:45:07.019+0000] {logging_mixin.py:190} INFO - [2024-12-12T05:45:07.018+0000] {dagbag.py:588} INFO - Filling up the DagBag from /home/airflow/.local/lib/python3.12/site-packages/airflow/example_dags/example_external_task_marker_dag.py
[2024-12-12T05:45:07.048+0000] {processor.py:925} INFO - DAG(s) 'example_external_task_marker_parent', 'example_external_task_marker_child' retrieved from /home/airflow/.local/lib/python3.12/site-packages/airflow/example_dags/example_external_task_marker_dag.py
[2024-12-12T05:45:07.149+0000] {logging_mixin.py:190} INFO - [2024-12-12T05:45:07.148+0000] {dag.py:3239} INFO - Sync 2 DAGs
[2024-12-12T05:45:07.229+0000] {logging_mixin.py:190} INFO - [2024-12-12T05:45:07.229+0000] {dag.py:4180} INFO - Setting next_dagrun for example_external_task_marker_child to None, run_after=None
[2024-12-12T05:45:07.238+0000] {logging_mixin.py:190} INFO - [2024-12-12T05:45:07.238+0000] {dag.py:4180} INFO - Setting next_dagrun for example_external_task_marker_parent to None, run_after=None
[2024-12-12T05:45:07.292+0000] {processor.py:208} INFO - Processing /home/airflow/.local/lib/python3.12/site-packages/airflow/example_dags/example_external_task_marker_dag.py took 0.376 seconds
[2024-12-12T05:45:37.761+0000] {processor.py:186} INFO - Started process (PID=117) to work on /home/airflow/.local/lib/python3.12/site-packages/airflow/example_dags/example_external_task_marker_dag.py
[2024-12-12T05:45:37.762+0000] {processor.py:914} INFO - Processing file /home/airflow/.local/lib/python3.12/site-packages/airflow/example_dags/example_external_task_marker_dag.py for tasks to queue
[2024-12-12T05:45:37.765+0000] {logging_mixin.py:190} INFO - [2024-12-12T05:45:37.764+0000] {dagbag.py:588} INFO - Filling up the DagBag from /home/airflow/.local/lib/python3.12/site-packages/airflow/example_dags/example_external_task_marker_dag.py
[2024-12-12T05:45:37.775+0000] {processor.py:925} INFO - DAG(s) 'example_external_task_marker_child', 'example_external_task_marker_parent' retrieved from /home/airflow/.local/lib/python3.12/site-packages/airflow/example_dags/example_external_task_marker_dag.py
[2024-12-12T05:45:37.802+0000] {logging_mixin.py:190} INFO - [2024-12-12T05:45:37.801+0000] {dag.py:3239} INFO - Sync 2 DAGs
[2024-12-12T05:45:37.864+0000] {logging_mixin.py:190} INFO - [2024-12-12T05:45:37.863+0000] {dag.py:4180} INFO - Setting next_dagrun for example_external_task_marker_child to None, run_after=None
[2024-12-12T05:45:37.873+0000] {logging_mixin.py:190} INFO - [2024-12-12T05:45:37.873+0000] {dag.py:4180} INFO - Setting next_dagrun for example_external_task_marker_parent to None, run_after=None
[2024-12-12T05:45:37.895+0000] {processor.py:208} INFO - Processing /home/airflow/.local/lib/python3.12/site-packages/airflow/example_dags/example_external_task_marker_dag.py took 0.138 seconds
[2024-12-12T05:46:08.963+0000] {processor.py:186} INFO - Started process (PID=180) to work on /home/airflow/.local/lib/python3.12/site-packages/airflow/example_dags/example_external_task_marker_dag.py
[2024-12-12T05:46:08.967+0000] {processor.py:914} INFO - Processing file /home/airflow/.local/lib/python3.12/site-packages/airflow/example_dags/example_external_task_marker_dag.py for tasks to queue
[2024-12-12T05:46:08.969+0000] {logging_mixin.py:190} INFO - [2024-12-12T05:46:08.969+0000] {dagbag.py:588} INFO - Filling up the DagBag from /home/airflow/.local/lib/python3.12/site-packages/airflow/example_dags/example_external_task_marker_dag.py
[2024-12-12T05:46:08.977+0000] {processor.py:925} INFO - DAG(s) 'example_external_task_marker_parent', 'example_external_task_marker_child' retrieved from /home/airflow/.local/lib/python3.12/site-packages/airflow/example_dags/example_external_task_marker_dag.py
[2024-12-12T05:46:09.006+0000] {logging_mixin.py:190} INFO - [2024-12-12T05:46:09.005+0000] {dag.py:3239} INFO - Sync 2 DAGs
[2024-12-12T05:46:09.015+0000] {logging_mixin.py:190} INFO - [2024-12-12T05:46:09.015+0000] {dag.py:4180} INFO - Setting next_dagrun for example_external_task_marker_child to None, run_after=None
[2024-12-12T05:46:09.018+0000] {logging_mixin.py:190} INFO - [2024-12-12T05:46:09.018+0000] {dag.py:4180} INFO - Setting next_dagrun for example_external_task_marker_parent to None, run_after=None
[2024-12-12T05:46:09.039+0000] {processor.py:208} INFO - Processing /home/airflow/.local/lib/python3.12/site-packages/airflow/example_dags/example_external_task_marker_dag.py took 0.081 seconds
