[2024-12-12T05:36:39.789+0000] {processor.py:186} INFO - Started process (PID=79) to work on /home/airflow/.local/lib/python3.12/site-packages/airflow/example_dags/example_datasets.py
[2024-12-12T05:36:39.790+0000] {processor.py:914} INFO - Processing file /home/airflow/.local/lib/python3.12/site-packages/airflow/example_dags/example_datasets.py for tasks to queue
[2024-12-12T05:36:39.792+0000] {logging_mixin.py:190} INFO - [2024-12-12T05:36:39.792+0000] {dagbag.py:588} INFO - Filling up the DagBag from /home/airflow/.local/lib/python3.12/site-packages/airflow/example_dags/example_datasets.py
[2024-12-12T05:36:41.246+0000] {processor.py:925} INFO - DAG(s) 'dataset_produces_2', 'consume_1_or_2_with_dataset_expressions', 'dataset_consumes_1_never_scheduled', 'consume_1_or_both_2_and_3_with_dataset_expressions', 'dataset_consumes_unknown_never_scheduled', 'dataset_consumes_1', 'conditional_dataset_and_time_based_timetable', 'dataset_produces_1', 'dataset_consumes_1_and_2', 'consume_1_and_2_with_dataset_expressions' retrieved from /home/airflow/.local/lib/python3.12/site-packages/airflow/example_dags/example_datasets.py
[2024-12-12T05:36:41.389+0000] {logging_mixin.py:190} INFO - [2024-12-12T05:36:41.388+0000] {override.py:1911} INFO - Created Permission View: can delete on DAG:dataset_produces_2
[2024-12-12T05:36:41.404+0000] {logging_mixin.py:190} INFO - [2024-12-12T05:36:41.404+0000] {override.py:1911} INFO - Created Permission View: can edit on DAG:dataset_produces_2
[2024-12-12T05:36:41.423+0000] {logging_mixin.py:190} INFO - [2024-12-12T05:36:41.422+0000] {override.py:1911} INFO - Created Permission View: can read on DAG:dataset_produces_2
[2024-12-12T05:36:41.428+0000] {logging_mixin.py:190} INFO - [2024-12-12T05:36:41.428+0000] {override.py:1911} INFO - Created Permission View: can delete on DAG Run:dataset_produces_2
[2024-12-12T05:36:41.432+0000] {logging_mixin.py:190} INFO - [2024-12-12T05:36:41.432+0000] {override.py:1911} INFO - Created Permission View: menu access on DAG Run:dataset_produces_2
[2024-12-12T05:36:41.443+0000] {logging_mixin.py:190} INFO - [2024-12-12T05:36:41.443+0000] {override.py:1911} INFO - Created Permission View: can create on DAG Run:dataset_produces_2
[2024-12-12T05:36:41.456+0000] {logging_mixin.py:190} INFO - [2024-12-12T05:36:41.455+0000] {override.py:1911} INFO - Created Permission View: can read on DAG Run:dataset_produces_2
[2024-12-12T05:36:41.464+0000] {logging_mixin.py:190} INFO - [2024-12-12T05:36:41.464+0000] {override.py:1911} INFO - Created Permission View: can delete on DAG:consume_1_or_2_with_dataset_expressions
[2024-12-12T05:36:41.468+0000] {logging_mixin.py:190} INFO - [2024-12-12T05:36:41.468+0000] {override.py:1911} INFO - Created Permission View: can edit on DAG:consume_1_or_2_with_dataset_expressions
[2024-12-12T05:36:41.471+0000] {logging_mixin.py:190} INFO - [2024-12-12T05:36:41.471+0000] {override.py:1911} INFO - Created Permission View: can read on DAG:consume_1_or_2_with_dataset_expressions
[2024-12-12T05:36:41.476+0000] {logging_mixin.py:190} INFO - [2024-12-12T05:36:41.476+0000] {override.py:1911} INFO - Created Permission View: can delete on DAG Run:consume_1_or_2_with_dataset_expressions
[2024-12-12T05:36:41.481+0000] {logging_mixin.py:190} INFO - [2024-12-12T05:36:41.481+0000] {override.py:1911} INFO - Created Permission View: menu access on DAG Run:consume_1_or_2_with_dataset_expressions
[2024-12-12T05:36:41.484+0000] {logging_mixin.py:190} INFO - [2024-12-12T05:36:41.484+0000] {override.py:1911} INFO - Created Permission View: can create on DAG Run:consume_1_or_2_with_dataset_expressions
[2024-12-12T05:36:41.488+0000] {logging_mixin.py:190} INFO - [2024-12-12T05:36:41.487+0000] {override.py:1911} INFO - Created Permission View: can read on DAG Run:consume_1_or_2_with_dataset_expressions
[2024-12-12T05:36:41.494+0000] {logging_mixin.py:190} INFO - [2024-12-12T05:36:41.494+0000] {override.py:1911} INFO - Created Permission View: can delete on DAG:dataset_consumes_1_never_scheduled
[2024-12-12T05:36:41.497+0000] {logging_mixin.py:190} INFO - [2024-12-12T05:36:41.497+0000] {override.py:1911} INFO - Created Permission View: can edit on DAG:dataset_consumes_1_never_scheduled
[2024-12-12T05:36:41.501+0000] {logging_mixin.py:190} INFO - [2024-12-12T05:36:41.501+0000] {override.py:1911} INFO - Created Permission View: can read on DAG:dataset_consumes_1_never_scheduled
[2024-12-12T05:36:41.505+0000] {logging_mixin.py:190} INFO - [2024-12-12T05:36:41.504+0000] {override.py:1911} INFO - Created Permission View: can delete on DAG Run:dataset_consumes_1_never_scheduled
[2024-12-12T05:36:41.508+0000] {logging_mixin.py:190} INFO - [2024-12-12T05:36:41.508+0000] {override.py:1911} INFO - Created Permission View: menu access on DAG Run:dataset_consumes_1_never_scheduled
[2024-12-12T05:36:41.513+0000] {logging_mixin.py:190} INFO - [2024-12-12T05:36:41.512+0000] {override.py:1911} INFO - Created Permission View: can create on DAG Run:dataset_consumes_1_never_scheduled
[2024-12-12T05:36:41.522+0000] {logging_mixin.py:190} INFO - [2024-12-12T05:36:41.522+0000] {override.py:1911} INFO - Created Permission View: can read on DAG Run:dataset_consumes_1_never_scheduled
[2024-12-12T05:36:41.623+0000] {logging_mixin.py:190} INFO - [2024-12-12T05:36:41.622+0000] {override.py:1911} INFO - Created Permission View: can delete on DAG:consume_1_or_both_2_and_3_with_dataset_expressions
[2024-12-12T05:36:41.628+0000] {logging_mixin.py:190} INFO - [2024-12-12T05:36:41.628+0000] {override.py:1911} INFO - Created Permission View: can edit on DAG:consume_1_or_both_2_and_3_with_dataset_expressions
[2024-12-12T05:36:41.637+0000] {logging_mixin.py:190} INFO - [2024-12-12T05:36:41.636+0000] {override.py:1911} INFO - Created Permission View: can read on DAG:consume_1_or_both_2_and_3_with_dataset_expressions
[2024-12-12T05:36:41.641+0000] {logging_mixin.py:190} INFO - [2024-12-12T05:36:41.640+0000] {override.py:1911} INFO - Created Permission View: can delete on DAG Run:consume_1_or_both_2_and_3_with_dataset_expressions
[2024-12-12T05:36:41.644+0000] {logging_mixin.py:190} INFO - [2024-12-12T05:36:41.644+0000] {override.py:1911} INFO - Created Permission View: menu access on DAG Run:consume_1_or_both_2_and_3_with_dataset_expressions
[2024-12-12T05:36:41.648+0000] {logging_mixin.py:190} INFO - [2024-12-12T05:36:41.648+0000] {override.py:1911} INFO - Created Permission View: can create on DAG Run:consume_1_or_both_2_and_3_with_dataset_expressions
[2024-12-12T05:36:41.653+0000] {logging_mixin.py:190} INFO - [2024-12-12T05:36:41.652+0000] {override.py:1911} INFO - Created Permission View: can read on DAG Run:consume_1_or_both_2_and_3_with_dataset_expressions
[2024-12-12T05:36:41.663+0000] {logging_mixin.py:190} INFO - [2024-12-12T05:36:41.662+0000] {override.py:1911} INFO - Created Permission View: can delete on DAG:dataset_consumes_unknown_never_scheduled
[2024-12-12T05:36:41.666+0000] {logging_mixin.py:190} INFO - [2024-12-12T05:36:41.666+0000] {override.py:1911} INFO - Created Permission View: can edit on DAG:dataset_consumes_unknown_never_scheduled
[2024-12-12T05:36:41.670+0000] {logging_mixin.py:190} INFO - [2024-12-12T05:36:41.670+0000] {override.py:1911} INFO - Created Permission View: can read on DAG:dataset_consumes_unknown_never_scheduled
[2024-12-12T05:36:41.675+0000] {logging_mixin.py:190} INFO - [2024-12-12T05:36:41.675+0000] {override.py:1911} INFO - Created Permission View: can delete on DAG Run:dataset_consumes_unknown_never_scheduled
[2024-12-12T05:36:41.678+0000] {logging_mixin.py:190} INFO - [2024-12-12T05:36:41.678+0000] {override.py:1911} INFO - Created Permission View: menu access on DAG Run:dataset_consumes_unknown_never_scheduled
[2024-12-12T05:36:41.700+0000] {logging_mixin.py:190} INFO - [2024-12-12T05:36:41.699+0000] {override.py:1911} INFO - Created Permission View: can create on DAG Run:dataset_consumes_unknown_never_scheduled
[2024-12-12T05:36:41.703+0000] {logging_mixin.py:190} INFO - [2024-12-12T05:36:41.703+0000] {override.py:1911} INFO - Created Permission View: can read on DAG Run:dataset_consumes_unknown_never_scheduled
[2024-12-12T05:36:41.709+0000] {logging_mixin.py:190} INFO - [2024-12-12T05:36:41.709+0000] {override.py:1911} INFO - Created Permission View: can delete on DAG:dataset_consumes_1
[2024-12-12T05:36:41.713+0000] {logging_mixin.py:190} INFO - [2024-12-12T05:36:41.712+0000] {override.py:1911} INFO - Created Permission View: can edit on DAG:dataset_consumes_1
[2024-12-12T05:36:41.716+0000] {logging_mixin.py:190} INFO - [2024-12-12T05:36:41.716+0000] {override.py:1911} INFO - Created Permission View: can read on DAG:dataset_consumes_1
[2024-12-12T05:36:41.719+0000] {logging_mixin.py:190} INFO - [2024-12-12T05:36:41.719+0000] {override.py:1911} INFO - Created Permission View: can delete on DAG Run:dataset_consumes_1
[2024-12-12T05:36:41.723+0000] {logging_mixin.py:190} INFO - [2024-12-12T05:36:41.722+0000] {override.py:1911} INFO - Created Permission View: menu access on DAG Run:dataset_consumes_1
[2024-12-12T05:36:41.725+0000] {logging_mixin.py:190} INFO - [2024-12-12T05:36:41.725+0000] {override.py:1911} INFO - Created Permission View: can create on DAG Run:dataset_consumes_1
[2024-12-12T05:36:41.728+0000] {logging_mixin.py:190} INFO - [2024-12-12T05:36:41.728+0000] {override.py:1911} INFO - Created Permission View: can read on DAG Run:dataset_consumes_1
[2024-12-12T05:36:41.735+0000] {logging_mixin.py:190} INFO - [2024-12-12T05:36:41.734+0000] {override.py:1911} INFO - Created Permission View: can delete on DAG:conditional_dataset_and_time_based_timetable
[2024-12-12T05:36:41.738+0000] {logging_mixin.py:190} INFO - [2024-12-12T05:36:41.738+0000] {override.py:1911} INFO - Created Permission View: can edit on DAG:conditional_dataset_and_time_based_timetable
[2024-12-12T05:36:41.741+0000] {logging_mixin.py:190} INFO - [2024-12-12T05:36:41.741+0000] {override.py:1911} INFO - Created Permission View: can read on DAG:conditional_dataset_and_time_based_timetable
[2024-12-12T05:36:41.744+0000] {logging_mixin.py:190} INFO - [2024-12-12T05:36:41.744+0000] {override.py:1911} INFO - Created Permission View: can delete on DAG Run:conditional_dataset_and_time_based_timetable
[2024-12-12T05:36:41.747+0000] {logging_mixin.py:190} INFO - [2024-12-12T05:36:41.747+0000] {override.py:1911} INFO - Created Permission View: menu access on DAG Run:conditional_dataset_and_time_based_timetable
[2024-12-12T05:36:41.750+0000] {logging_mixin.py:190} INFO - [2024-12-12T05:36:41.750+0000] {override.py:1911} INFO - Created Permission View: can create on DAG Run:conditional_dataset_and_time_based_timetable
[2024-12-12T05:36:41.753+0000] {logging_mixin.py:190} INFO - [2024-12-12T05:36:41.753+0000] {override.py:1911} INFO - Created Permission View: can read on DAG Run:conditional_dataset_and_time_based_timetable
[2024-12-12T05:36:41.760+0000] {logging_mixin.py:190} INFO - [2024-12-12T05:36:41.759+0000] {override.py:1911} INFO - Created Permission View: can delete on DAG:dataset_produces_1
[2024-12-12T05:36:41.763+0000] {logging_mixin.py:190} INFO - [2024-12-12T05:36:41.763+0000] {override.py:1911} INFO - Created Permission View: can edit on DAG:dataset_produces_1
[2024-12-12T05:36:41.766+0000] {logging_mixin.py:190} INFO - [2024-12-12T05:36:41.766+0000] {override.py:1911} INFO - Created Permission View: can read on DAG:dataset_produces_1
[2024-12-12T05:36:41.770+0000] {logging_mixin.py:190} INFO - [2024-12-12T05:36:41.770+0000] {override.py:1911} INFO - Created Permission View: can delete on DAG Run:dataset_produces_1
[2024-12-12T05:36:41.773+0000] {logging_mixin.py:190} INFO - [2024-12-12T05:36:41.773+0000] {override.py:1911} INFO - Created Permission View: menu access on DAG Run:dataset_produces_1
[2024-12-12T05:36:41.778+0000] {logging_mixin.py:190} INFO - [2024-12-12T05:36:41.778+0000] {override.py:1911} INFO - Created Permission View: can create on DAG Run:dataset_produces_1
[2024-12-12T05:36:41.781+0000] {logging_mixin.py:190} INFO - [2024-12-12T05:36:41.781+0000] {override.py:1911} INFO - Created Permission View: can read on DAG Run:dataset_produces_1
[2024-12-12T05:36:41.787+0000] {logging_mixin.py:190} INFO - [2024-12-12T05:36:41.787+0000] {override.py:1911} INFO - Created Permission View: can delete on DAG:dataset_consumes_1_and_2
[2024-12-12T05:36:41.790+0000] {logging_mixin.py:190} INFO - [2024-12-12T05:36:41.790+0000] {override.py:1911} INFO - Created Permission View: can edit on DAG:dataset_consumes_1_and_2
[2024-12-12T05:36:41.793+0000] {logging_mixin.py:190} INFO - [2024-12-12T05:36:41.793+0000] {override.py:1911} INFO - Created Permission View: can read on DAG:dataset_consumes_1_and_2
[2024-12-12T05:36:41.797+0000] {logging_mixin.py:190} INFO - [2024-12-12T05:36:41.797+0000] {override.py:1911} INFO - Created Permission View: can delete on DAG Run:dataset_consumes_1_and_2
[2024-12-12T05:36:41.799+0000] {logging_mixin.py:190} INFO - [2024-12-12T05:36:41.799+0000] {override.py:1911} INFO - Created Permission View: menu access on DAG Run:dataset_consumes_1_and_2
[2024-12-12T05:36:41.803+0000] {logging_mixin.py:190} INFO - [2024-12-12T05:36:41.803+0000] {override.py:1911} INFO - Created Permission View: can create on DAG Run:dataset_consumes_1_and_2
[2024-12-12T05:36:41.808+0000] {logging_mixin.py:190} INFO - [2024-12-12T05:36:41.807+0000] {override.py:1911} INFO - Created Permission View: can read on DAG Run:dataset_consumes_1_and_2
[2024-12-12T05:36:41.814+0000] {logging_mixin.py:190} INFO - [2024-12-12T05:36:41.814+0000] {override.py:1911} INFO - Created Permission View: can delete on DAG:consume_1_and_2_with_dataset_expressions
[2024-12-12T05:36:41.818+0000] {logging_mixin.py:190} INFO - [2024-12-12T05:36:41.818+0000] {override.py:1911} INFO - Created Permission View: can edit on DAG:consume_1_and_2_with_dataset_expressions
[2024-12-12T05:36:41.822+0000] {logging_mixin.py:190} INFO - [2024-12-12T05:36:41.822+0000] {override.py:1911} INFO - Created Permission View: can read on DAG:consume_1_and_2_with_dataset_expressions
[2024-12-12T05:36:41.826+0000] {logging_mixin.py:190} INFO - [2024-12-12T05:36:41.826+0000] {override.py:1911} INFO - Created Permission View: can delete on DAG Run:consume_1_and_2_with_dataset_expressions
[2024-12-12T05:36:41.830+0000] {logging_mixin.py:190} INFO - [2024-12-12T05:36:41.829+0000] {override.py:1911} INFO - Created Permission View: menu access on DAG Run:consume_1_and_2_with_dataset_expressions
[2024-12-12T05:36:41.833+0000] {logging_mixin.py:190} INFO - [2024-12-12T05:36:41.832+0000] {override.py:1911} INFO - Created Permission View: can create on DAG Run:consume_1_and_2_with_dataset_expressions
[2024-12-12T05:36:41.836+0000] {logging_mixin.py:190} INFO - [2024-12-12T05:36:41.835+0000] {override.py:1911} INFO - Created Permission View: can read on DAG Run:consume_1_and_2_with_dataset_expressions
[2024-12-12T05:36:41.836+0000] {logging_mixin.py:190} INFO - [2024-12-12T05:36:41.836+0000] {dag.py:3239} INFO - Sync 10 DAGs
[2024-12-12T05:36:41.844+0000] {logging_mixin.py:190} INFO - [2024-12-12T05:36:41.843+0000] {dag.py:3262} INFO - Creating ORM DAG for dataset_consumes_unknown_never_scheduled
[2024-12-12T05:36:41.844+0000] {logging_mixin.py:190} INFO - [2024-12-12T05:36:41.844+0000] {dag.py:3262} INFO - Creating ORM DAG for dataset_consumes_1_never_scheduled
[2024-12-12T05:36:41.845+0000] {logging_mixin.py:190} INFO - [2024-12-12T05:36:41.845+0000] {dag.py:3262} INFO - Creating ORM DAG for dataset_consumes_1_and_2
[2024-12-12T05:36:41.845+0000] {logging_mixin.py:190} INFO - [2024-12-12T05:36:41.845+0000] {dag.py:3262} INFO - Creating ORM DAG for conditional_dataset_and_time_based_timetable
[2024-12-12T05:36:41.846+0000] {logging_mixin.py:190} INFO - [2024-12-12T05:36:41.845+0000] {dag.py:3262} INFO - Creating ORM DAG for dataset_consumes_1
[2024-12-12T05:36:41.846+0000] {logging_mixin.py:190} INFO - [2024-12-12T05:36:41.846+0000] {dag.py:3262} INFO - Creating ORM DAG for consume_1_and_2_with_dataset_expressions
[2024-12-12T05:36:41.846+0000] {logging_mixin.py:190} INFO - [2024-12-12T05:36:41.846+0000] {dag.py:3262} INFO - Creating ORM DAG for consume_1_or_2_with_dataset_expressions
[2024-12-12T05:36:41.847+0000] {logging_mixin.py:190} INFO - [2024-12-12T05:36:41.847+0000] {dag.py:3262} INFO - Creating ORM DAG for dataset_produces_2
[2024-12-12T05:36:41.847+0000] {logging_mixin.py:190} INFO - [2024-12-12T05:36:41.847+0000] {dag.py:3262} INFO - Creating ORM DAG for consume_1_or_both_2_and_3_with_dataset_expressions
[2024-12-12T05:36:41.848+0000] {logging_mixin.py:190} INFO - [2024-12-12T05:36:41.848+0000] {dag.py:3262} INFO - Creating ORM DAG for dataset_produces_1
[2024-12-12T05:36:41.853+0000] {logging_mixin.py:190} INFO - [2024-12-12T05:36:41.853+0000] {dag.py:4180} INFO - Setting next_dagrun for conditional_dataset_and_time_based_timetable to 2024-12-11 01:00:00+00:00, run_after=2024-12-11 01:00:00+00:00
[2024-12-12T05:36:41.854+0000] {logging_mixin.py:190} INFO - [2024-12-12T05:36:41.854+0000] {dag.py:4180} INFO - Setting next_dagrun for consume_1_and_2_with_dataset_expressions to None, run_after=None
[2024-12-12T05:36:41.854+0000] {logging_mixin.py:190} INFO - [2024-12-12T05:36:41.854+0000] {dag.py:4180} INFO - Setting next_dagrun for consume_1_or_2_with_dataset_expressions to None, run_after=None
[2024-12-12T05:36:41.854+0000] {logging_mixin.py:190} INFO - [2024-12-12T05:36:41.854+0000] {dag.py:4180} INFO - Setting next_dagrun for consume_1_or_both_2_and_3_with_dataset_expressions to None, run_after=None
[2024-12-12T05:36:41.855+0000] {logging_mixin.py:190} INFO - [2024-12-12T05:36:41.855+0000] {dag.py:4180} INFO - Setting next_dagrun for dataset_consumes_1 to None, run_after=None
[2024-12-12T05:36:41.855+0000] {logging_mixin.py:190} INFO - [2024-12-12T05:36:41.855+0000] {dag.py:4180} INFO - Setting next_dagrun for dataset_consumes_1_and_2 to None, run_after=None
[2024-12-12T05:36:41.856+0000] {logging_mixin.py:190} INFO - [2024-12-12T05:36:41.856+0000] {dag.py:4180} INFO - Setting next_dagrun for dataset_consumes_1_never_scheduled to None, run_after=None
[2024-12-12T05:36:41.856+0000] {logging_mixin.py:190} INFO - [2024-12-12T05:36:41.856+0000] {dag.py:4180} INFO - Setting next_dagrun for dataset_consumes_unknown_never_scheduled to None, run_after=None
[2024-12-12T05:36:41.857+0000] {logging_mixin.py:190} INFO - [2024-12-12T05:36:41.857+0000] {dag.py:4180} INFO - Setting next_dagrun for dataset_produces_1 to 2024-12-11 00:00:00+00:00, run_after=2024-12-12 00:00:00+00:00
[2024-12-12T05:36:41.858+0000] {logging_mixin.py:190} INFO - [2024-12-12T05:36:41.858+0000] {dag.py:4180} INFO - Setting next_dagrun for dataset_produces_2 to None, run_after=None
[2024-12-12T05:36:41.887+0000] {processor.py:208} INFO - Processing /home/airflow/.local/lib/python3.12/site-packages/airflow/example_dags/example_datasets.py took 2.102 seconds
[2024-12-12T05:37:12.763+0000] {processor.py:186} INFO - Started process (PID=143) to work on /home/airflow/.local/lib/python3.12/site-packages/airflow/example_dags/example_datasets.py
[2024-12-12T05:37:12.772+0000] {processor.py:914} INFO - Processing file /home/airflow/.local/lib/python3.12/site-packages/airflow/example_dags/example_datasets.py for tasks to queue
[2024-12-12T05:37:12.780+0000] {logging_mixin.py:190} INFO - [2024-12-12T05:37:12.779+0000] {dagbag.py:588} INFO - Filling up the DagBag from /home/airflow/.local/lib/python3.12/site-packages/airflow/example_dags/example_datasets.py
[2024-12-12T05:37:16.669+0000] {processor.py:925} INFO - DAG(s) 'dataset_consumes_1_and_2', 'dataset_produces_1', 'consume_1_or_2_with_dataset_expressions', 'dataset_consumes_1_never_scheduled', 'consume_1_or_both_2_and_3_with_dataset_expressions', 'dataset_consumes_1', 'consume_1_and_2_with_dataset_expressions', 'conditional_dataset_and_time_based_timetable', 'dataset_produces_2', 'dataset_consumes_unknown_never_scheduled' retrieved from /home/airflow/.local/lib/python3.12/site-packages/airflow/example_dags/example_datasets.py
[2024-12-12T05:37:16.902+0000] {logging_mixin.py:190} INFO - [2024-12-12T05:37:16.901+0000] {dag.py:3239} INFO - Sync 10 DAGs
[2024-12-12T05:37:17.014+0000] {logging_mixin.py:190} INFO - [2024-12-12T05:37:17.014+0000] {dag.py:4180} INFO - Setting next_dagrun for conditional_dataset_and_time_based_timetable to 2024-12-11 01:00:00+00:00, run_after=2024-12-11 01:00:00+00:00
[2024-12-12T05:37:17.063+0000] {logging_mixin.py:190} INFO - [2024-12-12T05:37:17.063+0000] {dag.py:4180} INFO - Setting next_dagrun for consume_1_and_2_with_dataset_expressions to None, run_after=None
[2024-12-12T05:37:17.068+0000] {logging_mixin.py:190} INFO - [2024-12-12T05:37:17.068+0000] {dag.py:4180} INFO - Setting next_dagrun for consume_1_or_2_with_dataset_expressions to None, run_after=None
[2024-12-12T05:37:17.070+0000] {logging_mixin.py:190} INFO - [2024-12-12T05:37:17.070+0000] {dag.py:4180} INFO - Setting next_dagrun for consume_1_or_both_2_and_3_with_dataset_expressions to None, run_after=None
[2024-12-12T05:37:17.072+0000] {logging_mixin.py:190} INFO - [2024-12-12T05:37:17.072+0000] {dag.py:4180} INFO - Setting next_dagrun for dataset_consumes_1 to None, run_after=None
[2024-12-12T05:37:17.073+0000] {logging_mixin.py:190} INFO - [2024-12-12T05:37:17.073+0000] {dag.py:4180} INFO - Setting next_dagrun for dataset_consumes_1_and_2 to None, run_after=None
[2024-12-12T05:37:17.075+0000] {logging_mixin.py:190} INFO - [2024-12-12T05:37:17.075+0000] {dag.py:4180} INFO - Setting next_dagrun for dataset_consumes_1_never_scheduled to None, run_after=None
[2024-12-12T05:37:17.078+0000] {logging_mixin.py:190} INFO - [2024-12-12T05:37:17.078+0000] {dag.py:4180} INFO - Setting next_dagrun for dataset_consumes_unknown_never_scheduled to None, run_after=None
[2024-12-12T05:37:17.084+0000] {logging_mixin.py:190} INFO - [2024-12-12T05:37:17.083+0000] {dag.py:4180} INFO - Setting next_dagrun for dataset_produces_1 to 2024-12-11 00:00:00+00:00, run_after=2024-12-12 00:00:00+00:00
[2024-12-12T05:37:17.088+0000] {logging_mixin.py:190} INFO - [2024-12-12T05:37:17.088+0000] {dag.py:4180} INFO - Setting next_dagrun for dataset_produces_2 to None, run_after=None
[2024-12-12T05:37:17.166+0000] {processor.py:208} INFO - Processing /home/airflow/.local/lib/python3.12/site-packages/airflow/example_dags/example_datasets.py took 4.419 seconds
[2024-12-12T05:37:47.881+0000] {processor.py:186} INFO - Started process (PID=207) to work on /home/airflow/.local/lib/python3.12/site-packages/airflow/example_dags/example_datasets.py
[2024-12-12T05:37:47.884+0000] {processor.py:914} INFO - Processing file /home/airflow/.local/lib/python3.12/site-packages/airflow/example_dags/example_datasets.py for tasks to queue
[2024-12-12T05:37:47.892+0000] {logging_mixin.py:190} INFO - [2024-12-12T05:37:47.892+0000] {dagbag.py:588} INFO - Filling up the DagBag from /home/airflow/.local/lib/python3.12/site-packages/airflow/example_dags/example_datasets.py
[2024-12-12T05:37:48.801+0000] {processor.py:925} INFO - DAG(s) 'dataset_produces_2', 'dataset_consumes_1_and_2', 'dataset_consumes_unknown_never_scheduled', 'dataset_produces_1', 'consume_1_or_both_2_and_3_with_dataset_expressions', 'consume_1_and_2_with_dataset_expressions', 'consume_1_or_2_with_dataset_expressions', 'dataset_consumes_1_never_scheduled', 'conditional_dataset_and_time_based_timetable', 'dataset_consumes_1' retrieved from /home/airflow/.local/lib/python3.12/site-packages/airflow/example_dags/example_datasets.py
[2024-12-12T05:37:48.838+0000] {logging_mixin.py:190} INFO - [2024-12-12T05:37:48.838+0000] {dag.py:3239} INFO - Sync 10 DAGs
[2024-12-12T05:37:48.853+0000] {logging_mixin.py:190} INFO - [2024-12-12T05:37:48.853+0000] {dag.py:4180} INFO - Setting next_dagrun for conditional_dataset_and_time_based_timetable to 2024-12-11 01:00:00+00:00, run_after=2024-12-11 01:00:00+00:00
[2024-12-12T05:37:48.855+0000] {logging_mixin.py:190} INFO - [2024-12-12T05:37:48.855+0000] {dag.py:4180} INFO - Setting next_dagrun for consume_1_and_2_with_dataset_expressions to None, run_after=None
[2024-12-12T05:37:48.857+0000] {logging_mixin.py:190} INFO - [2024-12-12T05:37:48.856+0000] {dag.py:4180} INFO - Setting next_dagrun for consume_1_or_2_with_dataset_expressions to None, run_after=None
[2024-12-12T05:37:48.858+0000] {logging_mixin.py:190} INFO - [2024-12-12T05:37:48.858+0000] {dag.py:4180} INFO - Setting next_dagrun for consume_1_or_both_2_and_3_with_dataset_expressions to None, run_after=None
[2024-12-12T05:37:48.859+0000] {logging_mixin.py:190} INFO - [2024-12-12T05:37:48.858+0000] {dag.py:4180} INFO - Setting next_dagrun for dataset_consumes_1 to None, run_after=None
[2024-12-12T05:37:48.860+0000] {logging_mixin.py:190} INFO - [2024-12-12T05:37:48.860+0000] {dag.py:4180} INFO - Setting next_dagrun for dataset_consumes_1_and_2 to None, run_after=None
[2024-12-12T05:37:48.861+0000] {logging_mixin.py:190} INFO - [2024-12-12T05:37:48.860+0000] {dag.py:4180} INFO - Setting next_dagrun for dataset_consumes_1_never_scheduled to None, run_after=None
[2024-12-12T05:37:48.862+0000] {logging_mixin.py:190} INFO - [2024-12-12T05:37:48.861+0000] {dag.py:4180} INFO - Setting next_dagrun for dataset_consumes_unknown_never_scheduled to None, run_after=None
[2024-12-12T05:37:48.863+0000] {logging_mixin.py:190} INFO - [2024-12-12T05:37:48.863+0000] {dag.py:4180} INFO - Setting next_dagrun for dataset_produces_1 to 2024-12-11 00:00:00+00:00, run_after=2024-12-12 00:00:00+00:00
[2024-12-12T05:37:48.865+0000] {logging_mixin.py:190} INFO - [2024-12-12T05:37:48.865+0000] {dag.py:4180} INFO - Setting next_dagrun for dataset_produces_2 to None, run_after=None
[2024-12-12T05:37:48.888+0000] {processor.py:208} INFO - Processing /home/airflow/.local/lib/python3.12/site-packages/airflow/example_dags/example_datasets.py took 1.022 seconds
[2024-12-12T05:38:25.288+0000] {processor.py:186} INFO - Started process (PID=72) to work on /home/airflow/.local/lib/python3.12/site-packages/airflow/example_dags/example_datasets.py
[2024-12-12T05:38:25.289+0000] {processor.py:914} INFO - Processing file /home/airflow/.local/lib/python3.12/site-packages/airflow/example_dags/example_datasets.py for tasks to queue
[2024-12-12T05:38:25.291+0000] {logging_mixin.py:190} INFO - [2024-12-12T05:38:25.290+0000] {dagbag.py:588} INFO - Filling up the DagBag from /home/airflow/.local/lib/python3.12/site-packages/airflow/example_dags/example_datasets.py
[2024-12-12T05:38:26.133+0000] {processor.py:925} INFO - DAG(s) 'dataset_consumes_1', 'dataset_produces_2', 'conditional_dataset_and_time_based_timetable', 'dataset_produces_1', 'dataset_consumes_1_never_scheduled', 'consume_1_and_2_with_dataset_expressions', 'dataset_consumes_1_and_2', 'dataset_consumes_unknown_never_scheduled', 'consume_1_or_2_with_dataset_expressions', 'consume_1_or_both_2_and_3_with_dataset_expressions' retrieved from /home/airflow/.local/lib/python3.12/site-packages/airflow/example_dags/example_datasets.py
[2024-12-12T05:38:26.200+0000] {logging_mixin.py:190} INFO - [2024-12-12T05:38:26.199+0000] {dag.py:3239} INFO - Sync 10 DAGs
[2024-12-12T05:38:26.244+0000] {logging_mixin.py:190} INFO - [2024-12-12T05:38:26.243+0000] {dag.py:4180} INFO - Setting next_dagrun for conditional_dataset_and_time_based_timetable to 2024-12-11 01:00:00+00:00, run_after=2024-12-11 01:00:00+00:00
[2024-12-12T05:38:26.247+0000] {logging_mixin.py:190} INFO - [2024-12-12T05:38:26.247+0000] {dag.py:4180} INFO - Setting next_dagrun for consume_1_and_2_with_dataset_expressions to None, run_after=None
[2024-12-12T05:38:26.249+0000] {logging_mixin.py:190} INFO - [2024-12-12T05:38:26.249+0000] {dag.py:4180} INFO - Setting next_dagrun for consume_1_or_2_with_dataset_expressions to None, run_after=None
[2024-12-12T05:38:26.250+0000] {logging_mixin.py:190} INFO - [2024-12-12T05:38:26.250+0000] {dag.py:4180} INFO - Setting next_dagrun for consume_1_or_both_2_and_3_with_dataset_expressions to None, run_after=None
[2024-12-12T05:38:26.251+0000] {logging_mixin.py:190} INFO - [2024-12-12T05:38:26.251+0000] {dag.py:4180} INFO - Setting next_dagrun for dataset_consumes_1 to None, run_after=None
[2024-12-12T05:38:26.253+0000] {logging_mixin.py:190} INFO - [2024-12-12T05:38:26.252+0000] {dag.py:4180} INFO - Setting next_dagrun for dataset_consumes_1_and_2 to None, run_after=None
[2024-12-12T05:38:26.254+0000] {logging_mixin.py:190} INFO - [2024-12-12T05:38:26.253+0000] {dag.py:4180} INFO - Setting next_dagrun for dataset_consumes_1_never_scheduled to None, run_after=None
[2024-12-12T05:38:26.257+0000] {logging_mixin.py:190} INFO - [2024-12-12T05:38:26.257+0000] {dag.py:4180} INFO - Setting next_dagrun for dataset_consumes_unknown_never_scheduled to None, run_after=None
[2024-12-12T05:38:26.258+0000] {logging_mixin.py:190} INFO - [2024-12-12T05:38:26.258+0000] {dag.py:4180} INFO - Setting next_dagrun for dataset_produces_1 to 2024-12-11 00:00:00+00:00, run_after=2024-12-12 00:00:00+00:00
[2024-12-12T05:38:26.260+0000] {logging_mixin.py:190} INFO - [2024-12-12T05:38:26.259+0000] {dag.py:4180} INFO - Setting next_dagrun for dataset_produces_2 to None, run_after=None
[2024-12-12T05:38:26.303+0000] {processor.py:208} INFO - Processing /home/airflow/.local/lib/python3.12/site-packages/airflow/example_dags/example_datasets.py took 1.019 seconds
[2024-12-12T05:38:56.881+0000] {processor.py:186} INFO - Started process (PID=136) to work on /home/airflow/.local/lib/python3.12/site-packages/airflow/example_dags/example_datasets.py
[2024-12-12T05:38:56.884+0000] {processor.py:914} INFO - Processing file /home/airflow/.local/lib/python3.12/site-packages/airflow/example_dags/example_datasets.py for tasks to queue
[2024-12-12T05:38:56.887+0000] {logging_mixin.py:190} INFO - [2024-12-12T05:38:56.887+0000] {dagbag.py:588} INFO - Filling up the DagBag from /home/airflow/.local/lib/python3.12/site-packages/airflow/example_dags/example_datasets.py
[2024-12-12T05:38:57.548+0000] {processor.py:925} INFO - DAG(s) 'conditional_dataset_and_time_based_timetable', 'consume_1_or_2_with_dataset_expressions', 'dataset_consumes_1_never_scheduled', 'consume_1_or_both_2_and_3_with_dataset_expressions', 'consume_1_and_2_with_dataset_expressions', 'dataset_produces_2', 'dataset_consumes_1_and_2', 'dataset_consumes_unknown_never_scheduled', 'dataset_consumes_1', 'dataset_produces_1' retrieved from /home/airflow/.local/lib/python3.12/site-packages/airflow/example_dags/example_datasets.py
[2024-12-12T05:38:57.588+0000] {logging_mixin.py:190} INFO - [2024-12-12T05:38:57.588+0000] {dag.py:3239} INFO - Sync 10 DAGs
[2024-12-12T05:38:57.630+0000] {logging_mixin.py:190} INFO - [2024-12-12T05:38:57.630+0000] {dag.py:4180} INFO - Setting next_dagrun for conditional_dataset_and_time_based_timetable to 2024-12-11 01:00:00+00:00, run_after=2024-12-11 01:00:00+00:00
[2024-12-12T05:38:57.635+0000] {logging_mixin.py:190} INFO - [2024-12-12T05:38:57.635+0000] {dag.py:4180} INFO - Setting next_dagrun for consume_1_and_2_with_dataset_expressions to None, run_after=None
[2024-12-12T05:38:57.637+0000] {logging_mixin.py:190} INFO - [2024-12-12T05:38:57.637+0000] {dag.py:4180} INFO - Setting next_dagrun for consume_1_or_2_with_dataset_expressions to None, run_after=None
[2024-12-12T05:38:57.639+0000] {logging_mixin.py:190} INFO - [2024-12-12T05:38:57.639+0000] {dag.py:4180} INFO - Setting next_dagrun for consume_1_or_both_2_and_3_with_dataset_expressions to None, run_after=None
[2024-12-12T05:38:57.640+0000] {logging_mixin.py:190} INFO - [2024-12-12T05:38:57.640+0000] {dag.py:4180} INFO - Setting next_dagrun for dataset_consumes_1 to None, run_after=None
[2024-12-12T05:38:57.642+0000] {logging_mixin.py:190} INFO - [2024-12-12T05:38:57.641+0000] {dag.py:4180} INFO - Setting next_dagrun for dataset_consumes_1_and_2 to None, run_after=None
[2024-12-12T05:38:57.643+0000] {logging_mixin.py:190} INFO - [2024-12-12T05:38:57.643+0000] {dag.py:4180} INFO - Setting next_dagrun for dataset_consumes_1_never_scheduled to None, run_after=None
[2024-12-12T05:38:57.644+0000] {logging_mixin.py:190} INFO - [2024-12-12T05:38:57.643+0000] {dag.py:4180} INFO - Setting next_dagrun for dataset_consumes_unknown_never_scheduled to None, run_after=None
[2024-12-12T05:38:57.645+0000] {logging_mixin.py:190} INFO - [2024-12-12T05:38:57.645+0000] {dag.py:4180} INFO - Setting next_dagrun for dataset_produces_1 to 2024-12-11 00:00:00+00:00, run_after=2024-12-12 00:00:00+00:00
[2024-12-12T05:38:57.647+0000] {logging_mixin.py:190} INFO - [2024-12-12T05:38:57.647+0000] {dag.py:4180} INFO - Setting next_dagrun for dataset_produces_2 to None, run_after=None
[2024-12-12T05:38:57.695+0000] {processor.py:208} INFO - Processing /home/airflow/.local/lib/python3.12/site-packages/airflow/example_dags/example_datasets.py took 0.821 seconds
[2024-12-12T05:39:30.860+0000] {processor.py:186} INFO - Started process (PID=204) to work on /home/airflow/.local/lib/python3.12/site-packages/airflow/example_dags/example_datasets.py
[2024-12-12T05:39:30.869+0000] {processor.py:914} INFO - Processing file /home/airflow/.local/lib/python3.12/site-packages/airflow/example_dags/example_datasets.py for tasks to queue
[2024-12-12T05:39:30.873+0000] {logging_mixin.py:190} INFO - [2024-12-12T05:39:30.873+0000] {dagbag.py:588} INFO - Filling up the DagBag from /home/airflow/.local/lib/python3.12/site-packages/airflow/example_dags/example_datasets.py
[2024-12-12T05:39:31.523+0000] {processor.py:925} INFO - DAG(s) 'dataset_produces_2', 'dataset_consumes_1_never_scheduled', 'conditional_dataset_and_time_based_timetable', 'dataset_consumes_1', 'consume_1_or_both_2_and_3_with_dataset_expressions', 'consume_1_or_2_with_dataset_expressions', 'dataset_consumes_1_and_2', 'consume_1_and_2_with_dataset_expressions', 'dataset_produces_1', 'dataset_consumes_unknown_never_scheduled' retrieved from /home/airflow/.local/lib/python3.12/site-packages/airflow/example_dags/example_datasets.py
[2024-12-12T05:39:31.599+0000] {logging_mixin.py:190} INFO - [2024-12-12T05:39:31.598+0000] {dag.py:3239} INFO - Sync 10 DAGs
[2024-12-12T05:39:31.634+0000] {logging_mixin.py:190} INFO - [2024-12-12T05:39:31.634+0000] {dag.py:4180} INFO - Setting next_dagrun for conditional_dataset_and_time_based_timetable to 2024-12-11 01:00:00+00:00, run_after=2024-12-11 01:00:00+00:00
[2024-12-12T05:39:31.642+0000] {logging_mixin.py:190} INFO - [2024-12-12T05:39:31.641+0000] {dag.py:4180} INFO - Setting next_dagrun for consume_1_and_2_with_dataset_expressions to None, run_after=None
[2024-12-12T05:39:31.650+0000] {logging_mixin.py:190} INFO - [2024-12-12T05:39:31.650+0000] {dag.py:4180} INFO - Setting next_dagrun for consume_1_or_2_with_dataset_expressions to None, run_after=None
[2024-12-12T05:39:31.659+0000] {logging_mixin.py:190} INFO - [2024-12-12T05:39:31.659+0000] {dag.py:4180} INFO - Setting next_dagrun for consume_1_or_both_2_and_3_with_dataset_expressions to None, run_after=None
[2024-12-12T05:39:31.664+0000] {logging_mixin.py:190} INFO - [2024-12-12T05:39:31.664+0000] {dag.py:4180} INFO - Setting next_dagrun for dataset_consumes_1 to None, run_after=None
[2024-12-12T05:39:31.675+0000] {logging_mixin.py:190} INFO - [2024-12-12T05:39:31.675+0000] {dag.py:4180} INFO - Setting next_dagrun for dataset_consumes_1_and_2 to None, run_after=None
[2024-12-12T05:39:31.686+0000] {logging_mixin.py:190} INFO - [2024-12-12T05:39:31.685+0000] {dag.py:4180} INFO - Setting next_dagrun for dataset_consumes_1_never_scheduled to None, run_after=None
[2024-12-12T05:39:31.695+0000] {logging_mixin.py:190} INFO - [2024-12-12T05:39:31.695+0000] {dag.py:4180} INFO - Setting next_dagrun for dataset_consumes_unknown_never_scheduled to None, run_after=None
[2024-12-12T05:39:31.707+0000] {logging_mixin.py:190} INFO - [2024-12-12T05:39:31.707+0000] {dag.py:4180} INFO - Setting next_dagrun for dataset_produces_1 to 2024-12-11 00:00:00+00:00, run_after=2024-12-12 00:00:00+00:00
[2024-12-12T05:39:31.721+0000] {logging_mixin.py:190} INFO - [2024-12-12T05:39:31.721+0000] {dag.py:4180} INFO - Setting next_dagrun for dataset_produces_2 to None, run_after=None
[2024-12-12T05:39:31.749+0000] {processor.py:208} INFO - Processing /home/airflow/.local/lib/python3.12/site-packages/airflow/example_dags/example_datasets.py took 0.895 seconds
[2024-12-12T05:40:02.342+0000] {processor.py:186} INFO - Started process (PID=267) to work on /home/airflow/.local/lib/python3.12/site-packages/airflow/example_dags/example_datasets.py
[2024-12-12T05:40:02.344+0000] {processor.py:914} INFO - Processing file /home/airflow/.local/lib/python3.12/site-packages/airflow/example_dags/example_datasets.py for tasks to queue
[2024-12-12T05:40:02.348+0000] {logging_mixin.py:190} INFO - [2024-12-12T05:40:02.347+0000] {dagbag.py:588} INFO - Filling up the DagBag from /home/airflow/.local/lib/python3.12/site-packages/airflow/example_dags/example_datasets.py
[2024-12-12T05:40:03.271+0000] {processor.py:925} INFO - DAG(s) 'consume_1_and_2_with_dataset_expressions', 'dataset_produces_2', 'dataset_consumes_unknown_never_scheduled', 'dataset_produces_1', 'consume_1_or_both_2_and_3_with_dataset_expressions', 'dataset_consumes_1', 'consume_1_or_2_with_dataset_expressions', 'conditional_dataset_and_time_based_timetable', 'dataset_consumes_1_never_scheduled', 'dataset_consumes_1_and_2' retrieved from /home/airflow/.local/lib/python3.12/site-packages/airflow/example_dags/example_datasets.py
[2024-12-12T05:40:03.326+0000] {logging_mixin.py:190} INFO - [2024-12-12T05:40:03.326+0000] {dag.py:3239} INFO - Sync 10 DAGs
[2024-12-12T05:40:03.358+0000] {logging_mixin.py:190} INFO - [2024-12-12T05:40:03.358+0000] {dag.py:4180} INFO - Setting next_dagrun for conditional_dataset_and_time_based_timetable to 2024-12-11 01:00:00+00:00, run_after=2024-12-11 01:00:00+00:00
[2024-12-12T05:40:03.363+0000] {logging_mixin.py:190} INFO - [2024-12-12T05:40:03.363+0000] {dag.py:4180} INFO - Setting next_dagrun for consume_1_and_2_with_dataset_expressions to None, run_after=None
[2024-12-12T05:40:03.365+0000] {logging_mixin.py:190} INFO - [2024-12-12T05:40:03.364+0000] {dag.py:4180} INFO - Setting next_dagrun for consume_1_or_2_with_dataset_expressions to None, run_after=None
[2024-12-12T05:40:03.367+0000] {logging_mixin.py:190} INFO - [2024-12-12T05:40:03.367+0000] {dag.py:4180} INFO - Setting next_dagrun for consume_1_or_both_2_and_3_with_dataset_expressions to None, run_after=None
[2024-12-12T05:40:03.371+0000] {logging_mixin.py:190} INFO - [2024-12-12T05:40:03.371+0000] {dag.py:4180} INFO - Setting next_dagrun for dataset_consumes_1 to None, run_after=None
[2024-12-12T05:40:03.374+0000] {logging_mixin.py:190} INFO - [2024-12-12T05:40:03.373+0000] {dag.py:4180} INFO - Setting next_dagrun for dataset_consumes_1_and_2 to None, run_after=None
[2024-12-12T05:40:03.375+0000] {logging_mixin.py:190} INFO - [2024-12-12T05:40:03.375+0000] {dag.py:4180} INFO - Setting next_dagrun for dataset_consumes_1_never_scheduled to None, run_after=None
[2024-12-12T05:40:03.377+0000] {logging_mixin.py:190} INFO - [2024-12-12T05:40:03.377+0000] {dag.py:4180} INFO - Setting next_dagrun for dataset_consumes_unknown_never_scheduled to None, run_after=None
[2024-12-12T05:40:03.380+0000] {logging_mixin.py:190} INFO - [2024-12-12T05:40:03.380+0000] {dag.py:4180} INFO - Setting next_dagrun for dataset_produces_1 to 2024-12-11 00:00:00+00:00, run_after=2024-12-12 00:00:00+00:00
[2024-12-12T05:40:03.382+0000] {logging_mixin.py:190} INFO - [2024-12-12T05:40:03.382+0000] {dag.py:4180} INFO - Setting next_dagrun for dataset_produces_2 to None, run_after=None
[2024-12-12T05:40:03.428+0000] {processor.py:208} INFO - Processing /home/airflow/.local/lib/python3.12/site-packages/airflow/example_dags/example_datasets.py took 1.093 seconds
[2024-12-12T05:40:36.416+0000] {processor.py:186} INFO - Started process (PID=331) to work on /home/airflow/.local/lib/python3.12/site-packages/airflow/example_dags/example_datasets.py
[2024-12-12T05:40:36.430+0000] {processor.py:914} INFO - Processing file /home/airflow/.local/lib/python3.12/site-packages/airflow/example_dags/example_datasets.py for tasks to queue
[2024-12-12T05:40:36.438+0000] {logging_mixin.py:190} INFO - [2024-12-12T05:40:36.437+0000] {dagbag.py:588} INFO - Filling up the DagBag from /home/airflow/.local/lib/python3.12/site-packages/airflow/example_dags/example_datasets.py
[2024-12-12T05:40:41.175+0000] {processor.py:925} INFO - DAG(s) 'dataset_consumes_1', 'conditional_dataset_and_time_based_timetable', 'consume_1_or_both_2_and_3_with_dataset_expressions', 'consume_1_and_2_with_dataset_expressions', 'dataset_produces_2', 'dataset_consumes_1_and_2', 'dataset_consumes_1_never_scheduled', 'consume_1_or_2_with_dataset_expressions', 'dataset_consumes_unknown_never_scheduled', 'dataset_produces_1' retrieved from /home/airflow/.local/lib/python3.12/site-packages/airflow/example_dags/example_datasets.py
[2024-12-12T05:40:41.263+0000] {logging_mixin.py:190} INFO - [2024-12-12T05:40:41.263+0000] {dag.py:3239} INFO - Sync 10 DAGs
[2024-12-12T05:40:41.306+0000] {logging_mixin.py:190} INFO - [2024-12-12T05:40:41.306+0000] {dag.py:4180} INFO - Setting next_dagrun for conditional_dataset_and_time_based_timetable to 2024-12-11 01:00:00+00:00, run_after=2024-12-11 01:00:00+00:00
[2024-12-12T05:40:41.316+0000] {logging_mixin.py:190} INFO - [2024-12-12T05:40:41.316+0000] {dag.py:4180} INFO - Setting next_dagrun for consume_1_and_2_with_dataset_expressions to None, run_after=None
[2024-12-12T05:40:41.317+0000] {logging_mixin.py:190} INFO - [2024-12-12T05:40:41.317+0000] {dag.py:4180} INFO - Setting next_dagrun for consume_1_or_2_with_dataset_expressions to None, run_after=None
[2024-12-12T05:40:41.323+0000] {logging_mixin.py:190} INFO - [2024-12-12T05:40:41.323+0000] {dag.py:4180} INFO - Setting next_dagrun for consume_1_or_both_2_and_3_with_dataset_expressions to None, run_after=None
[2024-12-12T05:40:41.335+0000] {logging_mixin.py:190} INFO - [2024-12-12T05:40:41.335+0000] {dag.py:4180} INFO - Setting next_dagrun for dataset_consumes_1 to None, run_after=None
[2024-12-12T05:40:41.338+0000] {logging_mixin.py:190} INFO - [2024-12-12T05:40:41.338+0000] {dag.py:4180} INFO - Setting next_dagrun for dataset_consumes_1_and_2 to None, run_after=None
[2024-12-12T05:40:41.345+0000] {logging_mixin.py:190} INFO - [2024-12-12T05:40:41.344+0000] {dag.py:4180} INFO - Setting next_dagrun for dataset_consumes_1_never_scheduled to None, run_after=None
[2024-12-12T05:40:41.349+0000] {logging_mixin.py:190} INFO - [2024-12-12T05:40:41.348+0000] {dag.py:4180} INFO - Setting next_dagrun for dataset_consumes_unknown_never_scheduled to None, run_after=None
[2024-12-12T05:40:41.359+0000] {logging_mixin.py:190} INFO - [2024-12-12T05:40:41.357+0000] {dag.py:4180} INFO - Setting next_dagrun for dataset_produces_1 to 2024-12-11 00:00:00+00:00, run_after=2024-12-12 00:00:00+00:00
[2024-12-12T05:40:41.362+0000] {logging_mixin.py:190} INFO - [2024-12-12T05:40:41.362+0000] {dag.py:4180} INFO - Setting next_dagrun for dataset_produces_2 to None, run_after=None
[2024-12-12T05:40:41.413+0000] {processor.py:208} INFO - Processing /home/airflow/.local/lib/python3.12/site-packages/airflow/example_dags/example_datasets.py took 5.030 seconds
[2024-12-12T05:41:13.493+0000] {processor.py:186} INFO - Started process (PID=395) to work on /home/airflow/.local/lib/python3.12/site-packages/airflow/example_dags/example_datasets.py
[2024-12-12T05:41:13.495+0000] {processor.py:914} INFO - Processing file /home/airflow/.local/lib/python3.12/site-packages/airflow/example_dags/example_datasets.py for tasks to queue
[2024-12-12T05:41:13.499+0000] {logging_mixin.py:190} INFO - [2024-12-12T05:41:13.499+0000] {dagbag.py:588} INFO - Filling up the DagBag from /home/airflow/.local/lib/python3.12/site-packages/airflow/example_dags/example_datasets.py
[2024-12-12T05:41:21.096+0000] {processor.py:925} INFO - DAG(s) 'dataset_consumes_unknown_never_scheduled', 'dataset_produces_1', 'conditional_dataset_and_time_based_timetable', 'consume_1_or_2_with_dataset_expressions', 'consume_1_or_both_2_and_3_with_dataset_expressions', 'dataset_consumes_1_and_2', 'consume_1_and_2_with_dataset_expressions', 'dataset_consumes_1_never_scheduled', 'dataset_consumes_1', 'dataset_produces_2' retrieved from /home/airflow/.local/lib/python3.12/site-packages/airflow/example_dags/example_datasets.py
[2024-12-12T05:41:21.312+0000] {logging_mixin.py:190} INFO - [2024-12-12T05:41:21.311+0000] {dag.py:3239} INFO - Sync 10 DAGs
[2024-12-12T05:41:21.602+0000] {logging_mixin.py:190} INFO - [2024-12-12T05:41:21.602+0000] {dag.py:4180} INFO - Setting next_dagrun for conditional_dataset_and_time_based_timetable to 2024-12-11 01:00:00+00:00, run_after=2024-12-11 01:00:00+00:00
[2024-12-12T05:41:21.661+0000] {logging_mixin.py:190} INFO - [2024-12-12T05:41:21.661+0000] {dag.py:4180} INFO - Setting next_dagrun for consume_1_and_2_with_dataset_expressions to None, run_after=None
[2024-12-12T05:41:21.663+0000] {logging_mixin.py:190} INFO - [2024-12-12T05:41:21.663+0000] {dag.py:4180} INFO - Setting next_dagrun for consume_1_or_2_with_dataset_expressions to None, run_after=None
[2024-12-12T05:41:21.663+0000] {logging_mixin.py:190} INFO - [2024-12-12T05:41:21.663+0000] {dag.py:4180} INFO - Setting next_dagrun for consume_1_or_both_2_and_3_with_dataset_expressions to None, run_after=None
[2024-12-12T05:41:21.665+0000] {logging_mixin.py:190} INFO - [2024-12-12T05:41:21.665+0000] {dag.py:4180} INFO - Setting next_dagrun for dataset_consumes_1 to None, run_after=None
[2024-12-12T05:41:21.666+0000] {logging_mixin.py:190} INFO - [2024-12-12T05:41:21.666+0000] {dag.py:4180} INFO - Setting next_dagrun for dataset_consumes_1_and_2 to None, run_after=None
[2024-12-12T05:41:21.668+0000] {logging_mixin.py:190} INFO - [2024-12-12T05:41:21.667+0000] {dag.py:4180} INFO - Setting next_dagrun for dataset_consumes_1_never_scheduled to None, run_after=None
[2024-12-12T05:41:21.669+0000] {logging_mixin.py:190} INFO - [2024-12-12T05:41:21.669+0000] {dag.py:4180} INFO - Setting next_dagrun for dataset_consumes_unknown_never_scheduled to None, run_after=None
[2024-12-12T05:41:21.676+0000] {logging_mixin.py:190} INFO - [2024-12-12T05:41:21.676+0000] {dag.py:4180} INFO - Setting next_dagrun for dataset_produces_1 to 2024-12-11 00:00:00+00:00, run_after=2024-12-12 00:00:00+00:00
[2024-12-12T05:41:21.678+0000] {logging_mixin.py:190} INFO - [2024-12-12T05:41:21.677+0000] {dag.py:4180} INFO - Setting next_dagrun for dataset_produces_2 to None, run_after=None
[2024-12-12T05:41:21.783+0000] {processor.py:208} INFO - Processing /home/airflow/.local/lib/python3.12/site-packages/airflow/example_dags/example_datasets.py took 8.296 seconds
[2024-12-12T05:41:52.705+0000] {processor.py:186} INFO - Started process (PID=459) to work on /home/airflow/.local/lib/python3.12/site-packages/airflow/example_dags/example_datasets.py
[2024-12-12T05:41:52.715+0000] {processor.py:914} INFO - Processing file /home/airflow/.local/lib/python3.12/site-packages/airflow/example_dags/example_datasets.py for tasks to queue
[2024-12-12T05:41:52.725+0000] {logging_mixin.py:190} INFO - [2024-12-12T05:41:52.725+0000] {dagbag.py:588} INFO - Filling up the DagBag from /home/airflow/.local/lib/python3.12/site-packages/airflow/example_dags/example_datasets.py
[2024-12-12T05:41:54.217+0000] {processor.py:925} INFO - DAG(s) 'dataset_consumes_1_never_scheduled', 'conditional_dataset_and_time_based_timetable', 'dataset_consumes_1', 'dataset_consumes_unknown_never_scheduled', 'dataset_produces_2', 'dataset_produces_1', 'consume_1_or_2_with_dataset_expressions', 'consume_1_and_2_with_dataset_expressions', 'consume_1_or_both_2_and_3_with_dataset_expressions', 'dataset_consumes_1_and_2' retrieved from /home/airflow/.local/lib/python3.12/site-packages/airflow/example_dags/example_datasets.py
[2024-12-12T05:41:54.644+0000] {logging_mixin.py:190} INFO - [2024-12-12T05:41:54.641+0000] {dag.py:3239} INFO - Sync 10 DAGs
[2024-12-12T05:41:54.893+0000] {logging_mixin.py:190} INFO - [2024-12-12T05:41:54.893+0000] {dag.py:4180} INFO - Setting next_dagrun for conditional_dataset_and_time_based_timetable to 2024-12-11 01:00:00+00:00, run_after=2024-12-11 01:00:00+00:00
[2024-12-12T05:41:54.944+0000] {logging_mixin.py:190} INFO - [2024-12-12T05:41:54.944+0000] {dag.py:4180} INFO - Setting next_dagrun for consume_1_and_2_with_dataset_expressions to None, run_after=None
[2024-12-12T05:41:54.956+0000] {logging_mixin.py:190} INFO - [2024-12-12T05:41:54.956+0000] {dag.py:4180} INFO - Setting next_dagrun for consume_1_or_2_with_dataset_expressions to None, run_after=None
[2024-12-12T05:41:54.959+0000] {logging_mixin.py:190} INFO - [2024-12-12T05:41:54.958+0000] {dag.py:4180} INFO - Setting next_dagrun for consume_1_or_both_2_and_3_with_dataset_expressions to None, run_after=None
[2024-12-12T05:41:54.967+0000] {logging_mixin.py:190} INFO - [2024-12-12T05:41:54.967+0000] {dag.py:4180} INFO - Setting next_dagrun for dataset_consumes_1 to None, run_after=None
[2024-12-12T05:41:55.236+0000] {logging_mixin.py:190} INFO - [2024-12-12T05:41:55.236+0000] {dag.py:4180} INFO - Setting next_dagrun for dataset_consumes_1_and_2 to None, run_after=None
[2024-12-12T05:41:55.409+0000] {logging_mixin.py:190} INFO - [2024-12-12T05:41:55.409+0000] {dag.py:4180} INFO - Setting next_dagrun for dataset_consumes_1_never_scheduled to None, run_after=None
[2024-12-12T05:41:55.588+0000] {logging_mixin.py:190} INFO - [2024-12-12T05:41:55.587+0000] {dag.py:4180} INFO - Setting next_dagrun for dataset_consumes_unknown_never_scheduled to None, run_after=None
[2024-12-12T05:41:55.692+0000] {logging_mixin.py:190} INFO - [2024-12-12T05:41:55.691+0000] {dag.py:4180} INFO - Setting next_dagrun for dataset_produces_1 to 2024-12-11 00:00:00+00:00, run_after=2024-12-12 00:00:00+00:00
[2024-12-12T05:41:55.727+0000] {logging_mixin.py:190} INFO - [2024-12-12T05:41:55.727+0000] {dag.py:4180} INFO - Setting next_dagrun for dataset_produces_2 to None, run_after=None
[2024-12-12T05:41:55.955+0000] {processor.py:208} INFO - Processing /home/airflow/.local/lib/python3.12/site-packages/airflow/example_dags/example_datasets.py took 3.280 seconds
[2024-12-12T05:42:27.245+0000] {processor.py:186} INFO - Started process (PID=523) to work on /home/airflow/.local/lib/python3.12/site-packages/airflow/example_dags/example_datasets.py
[2024-12-12T05:42:27.249+0000] {processor.py:914} INFO - Processing file /home/airflow/.local/lib/python3.12/site-packages/airflow/example_dags/example_datasets.py for tasks to queue
[2024-12-12T05:42:27.265+0000] {logging_mixin.py:190} INFO - [2024-12-12T05:42:27.260+0000] {dagbag.py:588} INFO - Filling up the DagBag from /home/airflow/.local/lib/python3.12/site-packages/airflow/example_dags/example_datasets.py
[2024-12-12T05:42:28.497+0000] {processor.py:925} INFO - DAG(s) 'consume_1_and_2_with_dataset_expressions', 'dataset_consumes_1_and_2', 'consume_1_or_2_with_dataset_expressions', 'dataset_consumes_unknown_never_scheduled', 'dataset_produces_2', 'conditional_dataset_and_time_based_timetable', 'dataset_produces_1', 'dataset_consumes_1_never_scheduled', 'dataset_consumes_1', 'consume_1_or_both_2_and_3_with_dataset_expressions' retrieved from /home/airflow/.local/lib/python3.12/site-packages/airflow/example_dags/example_datasets.py
[2024-12-12T05:42:28.553+0000] {logging_mixin.py:190} INFO - [2024-12-12T05:42:28.553+0000] {dag.py:3239} INFO - Sync 10 DAGs
[2024-12-12T05:42:28.693+0000] {logging_mixin.py:190} INFO - [2024-12-12T05:42:28.692+0000] {dag.py:4180} INFO - Setting next_dagrun for conditional_dataset_and_time_based_timetable to 2024-12-11 01:00:00+00:00, run_after=2024-12-11 01:00:00+00:00
[2024-12-12T05:42:28.698+0000] {logging_mixin.py:190} INFO - [2024-12-12T05:42:28.698+0000] {dag.py:4180} INFO - Setting next_dagrun for consume_1_and_2_with_dataset_expressions to None, run_after=None
[2024-12-12T05:42:28.700+0000] {logging_mixin.py:190} INFO - [2024-12-12T05:42:28.699+0000] {dag.py:4180} INFO - Setting next_dagrun for consume_1_or_2_with_dataset_expressions to None, run_after=None
[2024-12-12T05:42:28.700+0000] {logging_mixin.py:190} INFO - [2024-12-12T05:42:28.700+0000] {dag.py:4180} INFO - Setting next_dagrun for consume_1_or_both_2_and_3_with_dataset_expressions to None, run_after=None
[2024-12-12T05:42:28.701+0000] {logging_mixin.py:190} INFO - [2024-12-12T05:42:28.701+0000] {dag.py:4180} INFO - Setting next_dagrun for dataset_consumes_1 to None, run_after=None
[2024-12-12T05:42:28.702+0000] {logging_mixin.py:190} INFO - [2024-12-12T05:42:28.702+0000] {dag.py:4180} INFO - Setting next_dagrun for dataset_consumes_1_and_2 to None, run_after=None
[2024-12-12T05:42:28.703+0000] {logging_mixin.py:190} INFO - [2024-12-12T05:42:28.703+0000] {dag.py:4180} INFO - Setting next_dagrun for dataset_consumes_1_never_scheduled to None, run_after=None
[2024-12-12T05:42:28.704+0000] {logging_mixin.py:190} INFO - [2024-12-12T05:42:28.704+0000] {dag.py:4180} INFO - Setting next_dagrun for dataset_consumes_unknown_never_scheduled to None, run_after=None
[2024-12-12T05:42:28.705+0000] {logging_mixin.py:190} INFO - [2024-12-12T05:42:28.705+0000] {dag.py:4180} INFO - Setting next_dagrun for dataset_produces_1 to 2024-12-11 00:00:00+00:00, run_after=2024-12-12 00:00:00+00:00
[2024-12-12T05:42:28.706+0000] {logging_mixin.py:190} INFO - [2024-12-12T05:42:28.706+0000] {dag.py:4180} INFO - Setting next_dagrun for dataset_produces_2 to None, run_after=None
[2024-12-12T05:42:28.734+0000] {processor.py:208} INFO - Processing /home/airflow/.local/lib/python3.12/site-packages/airflow/example_dags/example_datasets.py took 1.522 seconds
[2024-12-12T05:42:58.939+0000] {processor.py:186} INFO - Started process (PID=586) to work on /home/airflow/.local/lib/python3.12/site-packages/airflow/example_dags/example_datasets.py
[2024-12-12T05:42:58.943+0000] {processor.py:914} INFO - Processing file /home/airflow/.local/lib/python3.12/site-packages/airflow/example_dags/example_datasets.py for tasks to queue
[2024-12-12T05:42:58.950+0000] {logging_mixin.py:190} INFO - [2024-12-12T05:42:58.950+0000] {dagbag.py:588} INFO - Filling up the DagBag from /home/airflow/.local/lib/python3.12/site-packages/airflow/example_dags/example_datasets.py
[2024-12-12T05:42:59.926+0000] {processor.py:925} INFO - DAG(s) 'dataset_consumes_unknown_never_scheduled', 'dataset_consumes_1', 'consume_1_or_both_2_and_3_with_dataset_expressions', 'dataset_consumes_1_and_2', 'consume_1_and_2_with_dataset_expressions', 'consume_1_or_2_with_dataset_expressions', 'dataset_produces_2', 'dataset_consumes_1_never_scheduled', 'dataset_produces_1', 'conditional_dataset_and_time_based_timetable' retrieved from /home/airflow/.local/lib/python3.12/site-packages/airflow/example_dags/example_datasets.py
[2024-12-12T05:42:59.964+0000] {logging_mixin.py:190} INFO - [2024-12-12T05:42:59.963+0000] {dag.py:3239} INFO - Sync 10 DAGs
[2024-12-12T05:42:59.990+0000] {logging_mixin.py:190} INFO - [2024-12-12T05:42:59.989+0000] {dag.py:4180} INFO - Setting next_dagrun for conditional_dataset_and_time_based_timetable to 2024-12-11 01:00:00+00:00, run_after=2024-12-11 01:00:00+00:00
[2024-12-12T05:42:59.996+0000] {logging_mixin.py:190} INFO - [2024-12-12T05:42:59.996+0000] {dag.py:4180} INFO - Setting next_dagrun for consume_1_and_2_with_dataset_expressions to None, run_after=None
[2024-12-12T05:42:59.998+0000] {logging_mixin.py:190} INFO - [2024-12-12T05:42:59.997+0000] {dag.py:4180} INFO - Setting next_dagrun for consume_1_or_2_with_dataset_expressions to None, run_after=None
[2024-12-12T05:42:59.999+0000] {logging_mixin.py:190} INFO - [2024-12-12T05:42:59.999+0000] {dag.py:4180} INFO - Setting next_dagrun for consume_1_or_both_2_and_3_with_dataset_expressions to None, run_after=None
[2024-12-12T05:43:00.000+0000] {logging_mixin.py:190} INFO - [2024-12-12T05:43:00.000+0000] {dag.py:4180} INFO - Setting next_dagrun for dataset_consumes_1 to None, run_after=None
[2024-12-12T05:43:00.001+0000] {logging_mixin.py:190} INFO - [2024-12-12T05:43:00.001+0000] {dag.py:4180} INFO - Setting next_dagrun for dataset_consumes_1_and_2 to None, run_after=None
[2024-12-12T05:43:00.003+0000] {logging_mixin.py:190} INFO - [2024-12-12T05:43:00.003+0000] {dag.py:4180} INFO - Setting next_dagrun for dataset_consumes_1_never_scheduled to None, run_after=None
[2024-12-12T05:43:00.003+0000] {logging_mixin.py:190} INFO - [2024-12-12T05:43:00.003+0000] {dag.py:4180} INFO - Setting next_dagrun for dataset_consumes_unknown_never_scheduled to None, run_after=None
[2024-12-12T05:43:00.005+0000] {logging_mixin.py:190} INFO - [2024-12-12T05:43:00.005+0000] {dag.py:4180} INFO - Setting next_dagrun for dataset_produces_1 to 2024-12-11 00:00:00+00:00, run_after=2024-12-12 00:00:00+00:00
[2024-12-12T05:43:00.006+0000] {logging_mixin.py:190} INFO - [2024-12-12T05:43:00.006+0000] {dag.py:4180} INFO - Setting next_dagrun for dataset_produces_2 to None, run_after=None
[2024-12-12T05:43:00.031+0000] {processor.py:208} INFO - Processing /home/airflow/.local/lib/python3.12/site-packages/airflow/example_dags/example_datasets.py took 1.109 seconds
[2024-12-12T05:43:30.898+0000] {processor.py:186} INFO - Started process (PID=649) to work on /home/airflow/.local/lib/python3.12/site-packages/airflow/example_dags/example_datasets.py
[2024-12-12T05:43:30.899+0000] {processor.py:914} INFO - Processing file /home/airflow/.local/lib/python3.12/site-packages/airflow/example_dags/example_datasets.py for tasks to queue
[2024-12-12T05:43:30.902+0000] {logging_mixin.py:190} INFO - [2024-12-12T05:43:30.901+0000] {dagbag.py:588} INFO - Filling up the DagBag from /home/airflow/.local/lib/python3.12/site-packages/airflow/example_dags/example_datasets.py
[2024-12-12T05:43:32.503+0000] {processor.py:925} INFO - DAG(s) 'dataset_produces_1', 'consume_1_and_2_with_dataset_expressions', 'consume_1_or_both_2_and_3_with_dataset_expressions', 'dataset_produces_2', 'dataset_consumes_1', 'dataset_consumes_1_never_scheduled', 'consume_1_or_2_with_dataset_expressions', 'dataset_consumes_unknown_never_scheduled', 'dataset_consumes_1_and_2', 'conditional_dataset_and_time_based_timetable' retrieved from /home/airflow/.local/lib/python3.12/site-packages/airflow/example_dags/example_datasets.py
[2024-12-12T05:43:32.545+0000] {logging_mixin.py:190} INFO - [2024-12-12T05:43:32.545+0000] {dag.py:3239} INFO - Sync 10 DAGs
[2024-12-12T05:43:32.566+0000] {logging_mixin.py:190} INFO - [2024-12-12T05:43:32.566+0000] {dag.py:4180} INFO - Setting next_dagrun for conditional_dataset_and_time_based_timetable to 2024-12-11 01:00:00+00:00, run_after=2024-12-11 01:00:00+00:00
[2024-12-12T05:43:32.572+0000] {logging_mixin.py:190} INFO - [2024-12-12T05:43:32.572+0000] {dag.py:4180} INFO - Setting next_dagrun for consume_1_and_2_with_dataset_expressions to None, run_after=None
[2024-12-12T05:43:32.576+0000] {logging_mixin.py:190} INFO - [2024-12-12T05:43:32.576+0000] {dag.py:4180} INFO - Setting next_dagrun for consume_1_or_2_with_dataset_expressions to None, run_after=None
[2024-12-12T05:43:32.577+0000] {logging_mixin.py:190} INFO - [2024-12-12T05:43:32.577+0000] {dag.py:4180} INFO - Setting next_dagrun for consume_1_or_both_2_and_3_with_dataset_expressions to None, run_after=None
[2024-12-12T05:43:32.578+0000] {logging_mixin.py:190} INFO - [2024-12-12T05:43:32.578+0000] {dag.py:4180} INFO - Setting next_dagrun for dataset_consumes_1 to None, run_after=None
[2024-12-12T05:43:32.579+0000] {logging_mixin.py:190} INFO - [2024-12-12T05:43:32.579+0000] {dag.py:4180} INFO - Setting next_dagrun for dataset_consumes_1_and_2 to None, run_after=None
[2024-12-12T05:43:32.580+0000] {logging_mixin.py:190} INFO - [2024-12-12T05:43:32.580+0000] {dag.py:4180} INFO - Setting next_dagrun for dataset_consumes_1_never_scheduled to None, run_after=None
[2024-12-12T05:43:32.581+0000] {logging_mixin.py:190} INFO - [2024-12-12T05:43:32.581+0000] {dag.py:4180} INFO - Setting next_dagrun for dataset_consumes_unknown_never_scheduled to None, run_after=None
[2024-12-12T05:43:32.582+0000] {logging_mixin.py:190} INFO - [2024-12-12T05:43:32.582+0000] {dag.py:4180} INFO - Setting next_dagrun for dataset_produces_1 to 2024-12-11 00:00:00+00:00, run_after=2024-12-12 00:00:00+00:00
[2024-12-12T05:43:32.583+0000] {logging_mixin.py:190} INFO - [2024-12-12T05:43:32.583+0000] {dag.py:4180} INFO - Setting next_dagrun for dataset_produces_2 to None, run_after=None
[2024-12-12T05:43:32.623+0000] {processor.py:208} INFO - Processing /home/airflow/.local/lib/python3.12/site-packages/airflow/example_dags/example_datasets.py took 1.731 seconds
[2024-12-12T05:45:15.178+0000] {processor.py:186} INFO - Started process (PID=79) to work on /home/airflow/.local/lib/python3.12/site-packages/airflow/example_dags/example_datasets.py
[2024-12-12T05:45:15.179+0000] {processor.py:914} INFO - Processing file /home/airflow/.local/lib/python3.12/site-packages/airflow/example_dags/example_datasets.py for tasks to queue
[2024-12-12T05:45:15.180+0000] {logging_mixin.py:190} INFO - [2024-12-12T05:45:15.180+0000] {dagbag.py:588} INFO - Filling up the DagBag from /home/airflow/.local/lib/python3.12/site-packages/airflow/example_dags/example_datasets.py
[2024-12-12T05:45:16.701+0000] {processor.py:925} INFO - DAG(s) 'conditional_dataset_and_time_based_timetable', 'dataset_produces_2', 'consume_1_and_2_with_dataset_expressions', 'dataset_consumes_1_and_2', 'dataset_produces_1', 'dataset_consumes_unknown_never_scheduled', 'dataset_consumes_1', 'dataset_consumes_1_never_scheduled', 'consume_1_or_both_2_and_3_with_dataset_expressions', 'consume_1_or_2_with_dataset_expressions' retrieved from /home/airflow/.local/lib/python3.12/site-packages/airflow/example_dags/example_datasets.py
[2024-12-12T05:45:16.770+0000] {logging_mixin.py:190} INFO - [2024-12-12T05:45:16.770+0000] {dag.py:3239} INFO - Sync 10 DAGs
[2024-12-12T05:45:16.790+0000] {logging_mixin.py:190} INFO - [2024-12-12T05:45:16.790+0000] {dag.py:4180} INFO - Setting next_dagrun for conditional_dataset_and_time_based_timetable to 2024-12-11 01:00:00+00:00, run_after=2024-12-11 01:00:00+00:00
[2024-12-12T05:45:16.799+0000] {logging_mixin.py:190} INFO - [2024-12-12T05:45:16.799+0000] {dag.py:4180} INFO - Setting next_dagrun for consume_1_and_2_with_dataset_expressions to None, run_after=None
[2024-12-12T05:45:16.801+0000] {logging_mixin.py:190} INFO - [2024-12-12T05:45:16.801+0000] {dag.py:4180} INFO - Setting next_dagrun for consume_1_or_2_with_dataset_expressions to None, run_after=None
[2024-12-12T05:45:16.802+0000] {logging_mixin.py:190} INFO - [2024-12-12T05:45:16.802+0000] {dag.py:4180} INFO - Setting next_dagrun for consume_1_or_both_2_and_3_with_dataset_expressions to None, run_after=None
[2024-12-12T05:45:16.803+0000] {logging_mixin.py:190} INFO - [2024-12-12T05:45:16.803+0000] {dag.py:4180} INFO - Setting next_dagrun for dataset_consumes_1 to None, run_after=None
[2024-12-12T05:45:16.818+0000] {logging_mixin.py:190} INFO - [2024-12-12T05:45:16.818+0000] {dag.py:4180} INFO - Setting next_dagrun for dataset_consumes_1_and_2 to None, run_after=None
[2024-12-12T05:45:16.820+0000] {logging_mixin.py:190} INFO - [2024-12-12T05:45:16.820+0000] {dag.py:4180} INFO - Setting next_dagrun for dataset_consumes_1_never_scheduled to None, run_after=None
[2024-12-12T05:45:16.822+0000] {logging_mixin.py:190} INFO - [2024-12-12T05:45:16.821+0000] {dag.py:4180} INFO - Setting next_dagrun for dataset_consumes_unknown_never_scheduled to None, run_after=None
[2024-12-12T05:45:16.824+0000] {logging_mixin.py:190} INFO - [2024-12-12T05:45:16.824+0000] {dag.py:4180} INFO - Setting next_dagrun for dataset_produces_1 to 2024-12-11 00:00:00+00:00, run_after=2024-12-12 00:00:00+00:00
[2024-12-12T05:45:16.825+0000] {logging_mixin.py:190} INFO - [2024-12-12T05:45:16.825+0000] {dag.py:4180} INFO - Setting next_dagrun for dataset_produces_2 to None, run_after=None
[2024-12-12T05:45:17.038+0000] {processor.py:208} INFO - Processing /home/airflow/.local/lib/python3.12/site-packages/airflow/example_dags/example_datasets.py took 1.864 seconds
[2024-12-12T05:45:47.910+0000] {processor.py:186} INFO - Started process (PID=143) to work on /home/airflow/.local/lib/python3.12/site-packages/airflow/example_dags/example_datasets.py
[2024-12-12T05:45:47.912+0000] {processor.py:914} INFO - Processing file /home/airflow/.local/lib/python3.12/site-packages/airflow/example_dags/example_datasets.py for tasks to queue
[2024-12-12T05:45:47.915+0000] {logging_mixin.py:190} INFO - [2024-12-12T05:45:47.915+0000] {dagbag.py:588} INFO - Filling up the DagBag from /home/airflow/.local/lib/python3.12/site-packages/airflow/example_dags/example_datasets.py
[2024-12-12T05:45:48.948+0000] {processor.py:925} INFO - DAG(s) 'dataset_consumes_1_and_2', 'consume_1_or_2_with_dataset_expressions', 'dataset_produces_1', 'dataset_consumes_1_never_scheduled', 'dataset_consumes_unknown_never_scheduled', 'dataset_produces_2', 'consume_1_or_both_2_and_3_with_dataset_expressions', 'consume_1_and_2_with_dataset_expressions', 'conditional_dataset_and_time_based_timetable', 'dataset_consumes_1' retrieved from /home/airflow/.local/lib/python3.12/site-packages/airflow/example_dags/example_datasets.py
[2024-12-12T05:45:49.013+0000] {logging_mixin.py:190} INFO - [2024-12-12T05:45:49.012+0000] {dag.py:3239} INFO - Sync 10 DAGs
[2024-12-12T05:45:49.043+0000] {logging_mixin.py:190} INFO - [2024-12-12T05:45:49.043+0000] {dag.py:4180} INFO - Setting next_dagrun for conditional_dataset_and_time_based_timetable to 2024-12-11 01:00:00+00:00, run_after=2024-12-11 01:00:00+00:00
[2024-12-12T05:45:49.048+0000] {logging_mixin.py:190} INFO - [2024-12-12T05:45:49.048+0000] {dag.py:4180} INFO - Setting next_dagrun for consume_1_and_2_with_dataset_expressions to None, run_after=None
[2024-12-12T05:45:49.049+0000] {logging_mixin.py:190} INFO - [2024-12-12T05:45:49.049+0000] {dag.py:4180} INFO - Setting next_dagrun for consume_1_or_2_with_dataset_expressions to None, run_after=None
[2024-12-12T05:45:49.050+0000] {logging_mixin.py:190} INFO - [2024-12-12T05:45:49.050+0000] {dag.py:4180} INFO - Setting next_dagrun for consume_1_or_both_2_and_3_with_dataset_expressions to None, run_after=None
[2024-12-12T05:45:49.052+0000] {logging_mixin.py:190} INFO - [2024-12-12T05:45:49.052+0000] {dag.py:4180} INFO - Setting next_dagrun for dataset_consumes_1 to None, run_after=None
[2024-12-12T05:45:49.053+0000] {logging_mixin.py:190} INFO - [2024-12-12T05:45:49.053+0000] {dag.py:4180} INFO - Setting next_dagrun for dataset_consumes_1_and_2 to None, run_after=None
[2024-12-12T05:45:49.054+0000] {logging_mixin.py:190} INFO - [2024-12-12T05:45:49.054+0000] {dag.py:4180} INFO - Setting next_dagrun for dataset_consumes_1_never_scheduled to None, run_after=None
[2024-12-12T05:45:49.055+0000] {logging_mixin.py:190} INFO - [2024-12-12T05:45:49.055+0000] {dag.py:4180} INFO - Setting next_dagrun for dataset_consumes_unknown_never_scheduled to None, run_after=None
[2024-12-12T05:45:49.057+0000] {logging_mixin.py:190} INFO - [2024-12-12T05:45:49.057+0000] {dag.py:4180} INFO - Setting next_dagrun for dataset_produces_1 to 2024-12-11 00:00:00+00:00, run_after=2024-12-12 00:00:00+00:00
[2024-12-12T05:45:49.059+0000] {logging_mixin.py:190} INFO - [2024-12-12T05:45:49.058+0000] {dag.py:4180} INFO - Setting next_dagrun for dataset_produces_2 to None, run_after=None
[2024-12-12T05:45:49.121+0000] {processor.py:208} INFO - Processing /home/airflow/.local/lib/python3.12/site-packages/airflow/example_dags/example_datasets.py took 1.218 seconds
[2024-12-12T05:46:19.862+0000] {processor.py:186} INFO - Started process (PID=206) to work on /home/airflow/.local/lib/python3.12/site-packages/airflow/example_dags/example_datasets.py
[2024-12-12T05:46:19.863+0000] {processor.py:914} INFO - Processing file /home/airflow/.local/lib/python3.12/site-packages/airflow/example_dags/example_datasets.py for tasks to queue
[2024-12-12T05:46:19.866+0000] {logging_mixin.py:190} INFO - [2024-12-12T05:46:19.865+0000] {dagbag.py:588} INFO - Filling up the DagBag from /home/airflow/.local/lib/python3.12/site-packages/airflow/example_dags/example_datasets.py
[2024-12-12T05:46:20.453+0000] {processor.py:925} INFO - DAG(s) 'dataset_consumes_1_never_scheduled', 'dataset_produces_2', 'consume_1_or_2_with_dataset_expressions', 'dataset_consumes_1_and_2', 'consume_1_and_2_with_dataset_expressions', 'consume_1_or_both_2_and_3_with_dataset_expressions', 'dataset_consumes_1', 'dataset_consumes_unknown_never_scheduled', 'conditional_dataset_and_time_based_timetable', 'dataset_produces_1' retrieved from /home/airflow/.local/lib/python3.12/site-packages/airflow/example_dags/example_datasets.py
[2024-12-12T05:46:20.507+0000] {logging_mixin.py:190} INFO - [2024-12-12T05:46:20.507+0000] {dag.py:3239} INFO - Sync 10 DAGs
[2024-12-12T05:46:20.555+0000] {logging_mixin.py:190} INFO - [2024-12-12T05:46:20.555+0000] {dag.py:4180} INFO - Setting next_dagrun for conditional_dataset_and_time_based_timetable to 2024-12-11 01:00:00+00:00, run_after=2024-12-11 01:00:00+00:00
[2024-12-12T05:46:20.560+0000] {logging_mixin.py:190} INFO - [2024-12-12T05:46:20.559+0000] {dag.py:4180} INFO - Setting next_dagrun for consume_1_and_2_with_dataset_expressions to None, run_after=None
[2024-12-12T05:46:20.561+0000] {logging_mixin.py:190} INFO - [2024-12-12T05:46:20.561+0000] {dag.py:4180} INFO - Setting next_dagrun for consume_1_or_2_with_dataset_expressions to None, run_after=None
[2024-12-12T05:46:20.562+0000] {logging_mixin.py:190} INFO - [2024-12-12T05:46:20.562+0000] {dag.py:4180} INFO - Setting next_dagrun for consume_1_or_both_2_and_3_with_dataset_expressions to None, run_after=None
[2024-12-12T05:46:20.563+0000] {logging_mixin.py:190} INFO - [2024-12-12T05:46:20.563+0000] {dag.py:4180} INFO - Setting next_dagrun for dataset_consumes_1 to None, run_after=None
[2024-12-12T05:46:20.564+0000] {logging_mixin.py:190} INFO - [2024-12-12T05:46:20.564+0000] {dag.py:4180} INFO - Setting next_dagrun for dataset_consumes_1_and_2 to None, run_after=None
[2024-12-12T05:46:20.564+0000] {logging_mixin.py:190} INFO - [2024-12-12T05:46:20.564+0000] {dag.py:4180} INFO - Setting next_dagrun for dataset_consumes_1_never_scheduled to None, run_after=None
[2024-12-12T05:46:20.565+0000] {logging_mixin.py:190} INFO - [2024-12-12T05:46:20.565+0000] {dag.py:4180} INFO - Setting next_dagrun for dataset_consumes_unknown_never_scheduled to None, run_after=None
[2024-12-12T05:46:20.567+0000] {logging_mixin.py:190} INFO - [2024-12-12T05:46:20.567+0000] {dag.py:4180} INFO - Setting next_dagrun for dataset_produces_1 to 2024-12-11 00:00:00+00:00, run_after=2024-12-12 00:00:00+00:00
[2024-12-12T05:46:20.568+0000] {logging_mixin.py:190} INFO - [2024-12-12T05:46:20.568+0000] {dag.py:4180} INFO - Setting next_dagrun for dataset_produces_2 to None, run_after=None
[2024-12-12T05:46:20.594+0000] {processor.py:208} INFO - Processing /home/airflow/.local/lib/python3.12/site-packages/airflow/example_dags/example_datasets.py took 0.736 seconds
