[2024-12-12T05:36:35.510+0000] {processor.py:186} INFO - Started process (PID=66) to work on /home/airflow/.local/lib/python3.12/site-packages/airflow/example_dags/example_params_trigger_ui.py
[2024-12-12T05:36:35.511+0000] {processor.py:914} INFO - Processing file /home/airflow/.local/lib/python3.12/site-packages/airflow/example_dags/example_params_trigger_ui.py for tasks to queue
[2024-12-12T05:36:35.514+0000] {logging_mixin.py:190} INFO - [2024-12-12T05:36:35.513+0000] {dagbag.py:588} INFO - Filling up the DagBag from /home/airflow/.local/lib/python3.12/site-packages/airflow/example_dags/example_params_trigger_ui.py
[2024-12-12T05:36:35.539+0000] {processor.py:925} INFO - DAG(s) 'example_params_trigger_ui' retrieved from /home/airflow/.local/lib/python3.12/site-packages/airflow/example_dags/example_params_trigger_ui.py
[2024-12-12T05:36:35.678+0000] {logging_mixin.py:190} INFO - [2024-12-12T05:36:35.677+0000] {override.py:1911} INFO - Created Permission View: can delete on DAG:example_params_trigger_ui
[2024-12-12T05:36:35.684+0000] {logging_mixin.py:190} INFO - [2024-12-12T05:36:35.684+0000] {override.py:1911} INFO - Created Permission View: can edit on DAG:example_params_trigger_ui
[2024-12-12T05:36:35.690+0000] {logging_mixin.py:190} INFO - [2024-12-12T05:36:35.690+0000] {override.py:1911} INFO - Created Permission View: can read on DAG:example_params_trigger_ui
[2024-12-12T05:36:35.695+0000] {logging_mixin.py:190} INFO - [2024-12-12T05:36:35.695+0000] {override.py:1911} INFO - Created Permission View: can delete on DAG Run:example_params_trigger_ui
[2024-12-12T05:36:35.701+0000] {logging_mixin.py:190} INFO - [2024-12-12T05:36:35.701+0000] {override.py:1911} INFO - Created Permission View: menu access on DAG Run:example_params_trigger_ui
[2024-12-12T05:36:35.709+0000] {logging_mixin.py:190} INFO - [2024-12-12T05:36:35.709+0000] {override.py:1911} INFO - Created Permission View: can create on DAG Run:example_params_trigger_ui
[2024-12-12T05:36:35.715+0000] {logging_mixin.py:190} INFO - [2024-12-12T05:36:35.714+0000] {override.py:1911} INFO - Created Permission View: can read on DAG Run:example_params_trigger_ui
[2024-12-12T05:36:35.715+0000] {logging_mixin.py:190} INFO - [2024-12-12T05:36:35.715+0000] {dag.py:3239} INFO - Sync 1 DAGs
[2024-12-12T05:36:35.724+0000] {logging_mixin.py:190} INFO - [2024-12-12T05:36:35.723+0000] {dag.py:3262} INFO - Creating ORM DAG for example_params_trigger_ui
[2024-12-12T05:36:35.748+0000] {logging_mixin.py:190} INFO - [2024-12-12T05:36:35.748+0000] {dag.py:4180} INFO - Setting next_dagrun for example_params_trigger_ui to None, run_after=None
[2024-12-12T05:36:35.777+0000] {processor.py:208} INFO - Processing /home/airflow/.local/lib/python3.12/site-packages/airflow/example_dags/example_params_trigger_ui.py took 0.272 seconds
[2024-12-12T05:37:07.126+0000] {processor.py:186} INFO - Started process (PID=130) to work on /home/airflow/.local/lib/python3.12/site-packages/airflow/example_dags/example_params_trigger_ui.py
[2024-12-12T05:37:07.162+0000] {processor.py:914} INFO - Processing file /home/airflow/.local/lib/python3.12/site-packages/airflow/example_dags/example_params_trigger_ui.py for tasks to queue
[2024-12-12T05:37:07.208+0000] {logging_mixin.py:190} INFO - [2024-12-12T05:37:07.206+0000] {dagbag.py:588} INFO - Filling up the DagBag from /home/airflow/.local/lib/python3.12/site-packages/airflow/example_dags/example_params_trigger_ui.py
[2024-12-12T05:37:07.390+0000] {processor.py:925} INFO - DAG(s) 'example_params_trigger_ui' retrieved from /home/airflow/.local/lib/python3.12/site-packages/airflow/example_dags/example_params_trigger_ui.py
[2024-12-12T05:37:07.564+0000] {logging_mixin.py:190} INFO - [2024-12-12T05:37:07.563+0000] {dag.py:3239} INFO - Sync 1 DAGs
[2024-12-12T05:37:07.700+0000] {logging_mixin.py:190} INFO - [2024-12-12T05:37:07.700+0000] {dag.py:4180} INFO - Setting next_dagrun for example_params_trigger_ui to None, run_after=None
[2024-12-12T05:37:07.748+0000] {processor.py:208} INFO - Processing /home/airflow/.local/lib/python3.12/site-packages/airflow/example_dags/example_params_trigger_ui.py took 0.717 seconds
[2024-12-12T05:37:38.077+0000] {processor.py:186} INFO - Started process (PID=193) to work on /home/airflow/.local/lib/python3.12/site-packages/airflow/example_dags/example_params_trigger_ui.py
[2024-12-12T05:37:38.079+0000] {processor.py:914} INFO - Processing file /home/airflow/.local/lib/python3.12/site-packages/airflow/example_dags/example_params_trigger_ui.py for tasks to queue
[2024-12-12T05:37:38.090+0000] {logging_mixin.py:190} INFO - [2024-12-12T05:37:38.089+0000] {dagbag.py:588} INFO - Filling up the DagBag from /home/airflow/.local/lib/python3.12/site-packages/airflow/example_dags/example_params_trigger_ui.py
[2024-12-12T05:37:38.129+0000] {processor.py:925} INFO - DAG(s) 'example_params_trigger_ui' retrieved from /home/airflow/.local/lib/python3.12/site-packages/airflow/example_dags/example_params_trigger_ui.py
[2024-12-12T05:37:38.195+0000] {logging_mixin.py:190} INFO - [2024-12-12T05:37:38.195+0000] {dag.py:3239} INFO - Sync 1 DAGs
[2024-12-12T05:37:38.211+0000] {logging_mixin.py:190} INFO - [2024-12-12T05:37:38.210+0000] {dag.py:4180} INFO - Setting next_dagrun for example_params_trigger_ui to None, run_after=None
[2024-12-12T05:37:38.225+0000] {processor.py:208} INFO - Processing /home/airflow/.local/lib/python3.12/site-packages/airflow/example_dags/example_params_trigger_ui.py took 0.160 seconds
[2024-12-12T05:38:24.281+0000] {processor.py:186} INFO - Started process (PID=59) to work on /home/airflow/.local/lib/python3.12/site-packages/airflow/example_dags/example_params_trigger_ui.py
[2024-12-12T05:38:24.282+0000] {processor.py:914} INFO - Processing file /home/airflow/.local/lib/python3.12/site-packages/airflow/example_dags/example_params_trigger_ui.py for tasks to queue
[2024-12-12T05:38:24.285+0000] {logging_mixin.py:190} INFO - [2024-12-12T05:38:24.284+0000] {dagbag.py:588} INFO - Filling up the DagBag from /home/airflow/.local/lib/python3.12/site-packages/airflow/example_dags/example_params_trigger_ui.py
[2024-12-12T05:38:24.297+0000] {processor.py:925} INFO - DAG(s) 'example_params_trigger_ui' retrieved from /home/airflow/.local/lib/python3.12/site-packages/airflow/example_dags/example_params_trigger_ui.py
[2024-12-12T05:38:24.328+0000] {logging_mixin.py:190} INFO - [2024-12-12T05:38:24.328+0000] {dag.py:3239} INFO - Sync 1 DAGs
[2024-12-12T05:38:24.338+0000] {logging_mixin.py:190} INFO - [2024-12-12T05:38:24.338+0000] {dag.py:4180} INFO - Setting next_dagrun for example_params_trigger_ui to None, run_after=None
[2024-12-12T05:38:24.349+0000] {processor.py:208} INFO - Processing /home/airflow/.local/lib/python3.12/site-packages/airflow/example_dags/example_params_trigger_ui.py took 0.073 seconds
[2024-12-12T05:38:54.680+0000] {processor.py:186} INFO - Started process (PID=123) to work on /home/airflow/.local/lib/python3.12/site-packages/airflow/example_dags/example_params_trigger_ui.py
[2024-12-12T05:38:54.682+0000] {processor.py:914} INFO - Processing file /home/airflow/.local/lib/python3.12/site-packages/airflow/example_dags/example_params_trigger_ui.py for tasks to queue
[2024-12-12T05:38:54.683+0000] {logging_mixin.py:190} INFO - [2024-12-12T05:38:54.683+0000] {dagbag.py:588} INFO - Filling up the DagBag from /home/airflow/.local/lib/python3.12/site-packages/airflow/example_dags/example_params_trigger_ui.py
[2024-12-12T05:38:54.692+0000] {processor.py:925} INFO - DAG(s) 'example_params_trigger_ui' retrieved from /home/airflow/.local/lib/python3.12/site-packages/airflow/example_dags/example_params_trigger_ui.py
[2024-12-12T05:38:54.723+0000] {logging_mixin.py:190} INFO - [2024-12-12T05:38:54.723+0000] {dag.py:3239} INFO - Sync 1 DAGs
[2024-12-12T05:38:54.733+0000] {logging_mixin.py:190} INFO - [2024-12-12T05:38:54.732+0000] {dag.py:4180} INFO - Setting next_dagrun for example_params_trigger_ui to None, run_after=None
[2024-12-12T05:38:54.756+0000] {processor.py:208} INFO - Processing /home/airflow/.local/lib/python3.12/site-packages/airflow/example_dags/example_params_trigger_ui.py took 0.080 seconds
[2024-12-12T05:39:27.276+0000] {processor.py:186} INFO - Started process (PID=186) to work on /home/airflow/.local/lib/python3.12/site-packages/airflow/example_dags/example_params_trigger_ui.py
[2024-12-12T05:39:27.284+0000] {processor.py:914} INFO - Processing file /home/airflow/.local/lib/python3.12/site-packages/airflow/example_dags/example_params_trigger_ui.py for tasks to queue
[2024-12-12T05:39:27.290+0000] {logging_mixin.py:190} INFO - [2024-12-12T05:39:27.290+0000] {dagbag.py:588} INFO - Filling up the DagBag from /home/airflow/.local/lib/python3.12/site-packages/airflow/example_dags/example_params_trigger_ui.py
[2024-12-12T05:39:27.318+0000] {processor.py:925} INFO - DAG(s) 'example_params_trigger_ui' retrieved from /home/airflow/.local/lib/python3.12/site-packages/airflow/example_dags/example_params_trigger_ui.py
[2024-12-12T05:39:27.385+0000] {logging_mixin.py:190} INFO - [2024-12-12T05:39:27.385+0000] {dag.py:3239} INFO - Sync 1 DAGs
[2024-12-12T05:39:27.398+0000] {logging_mixin.py:190} INFO - [2024-12-12T05:39:27.398+0000] {dag.py:4180} INFO - Setting next_dagrun for example_params_trigger_ui to None, run_after=None
[2024-12-12T05:39:27.424+0000] {processor.py:208} INFO - Processing /home/airflow/.local/lib/python3.12/site-packages/airflow/example_dags/example_params_trigger_ui.py took 0.153 seconds
[2024-12-12T05:39:57.928+0000] {processor.py:186} INFO - Started process (PID=248) to work on /home/airflow/.local/lib/python3.12/site-packages/airflow/example_dags/example_params_trigger_ui.py
[2024-12-12T05:39:57.930+0000] {processor.py:914} INFO - Processing file /home/airflow/.local/lib/python3.12/site-packages/airflow/example_dags/example_params_trigger_ui.py for tasks to queue
[2024-12-12T05:39:57.932+0000] {logging_mixin.py:190} INFO - [2024-12-12T05:39:57.932+0000] {dagbag.py:588} INFO - Filling up the DagBag from /home/airflow/.local/lib/python3.12/site-packages/airflow/example_dags/example_params_trigger_ui.py
[2024-12-12T05:39:57.944+0000] {processor.py:925} INFO - DAG(s) 'example_params_trigger_ui' retrieved from /home/airflow/.local/lib/python3.12/site-packages/airflow/example_dags/example_params_trigger_ui.py
[2024-12-12T05:39:57.977+0000] {logging_mixin.py:190} INFO - [2024-12-12T05:39:57.977+0000] {dag.py:3239} INFO - Sync 1 DAGs
[2024-12-12T05:39:57.989+0000] {logging_mixin.py:190} INFO - [2024-12-12T05:39:57.989+0000] {dag.py:4180} INFO - Setting next_dagrun for example_params_trigger_ui to None, run_after=None
[2024-12-12T05:39:58.000+0000] {processor.py:208} INFO - Processing /home/airflow/.local/lib/python3.12/site-packages/airflow/example_dags/example_params_trigger_ui.py took 0.076 seconds
[2024-12-12T05:40:31.072+0000] {processor.py:186} INFO - Started process (PID=317) to work on /home/airflow/.local/lib/python3.12/site-packages/airflow/example_dags/example_params_trigger_ui.py
[2024-12-12T05:40:31.129+0000] {processor.py:914} INFO - Processing file /home/airflow/.local/lib/python3.12/site-packages/airflow/example_dags/example_params_trigger_ui.py for tasks to queue
[2024-12-12T05:40:31.146+0000] {logging_mixin.py:190} INFO - [2024-12-12T05:40:31.145+0000] {dagbag.py:588} INFO - Filling up the DagBag from /home/airflow/.local/lib/python3.12/site-packages/airflow/example_dags/example_params_trigger_ui.py
[2024-12-12T05:40:31.187+0000] {processor.py:925} INFO - DAG(s) 'example_params_trigger_ui' retrieved from /home/airflow/.local/lib/python3.12/site-packages/airflow/example_dags/example_params_trigger_ui.py
[2024-12-12T05:40:31.450+0000] {logging_mixin.py:190} INFO - [2024-12-12T05:40:31.450+0000] {dag.py:3239} INFO - Sync 1 DAGs
[2024-12-12T05:40:31.538+0000] {logging_mixin.py:190} INFO - [2024-12-12T05:40:31.538+0000] {dag.py:4180} INFO - Setting next_dagrun for example_params_trigger_ui to None, run_after=None
[2024-12-12T05:40:31.672+0000] {processor.py:208} INFO - Processing /home/airflow/.local/lib/python3.12/site-packages/airflow/example_dags/example_params_trigger_ui.py took 0.618 seconds
[2024-12-12T05:41:04.680+0000] {processor.py:186} INFO - Started process (PID=381) to work on /home/airflow/.local/lib/python3.12/site-packages/airflow/example_dags/example_params_trigger_ui.py
[2024-12-12T05:41:04.690+0000] {processor.py:914} INFO - Processing file /home/airflow/.local/lib/python3.12/site-packages/airflow/example_dags/example_params_trigger_ui.py for tasks to queue
[2024-12-12T05:41:04.695+0000] {logging_mixin.py:190} INFO - [2024-12-12T05:41:04.695+0000] {dagbag.py:588} INFO - Filling up the DagBag from /home/airflow/.local/lib/python3.12/site-packages/airflow/example_dags/example_params_trigger_ui.py
[2024-12-12T05:41:04.728+0000] {processor.py:925} INFO - DAG(s) 'example_params_trigger_ui' retrieved from /home/airflow/.local/lib/python3.12/site-packages/airflow/example_dags/example_params_trigger_ui.py
[2024-12-12T05:41:04.847+0000] {logging_mixin.py:190} INFO - [2024-12-12T05:41:04.847+0000] {dag.py:3239} INFO - Sync 1 DAGs
[2024-12-12T05:41:04.872+0000] {logging_mixin.py:190} INFO - [2024-12-12T05:41:04.871+0000] {dag.py:4180} INFO - Setting next_dagrun for example_params_trigger_ui to None, run_after=None
[2024-12-12T05:41:04.906+0000] {processor.py:208} INFO - Processing /home/airflow/.local/lib/python3.12/site-packages/airflow/example_dags/example_params_trigger_ui.py took 0.238 seconds
[2024-12-12T05:41:35.855+0000] {processor.py:186} INFO - Started process (PID=445) to work on /home/airflow/.local/lib/python3.12/site-packages/airflow/example_dags/example_params_trigger_ui.py
[2024-12-12T05:41:35.865+0000] {processor.py:914} INFO - Processing file /home/airflow/.local/lib/python3.12/site-packages/airflow/example_dags/example_params_trigger_ui.py for tasks to queue
[2024-12-12T05:41:35.870+0000] {logging_mixin.py:190} INFO - [2024-12-12T05:41:35.869+0000] {dagbag.py:588} INFO - Filling up the DagBag from /home/airflow/.local/lib/python3.12/site-packages/airflow/example_dags/example_params_trigger_ui.py
[2024-12-12T05:41:35.916+0000] {processor.py:925} INFO - DAG(s) 'example_params_trigger_ui' retrieved from /home/airflow/.local/lib/python3.12/site-packages/airflow/example_dags/example_params_trigger_ui.py
[2024-12-12T05:41:35.973+0000] {logging_mixin.py:190} INFO - [2024-12-12T05:41:35.972+0000] {dag.py:3239} INFO - Sync 1 DAGs
[2024-12-12T05:41:36.001+0000] {logging_mixin.py:190} INFO - [2024-12-12T05:41:36.001+0000] {dag.py:4180} INFO - Setting next_dagrun for example_params_trigger_ui to None, run_after=None
[2024-12-12T05:41:36.043+0000] {processor.py:208} INFO - Processing /home/airflow/.local/lib/python3.12/site-packages/airflow/example_dags/example_params_trigger_ui.py took 0.204 seconds
[2024-12-12T05:42:11.209+0000] {processor.py:186} INFO - Started process (PID=508) to work on /home/airflow/.local/lib/python3.12/site-packages/airflow/example_dags/example_params_trigger_ui.py
[2024-12-12T05:42:11.212+0000] {processor.py:914} INFO - Processing file /home/airflow/.local/lib/python3.12/site-packages/airflow/example_dags/example_params_trigger_ui.py for tasks to queue
[2024-12-12T05:42:11.228+0000] {logging_mixin.py:190} INFO - [2024-12-12T05:42:11.227+0000] {dagbag.py:588} INFO - Filling up the DagBag from /home/airflow/.local/lib/python3.12/site-packages/airflow/example_dags/example_params_trigger_ui.py
[2024-12-12T05:42:11.266+0000] {processor.py:925} INFO - DAG(s) 'example_params_trigger_ui' retrieved from /home/airflow/.local/lib/python3.12/site-packages/airflow/example_dags/example_params_trigger_ui.py
[2024-12-12T05:42:11.395+0000] {logging_mixin.py:190} INFO - [2024-12-12T05:42:11.395+0000] {dag.py:3239} INFO - Sync 1 DAGs
[2024-12-12T05:42:11.415+0000] {logging_mixin.py:190} INFO - [2024-12-12T05:42:11.415+0000] {dag.py:4180} INFO - Setting next_dagrun for example_params_trigger_ui to None, run_after=None
[2024-12-12T05:42:11.609+0000] {processor.py:208} INFO - Processing /home/airflow/.local/lib/python3.12/site-packages/airflow/example_dags/example_params_trigger_ui.py took 0.414 seconds
[2024-12-12T05:42:42.219+0000] {processor.py:186} INFO - Started process (PID=571) to work on /home/airflow/.local/lib/python3.12/site-packages/airflow/example_dags/example_params_trigger_ui.py
[2024-12-12T05:42:42.225+0000] {processor.py:914} INFO - Processing file /home/airflow/.local/lib/python3.12/site-packages/airflow/example_dags/example_params_trigger_ui.py for tasks to queue
[2024-12-12T05:42:42.236+0000] {logging_mixin.py:190} INFO - [2024-12-12T05:42:42.233+0000] {dagbag.py:588} INFO - Filling up the DagBag from /home/airflow/.local/lib/python3.12/site-packages/airflow/example_dags/example_params_trigger_ui.py
[2024-12-12T05:42:42.329+0000] {processor.py:925} INFO - DAG(s) 'example_params_trigger_ui' retrieved from /home/airflow/.local/lib/python3.12/site-packages/airflow/example_dags/example_params_trigger_ui.py
[2024-12-12T05:42:42.967+0000] {logging_mixin.py:190} INFO - [2024-12-12T05:42:42.967+0000] {dag.py:3239} INFO - Sync 1 DAGs
[2024-12-12T05:42:43.020+0000] {logging_mixin.py:190} INFO - [2024-12-12T05:42:43.020+0000] {dag.py:4180} INFO - Setting next_dagrun for example_params_trigger_ui to None, run_after=None
[2024-12-12T05:42:43.082+0000] {processor.py:208} INFO - Processing /home/airflow/.local/lib/python3.12/site-packages/airflow/example_dags/example_params_trigger_ui.py took 0.880 seconds
[2024-12-12T05:43:13.203+0000] {processor.py:186} INFO - Started process (PID=634) to work on /home/airflow/.local/lib/python3.12/site-packages/airflow/example_dags/example_params_trigger_ui.py
[2024-12-12T05:43:13.206+0000] {processor.py:914} INFO - Processing file /home/airflow/.local/lib/python3.12/site-packages/airflow/example_dags/example_params_trigger_ui.py for tasks to queue
[2024-12-12T05:43:13.209+0000] {logging_mixin.py:190} INFO - [2024-12-12T05:43:13.209+0000] {dagbag.py:588} INFO - Filling up the DagBag from /home/airflow/.local/lib/python3.12/site-packages/airflow/example_dags/example_params_trigger_ui.py
[2024-12-12T05:43:13.236+0000] {processor.py:925} INFO - DAG(s) 'example_params_trigger_ui' retrieved from /home/airflow/.local/lib/python3.12/site-packages/airflow/example_dags/example_params_trigger_ui.py
[2024-12-12T05:43:13.307+0000] {logging_mixin.py:190} INFO - [2024-12-12T05:43:13.307+0000] {dag.py:3239} INFO - Sync 1 DAGs
[2024-12-12T05:43:13.339+0000] {logging_mixin.py:190} INFO - [2024-12-12T05:43:13.339+0000] {dag.py:4180} INFO - Setting next_dagrun for example_params_trigger_ui to None, run_after=None
[2024-12-12T05:43:13.418+0000] {processor.py:208} INFO - Processing /home/airflow/.local/lib/python3.12/site-packages/airflow/example_dags/example_params_trigger_ui.py took 0.224 seconds
[2024-12-12T05:45:11.524+0000] {processor.py:186} INFO - Started process (PID=66) to work on /home/airflow/.local/lib/python3.12/site-packages/airflow/example_dags/example_params_trigger_ui.py
[2024-12-12T05:45:11.528+0000] {processor.py:914} INFO - Processing file /home/airflow/.local/lib/python3.12/site-packages/airflow/example_dags/example_params_trigger_ui.py for tasks to queue
[2024-12-12T05:45:11.536+0000] {logging_mixin.py:190} INFO - [2024-12-12T05:45:11.535+0000] {dagbag.py:588} INFO - Filling up the DagBag from /home/airflow/.local/lib/python3.12/site-packages/airflow/example_dags/example_params_trigger_ui.py
[2024-12-12T05:45:11.623+0000] {processor.py:925} INFO - DAG(s) 'example_params_trigger_ui' retrieved from /home/airflow/.local/lib/python3.12/site-packages/airflow/example_dags/example_params_trigger_ui.py
[2024-12-12T05:45:11.776+0000] {logging_mixin.py:190} INFO - [2024-12-12T05:45:11.776+0000] {dag.py:3239} INFO - Sync 1 DAGs
[2024-12-12T05:45:11.822+0000] {logging_mixin.py:190} INFO - [2024-12-12T05:45:11.822+0000] {dag.py:4180} INFO - Setting next_dagrun for example_params_trigger_ui to None, run_after=None
[2024-12-12T05:45:11.858+0000] {processor.py:208} INFO - Processing /home/airflow/.local/lib/python3.12/site-packages/airflow/example_dags/example_params_trigger_ui.py took 0.379 seconds
[2024-12-12T05:45:41.928+0000] {processor.py:186} INFO - Started process (PID=129) to work on /home/airflow/.local/lib/python3.12/site-packages/airflow/example_dags/example_params_trigger_ui.py
[2024-12-12T05:45:41.948+0000] {processor.py:914} INFO - Processing file /home/airflow/.local/lib/python3.12/site-packages/airflow/example_dags/example_params_trigger_ui.py for tasks to queue
[2024-12-12T05:45:41.953+0000] {logging_mixin.py:190} INFO - [2024-12-12T05:45:41.952+0000] {dagbag.py:588} INFO - Filling up the DagBag from /home/airflow/.local/lib/python3.12/site-packages/airflow/example_dags/example_params_trigger_ui.py
[2024-12-12T05:45:42.072+0000] {processor.py:925} INFO - DAG(s) 'example_params_trigger_ui' retrieved from /home/airflow/.local/lib/python3.12/site-packages/airflow/example_dags/example_params_trigger_ui.py
[2024-12-12T05:45:42.117+0000] {logging_mixin.py:190} INFO - [2024-12-12T05:45:42.116+0000] {dag.py:3239} INFO - Sync 1 DAGs
[2024-12-12T05:45:42.126+0000] {logging_mixin.py:190} INFO - [2024-12-12T05:45:42.126+0000] {dag.py:4180} INFO - Setting next_dagrun for example_params_trigger_ui to None, run_after=None
[2024-12-12T05:45:42.139+0000] {processor.py:208} INFO - Processing /home/airflow/.local/lib/python3.12/site-packages/airflow/example_dags/example_params_trigger_ui.py took 0.217 seconds
[2024-12-12T05:46:13.074+0000] {processor.py:186} INFO - Started process (PID=192) to work on /home/airflow/.local/lib/python3.12/site-packages/airflow/example_dags/example_params_trigger_ui.py
[2024-12-12T05:46:13.077+0000] {processor.py:914} INFO - Processing file /home/airflow/.local/lib/python3.12/site-packages/airflow/example_dags/example_params_trigger_ui.py for tasks to queue
[2024-12-12T05:46:13.095+0000] {logging_mixin.py:190} INFO - [2024-12-12T05:46:13.094+0000] {dagbag.py:588} INFO - Filling up the DagBag from /home/airflow/.local/lib/python3.12/site-packages/airflow/example_dags/example_params_trigger_ui.py
[2024-12-12T05:46:13.117+0000] {processor.py:925} INFO - DAG(s) 'example_params_trigger_ui' retrieved from /home/airflow/.local/lib/python3.12/site-packages/airflow/example_dags/example_params_trigger_ui.py
[2024-12-12T05:46:13.199+0000] {logging_mixin.py:190} INFO - [2024-12-12T05:46:13.197+0000] {dag.py:3239} INFO - Sync 1 DAGs
[2024-12-12T05:46:13.216+0000] {logging_mixin.py:190} INFO - [2024-12-12T05:46:13.215+0000] {dag.py:4180} INFO - Setting next_dagrun for example_params_trigger_ui to None, run_after=None
[2024-12-12T05:46:13.231+0000] {processor.py:208} INFO - Processing /home/airflow/.local/lib/python3.12/site-packages/airflow/example_dags/example_params_trigger_ui.py took 0.165 seconds
