[2024-12-12T05:36:30.351+0000] {processor.py:186} INFO - Started process (PID=58) to work on /home/airflow/.local/lib/python3.12/site-packages/airflow/example_dags/example_kubernetes_executor.py
[2024-12-12T05:36:30.355+0000] {processor.py:914} INFO - Processing file /home/airflow/.local/lib/python3.12/site-packages/airflow/example_dags/example_kubernetes_executor.py for tasks to queue
[2024-12-12T05:36:30.373+0000] {logging_mixin.py:190} INFO - [2024-12-12T05:36:30.371+0000] {dagbag.py:588} INFO - Filling up the DagBag from /home/airflow/.local/lib/python3.12/site-packages/airflow/example_dags/example_kubernetes_executor.py
[2024-12-12T05:36:30.511+0000] {processor.py:925} INFO - DAG(s) 'example_kubernetes_executor' retrieved from /home/airflow/.local/lib/python3.12/site-packages/airflow/example_dags/example_kubernetes_executor.py
[2024-12-12T05:36:31.018+0000] {logging_mixin.py:190} INFO - [2024-12-12T05:36:31.017+0000] {override.py:1911} INFO - Created Permission View: can delete on DAG:example_kubernetes_executor
[2024-12-12T05:36:31.036+0000] {logging_mixin.py:190} INFO - [2024-12-12T05:36:31.036+0000] {override.py:1911} INFO - Created Permission View: can edit on DAG:example_kubernetes_executor
[2024-12-12T05:36:31.042+0000] {logging_mixin.py:190} INFO - [2024-12-12T05:36:31.042+0000] {override.py:1911} INFO - Created Permission View: can read on DAG:example_kubernetes_executor
[2024-12-12T05:36:31.051+0000] {logging_mixin.py:190} INFO - [2024-12-12T05:36:31.051+0000] {override.py:1911} INFO - Created Permission View: can delete on DAG Run:example_kubernetes_executor
[2024-12-12T05:36:31.062+0000] {logging_mixin.py:190} INFO - [2024-12-12T05:36:31.062+0000] {override.py:1911} INFO - Created Permission View: menu access on DAG Run:example_kubernetes_executor
[2024-12-12T05:36:31.071+0000] {logging_mixin.py:190} INFO - [2024-12-12T05:36:31.071+0000] {override.py:1911} INFO - Created Permission View: can create on DAG Run:example_kubernetes_executor
[2024-12-12T05:36:31.081+0000] {logging_mixin.py:190} INFO - [2024-12-12T05:36:31.081+0000] {override.py:1911} INFO - Created Permission View: can read on DAG Run:example_kubernetes_executor
[2024-12-12T05:36:31.083+0000] {logging_mixin.py:190} INFO - [2024-12-12T05:36:31.082+0000] {dag.py:3239} INFO - Sync 1 DAGs
[2024-12-12T05:36:31.103+0000] {logging_mixin.py:190} INFO - [2024-12-12T05:36:31.103+0000] {dag.py:3262} INFO - Creating ORM DAG for example_kubernetes_executor
[2024-12-12T05:36:31.104+0000] {logging_mixin.py:190} INFO - [2024-12-12T05:36:31.104+0000] {dag.py:4180} INFO - Setting next_dagrun for example_kubernetes_executor to None, run_after=None
[2024-12-12T05:36:31.135+0000] {processor.py:208} INFO - Processing /home/airflow/.local/lib/python3.12/site-packages/airflow/example_dags/example_kubernetes_executor.py took 0.803 seconds
[2024-12-12T05:37:01.551+0000] {processor.py:186} INFO - Started process (PID=122) to work on /home/airflow/.local/lib/python3.12/site-packages/airflow/example_dags/example_kubernetes_executor.py
[2024-12-12T05:37:01.552+0000] {processor.py:914} INFO - Processing file /home/airflow/.local/lib/python3.12/site-packages/airflow/example_dags/example_kubernetes_executor.py for tasks to queue
[2024-12-12T05:37:01.554+0000] {logging_mixin.py:190} INFO - [2024-12-12T05:37:01.554+0000] {dagbag.py:588} INFO - Filling up the DagBag from /home/airflow/.local/lib/python3.12/site-packages/airflow/example_dags/example_kubernetes_executor.py
[2024-12-12T05:37:01.576+0000] {processor.py:925} INFO - DAG(s) 'example_kubernetes_executor' retrieved from /home/airflow/.local/lib/python3.12/site-packages/airflow/example_dags/example_kubernetes_executor.py
[2024-12-12T05:37:01.619+0000] {logging_mixin.py:190} INFO - [2024-12-12T05:37:01.618+0000] {dag.py:3239} INFO - Sync 1 DAGs
[2024-12-12T05:37:01.627+0000] {logging_mixin.py:190} INFO - [2024-12-12T05:37:01.627+0000] {dag.py:4180} INFO - Setting next_dagrun for example_kubernetes_executor to None, run_after=None
[2024-12-12T05:37:01.638+0000] {processor.py:208} INFO - Processing /home/airflow/.local/lib/python3.12/site-packages/airflow/example_dags/example_kubernetes_executor.py took 0.091 seconds
[2024-12-12T05:37:32.000+0000] {processor.py:186} INFO - Started process (PID=186) to work on /home/airflow/.local/lib/python3.12/site-packages/airflow/example_dags/example_kubernetes_executor.py
[2024-12-12T05:37:32.001+0000] {processor.py:914} INFO - Processing file /home/airflow/.local/lib/python3.12/site-packages/airflow/example_dags/example_kubernetes_executor.py for tasks to queue
[2024-12-12T05:37:32.003+0000] {logging_mixin.py:190} INFO - [2024-12-12T05:37:32.003+0000] {dagbag.py:588} INFO - Filling up the DagBag from /home/airflow/.local/lib/python3.12/site-packages/airflow/example_dags/example_kubernetes_executor.py
[2024-12-12T05:37:32.028+0000] {processor.py:925} INFO - DAG(s) 'example_kubernetes_executor' retrieved from /home/airflow/.local/lib/python3.12/site-packages/airflow/example_dags/example_kubernetes_executor.py
[2024-12-12T05:37:32.075+0000] {logging_mixin.py:190} INFO - [2024-12-12T05:37:32.074+0000] {dag.py:3239} INFO - Sync 1 DAGs
[2024-12-12T05:37:32.097+0000] {logging_mixin.py:190} INFO - [2024-12-12T05:37:32.095+0000] {dag.py:4180} INFO - Setting next_dagrun for example_kubernetes_executor to None, run_after=None
[2024-12-12T05:37:32.117+0000] {processor.py:208} INFO - Processing /home/airflow/.local/lib/python3.12/site-packages/airflow/example_dags/example_kubernetes_executor.py took 0.122 seconds
[2024-12-12T05:38:23.413+0000] {processor.py:186} INFO - Started process (PID=51) to work on /home/airflow/.local/lib/python3.12/site-packages/airflow/example_dags/example_kubernetes_executor.py
[2024-12-12T05:38:23.414+0000] {processor.py:914} INFO - Processing file /home/airflow/.local/lib/python3.12/site-packages/airflow/example_dags/example_kubernetes_executor.py for tasks to queue
[2024-12-12T05:38:23.416+0000] {logging_mixin.py:190} INFO - [2024-12-12T05:38:23.415+0000] {dagbag.py:588} INFO - Filling up the DagBag from /home/airflow/.local/lib/python3.12/site-packages/airflow/example_dags/example_kubernetes_executor.py
[2024-12-12T05:38:23.427+0000] {processor.py:925} INFO - DAG(s) 'example_kubernetes_executor' retrieved from /home/airflow/.local/lib/python3.12/site-packages/airflow/example_dags/example_kubernetes_executor.py
[2024-12-12T05:38:23.451+0000] {logging_mixin.py:190} INFO - [2024-12-12T05:38:23.451+0000] {dag.py:3239} INFO - Sync 1 DAGs
[2024-12-12T05:38:23.460+0000] {logging_mixin.py:190} INFO - [2024-12-12T05:38:23.460+0000] {dag.py:4180} INFO - Setting next_dagrun for example_kubernetes_executor to None, run_after=None
[2024-12-12T05:38:23.472+0000] {processor.py:208} INFO - Processing /home/airflow/.local/lib/python3.12/site-packages/airflow/example_dags/example_kubernetes_executor.py took 0.062 seconds
[2024-12-12T05:38:54.223+0000] {processor.py:186} INFO - Started process (PID=115) to work on /home/airflow/.local/lib/python3.12/site-packages/airflow/example_dags/example_kubernetes_executor.py
[2024-12-12T05:38:54.225+0000] {processor.py:914} INFO - Processing file /home/airflow/.local/lib/python3.12/site-packages/airflow/example_dags/example_kubernetes_executor.py for tasks to queue
[2024-12-12T05:38:54.230+0000] {logging_mixin.py:190} INFO - [2024-12-12T05:38:54.230+0000] {dagbag.py:588} INFO - Filling up the DagBag from /home/airflow/.local/lib/python3.12/site-packages/airflow/example_dags/example_kubernetes_executor.py
[2024-12-12T05:38:54.252+0000] {processor.py:925} INFO - DAG(s) 'example_kubernetes_executor' retrieved from /home/airflow/.local/lib/python3.12/site-packages/airflow/example_dags/example_kubernetes_executor.py
[2024-12-12T05:38:54.283+0000] {logging_mixin.py:190} INFO - [2024-12-12T05:38:54.283+0000] {dag.py:3239} INFO - Sync 1 DAGs
[2024-12-12T05:38:54.296+0000] {logging_mixin.py:190} INFO - [2024-12-12T05:38:54.295+0000] {dag.py:4180} INFO - Setting next_dagrun for example_kubernetes_executor to None, run_after=None
[2024-12-12T05:38:54.321+0000] {processor.py:208} INFO - Processing /home/airflow/.local/lib/python3.12/site-packages/airflow/example_dags/example_kubernetes_executor.py took 0.106 seconds
[2024-12-12T05:39:25.863+0000] {processor.py:186} INFO - Started process (PID=178) to work on /home/airflow/.local/lib/python3.12/site-packages/airflow/example_dags/example_kubernetes_executor.py
[2024-12-12T05:39:25.865+0000] {processor.py:914} INFO - Processing file /home/airflow/.local/lib/python3.12/site-packages/airflow/example_dags/example_kubernetes_executor.py for tasks to queue
[2024-12-12T05:39:25.870+0000] {logging_mixin.py:190} INFO - [2024-12-12T05:39:25.869+0000] {dagbag.py:588} INFO - Filling up the DagBag from /home/airflow/.local/lib/python3.12/site-packages/airflow/example_dags/example_kubernetes_executor.py
[2024-12-12T05:39:25.893+0000] {processor.py:925} INFO - DAG(s) 'example_kubernetes_executor' retrieved from /home/airflow/.local/lib/python3.12/site-packages/airflow/example_dags/example_kubernetes_executor.py
[2024-12-12T05:39:25.952+0000] {logging_mixin.py:190} INFO - [2024-12-12T05:39:25.952+0000] {dag.py:3239} INFO - Sync 1 DAGs
[2024-12-12T05:39:25.993+0000] {logging_mixin.py:190} INFO - [2024-12-12T05:39:25.992+0000] {dag.py:4180} INFO - Setting next_dagrun for example_kubernetes_executor to None, run_after=None
[2024-12-12T05:39:26.017+0000] {processor.py:208} INFO - Processing /home/airflow/.local/lib/python3.12/site-packages/airflow/example_dags/example_kubernetes_executor.py took 0.160 seconds
[2024-12-12T05:39:56.466+0000] {processor.py:186} INFO - Started process (PID=241) to work on /home/airflow/.local/lib/python3.12/site-packages/airflow/example_dags/example_kubernetes_executor.py
[2024-12-12T05:39:56.468+0000] {processor.py:914} INFO - Processing file /home/airflow/.local/lib/python3.12/site-packages/airflow/example_dags/example_kubernetes_executor.py for tasks to queue
[2024-12-12T05:39:56.473+0000] {logging_mixin.py:190} INFO - [2024-12-12T05:39:56.473+0000] {dagbag.py:588} INFO - Filling up the DagBag from /home/airflow/.local/lib/python3.12/site-packages/airflow/example_dags/example_kubernetes_executor.py
[2024-12-12T05:39:56.486+0000] {processor.py:925} INFO - DAG(s) 'example_kubernetes_executor' retrieved from /home/airflow/.local/lib/python3.12/site-packages/airflow/example_dags/example_kubernetes_executor.py
[2024-12-12T05:39:56.557+0000] {logging_mixin.py:190} INFO - [2024-12-12T05:39:56.557+0000] {dag.py:3239} INFO - Sync 1 DAGs
[2024-12-12T05:39:56.571+0000] {logging_mixin.py:190} INFO - [2024-12-12T05:39:56.570+0000] {dag.py:4180} INFO - Setting next_dagrun for example_kubernetes_executor to None, run_after=None
[2024-12-12T05:39:56.597+0000] {processor.py:208} INFO - Processing /home/airflow/.local/lib/python3.12/site-packages/airflow/example_dags/example_kubernetes_executor.py took 0.134 seconds
[2024-12-12T05:40:29.497+0000] {processor.py:186} INFO - Started process (PID=304) to work on /home/airflow/.local/lib/python3.12/site-packages/airflow/example_dags/example_kubernetes_executor.py
[2024-12-12T05:40:29.501+0000] {processor.py:914} INFO - Processing file /home/airflow/.local/lib/python3.12/site-packages/airflow/example_dags/example_kubernetes_executor.py for tasks to queue
[2024-12-12T05:40:29.506+0000] {logging_mixin.py:190} INFO - [2024-12-12T05:40:29.506+0000] {dagbag.py:588} INFO - Filling up the DagBag from /home/airflow/.local/lib/python3.12/site-packages/airflow/example_dags/example_kubernetes_executor.py
[2024-12-12T05:40:29.526+0000] {processor.py:925} INFO - DAG(s) 'example_kubernetes_executor' retrieved from /home/airflow/.local/lib/python3.12/site-packages/airflow/example_dags/example_kubernetes_executor.py
[2024-12-12T05:40:29.703+0000] {logging_mixin.py:190} INFO - [2024-12-12T05:40:29.703+0000] {dag.py:3239} INFO - Sync 1 DAGs
[2024-12-12T05:40:29.771+0000] {logging_mixin.py:190} INFO - [2024-12-12T05:40:29.770+0000] {dag.py:4180} INFO - Setting next_dagrun for example_kubernetes_executor to None, run_after=None
[2024-12-12T05:40:29.832+0000] {processor.py:208} INFO - Processing /home/airflow/.local/lib/python3.12/site-packages/airflow/example_dags/example_kubernetes_executor.py took 0.341 seconds
[2024-12-12T05:41:02.988+0000] {processor.py:186} INFO - Started process (PID=374) to work on /home/airflow/.local/lib/python3.12/site-packages/airflow/example_dags/example_kubernetes_executor.py
[2024-12-12T05:41:02.999+0000] {processor.py:914} INFO - Processing file /home/airflow/.local/lib/python3.12/site-packages/airflow/example_dags/example_kubernetes_executor.py for tasks to queue
[2024-12-12T05:41:03.022+0000] {logging_mixin.py:190} INFO - [2024-12-12T05:41:03.022+0000] {dagbag.py:588} INFO - Filling up the DagBag from /home/airflow/.local/lib/python3.12/site-packages/airflow/example_dags/example_kubernetes_executor.py
[2024-12-12T05:41:03.067+0000] {processor.py:925} INFO - DAG(s) 'example_kubernetes_executor' retrieved from /home/airflow/.local/lib/python3.12/site-packages/airflow/example_dags/example_kubernetes_executor.py
[2024-12-12T05:41:03.250+0000] {logging_mixin.py:190} INFO - [2024-12-12T05:41:03.249+0000] {dag.py:3239} INFO - Sync 1 DAGs
[2024-12-12T05:41:03.265+0000] {logging_mixin.py:190} INFO - [2024-12-12T05:41:03.265+0000] {dag.py:4180} INFO - Setting next_dagrun for example_kubernetes_executor to None, run_after=None
[2024-12-12T05:41:03.295+0000] {processor.py:208} INFO - Processing /home/airflow/.local/lib/python3.12/site-packages/airflow/example_dags/example_kubernetes_executor.py took 0.316 seconds
[2024-12-12T05:41:34.194+0000] {processor.py:186} INFO - Started process (PID=438) to work on /home/airflow/.local/lib/python3.12/site-packages/airflow/example_dags/example_kubernetes_executor.py
[2024-12-12T05:41:34.195+0000] {processor.py:914} INFO - Processing file /home/airflow/.local/lib/python3.12/site-packages/airflow/example_dags/example_kubernetes_executor.py for tasks to queue
[2024-12-12T05:41:34.200+0000] {logging_mixin.py:190} INFO - [2024-12-12T05:41:34.199+0000] {dagbag.py:588} INFO - Filling up the DagBag from /home/airflow/.local/lib/python3.12/site-packages/airflow/example_dags/example_kubernetes_executor.py
[2024-12-12T05:41:34.226+0000] {processor.py:925} INFO - DAG(s) 'example_kubernetes_executor' retrieved from /home/airflow/.local/lib/python3.12/site-packages/airflow/example_dags/example_kubernetes_executor.py
[2024-12-12T05:41:34.292+0000] {logging_mixin.py:190} INFO - [2024-12-12T05:41:34.292+0000] {dag.py:3239} INFO - Sync 1 DAGs
[2024-12-12T05:41:34.354+0000] {logging_mixin.py:190} INFO - [2024-12-12T05:41:34.353+0000] {dag.py:4180} INFO - Setting next_dagrun for example_kubernetes_executor to None, run_after=None
[2024-12-12T05:41:34.375+0000] {processor.py:208} INFO - Processing /home/airflow/.local/lib/python3.12/site-packages/airflow/example_dags/example_kubernetes_executor.py took 0.189 seconds
[2024-12-12T05:42:07.746+0000] {processor.py:186} INFO - Started process (PID=501) to work on /home/airflow/.local/lib/python3.12/site-packages/airflow/example_dags/example_kubernetes_executor.py
[2024-12-12T05:42:07.751+0000] {processor.py:914} INFO - Processing file /home/airflow/.local/lib/python3.12/site-packages/airflow/example_dags/example_kubernetes_executor.py for tasks to queue
[2024-12-12T05:42:07.768+0000] {logging_mixin.py:190} INFO - [2024-12-12T05:42:07.768+0000] {dagbag.py:588} INFO - Filling up the DagBag from /home/airflow/.local/lib/python3.12/site-packages/airflow/example_dags/example_kubernetes_executor.py
[2024-12-12T05:42:07.912+0000] {processor.py:925} INFO - DAG(s) 'example_kubernetes_executor' retrieved from /home/airflow/.local/lib/python3.12/site-packages/airflow/example_dags/example_kubernetes_executor.py
[2024-12-12T05:42:08.395+0000] {logging_mixin.py:190} INFO - [2024-12-12T05:42:08.394+0000] {dag.py:3239} INFO - Sync 1 DAGs
[2024-12-12T05:42:08.468+0000] {logging_mixin.py:190} INFO - [2024-12-12T05:42:08.468+0000] {dag.py:4180} INFO - Setting next_dagrun for example_kubernetes_executor to None, run_after=None
[2024-12-12T05:42:08.602+0000] {processor.py:208} INFO - Processing /home/airflow/.local/lib/python3.12/site-packages/airflow/example_dags/example_kubernetes_executor.py took 0.869 seconds
[2024-12-12T05:42:39.549+0000] {processor.py:186} INFO - Started process (PID=564) to work on /home/airflow/.local/lib/python3.12/site-packages/airflow/example_dags/example_kubernetes_executor.py
[2024-12-12T05:42:39.556+0000] {processor.py:914} INFO - Processing file /home/airflow/.local/lib/python3.12/site-packages/airflow/example_dags/example_kubernetes_executor.py for tasks to queue
[2024-12-12T05:42:39.575+0000] {logging_mixin.py:190} INFO - [2024-12-12T05:42:39.574+0000] {dagbag.py:588} INFO - Filling up the DagBag from /home/airflow/.local/lib/python3.12/site-packages/airflow/example_dags/example_kubernetes_executor.py
[2024-12-12T05:42:39.668+0000] {processor.py:925} INFO - DAG(s) 'example_kubernetes_executor' retrieved from /home/airflow/.local/lib/python3.12/site-packages/airflow/example_dags/example_kubernetes_executor.py
[2024-12-12T05:42:39.767+0000] {logging_mixin.py:190} INFO - [2024-12-12T05:42:39.767+0000] {dag.py:3239} INFO - Sync 1 DAGs
[2024-12-12T05:42:39.797+0000] {logging_mixin.py:190} INFO - [2024-12-12T05:42:39.797+0000] {dag.py:4180} INFO - Setting next_dagrun for example_kubernetes_executor to None, run_after=None
[2024-12-12T05:42:39.816+0000] {processor.py:208} INFO - Processing /home/airflow/.local/lib/python3.12/site-packages/airflow/example_dags/example_kubernetes_executor.py took 0.278 seconds
[2024-12-12T05:43:10.546+0000] {processor.py:186} INFO - Started process (PID=627) to work on /home/airflow/.local/lib/python3.12/site-packages/airflow/example_dags/example_kubernetes_executor.py
[2024-12-12T05:43:10.554+0000] {processor.py:914} INFO - Processing file /home/airflow/.local/lib/python3.12/site-packages/airflow/example_dags/example_kubernetes_executor.py for tasks to queue
[2024-12-12T05:43:10.556+0000] {logging_mixin.py:190} INFO - [2024-12-12T05:43:10.556+0000] {dagbag.py:588} INFO - Filling up the DagBag from /home/airflow/.local/lib/python3.12/site-packages/airflow/example_dags/example_kubernetes_executor.py
[2024-12-12T05:43:10.583+0000] {processor.py:925} INFO - DAG(s) 'example_kubernetes_executor' retrieved from /home/airflow/.local/lib/python3.12/site-packages/airflow/example_dags/example_kubernetes_executor.py
[2024-12-12T05:43:10.692+0000] {logging_mixin.py:190} INFO - [2024-12-12T05:43:10.692+0000] {dag.py:3239} INFO - Sync 1 DAGs
[2024-12-12T05:43:10.789+0000] {logging_mixin.py:190} INFO - [2024-12-12T05:43:10.788+0000] {dag.py:4180} INFO - Setting next_dagrun for example_kubernetes_executor to None, run_after=None
[2024-12-12T05:43:10.840+0000] {processor.py:208} INFO - Processing /home/airflow/.local/lib/python3.12/site-packages/airflow/example_dags/example_kubernetes_executor.py took 0.300 seconds
[2024-12-12T05:45:08.291+0000] {processor.py:186} INFO - Started process (PID=58) to work on /home/airflow/.local/lib/python3.12/site-packages/airflow/example_dags/example_kubernetes_executor.py
[2024-12-12T05:45:08.299+0000] {processor.py:914} INFO - Processing file /home/airflow/.local/lib/python3.12/site-packages/airflow/example_dags/example_kubernetes_executor.py for tasks to queue
[2024-12-12T05:45:08.323+0000] {logging_mixin.py:190} INFO - [2024-12-12T05:45:08.322+0000] {dagbag.py:588} INFO - Filling up the DagBag from /home/airflow/.local/lib/python3.12/site-packages/airflow/example_dags/example_kubernetes_executor.py
[2024-12-12T05:45:08.496+0000] {processor.py:925} INFO - DAG(s) 'example_kubernetes_executor' retrieved from /home/airflow/.local/lib/python3.12/site-packages/airflow/example_dags/example_kubernetes_executor.py
[2024-12-12T05:45:08.871+0000] {logging_mixin.py:190} INFO - [2024-12-12T05:45:08.871+0000] {dag.py:3239} INFO - Sync 1 DAGs
[2024-12-12T05:45:08.914+0000] {logging_mixin.py:190} INFO - [2024-12-12T05:45:08.914+0000] {dag.py:4180} INFO - Setting next_dagrun for example_kubernetes_executor to None, run_after=None
[2024-12-12T05:45:08.959+0000] {processor.py:208} INFO - Processing /home/airflow/.local/lib/python3.12/site-packages/airflow/example_dags/example_kubernetes_executor.py took 0.763 seconds
[2024-12-12T05:45:39.300+0000] {processor.py:186} INFO - Started process (PID=122) to work on /home/airflow/.local/lib/python3.12/site-packages/airflow/example_dags/example_kubernetes_executor.py
[2024-12-12T05:45:39.305+0000] {processor.py:914} INFO - Processing file /home/airflow/.local/lib/python3.12/site-packages/airflow/example_dags/example_kubernetes_executor.py for tasks to queue
[2024-12-12T05:45:39.327+0000] {logging_mixin.py:190} INFO - [2024-12-12T05:45:39.325+0000] {dagbag.py:588} INFO - Filling up the DagBag from /home/airflow/.local/lib/python3.12/site-packages/airflow/example_dags/example_kubernetes_executor.py
[2024-12-12T05:45:39.461+0000] {processor.py:925} INFO - DAG(s) 'example_kubernetes_executor' retrieved from /home/airflow/.local/lib/python3.12/site-packages/airflow/example_dags/example_kubernetes_executor.py
[2024-12-12T05:45:39.620+0000] {logging_mixin.py:190} INFO - [2024-12-12T05:45:39.620+0000] {dag.py:3239} INFO - Sync 1 DAGs
[2024-12-12T05:45:39.662+0000] {logging_mixin.py:190} INFO - [2024-12-12T05:45:39.662+0000] {dag.py:4180} INFO - Setting next_dagrun for example_kubernetes_executor to None, run_after=None
[2024-12-12T05:45:39.691+0000] {processor.py:208} INFO - Processing /home/airflow/.local/lib/python3.12/site-packages/airflow/example_dags/example_kubernetes_executor.py took 0.420 seconds
[2024-12-12T05:46:10.221+0000] {processor.py:186} INFO - Started process (PID=185) to work on /home/airflow/.local/lib/python3.12/site-packages/airflow/example_dags/example_kubernetes_executor.py
[2024-12-12T05:46:10.222+0000] {processor.py:914} INFO - Processing file /home/airflow/.local/lib/python3.12/site-packages/airflow/example_dags/example_kubernetes_executor.py for tasks to queue
[2024-12-12T05:46:10.224+0000] {logging_mixin.py:190} INFO - [2024-12-12T05:46:10.224+0000] {dagbag.py:588} INFO - Filling up the DagBag from /home/airflow/.local/lib/python3.12/site-packages/airflow/example_dags/example_kubernetes_executor.py
[2024-12-12T05:46:10.256+0000] {processor.py:925} INFO - DAG(s) 'example_kubernetes_executor' retrieved from /home/airflow/.local/lib/python3.12/site-packages/airflow/example_dags/example_kubernetes_executor.py
[2024-12-12T05:46:10.289+0000] {logging_mixin.py:190} INFO - [2024-12-12T05:46:10.288+0000] {dag.py:3239} INFO - Sync 1 DAGs
[2024-12-12T05:46:10.299+0000] {logging_mixin.py:190} INFO - [2024-12-12T05:46:10.299+0000] {dag.py:4180} INFO - Setting next_dagrun for example_kubernetes_executor to None, run_after=None
[2024-12-12T05:46:10.319+0000] {processor.py:208} INFO - Processing /home/airflow/.local/lib/python3.12/site-packages/airflow/example_dags/example_kubernetes_executor.py took 0.104 seconds
