[2024-12-12T05:36:27.165+0000] {processor.py:186} INFO - Started process (PID=46) to work on /home/airflow/.local/lib/python3.12/site-packages/airflow/example_dags/example_bash_operator.py
[2024-12-12T05:36:27.168+0000] {processor.py:914} INFO - Processing file /home/airflow/.local/lib/python3.12/site-packages/airflow/example_dags/example_bash_operator.py for tasks to queue
[2024-12-12T05:36:27.172+0000] {logging_mixin.py:190} INFO - [2024-12-12T05:36:27.172+0000] {dagbag.py:588} INFO - Filling up the DagBag from /home/airflow/.local/lib/python3.12/site-packages/airflow/example_dags/example_bash_operator.py
[2024-12-12T05:36:27.196+0000] {processor.py:925} INFO - DAG(s) 'example_bash_operator' retrieved from /home/airflow/.local/lib/python3.12/site-packages/airflow/example_dags/example_bash_operator.py
[2024-12-12T05:36:28.257+0000] {logging_mixin.py:190} INFO - [2024-12-12T05:36:28.255+0000] {override.py:1911} INFO - Created Permission View: can delete on DAG:example_bash_operator
[2024-12-12T05:36:28.291+0000] {logging_mixin.py:190} INFO - [2024-12-12T05:36:28.291+0000] {override.py:1911} INFO - Created Permission View: can edit on DAG:example_bash_operator
[2024-12-12T05:36:28.304+0000] {logging_mixin.py:190} INFO - [2024-12-12T05:36:28.303+0000] {override.py:1911} INFO - Created Permission View: can read on DAG:example_bash_operator
[2024-12-12T05:36:28.325+0000] {logging_mixin.py:190} INFO - [2024-12-12T05:36:28.325+0000] {override.py:1911} INFO - Created Permission View: can delete on DAG Run:example_bash_operator
[2024-12-12T05:36:28.353+0000] {logging_mixin.py:190} INFO - [2024-12-12T05:36:28.353+0000] {override.py:1911} INFO - Created Permission View: menu access on DAG Run:example_bash_operator
[2024-12-12T05:36:28.363+0000] {logging_mixin.py:190} INFO - [2024-12-12T05:36:28.363+0000] {override.py:1911} INFO - Created Permission View: can create on DAG Run:example_bash_operator
[2024-12-12T05:36:28.378+0000] {logging_mixin.py:190} INFO - [2024-12-12T05:36:28.377+0000] {override.py:1911} INFO - Created Permission View: can read on DAG Run:example_bash_operator
[2024-12-12T05:36:28.383+0000] {logging_mixin.py:190} INFO - [2024-12-12T05:36:28.382+0000] {dag.py:3239} INFO - Sync 1 DAGs
[2024-12-12T05:36:28.452+0000] {logging_mixin.py:190} INFO - [2024-12-12T05:36:28.452+0000] {dag.py:3262} INFO - Creating ORM DAG for example_bash_operator
[2024-12-12T05:36:28.539+0000] {logging_mixin.py:190} INFO - [2024-12-12T05:36:28.539+0000] {dag.py:4180} INFO - Setting next_dagrun for example_bash_operator to 2024-12-11 00:00:00+00:00, run_after=2024-12-12 00:00:00+00:00
[2024-12-12T05:36:28.596+0000] {processor.py:208} INFO - Processing /home/airflow/.local/lib/python3.12/site-packages/airflow/example_dags/example_bash_operator.py took 1.440 seconds
[2024-12-12T05:36:59.454+0000] {processor.py:186} INFO - Started process (PID=116) to work on /home/airflow/.local/lib/python3.12/site-packages/airflow/example_dags/example_bash_operator.py
[2024-12-12T05:36:59.460+0000] {processor.py:914} INFO - Processing file /home/airflow/.local/lib/python3.12/site-packages/airflow/example_dags/example_bash_operator.py for tasks to queue
[2024-12-12T05:36:59.464+0000] {logging_mixin.py:190} INFO - [2024-12-12T05:36:59.464+0000] {dagbag.py:588} INFO - Filling up the DagBag from /home/airflow/.local/lib/python3.12/site-packages/airflow/example_dags/example_bash_operator.py
[2024-12-12T05:36:59.493+0000] {processor.py:925} INFO - DAG(s) 'example_bash_operator' retrieved from /home/airflow/.local/lib/python3.12/site-packages/airflow/example_dags/example_bash_operator.py
[2024-12-12T05:36:59.557+0000] {logging_mixin.py:190} INFO - [2024-12-12T05:36:59.557+0000] {dag.py:3239} INFO - Sync 1 DAGs
[2024-12-12T05:36:59.584+0000] {logging_mixin.py:190} INFO - [2024-12-12T05:36:59.583+0000] {dag.py:4180} INFO - Setting next_dagrun for example_bash_operator to 2024-12-11 00:00:00+00:00, run_after=2024-12-12 00:00:00+00:00
[2024-12-12T05:36:59.643+0000] {processor.py:208} INFO - Processing /home/airflow/.local/lib/python3.12/site-packages/airflow/example_dags/example_bash_operator.py took 0.199 seconds
[2024-12-12T05:37:29.786+0000] {processor.py:186} INFO - Started process (PID=174) to work on /home/airflow/.local/lib/python3.12/site-packages/airflow/example_dags/example_bash_operator.py
[2024-12-12T05:37:29.792+0000] {processor.py:914} INFO - Processing file /home/airflow/.local/lib/python3.12/site-packages/airflow/example_dags/example_bash_operator.py for tasks to queue
[2024-12-12T05:37:29.801+0000] {logging_mixin.py:190} INFO - [2024-12-12T05:37:29.798+0000] {dagbag.py:588} INFO - Filling up the DagBag from /home/airflow/.local/lib/python3.12/site-packages/airflow/example_dags/example_bash_operator.py
[2024-12-12T05:37:29.900+0000] {processor.py:925} INFO - DAG(s) 'example_bash_operator' retrieved from /home/airflow/.local/lib/python3.12/site-packages/airflow/example_dags/example_bash_operator.py
[2024-12-12T05:37:29.956+0000] {logging_mixin.py:190} INFO - [2024-12-12T05:37:29.956+0000] {dag.py:3239} INFO - Sync 1 DAGs
[2024-12-12T05:37:30.250+0000] {logging_mixin.py:190} INFO - [2024-12-12T05:37:30.250+0000] {dag.py:4180} INFO - Setting next_dagrun for example_bash_operator to 2024-12-11 00:00:00+00:00, run_after=2024-12-12 00:00:00+00:00
[2024-12-12T05:37:30.331+0000] {processor.py:208} INFO - Processing /home/airflow/.local/lib/python3.12/site-packages/airflow/example_dags/example_bash_operator.py took 0.568 seconds
[2024-12-12T05:38:23.046+0000] {processor.py:186} INFO - Started process (PID=45) to work on /home/airflow/.local/lib/python3.12/site-packages/airflow/example_dags/example_bash_operator.py
[2024-12-12T05:38:23.048+0000] {processor.py:914} INFO - Processing file /home/airflow/.local/lib/python3.12/site-packages/airflow/example_dags/example_bash_operator.py for tasks to queue
[2024-12-12T05:38:23.051+0000] {logging_mixin.py:190} INFO - [2024-12-12T05:38:23.050+0000] {dagbag.py:588} INFO - Filling up the DagBag from /home/airflow/.local/lib/python3.12/site-packages/airflow/example_dags/example_bash_operator.py
[2024-12-12T05:38:23.059+0000] {processor.py:925} INFO - DAG(s) 'example_bash_operator' retrieved from /home/airflow/.local/lib/python3.12/site-packages/airflow/example_dags/example_bash_operator.py
[2024-12-12T05:38:23.078+0000] {logging_mixin.py:190} INFO - [2024-12-12T05:38:23.078+0000] {dag.py:3239} INFO - Sync 1 DAGs
[2024-12-12T05:38:23.091+0000] {logging_mixin.py:190} INFO - [2024-12-12T05:38:23.091+0000] {dag.py:4180} INFO - Setting next_dagrun for example_bash_operator to 2024-12-11 00:00:00+00:00, run_after=2024-12-12 00:00:00+00:00
[2024-12-12T05:38:23.112+0000] {processor.py:208} INFO - Processing /home/airflow/.local/lib/python3.12/site-packages/airflow/example_dags/example_bash_operator.py took 0.070 seconds
[2024-12-12T05:38:53.709+0000] {processor.py:186} INFO - Started process (PID=109) to work on /home/airflow/.local/lib/python3.12/site-packages/airflow/example_dags/example_bash_operator.py
[2024-12-12T05:38:53.711+0000] {processor.py:914} INFO - Processing file /home/airflow/.local/lib/python3.12/site-packages/airflow/example_dags/example_bash_operator.py for tasks to queue
[2024-12-12T05:38:53.713+0000] {logging_mixin.py:190} INFO - [2024-12-12T05:38:53.713+0000] {dagbag.py:588} INFO - Filling up the DagBag from /home/airflow/.local/lib/python3.12/site-packages/airflow/example_dags/example_bash_operator.py
[2024-12-12T05:38:53.749+0000] {processor.py:925} INFO - DAG(s) 'example_bash_operator' retrieved from /home/airflow/.local/lib/python3.12/site-packages/airflow/example_dags/example_bash_operator.py
[2024-12-12T05:38:53.825+0000] {logging_mixin.py:190} INFO - [2024-12-12T05:38:53.824+0000] {dag.py:3239} INFO - Sync 1 DAGs
[2024-12-12T05:38:53.854+0000] {logging_mixin.py:190} INFO - [2024-12-12T05:38:53.854+0000] {dag.py:4180} INFO - Setting next_dagrun for example_bash_operator to 2024-12-11 00:00:00+00:00, run_after=2024-12-12 00:00:00+00:00
[2024-12-12T05:38:53.876+0000] {processor.py:208} INFO - Processing /home/airflow/.local/lib/python3.12/site-packages/airflow/example_dags/example_bash_operator.py took 0.170 seconds
[2024-12-12T05:39:25.307+0000] {processor.py:186} INFO - Started process (PID=172) to work on /home/airflow/.local/lib/python3.12/site-packages/airflow/example_dags/example_bash_operator.py
[2024-12-12T05:39:25.311+0000] {processor.py:914} INFO - Processing file /home/airflow/.local/lib/python3.12/site-packages/airflow/example_dags/example_bash_operator.py for tasks to queue
[2024-12-12T05:39:25.314+0000] {logging_mixin.py:190} INFO - [2024-12-12T05:39:25.314+0000] {dagbag.py:588} INFO - Filling up the DagBag from /home/airflow/.local/lib/python3.12/site-packages/airflow/example_dags/example_bash_operator.py
[2024-12-12T05:39:25.330+0000] {processor.py:925} INFO - DAG(s) 'example_bash_operator' retrieved from /home/airflow/.local/lib/python3.12/site-packages/airflow/example_dags/example_bash_operator.py
[2024-12-12T05:39:25.372+0000] {logging_mixin.py:190} INFO - [2024-12-12T05:39:25.371+0000] {dag.py:3239} INFO - Sync 1 DAGs
[2024-12-12T05:39:25.408+0000] {logging_mixin.py:190} INFO - [2024-12-12T05:39:25.408+0000] {dag.py:4180} INFO - Setting next_dagrun for example_bash_operator to 2024-12-11 00:00:00+00:00, run_after=2024-12-12 00:00:00+00:00
[2024-12-12T05:39:25.438+0000] {processor.py:208} INFO - Processing /home/airflow/.local/lib/python3.12/site-packages/airflow/example_dags/example_bash_operator.py took 0.137 seconds
[2024-12-12T05:39:56.041+0000] {processor.py:186} INFO - Started process (PID=235) to work on /home/airflow/.local/lib/python3.12/site-packages/airflow/example_dags/example_bash_operator.py
[2024-12-12T05:39:56.042+0000] {processor.py:914} INFO - Processing file /home/airflow/.local/lib/python3.12/site-packages/airflow/example_dags/example_bash_operator.py for tasks to queue
[2024-12-12T05:39:56.045+0000] {logging_mixin.py:190} INFO - [2024-12-12T05:39:56.044+0000] {dagbag.py:588} INFO - Filling up the DagBag from /home/airflow/.local/lib/python3.12/site-packages/airflow/example_dags/example_bash_operator.py
[2024-12-12T05:39:56.064+0000] {processor.py:925} INFO - DAG(s) 'example_bash_operator' retrieved from /home/airflow/.local/lib/python3.12/site-packages/airflow/example_dags/example_bash_operator.py
[2024-12-12T05:39:56.118+0000] {logging_mixin.py:190} INFO - [2024-12-12T05:39:56.118+0000] {dag.py:3239} INFO - Sync 1 DAGs
[2024-12-12T05:39:56.172+0000] {logging_mixin.py:190} INFO - [2024-12-12T05:39:56.168+0000] {dag.py:4180} INFO - Setting next_dagrun for example_bash_operator to 2024-12-11 00:00:00+00:00, run_after=2024-12-12 00:00:00+00:00
[2024-12-12T05:39:56.223+0000] {processor.py:208} INFO - Processing /home/airflow/.local/lib/python3.12/site-packages/airflow/example_dags/example_bash_operator.py took 0.186 seconds
[2024-12-12T05:40:28.631+0000] {processor.py:186} INFO - Started process (PID=298) to work on /home/airflow/.local/lib/python3.12/site-packages/airflow/example_dags/example_bash_operator.py
[2024-12-12T05:40:28.634+0000] {processor.py:914} INFO - Processing file /home/airflow/.local/lib/python3.12/site-packages/airflow/example_dags/example_bash_operator.py for tasks to queue
[2024-12-12T05:40:28.638+0000] {logging_mixin.py:190} INFO - [2024-12-12T05:40:28.638+0000] {dagbag.py:588} INFO - Filling up the DagBag from /home/airflow/.local/lib/python3.12/site-packages/airflow/example_dags/example_bash_operator.py
[2024-12-12T05:40:28.711+0000] {processor.py:925} INFO - DAG(s) 'example_bash_operator' retrieved from /home/airflow/.local/lib/python3.12/site-packages/airflow/example_dags/example_bash_operator.py
[2024-12-12T05:40:28.748+0000] {logging_mixin.py:190} INFO - [2024-12-12T05:40:28.748+0000] {dag.py:3239} INFO - Sync 1 DAGs
[2024-12-12T05:40:28.778+0000] {logging_mixin.py:190} INFO - [2024-12-12T05:40:28.778+0000] {dag.py:4180} INFO - Setting next_dagrun for example_bash_operator to 2024-12-11 00:00:00+00:00, run_after=2024-12-12 00:00:00+00:00
[2024-12-12T05:40:28.811+0000] {processor.py:208} INFO - Processing /home/airflow/.local/lib/python3.12/site-packages/airflow/example_dags/example_bash_operator.py took 0.192 seconds
[2024-12-12T05:41:01.893+0000] {processor.py:186} INFO - Started process (PID=368) to work on /home/airflow/.local/lib/python3.12/site-packages/airflow/example_dags/example_bash_operator.py
[2024-12-12T05:41:01.910+0000] {processor.py:914} INFO - Processing file /home/airflow/.local/lib/python3.12/site-packages/airflow/example_dags/example_bash_operator.py for tasks to queue
[2024-12-12T05:41:01.923+0000] {logging_mixin.py:190} INFO - [2024-12-12T05:41:01.922+0000] {dagbag.py:588} INFO - Filling up the DagBag from /home/airflow/.local/lib/python3.12/site-packages/airflow/example_dags/example_bash_operator.py
[2024-12-12T05:41:01.949+0000] {processor.py:925} INFO - DAG(s) 'example_bash_operator' retrieved from /home/airflow/.local/lib/python3.12/site-packages/airflow/example_dags/example_bash_operator.py
[2024-12-12T05:41:02.069+0000] {logging_mixin.py:190} INFO - [2024-12-12T05:41:02.068+0000] {dag.py:3239} INFO - Sync 1 DAGs
[2024-12-12T05:41:02.090+0000] {logging_mixin.py:190} INFO - [2024-12-12T05:41:02.090+0000] {dag.py:4180} INFO - Setting next_dagrun for example_bash_operator to 2024-12-11 00:00:00+00:00, run_after=2024-12-12 00:00:00+00:00
[2024-12-12T05:41:02.115+0000] {processor.py:208} INFO - Processing /home/airflow/.local/lib/python3.12/site-packages/airflow/example_dags/example_bash_operator.py took 0.249 seconds
[2024-12-12T05:41:32.581+0000] {processor.py:186} INFO - Started process (PID=432) to work on /home/airflow/.local/lib/python3.12/site-packages/airflow/example_dags/example_bash_operator.py
[2024-12-12T05:41:32.582+0000] {processor.py:914} INFO - Processing file /home/airflow/.local/lib/python3.12/site-packages/airflow/example_dags/example_bash_operator.py for tasks to queue
[2024-12-12T05:41:32.585+0000] {logging_mixin.py:190} INFO - [2024-12-12T05:41:32.584+0000] {dagbag.py:588} INFO - Filling up the DagBag from /home/airflow/.local/lib/python3.12/site-packages/airflow/example_dags/example_bash_operator.py
[2024-12-12T05:41:32.602+0000] {processor.py:925} INFO - DAG(s) 'example_bash_operator' retrieved from /home/airflow/.local/lib/python3.12/site-packages/airflow/example_dags/example_bash_operator.py
[2024-12-12T05:41:32.645+0000] {logging_mixin.py:190} INFO - [2024-12-12T05:41:32.645+0000] {dag.py:3239} INFO - Sync 1 DAGs
[2024-12-12T05:41:32.663+0000] {logging_mixin.py:190} INFO - [2024-12-12T05:41:32.663+0000] {dag.py:4180} INFO - Setting next_dagrun for example_bash_operator to 2024-12-11 00:00:00+00:00, run_after=2024-12-12 00:00:00+00:00
[2024-12-12T05:41:32.685+0000] {processor.py:208} INFO - Processing /home/airflow/.local/lib/python3.12/site-packages/airflow/example_dags/example_bash_operator.py took 0.114 seconds
[2024-12-12T05:42:05.241+0000] {processor.py:186} INFO - Started process (PID=494) to work on /home/airflow/.local/lib/python3.12/site-packages/airflow/example_dags/example_bash_operator.py
[2024-12-12T05:42:05.246+0000] {processor.py:914} INFO - Processing file /home/airflow/.local/lib/python3.12/site-packages/airflow/example_dags/example_bash_operator.py for tasks to queue
[2024-12-12T05:42:05.256+0000] {logging_mixin.py:190} INFO - [2024-12-12T05:42:05.256+0000] {dagbag.py:588} INFO - Filling up the DagBag from /home/airflow/.local/lib/python3.12/site-packages/airflow/example_dags/example_bash_operator.py
[2024-12-12T05:42:05.294+0000] {processor.py:925} INFO - DAG(s) 'example_bash_operator' retrieved from /home/airflow/.local/lib/python3.12/site-packages/airflow/example_dags/example_bash_operator.py
[2024-12-12T05:42:05.360+0000] {logging_mixin.py:190} INFO - [2024-12-12T05:42:05.360+0000] {dag.py:3239} INFO - Sync 1 DAGs
[2024-12-12T05:42:05.484+0000] {logging_mixin.py:190} INFO - [2024-12-12T05:42:05.484+0000] {dag.py:4180} INFO - Setting next_dagrun for example_bash_operator to 2024-12-11 00:00:00+00:00, run_after=2024-12-12 00:00:00+00:00
[2024-12-12T05:42:05.522+0000] {processor.py:208} INFO - Processing /home/airflow/.local/lib/python3.12/site-packages/airflow/example_dags/example_bash_operator.py took 0.462 seconds
[2024-12-12T05:42:36.009+0000] {processor.py:186} INFO - Started process (PID=558) to work on /home/airflow/.local/lib/python3.12/site-packages/airflow/example_dags/example_bash_operator.py
[2024-12-12T05:42:36.010+0000] {processor.py:914} INFO - Processing file /home/airflow/.local/lib/python3.12/site-packages/airflow/example_dags/example_bash_operator.py for tasks to queue
[2024-12-12T05:42:36.012+0000] {logging_mixin.py:190} INFO - [2024-12-12T05:42:36.011+0000] {dagbag.py:588} INFO - Filling up the DagBag from /home/airflow/.local/lib/python3.12/site-packages/airflow/example_dags/example_bash_operator.py
[2024-12-12T05:42:36.023+0000] {processor.py:925} INFO - DAG(s) 'example_bash_operator' retrieved from /home/airflow/.local/lib/python3.12/site-packages/airflow/example_dags/example_bash_operator.py
[2024-12-12T05:42:36.038+0000] {logging_mixin.py:190} INFO - [2024-12-12T05:42:36.038+0000] {dag.py:3239} INFO - Sync 1 DAGs
[2024-12-12T05:42:36.052+0000] {logging_mixin.py:190} INFO - [2024-12-12T05:42:36.051+0000] {dag.py:4180} INFO - Setting next_dagrun for example_bash_operator to 2024-12-11 00:00:00+00:00, run_after=2024-12-12 00:00:00+00:00
[2024-12-12T05:42:36.061+0000] {processor.py:208} INFO - Processing /home/airflow/.local/lib/python3.12/site-packages/airflow/example_dags/example_bash_operator.py took 0.056 seconds
[2024-12-12T05:43:07.013+0000] {processor.py:186} INFO - Started process (PID=621) to work on /home/airflow/.local/lib/python3.12/site-packages/airflow/example_dags/example_bash_operator.py
[2024-12-12T05:43:07.020+0000] {processor.py:914} INFO - Processing file /home/airflow/.local/lib/python3.12/site-packages/airflow/example_dags/example_bash_operator.py for tasks to queue
[2024-12-12T05:43:07.022+0000] {logging_mixin.py:190} INFO - [2024-12-12T05:43:07.022+0000] {dagbag.py:588} INFO - Filling up the DagBag from /home/airflow/.local/lib/python3.12/site-packages/airflow/example_dags/example_bash_operator.py
[2024-12-12T05:43:07.038+0000] {processor.py:925} INFO - DAG(s) 'example_bash_operator' retrieved from /home/airflow/.local/lib/python3.12/site-packages/airflow/example_dags/example_bash_operator.py
[2024-12-12T05:43:07.066+0000] {logging_mixin.py:190} INFO - [2024-12-12T05:43:07.065+0000] {dag.py:3239} INFO - Sync 1 DAGs
[2024-12-12T05:43:07.083+0000] {logging_mixin.py:190} INFO - [2024-12-12T05:43:07.082+0000] {dag.py:4180} INFO - Setting next_dagrun for example_bash_operator to 2024-12-11 00:00:00+00:00, run_after=2024-12-12 00:00:00+00:00
[2024-12-12T05:43:07.097+0000] {processor.py:208} INFO - Processing /home/airflow/.local/lib/python3.12/site-packages/airflow/example_dags/example_bash_operator.py took 0.087 seconds
[2024-12-12T05:45:06.506+0000] {processor.py:186} INFO - Started process (PID=52) to work on /home/airflow/.local/lib/python3.12/site-packages/airflow/example_dags/example_bash_operator.py
[2024-12-12T05:45:06.516+0000] {processor.py:914} INFO - Processing file /home/airflow/.local/lib/python3.12/site-packages/airflow/example_dags/example_bash_operator.py for tasks to queue
[2024-12-12T05:45:06.545+0000] {logging_mixin.py:190} INFO - [2024-12-12T05:45:06.541+0000] {dagbag.py:588} INFO - Filling up the DagBag from /home/airflow/.local/lib/python3.12/site-packages/airflow/example_dags/example_bash_operator.py
[2024-12-12T05:45:06.667+0000] {processor.py:925} INFO - DAG(s) 'example_bash_operator' retrieved from /home/airflow/.local/lib/python3.12/site-packages/airflow/example_dags/example_bash_operator.py
[2024-12-12T05:45:06.899+0000] {logging_mixin.py:190} INFO - [2024-12-12T05:45:06.899+0000] {dag.py:3239} INFO - Sync 1 DAGs
[2024-12-12T05:45:06.970+0000] {logging_mixin.py:190} INFO - [2024-12-12T05:45:06.969+0000] {dag.py:4180} INFO - Setting next_dagrun for example_bash_operator to 2024-12-11 00:00:00+00:00, run_after=2024-12-12 00:00:00+00:00
[2024-12-12T05:45:07.031+0000] {processor.py:208} INFO - Processing /home/airflow/.local/lib/python3.12/site-packages/airflow/example_dags/example_bash_operator.py took 0.566 seconds
[2024-12-12T05:45:37.737+0000] {processor.py:186} INFO - Started process (PID=116) to work on /home/airflow/.local/lib/python3.12/site-packages/airflow/example_dags/example_bash_operator.py
[2024-12-12T05:45:37.739+0000] {processor.py:914} INFO - Processing file /home/airflow/.local/lib/python3.12/site-packages/airflow/example_dags/example_bash_operator.py for tasks to queue
[2024-12-12T05:45:37.740+0000] {logging_mixin.py:190} INFO - [2024-12-12T05:45:37.740+0000] {dagbag.py:588} INFO - Filling up the DagBag from /home/airflow/.local/lib/python3.12/site-packages/airflow/example_dags/example_bash_operator.py
[2024-12-12T05:45:37.751+0000] {processor.py:925} INFO - DAG(s) 'example_bash_operator' retrieved from /home/airflow/.local/lib/python3.12/site-packages/airflow/example_dags/example_bash_operator.py
[2024-12-12T05:45:37.772+0000] {logging_mixin.py:190} INFO - [2024-12-12T05:45:37.772+0000] {dag.py:3239} INFO - Sync 1 DAGs
[2024-12-12T05:45:37.803+0000] {logging_mixin.py:190} INFO - [2024-12-12T05:45:37.802+0000] {dag.py:4180} INFO - Setting next_dagrun for example_bash_operator to 2024-12-11 00:00:00+00:00, run_after=2024-12-12 00:00:00+00:00
[2024-12-12T05:45:37.875+0000] {processor.py:208} INFO - Processing /home/airflow/.local/lib/python3.12/site-packages/airflow/example_dags/example_bash_operator.py took 0.142 seconds
[2024-12-12T05:46:08.739+0000] {processor.py:186} INFO - Started process (PID=179) to work on /home/airflow/.local/lib/python3.12/site-packages/airflow/example_dags/example_bash_operator.py
[2024-12-12T05:46:08.769+0000] {processor.py:914} INFO - Processing file /home/airflow/.local/lib/python3.12/site-packages/airflow/example_dags/example_bash_operator.py for tasks to queue
[2024-12-12T05:46:08.800+0000] {logging_mixin.py:190} INFO - [2024-12-12T05:46:08.800+0000] {dagbag.py:588} INFO - Filling up the DagBag from /home/airflow/.local/lib/python3.12/site-packages/airflow/example_dags/example_bash_operator.py
[2024-12-12T05:46:08.816+0000] {processor.py:925} INFO - DAG(s) 'example_bash_operator' retrieved from /home/airflow/.local/lib/python3.12/site-packages/airflow/example_dags/example_bash_operator.py
[2024-12-12T05:46:08.904+0000] {logging_mixin.py:190} INFO - [2024-12-12T05:46:08.903+0000] {dag.py:3239} INFO - Sync 1 DAGs
[2024-12-12T05:46:08.938+0000] {logging_mixin.py:190} INFO - [2024-12-12T05:46:08.938+0000] {dag.py:4180} INFO - Setting next_dagrun for example_bash_operator to 2024-12-11 00:00:00+00:00, run_after=2024-12-12 00:00:00+00:00
[2024-12-12T05:46:08.960+0000] {processor.py:208} INFO - Processing /home/airflow/.local/lib/python3.12/site-packages/airflow/example_dags/example_bash_operator.py took 0.250 seconds
