[2024-12-12T05:36:23.589+0000] {processor.py:186} INFO - Started process (PID=40) to work on /home/airflow/.local/lib/python3.12/site-packages/airflow/example_dags/example_setup_teardown.py
[2024-12-12T05:36:23.599+0000] {processor.py:914} INFO - Processing file /home/airflow/.local/lib/python3.12/site-packages/airflow/example_dags/example_setup_teardown.py for tasks to queue
[2024-12-12T05:36:23.624+0000] {logging_mixin.py:190} INFO - [2024-12-12T05:36:23.623+0000] {dagbag.py:588} INFO - Filling up the DagBag from /home/airflow/.local/lib/python3.12/site-packages/airflow/example_dags/example_setup_teardown.py
[2024-12-12T05:36:23.662+0000] {processor.py:925} INFO - DAG(s) 'example_setup_teardown' retrieved from /home/airflow/.local/lib/python3.12/site-packages/airflow/example_dags/example_setup_teardown.py
[2024-12-12T05:36:24.038+0000] {logging_mixin.py:190} INFO - [2024-12-12T05:36:24.036+0000] {override.py:1911} INFO - Created Permission View: can delete on DAG:example_setup_teardown
[2024-12-12T05:36:24.066+0000] {logging_mixin.py:190} INFO - [2024-12-12T05:36:24.066+0000] {override.py:1911} INFO - Created Permission View: can edit on DAG:example_setup_teardown
[2024-12-12T05:36:24.071+0000] {logging_mixin.py:190} INFO - [2024-12-12T05:36:24.070+0000] {override.py:1911} INFO - Created Permission View: can read on DAG:example_setup_teardown
[2024-12-12T05:36:24.073+0000] {logging_mixin.py:190} INFO - [2024-12-12T05:36:24.073+0000] {override.py:1911} INFO - Created Permission View: can delete on DAG Run:example_setup_teardown
[2024-12-12T05:36:24.078+0000] {logging_mixin.py:190} INFO - [2024-12-12T05:36:24.078+0000] {override.py:1911} INFO - Created Permission View: menu access on DAG Run:example_setup_teardown
[2024-12-12T05:36:24.083+0000] {logging_mixin.py:190} INFO - [2024-12-12T05:36:24.082+0000] {override.py:1911} INFO - Created Permission View: can create on DAG Run:example_setup_teardown
[2024-12-12T05:36:24.087+0000] {logging_mixin.py:190} INFO - [2024-12-12T05:36:24.087+0000] {override.py:1911} INFO - Created Permission View: can read on DAG Run:example_setup_teardown
[2024-12-12T05:36:24.088+0000] {logging_mixin.py:190} INFO - [2024-12-12T05:36:24.088+0000] {dag.py:3239} INFO - Sync 1 DAGs
[2024-12-12T05:36:24.122+0000] {logging_mixin.py:190} INFO - [2024-12-12T05:36:24.121+0000] {dag.py:3262} INFO - Creating ORM DAG for example_setup_teardown
[2024-12-12T05:36:24.123+0000] {logging_mixin.py:190} INFO - [2024-12-12T05:36:24.123+0000] {dag.py:4180} INFO - Setting next_dagrun for example_setup_teardown to None, run_after=None
[2024-12-12T05:36:24.147+0000] {processor.py:208} INFO - Processing /home/airflow/.local/lib/python3.12/site-packages/airflow/example_dags/example_setup_teardown.py took 0.604 seconds
[2024-12-12T05:36:54.970+0000] {processor.py:186} INFO - Started process (PID=104) to work on /home/airflow/.local/lib/python3.12/site-packages/airflow/example_dags/example_setup_teardown.py
[2024-12-12T05:36:54.971+0000] {processor.py:914} INFO - Processing file /home/airflow/.local/lib/python3.12/site-packages/airflow/example_dags/example_setup_teardown.py for tasks to queue
[2024-12-12T05:36:54.972+0000] {logging_mixin.py:190} INFO - [2024-12-12T05:36:54.972+0000] {dagbag.py:588} INFO - Filling up the DagBag from /home/airflow/.local/lib/python3.12/site-packages/airflow/example_dags/example_setup_teardown.py
[2024-12-12T05:36:54.983+0000] {processor.py:925} INFO - DAG(s) 'example_setup_teardown' retrieved from /home/airflow/.local/lib/python3.12/site-packages/airflow/example_dags/example_setup_teardown.py
[2024-12-12T05:36:54.999+0000] {logging_mixin.py:190} INFO - [2024-12-12T05:36:54.999+0000] {dag.py:3239} INFO - Sync 1 DAGs
[2024-12-12T05:36:55.009+0000] {logging_mixin.py:190} INFO - [2024-12-12T05:36:55.009+0000] {dag.py:4180} INFO - Setting next_dagrun for example_setup_teardown to None, run_after=None
[2024-12-12T05:36:55.020+0000] {processor.py:208} INFO - Processing /home/airflow/.local/lib/python3.12/site-packages/airflow/example_dags/example_setup_teardown.py took 0.055 seconds
[2024-12-12T05:37:28.268+0000] {processor.py:186} INFO - Started process (PID=168) to work on /home/airflow/.local/lib/python3.12/site-packages/airflow/example_dags/example_setup_teardown.py
[2024-12-12T05:37:28.271+0000] {processor.py:914} INFO - Processing file /home/airflow/.local/lib/python3.12/site-packages/airflow/example_dags/example_setup_teardown.py for tasks to queue
[2024-12-12T05:37:28.274+0000] {logging_mixin.py:190} INFO - [2024-12-12T05:37:28.274+0000] {dagbag.py:588} INFO - Filling up the DagBag from /home/airflow/.local/lib/python3.12/site-packages/airflow/example_dags/example_setup_teardown.py
[2024-12-12T05:37:28.291+0000] {processor.py:925} INFO - DAG(s) 'example_setup_teardown' retrieved from /home/airflow/.local/lib/python3.12/site-packages/airflow/example_dags/example_setup_teardown.py
[2024-12-12T05:37:28.443+0000] {logging_mixin.py:190} INFO - [2024-12-12T05:37:28.442+0000] {dag.py:3239} INFO - Sync 1 DAGs
[2024-12-12T05:37:28.496+0000] {logging_mixin.py:190} INFO - [2024-12-12T05:37:28.496+0000] {dag.py:4180} INFO - Setting next_dagrun for example_setup_teardown to None, run_after=None
[2024-12-12T05:37:28.558+0000] {processor.py:208} INFO - Processing /home/airflow/.local/lib/python3.12/site-packages/airflow/example_dags/example_setup_teardown.py took 0.298 seconds
[2024-12-12T05:38:22.682+0000] {processor.py:186} INFO - Started process (PID=39) to work on /home/airflow/.local/lib/python3.12/site-packages/airflow/example_dags/example_setup_teardown.py
[2024-12-12T05:38:22.684+0000] {processor.py:914} INFO - Processing file /home/airflow/.local/lib/python3.12/site-packages/airflow/example_dags/example_setup_teardown.py for tasks to queue
[2024-12-12T05:38:22.686+0000] {logging_mixin.py:190} INFO - [2024-12-12T05:38:22.685+0000] {dagbag.py:588} INFO - Filling up the DagBag from /home/airflow/.local/lib/python3.12/site-packages/airflow/example_dags/example_setup_teardown.py
[2024-12-12T05:38:22.691+0000] {processor.py:925} INFO - DAG(s) 'example_setup_teardown' retrieved from /home/airflow/.local/lib/python3.12/site-packages/airflow/example_dags/example_setup_teardown.py
[2024-12-12T05:38:22.717+0000] {logging_mixin.py:190} INFO - [2024-12-12T05:38:22.716+0000] {dag.py:3239} INFO - Sync 1 DAGs
[2024-12-12T05:38:22.725+0000] {logging_mixin.py:190} INFO - [2024-12-12T05:38:22.725+0000] {dag.py:4180} INFO - Setting next_dagrun for example_setup_teardown to None, run_after=None
[2024-12-12T05:38:22.746+0000] {processor.py:208} INFO - Processing /home/airflow/.local/lib/python3.12/site-packages/airflow/example_dags/example_setup_teardown.py took 0.067 seconds
[2024-12-12T05:38:53.313+0000] {processor.py:186} INFO - Started process (PID=103) to work on /home/airflow/.local/lib/python3.12/site-packages/airflow/example_dags/example_setup_teardown.py
[2024-12-12T05:38:53.316+0000] {processor.py:914} INFO - Processing file /home/airflow/.local/lib/python3.12/site-packages/airflow/example_dags/example_setup_teardown.py for tasks to queue
[2024-12-12T05:38:53.324+0000] {logging_mixin.py:190} INFO - [2024-12-12T05:38:53.324+0000] {dagbag.py:588} INFO - Filling up the DagBag from /home/airflow/.local/lib/python3.12/site-packages/airflow/example_dags/example_setup_teardown.py
[2024-12-12T05:38:53.337+0000] {processor.py:925} INFO - DAG(s) 'example_setup_teardown' retrieved from /home/airflow/.local/lib/python3.12/site-packages/airflow/example_dags/example_setup_teardown.py
[2024-12-12T05:38:53.364+0000] {logging_mixin.py:190} INFO - [2024-12-12T05:38:53.363+0000] {dag.py:3239} INFO - Sync 1 DAGs
[2024-12-12T05:38:53.384+0000] {logging_mixin.py:190} INFO - [2024-12-12T05:38:53.384+0000] {dag.py:4180} INFO - Setting next_dagrun for example_setup_teardown to None, run_after=None
[2024-12-12T05:38:53.402+0000] {processor.py:208} INFO - Processing /home/airflow/.local/lib/python3.12/site-packages/airflow/example_dags/example_setup_teardown.py took 0.095 seconds
[2024-12-12T05:39:24.817+0000] {processor.py:186} INFO - Started process (PID=166) to work on /home/airflow/.local/lib/python3.12/site-packages/airflow/example_dags/example_setup_teardown.py
[2024-12-12T05:39:24.819+0000] {processor.py:914} INFO - Processing file /home/airflow/.local/lib/python3.12/site-packages/airflow/example_dags/example_setup_teardown.py for tasks to queue
[2024-12-12T05:39:24.820+0000] {logging_mixin.py:190} INFO - [2024-12-12T05:39:24.820+0000] {dagbag.py:588} INFO - Filling up the DagBag from /home/airflow/.local/lib/python3.12/site-packages/airflow/example_dags/example_setup_teardown.py
[2024-12-12T05:39:24.836+0000] {processor.py:925} INFO - DAG(s) 'example_setup_teardown' retrieved from /home/airflow/.local/lib/python3.12/site-packages/airflow/example_dags/example_setup_teardown.py
[2024-12-12T05:39:24.854+0000] {logging_mixin.py:190} INFO - [2024-12-12T05:39:24.853+0000] {dag.py:3239} INFO - Sync 1 DAGs
[2024-12-12T05:39:24.868+0000] {logging_mixin.py:190} INFO - [2024-12-12T05:39:24.868+0000] {dag.py:4180} INFO - Setting next_dagrun for example_setup_teardown to None, run_after=None
[2024-12-12T05:39:24.890+0000] {processor.py:208} INFO - Processing /home/airflow/.local/lib/python3.12/site-packages/airflow/example_dags/example_setup_teardown.py took 0.078 seconds
[2024-12-12T05:39:55.291+0000] {processor.py:186} INFO - Started process (PID=229) to work on /home/airflow/.local/lib/python3.12/site-packages/airflow/example_dags/example_setup_teardown.py
[2024-12-12T05:39:55.295+0000] {processor.py:914} INFO - Processing file /home/airflow/.local/lib/python3.12/site-packages/airflow/example_dags/example_setup_teardown.py for tasks to queue
[2024-12-12T05:39:55.298+0000] {logging_mixin.py:190} INFO - [2024-12-12T05:39:55.297+0000] {dagbag.py:588} INFO - Filling up the DagBag from /home/airflow/.local/lib/python3.12/site-packages/airflow/example_dags/example_setup_teardown.py
[2024-12-12T05:39:55.316+0000] {processor.py:925} INFO - DAG(s) 'example_setup_teardown' retrieved from /home/airflow/.local/lib/python3.12/site-packages/airflow/example_dags/example_setup_teardown.py
[2024-12-12T05:39:55.368+0000] {logging_mixin.py:190} INFO - [2024-12-12T05:39:55.368+0000] {dag.py:3239} INFO - Sync 1 DAGs
[2024-12-12T05:39:55.424+0000] {logging_mixin.py:190} INFO - [2024-12-12T05:39:55.423+0000] {dag.py:4180} INFO - Setting next_dagrun for example_setup_teardown to None, run_after=None
[2024-12-12T05:39:55.488+0000] {processor.py:208} INFO - Processing /home/airflow/.local/lib/python3.12/site-packages/airflow/example_dags/example_setup_teardown.py took 0.202 seconds
[2024-12-12T05:40:27.540+0000] {processor.py:186} INFO - Started process (PID=292) to work on /home/airflow/.local/lib/python3.12/site-packages/airflow/example_dags/example_setup_teardown.py
[2024-12-12T05:40:27.542+0000] {processor.py:914} INFO - Processing file /home/airflow/.local/lib/python3.12/site-packages/airflow/example_dags/example_setup_teardown.py for tasks to queue
[2024-12-12T05:40:27.565+0000] {logging_mixin.py:190} INFO - [2024-12-12T05:40:27.564+0000] {dagbag.py:588} INFO - Filling up the DagBag from /home/airflow/.local/lib/python3.12/site-packages/airflow/example_dags/example_setup_teardown.py
[2024-12-12T05:40:27.587+0000] {processor.py:925} INFO - DAG(s) 'example_setup_teardown' retrieved from /home/airflow/.local/lib/python3.12/site-packages/airflow/example_dags/example_setup_teardown.py
[2024-12-12T05:40:27.678+0000] {logging_mixin.py:190} INFO - [2024-12-12T05:40:27.674+0000] {dag.py:3239} INFO - Sync 1 DAGs
[2024-12-12T05:40:27.736+0000] {logging_mixin.py:190} INFO - [2024-12-12T05:40:27.736+0000] {dag.py:4180} INFO - Setting next_dagrun for example_setup_teardown to None, run_after=None
[2024-12-12T05:40:27.823+0000] {processor.py:208} INFO - Processing /home/airflow/.local/lib/python3.12/site-packages/airflow/example_dags/example_setup_teardown.py took 0.298 seconds
[2024-12-12T05:41:00.173+0000] {processor.py:186} INFO - Started process (PID=356) to work on /home/airflow/.local/lib/python3.12/site-packages/airflow/example_dags/example_setup_teardown.py
[2024-12-12T05:41:00.201+0000] {processor.py:914} INFO - Processing file /home/airflow/.local/lib/python3.12/site-packages/airflow/example_dags/example_setup_teardown.py for tasks to queue
[2024-12-12T05:41:00.259+0000] {logging_mixin.py:190} INFO - [2024-12-12T05:41:00.259+0000] {dagbag.py:588} INFO - Filling up the DagBag from /home/airflow/.local/lib/python3.12/site-packages/airflow/example_dags/example_setup_teardown.py
[2024-12-12T05:41:00.381+0000] {processor.py:925} INFO - DAG(s) 'example_setup_teardown' retrieved from /home/airflow/.local/lib/python3.12/site-packages/airflow/example_dags/example_setup_teardown.py
[2024-12-12T05:41:00.586+0000] {logging_mixin.py:190} INFO - [2024-12-12T05:41:00.586+0000] {dag.py:3239} INFO - Sync 1 DAGs
[2024-12-12T05:41:00.676+0000] {logging_mixin.py:190} INFO - [2024-12-12T05:41:00.676+0000] {dag.py:4180} INFO - Setting next_dagrun for example_setup_teardown to None, run_after=None
[2024-12-12T05:41:00.749+0000] {processor.py:208} INFO - Processing /home/airflow/.local/lib/python3.12/site-packages/airflow/example_dags/example_setup_teardown.py took 0.625 seconds
[2024-12-12T05:41:31.096+0000] {processor.py:186} INFO - Started process (PID=426) to work on /home/airflow/.local/lib/python3.12/site-packages/airflow/example_dags/example_setup_teardown.py
[2024-12-12T05:41:31.098+0000] {processor.py:914} INFO - Processing file /home/airflow/.local/lib/python3.12/site-packages/airflow/example_dags/example_setup_teardown.py for tasks to queue
[2024-12-12T05:41:31.101+0000] {logging_mixin.py:190} INFO - [2024-12-12T05:41:31.101+0000] {dagbag.py:588} INFO - Filling up the DagBag from /home/airflow/.local/lib/python3.12/site-packages/airflow/example_dags/example_setup_teardown.py
[2024-12-12T05:41:31.116+0000] {processor.py:925} INFO - DAG(s) 'example_setup_teardown' retrieved from /home/airflow/.local/lib/python3.12/site-packages/airflow/example_dags/example_setup_teardown.py
[2024-12-12T05:41:31.137+0000] {logging_mixin.py:190} INFO - [2024-12-12T05:41:31.137+0000] {dag.py:3239} INFO - Sync 1 DAGs
[2024-12-12T05:41:31.148+0000] {logging_mixin.py:190} INFO - [2024-12-12T05:41:31.148+0000] {dag.py:4180} INFO - Setting next_dagrun for example_setup_teardown to None, run_after=None
[2024-12-12T05:41:31.163+0000] {processor.py:208} INFO - Processing /home/airflow/.local/lib/python3.12/site-packages/airflow/example_dags/example_setup_teardown.py took 0.076 seconds
[2024-12-12T05:42:04.258+0000] {processor.py:186} INFO - Started process (PID=488) to work on /home/airflow/.local/lib/python3.12/site-packages/airflow/example_dags/example_setup_teardown.py
[2024-12-12T05:42:04.262+0000] {processor.py:914} INFO - Processing file /home/airflow/.local/lib/python3.12/site-packages/airflow/example_dags/example_setup_teardown.py for tasks to queue
[2024-12-12T05:42:04.264+0000] {logging_mixin.py:190} INFO - [2024-12-12T05:42:04.264+0000] {dagbag.py:588} INFO - Filling up the DagBag from /home/airflow/.local/lib/python3.12/site-packages/airflow/example_dags/example_setup_teardown.py
[2024-12-12T05:42:04.273+0000] {processor.py:925} INFO - DAG(s) 'example_setup_teardown' retrieved from /home/airflow/.local/lib/python3.12/site-packages/airflow/example_dags/example_setup_teardown.py
[2024-12-12T05:42:04.303+0000] {logging_mixin.py:190} INFO - [2024-12-12T05:42:04.303+0000] {dag.py:3239} INFO - Sync 1 DAGs
[2024-12-12T05:42:04.320+0000] {logging_mixin.py:190} INFO - [2024-12-12T05:42:04.320+0000] {dag.py:4180} INFO - Setting next_dagrun for example_setup_teardown to None, run_after=None
[2024-12-12T05:42:04.375+0000] {processor.py:208} INFO - Processing /home/airflow/.local/lib/python3.12/site-packages/airflow/example_dags/example_setup_teardown.py took 0.121 seconds
[2024-12-12T05:42:34.766+0000] {processor.py:186} INFO - Started process (PID=552) to work on /home/airflow/.local/lib/python3.12/site-packages/airflow/example_dags/example_setup_teardown.py
[2024-12-12T05:42:34.767+0000] {processor.py:914} INFO - Processing file /home/airflow/.local/lib/python3.12/site-packages/airflow/example_dags/example_setup_teardown.py for tasks to queue
[2024-12-12T05:42:34.769+0000] {logging_mixin.py:190} INFO - [2024-12-12T05:42:34.769+0000] {dagbag.py:588} INFO - Filling up the DagBag from /home/airflow/.local/lib/python3.12/site-packages/airflow/example_dags/example_setup_teardown.py
[2024-12-12T05:42:34.775+0000] {processor.py:925} INFO - DAG(s) 'example_setup_teardown' retrieved from /home/airflow/.local/lib/python3.12/site-packages/airflow/example_dags/example_setup_teardown.py
[2024-12-12T05:42:34.788+0000] {logging_mixin.py:190} INFO - [2024-12-12T05:42:34.788+0000] {dag.py:3239} INFO - Sync 1 DAGs
[2024-12-12T05:42:34.796+0000] {logging_mixin.py:190} INFO - [2024-12-12T05:42:34.796+0000] {dag.py:4180} INFO - Setting next_dagrun for example_setup_teardown to None, run_after=None
[2024-12-12T05:42:34.807+0000] {processor.py:208} INFO - Processing /home/airflow/.local/lib/python3.12/site-packages/airflow/example_dags/example_setup_teardown.py took 0.047 seconds
[2024-12-12T05:43:06.556+0000] {processor.py:186} INFO - Started process (PID=615) to work on /home/airflow/.local/lib/python3.12/site-packages/airflow/example_dags/example_setup_teardown.py
[2024-12-12T05:43:06.558+0000] {processor.py:914} INFO - Processing file /home/airflow/.local/lib/python3.12/site-packages/airflow/example_dags/example_setup_teardown.py for tasks to queue
[2024-12-12T05:43:06.562+0000] {logging_mixin.py:190} INFO - [2024-12-12T05:43:06.560+0000] {dagbag.py:588} INFO - Filling up the DagBag from /home/airflow/.local/lib/python3.12/site-packages/airflow/example_dags/example_setup_teardown.py
[2024-12-12T05:43:06.573+0000] {processor.py:925} INFO - DAG(s) 'example_setup_teardown' retrieved from /home/airflow/.local/lib/python3.12/site-packages/airflow/example_dags/example_setup_teardown.py
[2024-12-12T05:43:06.586+0000] {logging_mixin.py:190} INFO - [2024-12-12T05:43:06.586+0000] {dag.py:3239} INFO - Sync 1 DAGs
[2024-12-12T05:43:06.598+0000] {logging_mixin.py:190} INFO - [2024-12-12T05:43:06.597+0000] {dag.py:4180} INFO - Setting next_dagrun for example_setup_teardown to None, run_after=None
[2024-12-12T05:43:06.611+0000] {processor.py:208} INFO - Processing /home/airflow/.local/lib/python3.12/site-packages/airflow/example_dags/example_setup_teardown.py took 0.059 seconds
[2024-12-12T05:45:04.653+0000] {processor.py:186} INFO - Started process (PID=46) to work on /home/airflow/.local/lib/python3.12/site-packages/airflow/example_dags/example_setup_teardown.py
[2024-12-12T05:45:04.658+0000] {processor.py:914} INFO - Processing file /home/airflow/.local/lib/python3.12/site-packages/airflow/example_dags/example_setup_teardown.py for tasks to queue
[2024-12-12T05:45:04.671+0000] {logging_mixin.py:190} INFO - [2024-12-12T05:45:04.670+0000] {dagbag.py:588} INFO - Filling up the DagBag from /home/airflow/.local/lib/python3.12/site-packages/airflow/example_dags/example_setup_teardown.py
[2024-12-12T05:45:04.701+0000] {processor.py:925} INFO - DAG(s) 'example_setup_teardown' retrieved from /home/airflow/.local/lib/python3.12/site-packages/airflow/example_dags/example_setup_teardown.py
[2024-12-12T05:45:04.896+0000] {logging_mixin.py:190} INFO - [2024-12-12T05:45:04.895+0000] {dag.py:3239} INFO - Sync 1 DAGs
[2024-12-12T05:45:04.976+0000] {logging_mixin.py:190} INFO - [2024-12-12T05:45:04.976+0000] {dag.py:4180} INFO - Setting next_dagrun for example_setup_teardown to None, run_after=None
[2024-12-12T05:45:05.050+0000] {processor.py:208} INFO - Processing /home/airflow/.local/lib/python3.12/site-packages/airflow/example_dags/example_setup_teardown.py took 0.439 seconds
[2024-12-12T05:45:35.193+0000] {processor.py:186} INFO - Started process (PID=110) to work on /home/airflow/.local/lib/python3.12/site-packages/airflow/example_dags/example_setup_teardown.py
[2024-12-12T05:45:35.194+0000] {processor.py:914} INFO - Processing file /home/airflow/.local/lib/python3.12/site-packages/airflow/example_dags/example_setup_teardown.py for tasks to queue
[2024-12-12T05:45:35.196+0000] {logging_mixin.py:190} INFO - [2024-12-12T05:45:35.196+0000] {dagbag.py:588} INFO - Filling up the DagBag from /home/airflow/.local/lib/python3.12/site-packages/airflow/example_dags/example_setup_teardown.py
[2024-12-12T05:45:35.203+0000] {processor.py:925} INFO - DAG(s) 'example_setup_teardown' retrieved from /home/airflow/.local/lib/python3.12/site-packages/airflow/example_dags/example_setup_teardown.py
[2024-12-12T05:45:35.221+0000] {logging_mixin.py:190} INFO - [2024-12-12T05:45:35.221+0000] {dag.py:3239} INFO - Sync 1 DAGs
[2024-12-12T05:45:35.233+0000] {logging_mixin.py:190} INFO - [2024-12-12T05:45:35.232+0000] {dag.py:4180} INFO - Setting next_dagrun for example_setup_teardown to None, run_after=None
[2024-12-12T05:45:35.250+0000] {processor.py:208} INFO - Processing /home/airflow/.local/lib/python3.12/site-packages/airflow/example_dags/example_setup_teardown.py took 0.061 seconds
[2024-12-12T05:46:06.396+0000] {processor.py:186} INFO - Started process (PID=173) to work on /home/airflow/.local/lib/python3.12/site-packages/airflow/example_dags/example_setup_teardown.py
[2024-12-12T05:46:06.402+0000] {processor.py:914} INFO - Processing file /home/airflow/.local/lib/python3.12/site-packages/airflow/example_dags/example_setup_teardown.py for tasks to queue
[2024-12-12T05:46:06.404+0000] {logging_mixin.py:190} INFO - [2024-12-12T05:46:06.403+0000] {dagbag.py:588} INFO - Filling up the DagBag from /home/airflow/.local/lib/python3.12/site-packages/airflow/example_dags/example_setup_teardown.py
[2024-12-12T05:46:06.415+0000] {processor.py:925} INFO - DAG(s) 'example_setup_teardown' retrieved from /home/airflow/.local/lib/python3.12/site-packages/airflow/example_dags/example_setup_teardown.py
[2024-12-12T05:46:06.565+0000] {logging_mixin.py:190} INFO - [2024-12-12T05:46:06.564+0000] {dag.py:3239} INFO - Sync 1 DAGs
[2024-12-12T05:46:06.586+0000] {logging_mixin.py:190} INFO - [2024-12-12T05:46:06.586+0000] {dag.py:4180} INFO - Setting next_dagrun for example_setup_teardown to None, run_after=None
[2024-12-12T05:46:06.624+0000] {processor.py:208} INFO - Processing /home/airflow/.local/lib/python3.12/site-packages/airflow/example_dags/example_setup_teardown.py took 0.233 seconds
