[2024-12-12T05:36:42.983+0000] {processor.py:186} INFO - Started process (PID=92) to work on /home/airflow/.local/lib/python3.12/site-packages/airflow/example_dags/example_python_operator.py
[2024-12-12T05:36:42.984+0000] {processor.py:914} INFO - Processing file /home/airflow/.local/lib/python3.12/site-packages/airflow/example_dags/example_python_operator.py for tasks to queue
[2024-12-12T05:36:42.986+0000] {logging_mixin.py:190} INFO - [2024-12-12T05:36:42.986+0000] {dagbag.py:588} INFO - Filling up the DagBag from /home/airflow/.local/lib/python3.12/site-packages/airflow/example_dags/example_python_operator.py
[2024-12-12T05:36:42.994+0000] {processor.py:925} INFO - DAG(s) 'example_python_operator' retrieved from /home/airflow/.local/lib/python3.12/site-packages/airflow/example_dags/example_python_operator.py
[2024-12-12T05:36:43.057+0000] {logging_mixin.py:190} INFO - [2024-12-12T05:36:43.057+0000] {override.py:1911} INFO - Created Permission View: can delete on DAG:example_python_operator
[2024-12-12T05:36:43.063+0000] {logging_mixin.py:190} INFO - [2024-12-12T05:36:43.062+0000] {override.py:1911} INFO - Created Permission View: can edit on DAG:example_python_operator
[2024-12-12T05:36:43.066+0000] {logging_mixin.py:190} INFO - [2024-12-12T05:36:43.066+0000] {override.py:1911} INFO - Created Permission View: can read on DAG:example_python_operator
[2024-12-12T05:36:43.070+0000] {logging_mixin.py:190} INFO - [2024-12-12T05:36:43.070+0000] {override.py:1911} INFO - Created Permission View: can delete on DAG Run:example_python_operator
[2024-12-12T05:36:43.073+0000] {logging_mixin.py:190} INFO - [2024-12-12T05:36:43.073+0000] {override.py:1911} INFO - Created Permission View: menu access on DAG Run:example_python_operator
[2024-12-12T05:36:43.077+0000] {logging_mixin.py:190} INFO - [2024-12-12T05:36:43.076+0000] {override.py:1911} INFO - Created Permission View: can create on DAG Run:example_python_operator
[2024-12-12T05:36:43.080+0000] {logging_mixin.py:190} INFO - [2024-12-12T05:36:43.080+0000] {override.py:1911} INFO - Created Permission View: can read on DAG Run:example_python_operator
[2024-12-12T05:36:43.080+0000] {logging_mixin.py:190} INFO - [2024-12-12T05:36:43.080+0000] {dag.py:3239} INFO - Sync 1 DAGs
[2024-12-12T05:36:43.088+0000] {logging_mixin.py:190} INFO - [2024-12-12T05:36:43.088+0000] {dag.py:3262} INFO - Creating ORM DAG for example_python_operator
[2024-12-12T05:36:43.088+0000] {logging_mixin.py:190} INFO - [2024-12-12T05:36:43.088+0000] {dag.py:4180} INFO - Setting next_dagrun for example_python_operator to None, run_after=None
[2024-12-12T05:36:43.097+0000] {processor.py:208} INFO - Processing /home/airflow/.local/lib/python3.12/site-packages/airflow/example_dags/example_python_operator.py took 0.118 seconds
[2024-12-12T05:37:18.229+0000] {processor.py:186} INFO - Started process (PID=156) to work on /home/airflow/.local/lib/python3.12/site-packages/airflow/example_dags/example_python_operator.py
[2024-12-12T05:37:18.231+0000] {processor.py:914} INFO - Processing file /home/airflow/.local/lib/python3.12/site-packages/airflow/example_dags/example_python_operator.py for tasks to queue
[2024-12-12T05:37:18.235+0000] {logging_mixin.py:190} INFO - [2024-12-12T05:37:18.234+0000] {dagbag.py:588} INFO - Filling up the DagBag from /home/airflow/.local/lib/python3.12/site-packages/airflow/example_dags/example_python_operator.py
[2024-12-12T05:37:18.258+0000] {processor.py:925} INFO - DAG(s) 'example_python_operator' retrieved from /home/airflow/.local/lib/python3.12/site-packages/airflow/example_dags/example_python_operator.py
[2024-12-12T05:37:18.278+0000] {logging_mixin.py:190} INFO - [2024-12-12T05:37:18.278+0000] {dag.py:3239} INFO - Sync 1 DAGs
[2024-12-12T05:37:18.290+0000] {logging_mixin.py:190} INFO - [2024-12-12T05:37:18.290+0000] {dag.py:4180} INFO - Setting next_dagrun for example_python_operator to None, run_after=None
[2024-12-12T05:37:18.344+0000] {processor.py:208} INFO - Processing /home/airflow/.local/lib/python3.12/site-packages/airflow/example_dags/example_python_operator.py took 0.121 seconds
[2024-12-12T05:37:49.411+0000] {processor.py:186} INFO - Started process (PID=219) to work on /home/airflow/.local/lib/python3.12/site-packages/airflow/example_dags/example_python_operator.py
[2024-12-12T05:37:49.412+0000] {processor.py:914} INFO - Processing file /home/airflow/.local/lib/python3.12/site-packages/airflow/example_dags/example_python_operator.py for tasks to queue
[2024-12-12T05:37:49.414+0000] {logging_mixin.py:190} INFO - [2024-12-12T05:37:49.414+0000] {dagbag.py:588} INFO - Filling up the DagBag from /home/airflow/.local/lib/python3.12/site-packages/airflow/example_dags/example_python_operator.py
[2024-12-12T05:37:49.424+0000] {processor.py:925} INFO - DAG(s) 'example_python_operator' retrieved from /home/airflow/.local/lib/python3.12/site-packages/airflow/example_dags/example_python_operator.py
[2024-12-12T05:37:49.440+0000] {logging_mixin.py:190} INFO - [2024-12-12T05:37:49.439+0000] {dag.py:3239} INFO - Sync 1 DAGs
[2024-12-12T05:37:49.452+0000] {logging_mixin.py:190} INFO - [2024-12-12T05:37:49.452+0000] {dag.py:4180} INFO - Setting next_dagrun for example_python_operator to None, run_after=None
[2024-12-12T05:37:49.463+0000] {processor.py:208} INFO - Processing /home/airflow/.local/lib/python3.12/site-packages/airflow/example_dags/example_python_operator.py took 0.056 seconds
[2024-12-12T05:38:27.874+0000] {processor.py:186} INFO - Started process (PID=85) to work on /home/airflow/.local/lib/python3.12/site-packages/airflow/example_dags/example_python_operator.py
[2024-12-12T05:38:27.875+0000] {processor.py:914} INFO - Processing file /home/airflow/.local/lib/python3.12/site-packages/airflow/example_dags/example_python_operator.py for tasks to queue
[2024-12-12T05:38:27.878+0000] {logging_mixin.py:190} INFO - [2024-12-12T05:38:27.877+0000] {dagbag.py:588} INFO - Filling up the DagBag from /home/airflow/.local/lib/python3.12/site-packages/airflow/example_dags/example_python_operator.py
[2024-12-12T05:38:27.890+0000] {processor.py:925} INFO - DAG(s) 'example_python_operator' retrieved from /home/airflow/.local/lib/python3.12/site-packages/airflow/example_dags/example_python_operator.py
[2024-12-12T05:38:27.964+0000] {logging_mixin.py:190} INFO - [2024-12-12T05:38:27.964+0000] {dag.py:3239} INFO - Sync 1 DAGs
[2024-12-12T05:38:27.971+0000] {logging_mixin.py:190} INFO - [2024-12-12T05:38:27.970+0000] {dag.py:4180} INFO - Setting next_dagrun for example_python_operator to None, run_after=None
[2024-12-12T05:38:27.983+0000] {processor.py:208} INFO - Processing /home/airflow/.local/lib/python3.12/site-packages/airflow/example_dags/example_python_operator.py took 0.114 seconds
[2024-12-12T05:38:58.467+0000] {processor.py:186} INFO - Started process (PID=149) to work on /home/airflow/.local/lib/python3.12/site-packages/airflow/example_dags/example_python_operator.py
[2024-12-12T05:38:58.468+0000] {processor.py:914} INFO - Processing file /home/airflow/.local/lib/python3.12/site-packages/airflow/example_dags/example_python_operator.py for tasks to queue
[2024-12-12T05:38:58.470+0000] {logging_mixin.py:190} INFO - [2024-12-12T05:38:58.470+0000] {dagbag.py:588} INFO - Filling up the DagBag from /home/airflow/.local/lib/python3.12/site-packages/airflow/example_dags/example_python_operator.py
[2024-12-12T05:38:58.481+0000] {processor.py:925} INFO - DAG(s) 'example_python_operator' retrieved from /home/airflow/.local/lib/python3.12/site-packages/airflow/example_dags/example_python_operator.py
[2024-12-12T05:38:58.494+0000] {logging_mixin.py:190} INFO - [2024-12-12T05:38:58.494+0000] {dag.py:3239} INFO - Sync 1 DAGs
[2024-12-12T05:38:58.504+0000] {logging_mixin.py:190} INFO - [2024-12-12T05:38:58.504+0000] {dag.py:4180} INFO - Setting next_dagrun for example_python_operator to None, run_after=None
[2024-12-12T05:38:58.514+0000] {processor.py:208} INFO - Processing /home/airflow/.local/lib/python3.12/site-packages/airflow/example_dags/example_python_operator.py took 0.052 seconds
[2024-12-12T05:39:32.751+0000] {processor.py:186} INFO - Started process (PID=216) to work on /home/airflow/.local/lib/python3.12/site-packages/airflow/example_dags/example_python_operator.py
[2024-12-12T05:39:32.759+0000] {processor.py:914} INFO - Processing file /home/airflow/.local/lib/python3.12/site-packages/airflow/example_dags/example_python_operator.py for tasks to queue
[2024-12-12T05:39:32.765+0000] {logging_mixin.py:190} INFO - [2024-12-12T05:39:32.765+0000] {dagbag.py:588} INFO - Filling up the DagBag from /home/airflow/.local/lib/python3.12/site-packages/airflow/example_dags/example_python_operator.py
[2024-12-12T05:39:32.782+0000] {processor.py:925} INFO - DAG(s) 'example_python_operator' retrieved from /home/airflow/.local/lib/python3.12/site-packages/airflow/example_dags/example_python_operator.py
[2024-12-12T05:39:32.809+0000] {logging_mixin.py:190} INFO - [2024-12-12T05:39:32.808+0000] {dag.py:3239} INFO - Sync 1 DAGs
[2024-12-12T05:39:32.841+0000] {logging_mixin.py:190} INFO - [2024-12-12T05:39:32.841+0000] {dag.py:4180} INFO - Setting next_dagrun for example_python_operator to None, run_after=None
[2024-12-12T05:39:32.888+0000] {processor.py:208} INFO - Processing /home/airflow/.local/lib/python3.12/site-packages/airflow/example_dags/example_python_operator.py took 0.141 seconds
[2024-12-12T05:40:04.976+0000] {processor.py:186} INFO - Started process (PID=280) to work on /home/airflow/.local/lib/python3.12/site-packages/airflow/example_dags/example_python_operator.py
[2024-12-12T05:40:04.977+0000] {processor.py:914} INFO - Processing file /home/airflow/.local/lib/python3.12/site-packages/airflow/example_dags/example_python_operator.py for tasks to queue
[2024-12-12T05:40:04.981+0000] {logging_mixin.py:190} INFO - [2024-12-12T05:40:04.980+0000] {dagbag.py:588} INFO - Filling up the DagBag from /home/airflow/.local/lib/python3.12/site-packages/airflow/example_dags/example_python_operator.py
[2024-12-12T05:40:05.012+0000] {processor.py:925} INFO - DAG(s) 'example_python_operator' retrieved from /home/airflow/.local/lib/python3.12/site-packages/airflow/example_dags/example_python_operator.py
[2024-12-12T05:40:05.056+0000] {logging_mixin.py:190} INFO - [2024-12-12T05:40:05.055+0000] {dag.py:3239} INFO - Sync 1 DAGs
[2024-12-12T05:40:05.078+0000] {logging_mixin.py:190} INFO - [2024-12-12T05:40:05.078+0000] {dag.py:4180} INFO - Setting next_dagrun for example_python_operator to None, run_after=None
[2024-12-12T05:40:05.102+0000] {processor.py:208} INFO - Processing /home/airflow/.local/lib/python3.12/site-packages/airflow/example_dags/example_python_operator.py took 0.131 seconds
[2024-12-12T05:40:44.164+0000] {processor.py:186} INFO - Started process (PID=344) to work on /home/airflow/.local/lib/python3.12/site-packages/airflow/example_dags/example_python_operator.py
[2024-12-12T05:40:44.167+0000] {processor.py:914} INFO - Processing file /home/airflow/.local/lib/python3.12/site-packages/airflow/example_dags/example_python_operator.py for tasks to queue
[2024-12-12T05:40:44.171+0000] {logging_mixin.py:190} INFO - [2024-12-12T05:40:44.171+0000] {dagbag.py:588} INFO - Filling up the DagBag from /home/airflow/.local/lib/python3.12/site-packages/airflow/example_dags/example_python_operator.py
[2024-12-12T05:40:44.185+0000] {processor.py:925} INFO - DAG(s) 'example_python_operator' retrieved from /home/airflow/.local/lib/python3.12/site-packages/airflow/example_dags/example_python_operator.py
[2024-12-12T05:40:44.220+0000] {logging_mixin.py:190} INFO - [2024-12-12T05:40:44.219+0000] {dag.py:3239} INFO - Sync 1 DAGs
[2024-12-12T05:40:44.240+0000] {logging_mixin.py:190} INFO - [2024-12-12T05:40:44.239+0000] {dag.py:4180} INFO - Setting next_dagrun for example_python_operator to None, run_after=None
[2024-12-12T05:40:44.270+0000] {processor.py:208} INFO - Processing /home/airflow/.local/lib/python3.12/site-packages/airflow/example_dags/example_python_operator.py took 0.116 seconds
[2024-12-12T05:41:25.445+0000] {processor.py:186} INFO - Started process (PID=408) to work on /home/airflow/.local/lib/python3.12/site-packages/airflow/example_dags/example_python_operator.py
[2024-12-12T05:41:25.447+0000] {processor.py:914} INFO - Processing file /home/airflow/.local/lib/python3.12/site-packages/airflow/example_dags/example_python_operator.py for tasks to queue
[2024-12-12T05:41:25.452+0000] {logging_mixin.py:190} INFO - [2024-12-12T05:41:25.451+0000] {dagbag.py:588} INFO - Filling up the DagBag from /home/airflow/.local/lib/python3.12/site-packages/airflow/example_dags/example_python_operator.py
[2024-12-12T05:41:25.463+0000] {processor.py:925} INFO - DAG(s) 'example_python_operator' retrieved from /home/airflow/.local/lib/python3.12/site-packages/airflow/example_dags/example_python_operator.py
[2024-12-12T05:41:25.500+0000] {logging_mixin.py:190} INFO - [2024-12-12T05:41:25.500+0000] {dag.py:3239} INFO - Sync 1 DAGs
[2024-12-12T05:41:25.516+0000] {logging_mixin.py:190} INFO - [2024-12-12T05:41:25.516+0000] {dag.py:4180} INFO - Setting next_dagrun for example_python_operator to None, run_after=None
[2024-12-12T05:41:25.533+0000] {processor.py:208} INFO - Processing /home/airflow/.local/lib/python3.12/site-packages/airflow/example_dags/example_python_operator.py took 0.099 seconds
[2024-12-12T05:42:01.223+0000] {processor.py:186} INFO - Started process (PID=471) to work on /home/airflow/.local/lib/python3.12/site-packages/airflow/example_dags/example_python_operator.py
[2024-12-12T05:42:01.239+0000] {processor.py:914} INFO - Processing file /home/airflow/.local/lib/python3.12/site-packages/airflow/example_dags/example_python_operator.py for tasks to queue
[2024-12-12T05:42:01.261+0000] {logging_mixin.py:190} INFO - [2024-12-12T05:42:01.261+0000] {dagbag.py:588} INFO - Filling up the DagBag from /home/airflow/.local/lib/python3.12/site-packages/airflow/example_dags/example_python_operator.py
[2024-12-12T05:42:01.684+0000] {processor.py:925} INFO - DAG(s) 'example_python_operator' retrieved from /home/airflow/.local/lib/python3.12/site-packages/airflow/example_dags/example_python_operator.py
[2024-12-12T05:42:02.039+0000] {logging_mixin.py:190} INFO - [2024-12-12T05:42:02.038+0000] {dag.py:3239} INFO - Sync 1 DAGs
[2024-12-12T05:42:02.118+0000] {logging_mixin.py:190} INFO - [2024-12-12T05:42:02.117+0000] {dag.py:4180} INFO - Setting next_dagrun for example_python_operator to None, run_after=None
[2024-12-12T05:42:02.330+0000] {processor.py:208} INFO - Processing /home/airflow/.local/lib/python3.12/site-packages/airflow/example_dags/example_python_operator.py took 1.116 seconds
[2024-12-12T05:42:33.270+0000] {processor.py:186} INFO - Started process (PID=540) to work on /home/airflow/.local/lib/python3.12/site-packages/airflow/example_dags/example_python_operator.py
[2024-12-12T05:42:33.275+0000] {processor.py:914} INFO - Processing file /home/airflow/.local/lib/python3.12/site-packages/airflow/example_dags/example_python_operator.py for tasks to queue
[2024-12-12T05:42:33.277+0000] {logging_mixin.py:190} INFO - [2024-12-12T05:42:33.277+0000] {dagbag.py:588} INFO - Filling up the DagBag from /home/airflow/.local/lib/python3.12/site-packages/airflow/example_dags/example_python_operator.py
[2024-12-12T05:42:33.289+0000] {processor.py:925} INFO - DAG(s) 'example_python_operator' retrieved from /home/airflow/.local/lib/python3.12/site-packages/airflow/example_dags/example_python_operator.py
[2024-12-12T05:42:33.305+0000] {logging_mixin.py:190} INFO - [2024-12-12T05:42:33.305+0000] {dag.py:3239} INFO - Sync 1 DAGs
[2024-12-12T05:42:33.315+0000] {logging_mixin.py:190} INFO - [2024-12-12T05:42:33.315+0000] {dag.py:4180} INFO - Setting next_dagrun for example_python_operator to None, run_after=None
[2024-12-12T05:42:33.339+0000] {processor.py:208} INFO - Processing /home/airflow/.local/lib/python3.12/site-packages/airflow/example_dags/example_python_operator.py took 0.075 seconds
[2024-12-12T05:43:03.724+0000] {processor.py:186} INFO - Started process (PID=603) to work on /home/airflow/.local/lib/python3.12/site-packages/airflow/example_dags/example_python_operator.py
[2024-12-12T05:43:03.726+0000] {processor.py:914} INFO - Processing file /home/airflow/.local/lib/python3.12/site-packages/airflow/example_dags/example_python_operator.py for tasks to queue
[2024-12-12T05:43:03.729+0000] {logging_mixin.py:190} INFO - [2024-12-12T05:43:03.729+0000] {dagbag.py:588} INFO - Filling up the DagBag from /home/airflow/.local/lib/python3.12/site-packages/airflow/example_dags/example_python_operator.py
[2024-12-12T05:43:03.788+0000] {processor.py:925} INFO - DAG(s) 'example_python_operator' retrieved from /home/airflow/.local/lib/python3.12/site-packages/airflow/example_dags/example_python_operator.py
[2024-12-12T05:43:03.850+0000] {logging_mixin.py:190} INFO - [2024-12-12T05:43:03.850+0000] {dag.py:3239} INFO - Sync 1 DAGs
[2024-12-12T05:43:03.887+0000] {logging_mixin.py:190} INFO - [2024-12-12T05:43:03.887+0000] {dag.py:4180} INFO - Setting next_dagrun for example_python_operator to None, run_after=None
[2024-12-12T05:43:03.948+0000] {processor.py:208} INFO - Processing /home/airflow/.local/lib/python3.12/site-packages/airflow/example_dags/example_python_operator.py took 0.231 seconds
[2024-12-12T05:43:34.313+0000] {processor.py:186} INFO - Started process (PID=667) to work on /home/airflow/.local/lib/python3.12/site-packages/airflow/example_dags/example_python_operator.py
[2024-12-12T05:43:34.316+0000] {processor.py:914} INFO - Processing file /home/airflow/.local/lib/python3.12/site-packages/airflow/example_dags/example_python_operator.py for tasks to queue
[2024-12-12T05:43:34.319+0000] {logging_mixin.py:190} INFO - [2024-12-12T05:43:34.318+0000] {dagbag.py:588} INFO - Filling up the DagBag from /home/airflow/.local/lib/python3.12/site-packages/airflow/example_dags/example_python_operator.py
[2024-12-12T05:43:34.331+0000] {processor.py:925} INFO - DAG(s) 'example_python_operator' retrieved from /home/airflow/.local/lib/python3.12/site-packages/airflow/example_dags/example_python_operator.py
[2024-12-12T05:43:34.352+0000] {logging_mixin.py:190} INFO - [2024-12-12T05:43:34.352+0000] {dag.py:3239} INFO - Sync 1 DAGs
[2024-12-12T05:43:34.365+0000] {logging_mixin.py:190} INFO - [2024-12-12T05:43:34.365+0000] {dag.py:4180} INFO - Setting next_dagrun for example_python_operator to None, run_after=None
[2024-12-12T05:43:34.381+0000] {processor.py:208} INFO - Processing /home/airflow/.local/lib/python3.12/site-packages/airflow/example_dags/example_python_operator.py took 0.076 seconds
[2024-12-12T05:45:17.815+0000] {processor.py:186} INFO - Started process (PID=92) to work on /home/airflow/.local/lib/python3.12/site-packages/airflow/example_dags/example_python_operator.py
[2024-12-12T05:45:17.817+0000] {processor.py:914} INFO - Processing file /home/airflow/.local/lib/python3.12/site-packages/airflow/example_dags/example_python_operator.py for tasks to queue
[2024-12-12T05:45:17.820+0000] {logging_mixin.py:190} INFO - [2024-12-12T05:45:17.820+0000] {dagbag.py:588} INFO - Filling up the DagBag from /home/airflow/.local/lib/python3.12/site-packages/airflow/example_dags/example_python_operator.py
[2024-12-12T05:45:17.830+0000] {processor.py:925} INFO - DAG(s) 'example_python_operator' retrieved from /home/airflow/.local/lib/python3.12/site-packages/airflow/example_dags/example_python_operator.py
[2024-12-12T05:45:17.926+0000] {logging_mixin.py:190} INFO - [2024-12-12T05:45:17.926+0000] {dag.py:3239} INFO - Sync 1 DAGs
[2024-12-12T05:45:17.936+0000] {logging_mixin.py:190} INFO - [2024-12-12T05:45:17.936+0000] {dag.py:4180} INFO - Setting next_dagrun for example_python_operator to None, run_after=None
[2024-12-12T05:45:18.040+0000] {processor.py:208} INFO - Processing /home/airflow/.local/lib/python3.12/site-packages/airflow/example_dags/example_python_operator.py took 0.231 seconds
[2024-12-12T05:45:50.413+0000] {processor.py:186} INFO - Started process (PID=156) to work on /home/airflow/.local/lib/python3.12/site-packages/airflow/example_dags/example_python_operator.py
[2024-12-12T05:45:50.416+0000] {processor.py:914} INFO - Processing file /home/airflow/.local/lib/python3.12/site-packages/airflow/example_dags/example_python_operator.py for tasks to queue
[2024-12-12T05:45:50.421+0000] {logging_mixin.py:190} INFO - [2024-12-12T05:45:50.420+0000] {dagbag.py:588} INFO - Filling up the DagBag from /home/airflow/.local/lib/python3.12/site-packages/airflow/example_dags/example_python_operator.py
[2024-12-12T05:45:50.435+0000] {processor.py:925} INFO - DAG(s) 'example_python_operator' retrieved from /home/airflow/.local/lib/python3.12/site-packages/airflow/example_dags/example_python_operator.py
[2024-12-12T05:45:50.464+0000] {logging_mixin.py:190} INFO - [2024-12-12T05:45:50.464+0000] {dag.py:3239} INFO - Sync 1 DAGs
[2024-12-12T05:45:50.482+0000] {logging_mixin.py:190} INFO - [2024-12-12T05:45:50.482+0000] {dag.py:4180} INFO - Setting next_dagrun for example_python_operator to None, run_after=None
[2024-12-12T05:45:50.532+0000] {processor.py:208} INFO - Processing /home/airflow/.local/lib/python3.12/site-packages/airflow/example_dags/example_python_operator.py took 0.123 seconds
[2024-12-12T05:46:21.372+0000] {processor.py:186} INFO - Started process (PID=218) to work on /home/airflow/.local/lib/python3.12/site-packages/airflow/example_dags/example_python_operator.py
[2024-12-12T05:46:21.373+0000] {processor.py:914} INFO - Processing file /home/airflow/.local/lib/python3.12/site-packages/airflow/example_dags/example_python_operator.py for tasks to queue
[2024-12-12T05:46:21.375+0000] {logging_mixin.py:190} INFO - [2024-12-12T05:46:21.374+0000] {dagbag.py:588} INFO - Filling up the DagBag from /home/airflow/.local/lib/python3.12/site-packages/airflow/example_dags/example_python_operator.py
[2024-12-12T05:46:21.386+0000] {processor.py:925} INFO - DAG(s) 'example_python_operator' retrieved from /home/airflow/.local/lib/python3.12/site-packages/airflow/example_dags/example_python_operator.py
[2024-12-12T05:46:21.399+0000] {logging_mixin.py:190} INFO - [2024-12-12T05:46:21.399+0000] {dag.py:3239} INFO - Sync 1 DAGs
[2024-12-12T05:46:21.408+0000] {logging_mixin.py:190} INFO - [2024-12-12T05:46:21.408+0000] {dag.py:4180} INFO - Setting next_dagrun for example_python_operator to None, run_after=None
[2024-12-12T05:46:21.421+0000] {processor.py:208} INFO - Processing /home/airflow/.local/lib/python3.12/site-packages/airflow/example_dags/example_python_operator.py took 0.053 seconds
