[2024-12-12T05:36:23.054+0000] {processor.py:186} INFO - Started process (PID=38) to work on /home/airflow/.local/lib/python3.12/site-packages/airflow/example_dags/example_branch_labels.py
[2024-12-12T05:36:23.064+0000] {processor.py:914} INFO - Processing file /home/airflow/.local/lib/python3.12/site-packages/airflow/example_dags/example_branch_labels.py for tasks to queue
[2024-12-12T05:36:23.075+0000] {logging_mixin.py:190} INFO - [2024-12-12T05:36:23.075+0000] {dagbag.py:588} INFO - Filling up the DagBag from /home/airflow/.local/lib/python3.12/site-packages/airflow/example_dags/example_branch_labels.py
[2024-12-12T05:36:23.102+0000] {processor.py:925} INFO - DAG(s) 'example_branch_labels' retrieved from /home/airflow/.local/lib/python3.12/site-packages/airflow/example_dags/example_branch_labels.py
[2024-12-12T05:36:23.360+0000] {logging_mixin.py:190} INFO - [2024-12-12T05:36:23.357+0000] {override.py:1911} INFO - Created Permission View: can delete on DAG:example_branch_labels
[2024-12-12T05:36:23.369+0000] {logging_mixin.py:190} INFO - [2024-12-12T05:36:23.369+0000] {override.py:1911} INFO - Created Permission View: can edit on DAG:example_branch_labels
[2024-12-12T05:36:23.373+0000] {logging_mixin.py:190} INFO - [2024-12-12T05:36:23.372+0000] {override.py:1911} INFO - Created Permission View: can read on DAG:example_branch_labels
[2024-12-12T05:36:23.379+0000] {logging_mixin.py:190} INFO - [2024-12-12T05:36:23.379+0000] {override.py:1911} INFO - Created Permission View: can delete on DAG Run:example_branch_labels
[2024-12-12T05:36:23.383+0000] {logging_mixin.py:190} INFO - [2024-12-12T05:36:23.383+0000] {override.py:1911} INFO - Created Permission View: menu access on DAG Run:example_branch_labels
[2024-12-12T05:36:23.387+0000] {logging_mixin.py:190} INFO - [2024-12-12T05:36:23.387+0000] {override.py:1911} INFO - Created Permission View: can create on DAG Run:example_branch_labels
[2024-12-12T05:36:23.391+0000] {logging_mixin.py:190} INFO - [2024-12-12T05:36:23.391+0000] {override.py:1911} INFO - Created Permission View: can read on DAG Run:example_branch_labels
[2024-12-12T05:36:23.392+0000] {logging_mixin.py:190} INFO - [2024-12-12T05:36:23.392+0000] {dag.py:3239} INFO - Sync 1 DAGs
[2024-12-12T05:36:23.424+0000] {logging_mixin.py:190} INFO - [2024-12-12T05:36:23.423+0000] {dag.py:3262} INFO - Creating ORM DAG for example_branch_labels
[2024-12-12T05:36:23.474+0000] {logging_mixin.py:190} INFO - [2024-12-12T05:36:23.474+0000] {dag.py:4180} INFO - Setting next_dagrun for example_branch_labels to 2024-12-11 00:00:00+00:00, run_after=2024-12-12 00:00:00+00:00
[2024-12-12T05:36:23.518+0000] {processor.py:208} INFO - Processing /home/airflow/.local/lib/python3.12/site-packages/airflow/example_dags/example_branch_labels.py took 0.515 seconds
[2024-12-12T05:36:53.931+0000] {processor.py:186} INFO - Started process (PID=102) to work on /home/airflow/.local/lib/python3.12/site-packages/airflow/example_dags/example_branch_labels.py
[2024-12-12T05:36:53.932+0000] {processor.py:914} INFO - Processing file /home/airflow/.local/lib/python3.12/site-packages/airflow/example_dags/example_branch_labels.py for tasks to queue
[2024-12-12T05:36:53.934+0000] {logging_mixin.py:190} INFO - [2024-12-12T05:36:53.933+0000] {dagbag.py:588} INFO - Filling up the DagBag from /home/airflow/.local/lib/python3.12/site-packages/airflow/example_dags/example_branch_labels.py
[2024-12-12T05:36:53.942+0000] {processor.py:925} INFO - DAG(s) 'example_branch_labels' retrieved from /home/airflow/.local/lib/python3.12/site-packages/airflow/example_dags/example_branch_labels.py
[2024-12-12T05:36:53.955+0000] {logging_mixin.py:190} INFO - [2024-12-12T05:36:53.955+0000] {dag.py:3239} INFO - Sync 1 DAGs
[2024-12-12T05:36:53.968+0000] {logging_mixin.py:190} INFO - [2024-12-12T05:36:53.968+0000] {dag.py:4180} INFO - Setting next_dagrun for example_branch_labels to 2024-12-11 00:00:00+00:00, run_after=2024-12-12 00:00:00+00:00
[2024-12-12T05:36:53.977+0000] {processor.py:208} INFO - Processing /home/airflow/.local/lib/python3.12/site-packages/airflow/example_dags/example_branch_labels.py took 0.050 seconds
[2024-12-12T05:37:27.773+0000] {processor.py:186} INFO - Started process (PID=166) to work on /home/airflow/.local/lib/python3.12/site-packages/airflow/example_dags/example_branch_labels.py
[2024-12-12T05:37:27.778+0000] {processor.py:914} INFO - Processing file /home/airflow/.local/lib/python3.12/site-packages/airflow/example_dags/example_branch_labels.py for tasks to queue
[2024-12-12T05:37:27.793+0000] {logging_mixin.py:190} INFO - [2024-12-12T05:37:27.790+0000] {dagbag.py:588} INFO - Filling up the DagBag from /home/airflow/.local/lib/python3.12/site-packages/airflow/example_dags/example_branch_labels.py
[2024-12-12T05:37:27.832+0000] {processor.py:925} INFO - DAG(s) 'example_branch_labels' retrieved from /home/airflow/.local/lib/python3.12/site-packages/airflow/example_dags/example_branch_labels.py
[2024-12-12T05:37:27.921+0000] {logging_mixin.py:190} INFO - [2024-12-12T05:37:27.920+0000] {dag.py:3239} INFO - Sync 1 DAGs
[2024-12-12T05:37:28.143+0000] {logging_mixin.py:190} INFO - [2024-12-12T05:37:28.143+0000] {dag.py:4180} INFO - Setting next_dagrun for example_branch_labels to 2024-12-11 00:00:00+00:00, run_after=2024-12-12 00:00:00+00:00
[2024-12-12T05:37:28.191+0000] {processor.py:208} INFO - Processing /home/airflow/.local/lib/python3.12/site-packages/airflow/example_dags/example_branch_labels.py took 0.442 seconds
[2024-12-12T05:38:22.596+0000] {processor.py:186} INFO - Started process (PID=37) to work on /home/airflow/.local/lib/python3.12/site-packages/airflow/example_dags/example_branch_labels.py
[2024-12-12T05:38:22.597+0000] {processor.py:914} INFO - Processing file /home/airflow/.local/lib/python3.12/site-packages/airflow/example_dags/example_branch_labels.py for tasks to queue
[2024-12-12T05:38:22.599+0000] {logging_mixin.py:190} INFO - [2024-12-12T05:38:22.598+0000] {dagbag.py:588} INFO - Filling up the DagBag from /home/airflow/.local/lib/python3.12/site-packages/airflow/example_dags/example_branch_labels.py
[2024-12-12T05:38:22.605+0000] {processor.py:925} INFO - DAG(s) 'example_branch_labels' retrieved from /home/airflow/.local/lib/python3.12/site-packages/airflow/example_dags/example_branch_labels.py
[2024-12-12T05:38:22.632+0000] {logging_mixin.py:190} INFO - [2024-12-12T05:38:22.631+0000] {dag.py:3239} INFO - Sync 1 DAGs
[2024-12-12T05:38:22.645+0000] {logging_mixin.py:190} INFO - [2024-12-12T05:38:22.645+0000] {dag.py:4180} INFO - Setting next_dagrun for example_branch_labels to 2024-12-11 00:00:00+00:00, run_after=2024-12-12 00:00:00+00:00
[2024-12-12T05:38:22.658+0000] {processor.py:208} INFO - Processing /home/airflow/.local/lib/python3.12/site-packages/airflow/example_dags/example_branch_labels.py took 0.066 seconds
[2024-12-12T05:38:53.117+0000] {processor.py:186} INFO - Started process (PID=101) to work on /home/airflow/.local/lib/python3.12/site-packages/airflow/example_dags/example_branch_labels.py
[2024-12-12T05:38:53.122+0000] {processor.py:914} INFO - Processing file /home/airflow/.local/lib/python3.12/site-packages/airflow/example_dags/example_branch_labels.py for tasks to queue
[2024-12-12T05:38:53.128+0000] {logging_mixin.py:190} INFO - [2024-12-12T05:38:53.127+0000] {dagbag.py:588} INFO - Filling up the DagBag from /home/airflow/.local/lib/python3.12/site-packages/airflow/example_dags/example_branch_labels.py
[2024-12-12T05:38:53.142+0000] {processor.py:925} INFO - DAG(s) 'example_branch_labels' retrieved from /home/airflow/.local/lib/python3.12/site-packages/airflow/example_dags/example_branch_labels.py
[2024-12-12T05:38:53.183+0000] {logging_mixin.py:190} INFO - [2024-12-12T05:38:53.182+0000] {dag.py:3239} INFO - Sync 1 DAGs
[2024-12-12T05:38:53.239+0000] {logging_mixin.py:190} INFO - [2024-12-12T05:38:53.239+0000] {dag.py:4180} INFO - Setting next_dagrun for example_branch_labels to 2024-12-11 00:00:00+00:00, run_after=2024-12-12 00:00:00+00:00
[2024-12-12T05:38:53.279+0000] {processor.py:208} INFO - Processing /home/airflow/.local/lib/python3.12/site-packages/airflow/example_dags/example_branch_labels.py took 0.166 seconds
[2024-12-12T05:39:24.644+0000] {processor.py:186} INFO - Started process (PID=164) to work on /home/airflow/.local/lib/python3.12/site-packages/airflow/example_dags/example_branch_labels.py
[2024-12-12T05:39:24.646+0000] {processor.py:914} INFO - Processing file /home/airflow/.local/lib/python3.12/site-packages/airflow/example_dags/example_branch_labels.py for tasks to queue
[2024-12-12T05:39:24.649+0000] {logging_mixin.py:190} INFO - [2024-12-12T05:39:24.649+0000] {dagbag.py:588} INFO - Filling up the DagBag from /home/airflow/.local/lib/python3.12/site-packages/airflow/example_dags/example_branch_labels.py
[2024-12-12T05:39:24.659+0000] {processor.py:925} INFO - DAG(s) 'example_branch_labels' retrieved from /home/airflow/.local/lib/python3.12/site-packages/airflow/example_dags/example_branch_labels.py
[2024-12-12T05:39:24.677+0000] {logging_mixin.py:190} INFO - [2024-12-12T05:39:24.677+0000] {dag.py:3239} INFO - Sync 1 DAGs
[2024-12-12T05:39:24.698+0000] {logging_mixin.py:190} INFO - [2024-12-12T05:39:24.698+0000] {dag.py:4180} INFO - Setting next_dagrun for example_branch_labels to 2024-12-11 00:00:00+00:00, run_after=2024-12-12 00:00:00+00:00
[2024-12-12T05:39:24.789+0000] {processor.py:208} INFO - Processing /home/airflow/.local/lib/python3.12/site-packages/airflow/example_dags/example_branch_labels.py took 0.149 seconds
[2024-12-12T05:39:55.128+0000] {processor.py:186} INFO - Started process (PID=227) to work on /home/airflow/.local/lib/python3.12/site-packages/airflow/example_dags/example_branch_labels.py
[2024-12-12T05:39:55.136+0000] {processor.py:914} INFO - Processing file /home/airflow/.local/lib/python3.12/site-packages/airflow/example_dags/example_branch_labels.py for tasks to queue
[2024-12-12T05:39:55.138+0000] {logging_mixin.py:190} INFO - [2024-12-12T05:39:55.138+0000] {dagbag.py:588} INFO - Filling up the DagBag from /home/airflow/.local/lib/python3.12/site-packages/airflow/example_dags/example_branch_labels.py
[2024-12-12T05:39:55.153+0000] {processor.py:925} INFO - DAG(s) 'example_branch_labels' retrieved from /home/airflow/.local/lib/python3.12/site-packages/airflow/example_dags/example_branch_labels.py
[2024-12-12T05:39:55.183+0000] {logging_mixin.py:190} INFO - [2024-12-12T05:39:55.183+0000] {dag.py:3239} INFO - Sync 1 DAGs
[2024-12-12T05:39:55.203+0000] {logging_mixin.py:190} INFO - [2024-12-12T05:39:55.203+0000] {dag.py:4180} INFO - Setting next_dagrun for example_branch_labels to 2024-12-11 00:00:00+00:00, run_after=2024-12-12 00:00:00+00:00
[2024-12-12T05:39:55.220+0000] {processor.py:208} INFO - Processing /home/airflow/.local/lib/python3.12/site-packages/airflow/example_dags/example_branch_labels.py took 0.099 seconds
[2024-12-12T05:40:26.872+0000] {processor.py:186} INFO - Started process (PID=290) to work on /home/airflow/.local/lib/python3.12/site-packages/airflow/example_dags/example_branch_labels.py
[2024-12-12T05:40:26.939+0000] {processor.py:914} INFO - Processing file /home/airflow/.local/lib/python3.12/site-packages/airflow/example_dags/example_branch_labels.py for tasks to queue
[2024-12-12T05:40:27.005+0000] {logging_mixin.py:190} INFO - [2024-12-12T05:40:26.983+0000] {dagbag.py:588} INFO - Filling up the DagBag from /home/airflow/.local/lib/python3.12/site-packages/airflow/example_dags/example_branch_labels.py
[2024-12-12T05:40:27.061+0000] {processor.py:925} INFO - DAG(s) 'example_branch_labels' retrieved from /home/airflow/.local/lib/python3.12/site-packages/airflow/example_dags/example_branch_labels.py
[2024-12-12T05:40:27.320+0000] {logging_mixin.py:190} INFO - [2024-12-12T05:40:27.319+0000] {dag.py:3239} INFO - Sync 1 DAGs
[2024-12-12T05:40:27.422+0000] {logging_mixin.py:190} INFO - [2024-12-12T05:40:27.422+0000] {dag.py:4180} INFO - Setting next_dagrun for example_branch_labels to 2024-12-11 00:00:00+00:00, run_after=2024-12-12 00:00:00+00:00
[2024-12-12T05:40:27.472+0000] {processor.py:208} INFO - Processing /home/airflow/.local/lib/python3.12/site-packages/airflow/example_dags/example_branch_labels.py took 0.606 seconds
[2024-12-12T05:40:59.286+0000] {processor.py:186} INFO - Started process (PID=354) to work on /home/airflow/.local/lib/python3.12/site-packages/airflow/example_dags/example_branch_labels.py
[2024-12-12T05:40:59.316+0000] {processor.py:914} INFO - Processing file /home/airflow/.local/lib/python3.12/site-packages/airflow/example_dags/example_branch_labels.py for tasks to queue
[2024-12-12T05:40:59.354+0000] {logging_mixin.py:190} INFO - [2024-12-12T05:40:59.347+0000] {dagbag.py:588} INFO - Filling up the DagBag from /home/airflow/.local/lib/python3.12/site-packages/airflow/example_dags/example_branch_labels.py
[2024-12-12T05:40:59.419+0000] {processor.py:925} INFO - DAG(s) 'example_branch_labels' retrieved from /home/airflow/.local/lib/python3.12/site-packages/airflow/example_dags/example_branch_labels.py
[2024-12-12T05:40:59.491+0000] {logging_mixin.py:190} INFO - [2024-12-12T05:40:59.490+0000] {dag.py:3239} INFO - Sync 1 DAGs
[2024-12-12T05:40:59.679+0000] {logging_mixin.py:190} INFO - [2024-12-12T05:40:59.675+0000] {dag.py:4180} INFO - Setting next_dagrun for example_branch_labels to 2024-12-11 00:00:00+00:00, run_after=2024-12-12 00:00:00+00:00
[2024-12-12T05:40:59.832+0000] {processor.py:208} INFO - Processing /home/airflow/.local/lib/python3.12/site-packages/airflow/example_dags/example_branch_labels.py took 0.554 seconds
[2024-12-12T05:41:30.934+0000] {processor.py:186} INFO - Started process (PID=424) to work on /home/airflow/.local/lib/python3.12/site-packages/airflow/example_dags/example_branch_labels.py
[2024-12-12T05:41:30.936+0000] {processor.py:914} INFO - Processing file /home/airflow/.local/lib/python3.12/site-packages/airflow/example_dags/example_branch_labels.py for tasks to queue
[2024-12-12T05:41:30.941+0000] {logging_mixin.py:190} INFO - [2024-12-12T05:41:30.940+0000] {dagbag.py:588} INFO - Filling up the DagBag from /home/airflow/.local/lib/python3.12/site-packages/airflow/example_dags/example_branch_labels.py
[2024-12-12T05:41:30.957+0000] {processor.py:925} INFO - DAG(s) 'example_branch_labels' retrieved from /home/airflow/.local/lib/python3.12/site-packages/airflow/example_dags/example_branch_labels.py
[2024-12-12T05:41:30.984+0000] {logging_mixin.py:190} INFO - [2024-12-12T05:41:30.984+0000] {dag.py:3239} INFO - Sync 1 DAGs
[2024-12-12T05:41:31.023+0000] {logging_mixin.py:190} INFO - [2024-12-12T05:41:31.022+0000] {dag.py:4180} INFO - Setting next_dagrun for example_branch_labels to 2024-12-11 00:00:00+00:00, run_after=2024-12-12 00:00:00+00:00
[2024-12-12T05:41:31.056+0000] {processor.py:208} INFO - Processing /home/airflow/.local/lib/python3.12/site-packages/airflow/example_dags/example_branch_labels.py took 0.128 seconds
[2024-12-12T05:42:03.774+0000] {processor.py:186} INFO - Started process (PID=486) to work on /home/airflow/.local/lib/python3.12/site-packages/airflow/example_dags/example_branch_labels.py
[2024-12-12T05:42:03.783+0000] {processor.py:914} INFO - Processing file /home/airflow/.local/lib/python3.12/site-packages/airflow/example_dags/example_branch_labels.py for tasks to queue
[2024-12-12T05:42:03.788+0000] {logging_mixin.py:190} INFO - [2024-12-12T05:42:03.788+0000] {dagbag.py:588} INFO - Filling up the DagBag from /home/airflow/.local/lib/python3.12/site-packages/airflow/example_dags/example_branch_labels.py
[2024-12-12T05:42:03.813+0000] {processor.py:925} INFO - DAG(s) 'example_branch_labels' retrieved from /home/airflow/.local/lib/python3.12/site-packages/airflow/example_dags/example_branch_labels.py
[2024-12-12T05:42:03.866+0000] {logging_mixin.py:190} INFO - [2024-12-12T05:42:03.866+0000] {dag.py:3239} INFO - Sync 1 DAGs
[2024-12-12T05:42:03.898+0000] {logging_mixin.py:190} INFO - [2024-12-12T05:42:03.898+0000] {dag.py:4180} INFO - Setting next_dagrun for example_branch_labels to 2024-12-11 00:00:00+00:00, run_after=2024-12-12 00:00:00+00:00
[2024-12-12T05:42:03.949+0000] {processor.py:208} INFO - Processing /home/airflow/.local/lib/python3.12/site-packages/airflow/example_dags/example_branch_labels.py took 0.184 seconds
[2024-12-12T05:42:34.676+0000] {processor.py:186} INFO - Started process (PID=550) to work on /home/airflow/.local/lib/python3.12/site-packages/airflow/example_dags/example_branch_labels.py
[2024-12-12T05:42:34.679+0000] {processor.py:914} INFO - Processing file /home/airflow/.local/lib/python3.12/site-packages/airflow/example_dags/example_branch_labels.py for tasks to queue
[2024-12-12T05:42:34.681+0000] {logging_mixin.py:190} INFO - [2024-12-12T05:42:34.681+0000] {dagbag.py:588} INFO - Filling up the DagBag from /home/airflow/.local/lib/python3.12/site-packages/airflow/example_dags/example_branch_labels.py
[2024-12-12T05:42:34.691+0000] {processor.py:925} INFO - DAG(s) 'example_branch_labels' retrieved from /home/airflow/.local/lib/python3.12/site-packages/airflow/example_dags/example_branch_labels.py
[2024-12-12T05:42:34.713+0000] {logging_mixin.py:190} INFO - [2024-12-12T05:42:34.713+0000] {dag.py:3239} INFO - Sync 1 DAGs
[2024-12-12T05:42:34.731+0000] {logging_mixin.py:190} INFO - [2024-12-12T05:42:34.730+0000] {dag.py:4180} INFO - Setting next_dagrun for example_branch_labels to 2024-12-11 00:00:00+00:00, run_after=2024-12-12 00:00:00+00:00
[2024-12-12T05:42:34.745+0000] {processor.py:208} INFO - Processing /home/airflow/.local/lib/python3.12/site-packages/airflow/example_dags/example_branch_labels.py took 0.074 seconds
[2024-12-12T05:43:06.391+0000] {processor.py:186} INFO - Started process (PID=613) to work on /home/airflow/.local/lib/python3.12/site-packages/airflow/example_dags/example_branch_labels.py
[2024-12-12T05:43:06.393+0000] {processor.py:914} INFO - Processing file /home/airflow/.local/lib/python3.12/site-packages/airflow/example_dags/example_branch_labels.py for tasks to queue
[2024-12-12T05:43:06.396+0000] {logging_mixin.py:190} INFO - [2024-12-12T05:43:06.396+0000] {dagbag.py:588} INFO - Filling up the DagBag from /home/airflow/.local/lib/python3.12/site-packages/airflow/example_dags/example_branch_labels.py
[2024-12-12T05:43:06.406+0000] {processor.py:925} INFO - DAG(s) 'example_branch_labels' retrieved from /home/airflow/.local/lib/python3.12/site-packages/airflow/example_dags/example_branch_labels.py
[2024-12-12T05:43:06.469+0000] {logging_mixin.py:190} INFO - [2024-12-12T05:43:06.469+0000] {dag.py:3239} INFO - Sync 1 DAGs
[2024-12-12T05:43:06.488+0000] {logging_mixin.py:190} INFO - [2024-12-12T05:43:06.488+0000] {dag.py:4180} INFO - Setting next_dagrun for example_branch_labels to 2024-12-11 00:00:00+00:00, run_after=2024-12-12 00:00:00+00:00
[2024-12-12T05:43:06.507+0000] {processor.py:208} INFO - Processing /home/airflow/.local/lib/python3.12/site-packages/airflow/example_dags/example_branch_labels.py took 0.123 seconds
[2024-12-12T05:45:04.069+0000] {processor.py:186} INFO - Started process (PID=44) to work on /home/airflow/.local/lib/python3.12/site-packages/airflow/example_dags/example_branch_labels.py
[2024-12-12T05:45:04.080+0000] {processor.py:914} INFO - Processing file /home/airflow/.local/lib/python3.12/site-packages/airflow/example_dags/example_branch_labels.py for tasks to queue
[2024-12-12T05:45:04.113+0000] {logging_mixin.py:190} INFO - [2024-12-12T05:45:04.111+0000] {dagbag.py:588} INFO - Filling up the DagBag from /home/airflow/.local/lib/python3.12/site-packages/airflow/example_dags/example_branch_labels.py
[2024-12-12T05:45:04.192+0000] {processor.py:925} INFO - DAG(s) 'example_branch_labels' retrieved from /home/airflow/.local/lib/python3.12/site-packages/airflow/example_dags/example_branch_labels.py
[2024-12-12T05:45:04.261+0000] {logging_mixin.py:190} INFO - [2024-12-12T05:45:04.261+0000] {dag.py:3239} INFO - Sync 1 DAGs
[2024-12-12T05:45:04.450+0000] {logging_mixin.py:190} INFO - [2024-12-12T05:45:04.450+0000] {dag.py:4180} INFO - Setting next_dagrun for example_branch_labels to 2024-12-11 00:00:00+00:00, run_after=2024-12-12 00:00:00+00:00
[2024-12-12T05:45:04.519+0000] {processor.py:208} INFO - Processing /home/airflow/.local/lib/python3.12/site-packages/airflow/example_dags/example_branch_labels.py took 0.518 seconds
[2024-12-12T05:45:34.745+0000] {processor.py:186} INFO - Started process (PID=108) to work on /home/airflow/.local/lib/python3.12/site-packages/airflow/example_dags/example_branch_labels.py
[2024-12-12T05:45:34.746+0000] {processor.py:914} INFO - Processing file /home/airflow/.local/lib/python3.12/site-packages/airflow/example_dags/example_branch_labels.py for tasks to queue
[2024-12-12T05:45:34.748+0000] {logging_mixin.py:190} INFO - [2024-12-12T05:45:34.748+0000] {dagbag.py:588} INFO - Filling up the DagBag from /home/airflow/.local/lib/python3.12/site-packages/airflow/example_dags/example_branch_labels.py
[2024-12-12T05:45:34.789+0000] {processor.py:925} INFO - DAG(s) 'example_branch_labels' retrieved from /home/airflow/.local/lib/python3.12/site-packages/airflow/example_dags/example_branch_labels.py
[2024-12-12T05:45:34.921+0000] {logging_mixin.py:190} INFO - [2024-12-12T05:45:34.920+0000] {dag.py:3239} INFO - Sync 1 DAGs
[2024-12-12T05:45:34.995+0000] {logging_mixin.py:190} INFO - [2024-12-12T05:45:34.995+0000] {dag.py:4180} INFO - Setting next_dagrun for example_branch_labels to 2024-12-11 00:00:00+00:00, run_after=2024-12-12 00:00:00+00:00
[2024-12-12T05:45:35.035+0000] {processor.py:208} INFO - Processing /home/airflow/.local/lib/python3.12/site-packages/airflow/example_dags/example_branch_labels.py took 0.295 seconds
[2024-12-12T05:46:06.214+0000] {processor.py:186} INFO - Started process (PID=171) to work on /home/airflow/.local/lib/python3.12/site-packages/airflow/example_dags/example_branch_labels.py
[2024-12-12T05:46:06.215+0000] {processor.py:914} INFO - Processing file /home/airflow/.local/lib/python3.12/site-packages/airflow/example_dags/example_branch_labels.py for tasks to queue
[2024-12-12T05:46:06.217+0000] {logging_mixin.py:190} INFO - [2024-12-12T05:46:06.217+0000] {dagbag.py:588} INFO - Filling up the DagBag from /home/airflow/.local/lib/python3.12/site-packages/airflow/example_dags/example_branch_labels.py
[2024-12-12T05:46:06.226+0000] {processor.py:925} INFO - DAG(s) 'example_branch_labels' retrieved from /home/airflow/.local/lib/python3.12/site-packages/airflow/example_dags/example_branch_labels.py
[2024-12-12T05:46:06.258+0000] {logging_mixin.py:190} INFO - [2024-12-12T05:46:06.257+0000] {dag.py:3239} INFO - Sync 1 DAGs
[2024-12-12T05:46:06.283+0000] {logging_mixin.py:190} INFO - [2024-12-12T05:46:06.283+0000] {dag.py:4180} INFO - Setting next_dagrun for example_branch_labels to 2024-12-11 00:00:00+00:00, run_after=2024-12-12 00:00:00+00:00
[2024-12-12T05:46:06.351+0000] {processor.py:208} INFO - Processing /home/airflow/.local/lib/python3.12/site-packages/airflow/example_dags/example_branch_labels.py took 0.142 seconds
