[2024-12-12T05:36:25.239+0000] {processor.py:186} INFO - Started process (PID=43) to work on /home/airflow/.local/lib/python3.12/site-packages/airflow/example_dags/example_task_group.py
[2024-12-12T05:36:25.240+0000] {processor.py:914} INFO - Processing file /home/airflow/.local/lib/python3.12/site-packages/airflow/example_dags/example_task_group.py for tasks to queue
[2024-12-12T05:36:25.242+0000] {logging_mixin.py:190} INFO - [2024-12-12T05:36:25.242+0000] {dagbag.py:588} INFO - Filling up the DagBag from /home/airflow/.local/lib/python3.12/site-packages/airflow/example_dags/example_task_group.py
[2024-12-12T05:36:25.254+0000] {processor.py:925} INFO - DAG(s) 'example_task_group' retrieved from /home/airflow/.local/lib/python3.12/site-packages/airflow/example_dags/example_task_group.py
[2024-12-12T05:36:25.403+0000] {logging_mixin.py:190} INFO - [2024-12-12T05:36:25.402+0000] {override.py:1911} INFO - Created Permission View: can delete on DAG:example_task_group
[2024-12-12T05:36:25.412+0000] {logging_mixin.py:190} INFO - [2024-12-12T05:36:25.411+0000] {override.py:1911} INFO - Created Permission View: can edit on DAG:example_task_group
[2024-12-12T05:36:25.417+0000] {logging_mixin.py:190} INFO - [2024-12-12T05:36:25.417+0000] {override.py:1911} INFO - Created Permission View: can read on DAG:example_task_group
[2024-12-12T05:36:25.423+0000] {logging_mixin.py:190} INFO - [2024-12-12T05:36:25.423+0000] {override.py:1911} INFO - Created Permission View: can delete on DAG Run:example_task_group
[2024-12-12T05:36:25.430+0000] {logging_mixin.py:190} INFO - [2024-12-12T05:36:25.430+0000] {override.py:1911} INFO - Created Permission View: menu access on DAG Run:example_task_group
[2024-12-12T05:36:25.439+0000] {logging_mixin.py:190} INFO - [2024-12-12T05:36:25.438+0000] {override.py:1911} INFO - Created Permission View: can create on DAG Run:example_task_group
[2024-12-12T05:36:25.444+0000] {logging_mixin.py:190} INFO - [2024-12-12T05:36:25.444+0000] {override.py:1911} INFO - Created Permission View: can read on DAG Run:example_task_group
[2024-12-12T05:36:25.445+0000] {logging_mixin.py:190} INFO - [2024-12-12T05:36:25.445+0000] {dag.py:3239} INFO - Sync 1 DAGs
[2024-12-12T05:36:25.461+0000] {logging_mixin.py:190} INFO - [2024-12-12T05:36:25.461+0000] {dag.py:3262} INFO - Creating ORM DAG for example_task_group
[2024-12-12T05:36:25.463+0000] {logging_mixin.py:190} INFO - [2024-12-12T05:36:25.463+0000] {dag.py:4180} INFO - Setting next_dagrun for example_task_group to None, run_after=None
[2024-12-12T05:36:25.483+0000] {processor.py:208} INFO - Processing /home/airflow/.local/lib/python3.12/site-packages/airflow/example_dags/example_task_group.py took 0.252 seconds
[2024-12-12T05:36:56.284+0000] {processor.py:186} INFO - Started process (PID=107) to work on /home/airflow/.local/lib/python3.12/site-packages/airflow/example_dags/example_task_group.py
[2024-12-12T05:36:56.285+0000] {processor.py:914} INFO - Processing file /home/airflow/.local/lib/python3.12/site-packages/airflow/example_dags/example_task_group.py for tasks to queue
[2024-12-12T05:36:56.287+0000] {logging_mixin.py:190} INFO - [2024-12-12T05:36:56.287+0000] {dagbag.py:588} INFO - Filling up the DagBag from /home/airflow/.local/lib/python3.12/site-packages/airflow/example_dags/example_task_group.py
[2024-12-12T05:36:56.292+0000] {processor.py:925} INFO - DAG(s) 'example_task_group' retrieved from /home/airflow/.local/lib/python3.12/site-packages/airflow/example_dags/example_task_group.py
[2024-12-12T05:36:56.304+0000] {logging_mixin.py:190} INFO - [2024-12-12T05:36:56.304+0000] {dag.py:3239} INFO - Sync 1 DAGs
[2024-12-12T05:36:56.311+0000] {logging_mixin.py:190} INFO - [2024-12-12T05:36:56.311+0000] {dag.py:4180} INFO - Setting next_dagrun for example_task_group to None, run_after=None
[2024-12-12T05:36:56.320+0000] {processor.py:208} INFO - Processing /home/airflow/.local/lib/python3.12/site-packages/airflow/example_dags/example_task_group.py took 0.040 seconds
[2024-12-12T05:37:28.988+0000] {processor.py:186} INFO - Started process (PID=171) to work on /home/airflow/.local/lib/python3.12/site-packages/airflow/example_dags/example_task_group.py
[2024-12-12T05:37:28.998+0000] {processor.py:914} INFO - Processing file /home/airflow/.local/lib/python3.12/site-packages/airflow/example_dags/example_task_group.py for tasks to queue
[2024-12-12T05:37:29.008+0000] {logging_mixin.py:190} INFO - [2024-12-12T05:37:29.008+0000] {dagbag.py:588} INFO - Filling up the DagBag from /home/airflow/.local/lib/python3.12/site-packages/airflow/example_dags/example_task_group.py
[2024-12-12T05:37:29.053+0000] {processor.py:925} INFO - DAG(s) 'example_task_group' retrieved from /home/airflow/.local/lib/python3.12/site-packages/airflow/example_dags/example_task_group.py
[2024-12-12T05:37:29.128+0000] {logging_mixin.py:190} INFO - [2024-12-12T05:37:29.127+0000] {dag.py:3239} INFO - Sync 1 DAGs
[2024-12-12T05:37:29.168+0000] {logging_mixin.py:190} INFO - [2024-12-12T05:37:29.167+0000] {dag.py:4180} INFO - Setting next_dagrun for example_task_group to None, run_after=None
[2024-12-12T05:37:29.301+0000] {processor.py:208} INFO - Processing /home/airflow/.local/lib/python3.12/site-packages/airflow/example_dags/example_task_group.py took 0.322 seconds
[2024-12-12T05:38:22.842+0000] {processor.py:186} INFO - Started process (PID=42) to work on /home/airflow/.local/lib/python3.12/site-packages/airflow/example_dags/example_task_group.py
[2024-12-12T05:38:22.843+0000] {processor.py:914} INFO - Processing file /home/airflow/.local/lib/python3.12/site-packages/airflow/example_dags/example_task_group.py for tasks to queue
[2024-12-12T05:38:22.845+0000] {logging_mixin.py:190} INFO - [2024-12-12T05:38:22.845+0000] {dagbag.py:588} INFO - Filling up the DagBag from /home/airflow/.local/lib/python3.12/site-packages/airflow/example_dags/example_task_group.py
[2024-12-12T05:38:22.853+0000] {processor.py:925} INFO - DAG(s) 'example_task_group' retrieved from /home/airflow/.local/lib/python3.12/site-packages/airflow/example_dags/example_task_group.py
[2024-12-12T05:38:22.870+0000] {logging_mixin.py:190} INFO - [2024-12-12T05:38:22.870+0000] {dag.py:3239} INFO - Sync 1 DAGs
[2024-12-12T05:38:22.886+0000] {logging_mixin.py:190} INFO - [2024-12-12T05:38:22.885+0000] {dag.py:4180} INFO - Setting next_dagrun for example_task_group to None, run_after=None
[2024-12-12T05:38:22.898+0000] {processor.py:208} INFO - Processing /home/airflow/.local/lib/python3.12/site-packages/airflow/example_dags/example_task_group.py took 0.059 seconds
[2024-12-12T05:38:53.499+0000] {processor.py:186} INFO - Started process (PID=106) to work on /home/airflow/.local/lib/python3.12/site-packages/airflow/example_dags/example_task_group.py
[2024-12-12T05:38:53.501+0000] {processor.py:914} INFO - Processing file /home/airflow/.local/lib/python3.12/site-packages/airflow/example_dags/example_task_group.py for tasks to queue
[2024-12-12T05:38:53.504+0000] {logging_mixin.py:190} INFO - [2024-12-12T05:38:53.504+0000] {dagbag.py:588} INFO - Filling up the DagBag from /home/airflow/.local/lib/python3.12/site-packages/airflow/example_dags/example_task_group.py
[2024-12-12T05:38:53.538+0000] {processor.py:925} INFO - DAG(s) 'example_task_group' retrieved from /home/airflow/.local/lib/python3.12/site-packages/airflow/example_dags/example_task_group.py
[2024-12-12T05:38:53.562+0000] {logging_mixin.py:190} INFO - [2024-12-12T05:38:53.562+0000] {dag.py:3239} INFO - Sync 1 DAGs
[2024-12-12T05:38:53.580+0000] {logging_mixin.py:190} INFO - [2024-12-12T05:38:53.580+0000] {dag.py:4180} INFO - Setting next_dagrun for example_task_group to None, run_after=None
[2024-12-12T05:38:53.608+0000] {processor.py:208} INFO - Processing /home/airflow/.local/lib/python3.12/site-packages/airflow/example_dags/example_task_group.py took 0.114 seconds
[2024-12-12T05:39:25.086+0000] {processor.py:186} INFO - Started process (PID=169) to work on /home/airflow/.local/lib/python3.12/site-packages/airflow/example_dags/example_task_group.py
[2024-12-12T05:39:25.088+0000] {processor.py:914} INFO - Processing file /home/airflow/.local/lib/python3.12/site-packages/airflow/example_dags/example_task_group.py for tasks to queue
[2024-12-12T05:39:25.091+0000] {logging_mixin.py:190} INFO - [2024-12-12T05:39:25.090+0000] {dagbag.py:588} INFO - Filling up the DagBag from /home/airflow/.local/lib/python3.12/site-packages/airflow/example_dags/example_task_group.py
[2024-12-12T05:39:25.101+0000] {processor.py:925} INFO - DAG(s) 'example_task_group' retrieved from /home/airflow/.local/lib/python3.12/site-packages/airflow/example_dags/example_task_group.py
[2024-12-12T05:39:25.122+0000] {logging_mixin.py:190} INFO - [2024-12-12T05:39:25.121+0000] {dag.py:3239} INFO - Sync 1 DAGs
[2024-12-12T05:39:25.139+0000] {logging_mixin.py:190} INFO - [2024-12-12T05:39:25.139+0000] {dag.py:4180} INFO - Setting next_dagrun for example_task_group to None, run_after=None
[2024-12-12T05:39:25.155+0000] {processor.py:208} INFO - Processing /home/airflow/.local/lib/python3.12/site-packages/airflow/example_dags/example_task_group.py took 0.072 seconds
[2024-12-12T05:39:55.802+0000] {processor.py:186} INFO - Started process (PID=232) to work on /home/airflow/.local/lib/python3.12/site-packages/airflow/example_dags/example_task_group.py
[2024-12-12T05:39:55.803+0000] {processor.py:914} INFO - Processing file /home/airflow/.local/lib/python3.12/site-packages/airflow/example_dags/example_task_group.py for tasks to queue
[2024-12-12T05:39:55.805+0000] {logging_mixin.py:190} INFO - [2024-12-12T05:39:55.805+0000] {dagbag.py:588} INFO - Filling up the DagBag from /home/airflow/.local/lib/python3.12/site-packages/airflow/example_dags/example_task_group.py
[2024-12-12T05:39:55.819+0000] {processor.py:925} INFO - DAG(s) 'example_task_group' retrieved from /home/airflow/.local/lib/python3.12/site-packages/airflow/example_dags/example_task_group.py
[2024-12-12T05:39:55.848+0000] {logging_mixin.py:190} INFO - [2024-12-12T05:39:55.848+0000] {dag.py:3239} INFO - Sync 1 DAGs
[2024-12-12T05:39:55.873+0000] {logging_mixin.py:190} INFO - [2024-12-12T05:39:55.872+0000] {dag.py:4180} INFO - Setting next_dagrun for example_task_group to None, run_after=None
[2024-12-12T05:39:55.907+0000] {processor.py:208} INFO - Processing /home/airflow/.local/lib/python3.12/site-packages/airflow/example_dags/example_task_group.py took 0.111 seconds
[2024-12-12T05:40:28.247+0000] {processor.py:186} INFO - Started process (PID=295) to work on /home/airflow/.local/lib/python3.12/site-packages/airflow/example_dags/example_task_group.py
[2024-12-12T05:40:28.255+0000] {processor.py:914} INFO - Processing file /home/airflow/.local/lib/python3.12/site-packages/airflow/example_dags/example_task_group.py for tasks to queue
[2024-12-12T05:40:28.273+0000] {logging_mixin.py:190} INFO - [2024-12-12T05:40:28.273+0000] {dagbag.py:588} INFO - Filling up the DagBag from /home/airflow/.local/lib/python3.12/site-packages/airflow/example_dags/example_task_group.py
[2024-12-12T05:40:28.283+0000] {processor.py:925} INFO - DAG(s) 'example_task_group' retrieved from /home/airflow/.local/lib/python3.12/site-packages/airflow/example_dags/example_task_group.py
[2024-12-12T05:40:28.324+0000] {logging_mixin.py:190} INFO - [2024-12-12T05:40:28.323+0000] {dag.py:3239} INFO - Sync 1 DAGs
[2024-12-12T05:40:28.396+0000] {logging_mixin.py:190} INFO - [2024-12-12T05:40:28.396+0000] {dag.py:4180} INFO - Setting next_dagrun for example_task_group to None, run_after=None
[2024-12-12T05:40:28.450+0000] {processor.py:208} INFO - Processing /home/airflow/.local/lib/python3.12/site-packages/airflow/example_dags/example_task_group.py took 0.209 seconds
[2024-12-12T05:41:01.213+0000] {processor.py:186} INFO - Started process (PID=365) to work on /home/airflow/.local/lib/python3.12/site-packages/airflow/example_dags/example_task_group.py
[2024-12-12T05:41:01.214+0000] {processor.py:914} INFO - Processing file /home/airflow/.local/lib/python3.12/site-packages/airflow/example_dags/example_task_group.py for tasks to queue
[2024-12-12T05:41:01.217+0000] {logging_mixin.py:190} INFO - [2024-12-12T05:41:01.217+0000] {dagbag.py:588} INFO - Filling up the DagBag from /home/airflow/.local/lib/python3.12/site-packages/airflow/example_dags/example_task_group.py
[2024-12-12T05:41:01.229+0000] {processor.py:925} INFO - DAG(s) 'example_task_group' retrieved from /home/airflow/.local/lib/python3.12/site-packages/airflow/example_dags/example_task_group.py
[2024-12-12T05:41:01.257+0000] {logging_mixin.py:190} INFO - [2024-12-12T05:41:01.256+0000] {dag.py:3239} INFO - Sync 1 DAGs
[2024-12-12T05:41:01.281+0000] {logging_mixin.py:190} INFO - [2024-12-12T05:41:01.281+0000] {dag.py:4180} INFO - Setting next_dagrun for example_task_group to None, run_after=None
[2024-12-12T05:41:01.355+0000] {processor.py:208} INFO - Processing /home/airflow/.local/lib/python3.12/site-packages/airflow/example_dags/example_task_group.py took 0.148 seconds
[2024-12-12T05:41:32.362+0000] {processor.py:186} INFO - Started process (PID=429) to work on /home/airflow/.local/lib/python3.12/site-packages/airflow/example_dags/example_task_group.py
[2024-12-12T05:41:32.363+0000] {processor.py:914} INFO - Processing file /home/airflow/.local/lib/python3.12/site-packages/airflow/example_dags/example_task_group.py for tasks to queue
[2024-12-12T05:41:32.364+0000] {logging_mixin.py:190} INFO - [2024-12-12T05:41:32.364+0000] {dagbag.py:588} INFO - Filling up the DagBag from /home/airflow/.local/lib/python3.12/site-packages/airflow/example_dags/example_task_group.py
[2024-12-12T05:41:32.374+0000] {processor.py:925} INFO - DAG(s) 'example_task_group' retrieved from /home/airflow/.local/lib/python3.12/site-packages/airflow/example_dags/example_task_group.py
[2024-12-12T05:41:32.391+0000] {logging_mixin.py:190} INFO - [2024-12-12T05:41:32.391+0000] {dag.py:3239} INFO - Sync 1 DAGs
[2024-12-12T05:41:32.401+0000] {logging_mixin.py:190} INFO - [2024-12-12T05:41:32.401+0000] {dag.py:4180} INFO - Setting next_dagrun for example_task_group to None, run_after=None
[2024-12-12T05:41:32.413+0000] {processor.py:208} INFO - Processing /home/airflow/.local/lib/python3.12/site-packages/airflow/example_dags/example_task_group.py took 0.056 seconds
[2024-12-12T05:42:04.536+0000] {processor.py:186} INFO - Started process (PID=491) to work on /home/airflow/.local/lib/python3.12/site-packages/airflow/example_dags/example_task_group.py
[2024-12-12T05:42:04.543+0000] {processor.py:914} INFO - Processing file /home/airflow/.local/lib/python3.12/site-packages/airflow/example_dags/example_task_group.py for tasks to queue
[2024-12-12T05:42:04.555+0000] {logging_mixin.py:190} INFO - [2024-12-12T05:42:04.554+0000] {dagbag.py:588} INFO - Filling up the DagBag from /home/airflow/.local/lib/python3.12/site-packages/airflow/example_dags/example_task_group.py
[2024-12-12T05:42:04.581+0000] {processor.py:925} INFO - DAG(s) 'example_task_group' retrieved from /home/airflow/.local/lib/python3.12/site-packages/airflow/example_dags/example_task_group.py
[2024-12-12T05:42:04.615+0000] {logging_mixin.py:190} INFO - [2024-12-12T05:42:04.615+0000] {dag.py:3239} INFO - Sync 1 DAGs
[2024-12-12T05:42:04.637+0000] {logging_mixin.py:190} INFO - [2024-12-12T05:42:04.636+0000] {dag.py:4180} INFO - Setting next_dagrun for example_task_group to None, run_after=None
[2024-12-12T05:42:04.667+0000] {processor.py:208} INFO - Processing /home/airflow/.local/lib/python3.12/site-packages/airflow/example_dags/example_task_group.py took 0.137 seconds
[2024-12-12T05:42:34.874+0000] {processor.py:186} INFO - Started process (PID=555) to work on /home/airflow/.local/lib/python3.12/site-packages/airflow/example_dags/example_task_group.py
[2024-12-12T05:42:34.877+0000] {processor.py:914} INFO - Processing file /home/airflow/.local/lib/python3.12/site-packages/airflow/example_dags/example_task_group.py for tasks to queue
[2024-12-12T05:42:34.878+0000] {logging_mixin.py:190} INFO - [2024-12-12T05:42:34.878+0000] {dagbag.py:588} INFO - Filling up the DagBag from /home/airflow/.local/lib/python3.12/site-packages/airflow/example_dags/example_task_group.py
[2024-12-12T05:42:34.885+0000] {processor.py:925} INFO - DAG(s) 'example_task_group' retrieved from /home/airflow/.local/lib/python3.12/site-packages/airflow/example_dags/example_task_group.py
[2024-12-12T05:42:34.899+0000] {logging_mixin.py:190} INFO - [2024-12-12T05:42:34.899+0000] {dag.py:3239} INFO - Sync 1 DAGs
[2024-12-12T05:42:34.908+0000] {logging_mixin.py:190} INFO - [2024-12-12T05:42:34.908+0000] {dag.py:4180} INFO - Setting next_dagrun for example_task_group to None, run_after=None
[2024-12-12T05:42:34.919+0000] {processor.py:208} INFO - Processing /home/airflow/.local/lib/python3.12/site-packages/airflow/example_dags/example_task_group.py took 0.048 seconds
[2024-12-12T05:43:06.781+0000] {processor.py:186} INFO - Started process (PID=618) to work on /home/airflow/.local/lib/python3.12/site-packages/airflow/example_dags/example_task_group.py
[2024-12-12T05:43:06.786+0000] {processor.py:914} INFO - Processing file /home/airflow/.local/lib/python3.12/site-packages/airflow/example_dags/example_task_group.py for tasks to queue
[2024-12-12T05:43:06.790+0000] {logging_mixin.py:190} INFO - [2024-12-12T05:43:06.790+0000] {dagbag.py:588} INFO - Filling up the DagBag from /home/airflow/.local/lib/python3.12/site-packages/airflow/example_dags/example_task_group.py
[2024-12-12T05:43:06.805+0000] {processor.py:925} INFO - DAG(s) 'example_task_group' retrieved from /home/airflow/.local/lib/python3.12/site-packages/airflow/example_dags/example_task_group.py
[2024-12-12T05:43:06.823+0000] {logging_mixin.py:190} INFO - [2024-12-12T05:43:06.823+0000] {dag.py:3239} INFO - Sync 1 DAGs
[2024-12-12T05:43:06.901+0000] {logging_mixin.py:190} INFO - [2024-12-12T05:43:06.901+0000] {dag.py:4180} INFO - Setting next_dagrun for example_task_group to None, run_after=None
[2024-12-12T05:43:06.929+0000] {processor.py:208} INFO - Processing /home/airflow/.local/lib/python3.12/site-packages/airflow/example_dags/example_task_group.py took 0.153 seconds
[2024-12-12T05:45:05.513+0000] {processor.py:186} INFO - Started process (PID=49) to work on /home/airflow/.local/lib/python3.12/site-packages/airflow/example_dags/example_task_group.py
[2024-12-12T05:45:05.541+0000] {processor.py:914} INFO - Processing file /home/airflow/.local/lib/python3.12/site-packages/airflow/example_dags/example_task_group.py for tasks to queue
[2024-12-12T05:45:05.596+0000] {logging_mixin.py:190} INFO - [2024-12-12T05:45:05.592+0000] {dagbag.py:588} INFO - Filling up the DagBag from /home/airflow/.local/lib/python3.12/site-packages/airflow/example_dags/example_task_group.py
[2024-12-12T05:45:05.690+0000] {processor.py:925} INFO - DAG(s) 'example_task_group' retrieved from /home/airflow/.local/lib/python3.12/site-packages/airflow/example_dags/example_task_group.py
[2024-12-12T05:45:05.862+0000] {logging_mixin.py:190} INFO - [2024-12-12T05:45:05.862+0000] {dag.py:3239} INFO - Sync 1 DAGs
[2024-12-12T05:45:05.982+0000] {logging_mixin.py:190} INFO - [2024-12-12T05:45:05.982+0000] {dag.py:4180} INFO - Setting next_dagrun for example_task_group to None, run_after=None
[2024-12-12T05:45:06.040+0000] {processor.py:208} INFO - Processing /home/airflow/.local/lib/python3.12/site-packages/airflow/example_dags/example_task_group.py took 0.736 seconds
[2024-12-12T05:45:36.374+0000] {processor.py:186} INFO - Started process (PID=112) to work on /home/airflow/.local/lib/python3.12/site-packages/airflow/example_dags/example_task_group.py
[2024-12-12T05:45:36.381+0000] {processor.py:914} INFO - Processing file /home/airflow/.local/lib/python3.12/site-packages/airflow/example_dags/example_task_group.py for tasks to queue
[2024-12-12T05:45:36.419+0000] {logging_mixin.py:190} INFO - [2024-12-12T05:45:36.413+0000] {dagbag.py:588} INFO - Filling up the DagBag from /home/airflow/.local/lib/python3.12/site-packages/airflow/example_dags/example_task_group.py
[2024-12-12T05:45:36.512+0000] {processor.py:925} INFO - DAG(s) 'example_task_group' retrieved from /home/airflow/.local/lib/python3.12/site-packages/airflow/example_dags/example_task_group.py
[2024-12-12T05:45:37.115+0000] {logging_mixin.py:190} INFO - [2024-12-12T05:45:37.112+0000] {dag.py:3239} INFO - Sync 1 DAGs
[2024-12-12T05:45:37.220+0000] {logging_mixin.py:190} INFO - [2024-12-12T05:45:37.220+0000] {dag.py:4180} INFO - Setting next_dagrun for example_task_group to None, run_after=None
[2024-12-12T05:45:37.302+0000] {processor.py:208} INFO - Processing /home/airflow/.local/lib/python3.12/site-packages/airflow/example_dags/example_task_group.py took 1.023 seconds
[2024-12-12T05:46:08.168+0000] {processor.py:186} INFO - Started process (PID=176) to work on /home/airflow/.local/lib/python3.12/site-packages/airflow/example_dags/example_task_group.py
[2024-12-12T05:46:08.170+0000] {processor.py:914} INFO - Processing file /home/airflow/.local/lib/python3.12/site-packages/airflow/example_dags/example_task_group.py for tasks to queue
[2024-12-12T05:46:08.176+0000] {logging_mixin.py:190} INFO - [2024-12-12T05:46:08.176+0000] {dagbag.py:588} INFO - Filling up the DagBag from /home/airflow/.local/lib/python3.12/site-packages/airflow/example_dags/example_task_group.py
[2024-12-12T05:46:08.198+0000] {processor.py:925} INFO - DAG(s) 'example_task_group' retrieved from /home/airflow/.local/lib/python3.12/site-packages/airflow/example_dags/example_task_group.py
[2024-12-12T05:46:08.238+0000] {logging_mixin.py:190} INFO - [2024-12-12T05:46:08.238+0000] {dag.py:3239} INFO - Sync 1 DAGs
[2024-12-12T05:46:08.251+0000] {logging_mixin.py:190} INFO - [2024-12-12T05:46:08.251+0000] {dag.py:4180} INFO - Setting next_dagrun for example_task_group to None, run_after=None
[2024-12-12T05:46:08.281+0000] {processor.py:208} INFO - Processing /home/airflow/.local/lib/python3.12/site-packages/airflow/example_dags/example_task_group.py took 0.118 seconds
