[2024-12-12T05:36:37.720+0000] {processor.py:186} INFO - Started process (PID=70) to work on /home/airflow/.local/lib/python3.12/site-packages/airflow/example_dags/example_sla_dag.py
[2024-12-12T05:36:37.723+0000] {processor.py:914} INFO - Processing file /home/airflow/.local/lib/python3.12/site-packages/airflow/example_dags/example_sla_dag.py for tasks to queue
[2024-12-12T05:36:37.731+0000] {logging_mixin.py:190} INFO - [2024-12-12T05:36:37.730+0000] {dagbag.py:588} INFO - Filling up the DagBag from /home/airflow/.local/lib/python3.12/site-packages/airflow/example_dags/example_sla_dag.py
[2024-12-12T05:36:37.752+0000] {processor.py:925} INFO - DAG(s) 'example_sla_dag' retrieved from /home/airflow/.local/lib/python3.12/site-packages/airflow/example_dags/example_sla_dag.py
[2024-12-12T05:36:37.949+0000] {logging_mixin.py:190} INFO - [2024-12-12T05:36:37.948+0000] {override.py:1911} INFO - Created Permission View: can delete on DAG:example_sla_dag
[2024-12-12T05:36:37.956+0000] {logging_mixin.py:190} INFO - [2024-12-12T05:36:37.955+0000] {override.py:1911} INFO - Created Permission View: can edit on DAG:example_sla_dag
[2024-12-12T05:36:37.965+0000] {logging_mixin.py:190} INFO - [2024-12-12T05:36:37.965+0000] {override.py:1911} INFO - Created Permission View: can read on DAG:example_sla_dag
[2024-12-12T05:36:37.982+0000] {logging_mixin.py:190} INFO - [2024-12-12T05:36:37.982+0000] {override.py:1911} INFO - Created Permission View: can delete on DAG Run:example_sla_dag
[2024-12-12T05:36:37.986+0000] {logging_mixin.py:190} INFO - [2024-12-12T05:36:37.986+0000] {override.py:1911} INFO - Created Permission View: menu access on DAG Run:example_sla_dag
[2024-12-12T05:36:38.050+0000] {logging_mixin.py:190} INFO - [2024-12-12T05:36:38.049+0000] {override.py:1911} INFO - Created Permission View: can create on DAG Run:example_sla_dag
[2024-12-12T05:36:38.067+0000] {logging_mixin.py:190} INFO - [2024-12-12T05:36:38.066+0000] {override.py:1911} INFO - Created Permission View: can read on DAG Run:example_sla_dag
[2024-12-12T05:36:38.069+0000] {logging_mixin.py:190} INFO - [2024-12-12T05:36:38.069+0000] {dag.py:3239} INFO - Sync 1 DAGs
[2024-12-12T05:36:38.088+0000] {logging_mixin.py:190} INFO - [2024-12-12T05:36:38.087+0000] {dag.py:3262} INFO - Creating ORM DAG for example_sla_dag
[2024-12-12T05:36:38.122+0000] {logging_mixin.py:190} INFO - [2024-12-12T05:36:38.121+0000] {dag.py:4180} INFO - Setting next_dagrun for example_sla_dag to 2024-12-12 05:34:00+00:00, run_after=2024-12-12 05:36:00+00:00
[2024-12-12T05:36:38.152+0000] {processor.py:208} INFO - Processing /home/airflow/.local/lib/python3.12/site-packages/airflow/example_dags/example_sla_dag.py took 0.446 seconds
[2024-12-12T05:37:08.890+0000] {processor.py:186} INFO - Started process (PID=133) to work on /home/airflow/.local/lib/python3.12/site-packages/airflow/example_dags/example_sla_dag.py
[2024-12-12T05:37:08.910+0000] {processor.py:914} INFO - Processing file /home/airflow/.local/lib/python3.12/site-packages/airflow/example_dags/example_sla_dag.py for tasks to queue
[2024-12-12T05:37:08.919+0000] {logging_mixin.py:190} INFO - [2024-12-12T05:37:08.918+0000] {dagbag.py:588} INFO - Filling up the DagBag from /home/airflow/.local/lib/python3.12/site-packages/airflow/example_dags/example_sla_dag.py
[2024-12-12T05:37:08.928+0000] {processor.py:925} INFO - DAG(s) 'example_sla_dag' retrieved from /home/airflow/.local/lib/python3.12/site-packages/airflow/example_dags/example_sla_dag.py
[2024-12-12T05:37:08.965+0000] {logging_mixin.py:190} INFO - [2024-12-12T05:37:08.965+0000] {dag.py:3239} INFO - Sync 1 DAGs
[2024-12-12T05:37:09.060+0000] {logging_mixin.py:190} INFO - [2024-12-12T05:37:09.059+0000] {dag.py:4180} INFO - Setting next_dagrun for example_sla_dag to 2024-12-12 05:34:00+00:00, run_after=2024-12-12 05:36:00+00:00
[2024-12-12T05:37:09.119+0000] {processor.py:208} INFO - Processing /home/airflow/.local/lib/python3.12/site-packages/airflow/example_dags/example_sla_dag.py took 0.235 seconds
[2024-12-12T05:37:39.182+0000] {processor.py:186} INFO - Started process (PID=196) to work on /home/airflow/.local/lib/python3.12/site-packages/airflow/example_dags/example_sla_dag.py
[2024-12-12T05:37:39.183+0000] {processor.py:914} INFO - Processing file /home/airflow/.local/lib/python3.12/site-packages/airflow/example_dags/example_sla_dag.py for tasks to queue
[2024-12-12T05:37:39.184+0000] {logging_mixin.py:190} INFO - [2024-12-12T05:37:39.184+0000] {dagbag.py:588} INFO - Filling up the DagBag from /home/airflow/.local/lib/python3.12/site-packages/airflow/example_dags/example_sla_dag.py
[2024-12-12T05:37:39.192+0000] {processor.py:925} INFO - DAG(s) 'example_sla_dag' retrieved from /home/airflow/.local/lib/python3.12/site-packages/airflow/example_dags/example_sla_dag.py
[2024-12-12T05:37:39.205+0000] {logging_mixin.py:190} INFO - [2024-12-12T05:37:39.204+0000] {dag.py:3239} INFO - Sync 1 DAGs
[2024-12-12T05:37:39.218+0000] {logging_mixin.py:190} INFO - [2024-12-12T05:37:39.218+0000] {dag.py:4180} INFO - Setting next_dagrun for example_sla_dag to 2024-12-12 05:34:00+00:00, run_after=2024-12-12 05:36:00+00:00
[2024-12-12T05:37:39.227+0000] {processor.py:208} INFO - Processing /home/airflow/.local/lib/python3.12/site-packages/airflow/example_dags/example_sla_dag.py took 0.049 seconds
[2024-12-12T05:38:24.614+0000] {processor.py:186} INFO - Started process (PID=63) to work on /home/airflow/.local/lib/python3.12/site-packages/airflow/example_dags/example_sla_dag.py
[2024-12-12T05:38:24.618+0000] {processor.py:914} INFO - Processing file /home/airflow/.local/lib/python3.12/site-packages/airflow/example_dags/example_sla_dag.py for tasks to queue
[2024-12-12T05:38:24.620+0000] {logging_mixin.py:190} INFO - [2024-12-12T05:38:24.620+0000] {dagbag.py:588} INFO - Filling up the DagBag from /home/airflow/.local/lib/python3.12/site-packages/airflow/example_dags/example_sla_dag.py
[2024-12-12T05:38:24.626+0000] {processor.py:925} INFO - DAG(s) 'example_sla_dag' retrieved from /home/airflow/.local/lib/python3.12/site-packages/airflow/example_dags/example_sla_dag.py
[2024-12-12T05:38:24.640+0000] {logging_mixin.py:190} INFO - [2024-12-12T05:38:24.640+0000] {dag.py:3239} INFO - Sync 1 DAGs
[2024-12-12T05:38:24.659+0000] {logging_mixin.py:190} INFO - [2024-12-12T05:38:24.658+0000] {dag.py:4180} INFO - Setting next_dagrun for example_sla_dag to 2024-12-12 05:36:00+00:00, run_after=2024-12-12 05:38:00+00:00
[2024-12-12T05:38:24.668+0000] {processor.py:208} INFO - Processing /home/airflow/.local/lib/python3.12/site-packages/airflow/example_dags/example_sla_dag.py took 0.063 seconds
[2024-12-12T05:38:55.209+0000] {processor.py:186} INFO - Started process (PID=126) to work on /home/airflow/.local/lib/python3.12/site-packages/airflow/example_dags/example_sla_dag.py
[2024-12-12T05:38:55.210+0000] {processor.py:914} INFO - Processing file /home/airflow/.local/lib/python3.12/site-packages/airflow/example_dags/example_sla_dag.py for tasks to queue
[2024-12-12T05:38:55.212+0000] {logging_mixin.py:190} INFO - [2024-12-12T05:38:55.212+0000] {dagbag.py:588} INFO - Filling up the DagBag from /home/airflow/.local/lib/python3.12/site-packages/airflow/example_dags/example_sla_dag.py
[2024-12-12T05:38:55.220+0000] {processor.py:925} INFO - DAG(s) 'example_sla_dag' retrieved from /home/airflow/.local/lib/python3.12/site-packages/airflow/example_dags/example_sla_dag.py
[2024-12-12T05:38:55.237+0000] {logging_mixin.py:190} INFO - [2024-12-12T05:38:55.237+0000] {dag.py:3239} INFO - Sync 1 DAGs
[2024-12-12T05:38:55.257+0000] {logging_mixin.py:190} INFO - [2024-12-12T05:38:55.257+0000] {dag.py:4180} INFO - Setting next_dagrun for example_sla_dag to 2024-12-12 05:36:00+00:00, run_after=2024-12-12 05:38:00+00:00
[2024-12-12T05:38:55.272+0000] {processor.py:208} INFO - Processing /home/airflow/.local/lib/python3.12/site-packages/airflow/example_dags/example_sla_dag.py took 0.069 seconds
[2024-12-12T05:39:27.858+0000] {processor.py:186} INFO - Started process (PID=189) to work on /home/airflow/.local/lib/python3.12/site-packages/airflow/example_dags/example_sla_dag.py
[2024-12-12T05:39:27.861+0000] {processor.py:914} INFO - Processing file /home/airflow/.local/lib/python3.12/site-packages/airflow/example_dags/example_sla_dag.py for tasks to queue
[2024-12-12T05:39:27.867+0000] {logging_mixin.py:190} INFO - [2024-12-12T05:39:27.866+0000] {dagbag.py:588} INFO - Filling up the DagBag from /home/airflow/.local/lib/python3.12/site-packages/airflow/example_dags/example_sla_dag.py
[2024-12-12T05:39:27.878+0000] {processor.py:925} INFO - DAG(s) 'example_sla_dag' retrieved from /home/airflow/.local/lib/python3.12/site-packages/airflow/example_dags/example_sla_dag.py
[2024-12-12T05:39:27.914+0000] {logging_mixin.py:190} INFO - [2024-12-12T05:39:27.914+0000] {dag.py:3239} INFO - Sync 1 DAGs
[2024-12-12T05:39:27.936+0000] {logging_mixin.py:190} INFO - [2024-12-12T05:39:27.935+0000] {dag.py:4180} INFO - Setting next_dagrun for example_sla_dag to 2024-12-12 05:36:00+00:00, run_after=2024-12-12 05:38:00+00:00
[2024-12-12T05:39:27.984+0000] {processor.py:208} INFO - Processing /home/airflow/.local/lib/python3.12/site-packages/airflow/example_dags/example_sla_dag.py took 0.130 seconds
[2024-12-12T05:39:58.073+0000] {processor.py:186} INFO - Started process (PID=251) to work on /home/airflow/.local/lib/python3.12/site-packages/airflow/example_dags/example_sla_dag.py
[2024-12-12T05:39:58.074+0000] {processor.py:914} INFO - Processing file /home/airflow/.local/lib/python3.12/site-packages/airflow/example_dags/example_sla_dag.py for tasks to queue
[2024-12-12T05:39:58.075+0000] {logging_mixin.py:190} INFO - [2024-12-12T05:39:58.075+0000] {dagbag.py:588} INFO - Filling up the DagBag from /home/airflow/.local/lib/python3.12/site-packages/airflow/example_dags/example_sla_dag.py
[2024-12-12T05:39:58.082+0000] {processor.py:925} INFO - DAG(s) 'example_sla_dag' retrieved from /home/airflow/.local/lib/python3.12/site-packages/airflow/example_dags/example_sla_dag.py
[2024-12-12T05:39:58.096+0000] {logging_mixin.py:190} INFO - [2024-12-12T05:39:58.096+0000] {dag.py:3239} INFO - Sync 1 DAGs
[2024-12-12T05:39:58.113+0000] {logging_mixin.py:190} INFO - [2024-12-12T05:39:58.113+0000] {dag.py:4180} INFO - Setting next_dagrun for example_sla_dag to 2024-12-12 05:36:00+00:00, run_after=2024-12-12 05:38:00+00:00
[2024-12-12T05:39:58.127+0000] {processor.py:208} INFO - Processing /home/airflow/.local/lib/python3.12/site-packages/airflow/example_dags/example_sla_dag.py took 0.058 seconds
[2024-12-12T05:40:31.984+0000] {processor.py:186} INFO - Started process (PID=320) to work on /home/airflow/.local/lib/python3.12/site-packages/airflow/example_dags/example_sla_dag.py
[2024-12-12T05:40:32.052+0000] {processor.py:914} INFO - Processing file /home/airflow/.local/lib/python3.12/site-packages/airflow/example_dags/example_sla_dag.py for tasks to queue
[2024-12-12T05:40:32.088+0000] {logging_mixin.py:190} INFO - [2024-12-12T05:40:32.087+0000] {dagbag.py:588} INFO - Filling up the DagBag from /home/airflow/.local/lib/python3.12/site-packages/airflow/example_dags/example_sla_dag.py
[2024-12-12T05:40:32.195+0000] {processor.py:925} INFO - DAG(s) 'example_sla_dag' retrieved from /home/airflow/.local/lib/python3.12/site-packages/airflow/example_dags/example_sla_dag.py
[2024-12-12T05:40:32.465+0000] {logging_mixin.py:190} INFO - [2024-12-12T05:40:32.463+0000] {dag.py:3239} INFO - Sync 1 DAGs
[2024-12-12T05:40:32.600+0000] {logging_mixin.py:190} INFO - [2024-12-12T05:40:32.599+0000] {dag.py:4180} INFO - Setting next_dagrun for example_sla_dag to 2024-12-12 05:38:00+00:00, run_after=2024-12-12 05:40:00+00:00
[2024-12-12T05:40:32.631+0000] {processor.py:208} INFO - Processing /home/airflow/.local/lib/python3.12/site-packages/airflow/example_dags/example_sla_dag.py took 0.673 seconds
[2024-12-12T05:41:05.127+0000] {processor.py:186} INFO - Started process (PID=384) to work on /home/airflow/.local/lib/python3.12/site-packages/airflow/example_dags/example_sla_dag.py
[2024-12-12T05:41:05.129+0000] {processor.py:914} INFO - Processing file /home/airflow/.local/lib/python3.12/site-packages/airflow/example_dags/example_sla_dag.py for tasks to queue
[2024-12-12T05:41:05.135+0000] {logging_mixin.py:190} INFO - [2024-12-12T05:41:05.135+0000] {dagbag.py:588} INFO - Filling up the DagBag from /home/airflow/.local/lib/python3.12/site-packages/airflow/example_dags/example_sla_dag.py
[2024-12-12T05:41:05.163+0000] {processor.py:925} INFO - DAG(s) 'example_sla_dag' retrieved from /home/airflow/.local/lib/python3.12/site-packages/airflow/example_dags/example_sla_dag.py
[2024-12-12T05:41:05.187+0000] {logging_mixin.py:190} INFO - [2024-12-12T05:41:05.187+0000] {dag.py:3239} INFO - Sync 1 DAGs
[2024-12-12T05:41:05.222+0000] {logging_mixin.py:190} INFO - [2024-12-12T05:41:05.222+0000] {dag.py:4180} INFO - Setting next_dagrun for example_sla_dag to 2024-12-12 05:38:00+00:00, run_after=2024-12-12 05:40:00+00:00
[2024-12-12T05:41:05.383+0000] {processor.py:208} INFO - Processing /home/airflow/.local/lib/python3.12/site-packages/airflow/example_dags/example_sla_dag.py took 0.264 seconds
[2024-12-12T05:41:36.086+0000] {processor.py:186} INFO - Started process (PID=448) to work on /home/airflow/.local/lib/python3.12/site-packages/airflow/example_dags/example_sla_dag.py
[2024-12-12T05:41:36.088+0000] {processor.py:914} INFO - Processing file /home/airflow/.local/lib/python3.12/site-packages/airflow/example_dags/example_sla_dag.py for tasks to queue
[2024-12-12T05:41:36.091+0000] {logging_mixin.py:190} INFO - [2024-12-12T05:41:36.091+0000] {dagbag.py:588} INFO - Filling up the DagBag from /home/airflow/.local/lib/python3.12/site-packages/airflow/example_dags/example_sla_dag.py
[2024-12-12T05:41:36.105+0000] {processor.py:925} INFO - DAG(s) 'example_sla_dag' retrieved from /home/airflow/.local/lib/python3.12/site-packages/airflow/example_dags/example_sla_dag.py
[2024-12-12T05:41:36.130+0000] {logging_mixin.py:190} INFO - [2024-12-12T05:41:36.130+0000] {dag.py:3239} INFO - Sync 1 DAGs
[2024-12-12T05:41:36.172+0000] {logging_mixin.py:190} INFO - [2024-12-12T05:41:36.172+0000] {dag.py:4180} INFO - Setting next_dagrun for example_sla_dag to 2024-12-12 05:38:00+00:00, run_after=2024-12-12 05:40:00+00:00
[2024-12-12T05:41:36.217+0000] {processor.py:208} INFO - Processing /home/airflow/.local/lib/python3.12/site-packages/airflow/example_dags/example_sla_dag.py took 0.137 seconds
[2024-12-12T05:42:11.971+0000] {processor.py:186} INFO - Started process (PID=511) to work on /home/airflow/.local/lib/python3.12/site-packages/airflow/example_dags/example_sla_dag.py
[2024-12-12T05:42:11.976+0000] {processor.py:914} INFO - Processing file /home/airflow/.local/lib/python3.12/site-packages/airflow/example_dags/example_sla_dag.py for tasks to queue
[2024-12-12T05:42:11.982+0000] {logging_mixin.py:190} INFO - [2024-12-12T05:42:11.981+0000] {dagbag.py:588} INFO - Filling up the DagBag from /home/airflow/.local/lib/python3.12/site-packages/airflow/example_dags/example_sla_dag.py
[2024-12-12T05:42:11.999+0000] {processor.py:925} INFO - DAG(s) 'example_sla_dag' retrieved from /home/airflow/.local/lib/python3.12/site-packages/airflow/example_dags/example_sla_dag.py
[2024-12-12T05:42:12.027+0000] {logging_mixin.py:190} INFO - [2024-12-12T05:42:12.026+0000] {dag.py:3239} INFO - Sync 1 DAGs
[2024-12-12T05:42:12.070+0000] {logging_mixin.py:190} INFO - [2024-12-12T05:42:12.070+0000] {dag.py:4180} INFO - Setting next_dagrun for example_sla_dag to 2024-12-12 05:40:00+00:00, run_after=2024-12-12 05:42:00+00:00
[2024-12-12T05:42:12.120+0000] {processor.py:208} INFO - Processing /home/airflow/.local/lib/python3.12/site-packages/airflow/example_dags/example_sla_dag.py took 0.158 seconds
[2024-12-12T05:42:43.258+0000] {processor.py:186} INFO - Started process (PID=574) to work on /home/airflow/.local/lib/python3.12/site-packages/airflow/example_dags/example_sla_dag.py
[2024-12-12T05:42:43.261+0000] {processor.py:914} INFO - Processing file /home/airflow/.local/lib/python3.12/site-packages/airflow/example_dags/example_sla_dag.py for tasks to queue
[2024-12-12T05:42:43.263+0000] {logging_mixin.py:190} INFO - [2024-12-12T05:42:43.263+0000] {dagbag.py:588} INFO - Filling up the DagBag from /home/airflow/.local/lib/python3.12/site-packages/airflow/example_dags/example_sla_dag.py
[2024-12-12T05:42:43.274+0000] {processor.py:925} INFO - DAG(s) 'example_sla_dag' retrieved from /home/airflow/.local/lib/python3.12/site-packages/airflow/example_dags/example_sla_dag.py
[2024-12-12T05:42:43.309+0000] {logging_mixin.py:190} INFO - [2024-12-12T05:42:43.309+0000] {dag.py:3239} INFO - Sync 1 DAGs
[2024-12-12T05:42:43.328+0000] {logging_mixin.py:190} INFO - [2024-12-12T05:42:43.328+0000] {dag.py:4180} INFO - Setting next_dagrun for example_sla_dag to 2024-12-12 05:40:00+00:00, run_after=2024-12-12 05:42:00+00:00
[2024-12-12T05:42:43.350+0000] {processor.py:208} INFO - Processing /home/airflow/.local/lib/python3.12/site-packages/airflow/example_dags/example_sla_dag.py took 0.098 seconds
[2024-12-12T05:43:13.639+0000] {processor.py:186} INFO - Started process (PID=637) to work on /home/airflow/.local/lib/python3.12/site-packages/airflow/example_dags/example_sla_dag.py
[2024-12-12T05:43:13.639+0000] {processor.py:914} INFO - Processing file /home/airflow/.local/lib/python3.12/site-packages/airflow/example_dags/example_sla_dag.py for tasks to queue
[2024-12-12T05:43:13.641+0000] {logging_mixin.py:190} INFO - [2024-12-12T05:43:13.641+0000] {dagbag.py:588} INFO - Filling up the DagBag from /home/airflow/.local/lib/python3.12/site-packages/airflow/example_dags/example_sla_dag.py
[2024-12-12T05:43:13.651+0000] {processor.py:925} INFO - DAG(s) 'example_sla_dag' retrieved from /home/airflow/.local/lib/python3.12/site-packages/airflow/example_dags/example_sla_dag.py
[2024-12-12T05:43:13.672+0000] {logging_mixin.py:190} INFO - [2024-12-12T05:43:13.671+0000] {dag.py:3239} INFO - Sync 1 DAGs
[2024-12-12T05:43:13.743+0000] {logging_mixin.py:190} INFO - [2024-12-12T05:43:13.742+0000] {dag.py:4180} INFO - Setting next_dagrun for example_sla_dag to 2024-12-12 05:40:00+00:00, run_after=2024-12-12 05:42:00+00:00
[2024-12-12T05:43:13.770+0000] {processor.py:208} INFO - Processing /home/airflow/.local/lib/python3.12/site-packages/airflow/example_dags/example_sla_dag.py took 0.135 seconds
[2024-12-12T05:45:14.015+0000] {processor.py:186} INFO - Started process (PID=70) to work on /home/airflow/.local/lib/python3.12/site-packages/airflow/example_dags/example_sla_dag.py
[2024-12-12T05:45:14.017+0000] {processor.py:914} INFO - Processing file /home/airflow/.local/lib/python3.12/site-packages/airflow/example_dags/example_sla_dag.py for tasks to queue
[2024-12-12T05:45:14.035+0000] {logging_mixin.py:190} INFO - [2024-12-12T05:45:14.035+0000] {dagbag.py:588} INFO - Filling up the DagBag from /home/airflow/.local/lib/python3.12/site-packages/airflow/example_dags/example_sla_dag.py
[2024-12-12T05:45:14.104+0000] {processor.py:925} INFO - DAG(s) 'example_sla_dag' retrieved from /home/airflow/.local/lib/python3.12/site-packages/airflow/example_dags/example_sla_dag.py
[2024-12-12T05:45:14.213+0000] {logging_mixin.py:190} INFO - [2024-12-12T05:45:14.213+0000] {dag.py:3239} INFO - Sync 1 DAGs
[2024-12-12T05:45:14.329+0000] {logging_mixin.py:190} INFO - [2024-12-12T05:45:14.328+0000] {dag.py:4180} INFO - Setting next_dagrun for example_sla_dag to 2024-12-12 05:42:00+00:00, run_after=2024-12-12 05:44:00+00:00
[2024-12-12T05:45:14.375+0000] {processor.py:208} INFO - Processing /home/airflow/.local/lib/python3.12/site-packages/airflow/example_dags/example_sla_dag.py took 0.369 seconds
[2024-12-12T05:45:44.962+0000] {processor.py:186} INFO - Started process (PID=133) to work on /home/airflow/.local/lib/python3.12/site-packages/airflow/example_dags/example_sla_dag.py
[2024-12-12T05:45:44.977+0000] {processor.py:914} INFO - Processing file /home/airflow/.local/lib/python3.12/site-packages/airflow/example_dags/example_sla_dag.py for tasks to queue
[2024-12-12T05:45:45.022+0000] {logging_mixin.py:190} INFO - [2024-12-12T05:45:45.017+0000] {dagbag.py:588} INFO - Filling up the DagBag from /home/airflow/.local/lib/python3.12/site-packages/airflow/example_dags/example_sla_dag.py
[2024-12-12T05:45:45.181+0000] {processor.py:925} INFO - DAG(s) 'example_sla_dag' retrieved from /home/airflow/.local/lib/python3.12/site-packages/airflow/example_dags/example_sla_dag.py
[2024-12-12T05:45:45.410+0000] {logging_mixin.py:190} INFO - [2024-12-12T05:45:45.409+0000] {dag.py:3239} INFO - Sync 1 DAGs
[2024-12-12T05:45:45.659+0000] {logging_mixin.py:190} INFO - [2024-12-12T05:45:45.658+0000] {dag.py:4180} INFO - Setting next_dagrun for example_sla_dag to 2024-12-12 05:42:00+00:00, run_after=2024-12-12 05:44:00+00:00
[2024-12-12T05:45:45.728+0000] {processor.py:208} INFO - Processing /home/airflow/.local/lib/python3.12/site-packages/airflow/example_dags/example_sla_dag.py took 0.797 seconds
[2024-12-12T05:46:16.311+0000] {processor.py:186} INFO - Started process (PID=195) to work on /home/airflow/.local/lib/python3.12/site-packages/airflow/example_dags/example_sla_dag.py
[2024-12-12T05:46:16.314+0000] {processor.py:914} INFO - Processing file /home/airflow/.local/lib/python3.12/site-packages/airflow/example_dags/example_sla_dag.py for tasks to queue
[2024-12-12T05:46:16.322+0000] {logging_mixin.py:190} INFO - [2024-12-12T05:46:16.322+0000] {dagbag.py:588} INFO - Filling up the DagBag from /home/airflow/.local/lib/python3.12/site-packages/airflow/example_dags/example_sla_dag.py
[2024-12-12T05:46:16.339+0000] {processor.py:925} INFO - DAG(s) 'example_sla_dag' retrieved from /home/airflow/.local/lib/python3.12/site-packages/airflow/example_dags/example_sla_dag.py
[2024-12-12T05:46:16.356+0000] {logging_mixin.py:190} INFO - [2024-12-12T05:46:16.356+0000] {dag.py:3239} INFO - Sync 1 DAGs
[2024-12-12T05:46:16.374+0000] {logging_mixin.py:190} INFO - [2024-12-12T05:46:16.374+0000] {dag.py:4180} INFO - Setting next_dagrun for example_sla_dag to 2024-12-12 05:44:00+00:00, run_after=2024-12-12 05:46:00+00:00
[2024-12-12T05:46:16.386+0000] {processor.py:208} INFO - Processing /home/airflow/.local/lib/python3.12/site-packages/airflow/example_dags/example_sla_dag.py took 0.097 seconds
