[2024-12-12T05:36:32.711+0000] {processor.py:186} INFO - Started process (PID=62) to work on /home/airflow/.local/lib/python3.12/site-packages/airflow/example_dags/example_latest_only.py
[2024-12-12T05:36:32.723+0000] {processor.py:914} INFO - Processing file /home/airflow/.local/lib/python3.12/site-packages/airflow/example_dags/example_latest_only.py for tasks to queue
[2024-12-12T05:36:32.737+0000] {logging_mixin.py:190} INFO - [2024-12-12T05:36:32.736+0000] {dagbag.py:588} INFO - Filling up the DagBag from /home/airflow/.local/lib/python3.12/site-packages/airflow/example_dags/example_latest_only.py
[2024-12-12T05:36:32.800+0000] {processor.py:925} INFO - DAG(s) 'latest_only' retrieved from /home/airflow/.local/lib/python3.12/site-packages/airflow/example_dags/example_latest_only.py
[2024-12-12T05:36:33.204+0000] {logging_mixin.py:190} INFO - [2024-12-12T05:36:33.202+0000] {override.py:1911} INFO - Created Permission View: can delete on DAG:latest_only
[2024-12-12T05:36:33.218+0000] {logging_mixin.py:190} INFO - [2024-12-12T05:36:33.218+0000] {override.py:1911} INFO - Created Permission View: can edit on DAG:latest_only
[2024-12-12T05:36:33.225+0000] {logging_mixin.py:190} INFO - [2024-12-12T05:36:33.225+0000] {override.py:1911} INFO - Created Permission View: can read on DAG:latest_only
[2024-12-12T05:36:33.234+0000] {logging_mixin.py:190} INFO - [2024-12-12T05:36:33.234+0000] {override.py:1911} INFO - Created Permission View: can delete on DAG Run:latest_only
[2024-12-12T05:36:33.241+0000] {logging_mixin.py:190} INFO - [2024-12-12T05:36:33.241+0000] {override.py:1911} INFO - Created Permission View: menu access on DAG Run:latest_only
[2024-12-12T05:36:33.251+0000] {logging_mixin.py:190} INFO - [2024-12-12T05:36:33.250+0000] {override.py:1911} INFO - Created Permission View: can create on DAG Run:latest_only
[2024-12-12T05:36:33.257+0000] {logging_mixin.py:190} INFO - [2024-12-12T05:36:33.257+0000] {override.py:1911} INFO - Created Permission View: can read on DAG Run:latest_only
[2024-12-12T05:36:33.259+0000] {logging_mixin.py:190} INFO - [2024-12-12T05:36:33.258+0000] {dag.py:3239} INFO - Sync 1 DAGs
[2024-12-12T05:36:33.289+0000] {logging_mixin.py:190} INFO - [2024-12-12T05:36:33.289+0000] {dag.py:3262} INFO - Creating ORM DAG for latest_only
[2024-12-12T05:36:33.320+0000] {logging_mixin.py:190} INFO - [2024-12-12T05:36:33.319+0000] {dag.py:4180} INFO - Setting next_dagrun for latest_only to 2024-12-12 00:00:00+00:00, run_after=2024-12-12 04:00:00+00:00
[2024-12-12T05:36:33.358+0000] {processor.py:208} INFO - Processing /home/airflow/.local/lib/python3.12/site-packages/airflow/example_dags/example_latest_only.py took 0.675 seconds
[2024-12-12T05:37:03.704+0000] {processor.py:186} INFO - Started process (PID=125) to work on /home/airflow/.local/lib/python3.12/site-packages/airflow/example_dags/example_latest_only.py
[2024-12-12T05:37:03.705+0000] {processor.py:914} INFO - Processing file /home/airflow/.local/lib/python3.12/site-packages/airflow/example_dags/example_latest_only.py for tasks to queue
[2024-12-12T05:37:03.706+0000] {logging_mixin.py:190} INFO - [2024-12-12T05:37:03.706+0000] {dagbag.py:588} INFO - Filling up the DagBag from /home/airflow/.local/lib/python3.12/site-packages/airflow/example_dags/example_latest_only.py
[2024-12-12T05:37:03.711+0000] {processor.py:925} INFO - DAG(s) 'latest_only' retrieved from /home/airflow/.local/lib/python3.12/site-packages/airflow/example_dags/example_latest_only.py
[2024-12-12T05:37:03.725+0000] {logging_mixin.py:190} INFO - [2024-12-12T05:37:03.725+0000] {dag.py:3239} INFO - Sync 1 DAGs
[2024-12-12T05:37:03.736+0000] {logging_mixin.py:190} INFO - [2024-12-12T05:37:03.736+0000] {dag.py:4180} INFO - Setting next_dagrun for latest_only to 2024-12-12 00:00:00+00:00, run_after=2024-12-12 04:00:00+00:00
[2024-12-12T05:37:03.745+0000] {processor.py:208} INFO - Processing /home/airflow/.local/lib/python3.12/site-packages/airflow/example_dags/example_latest_only.py took 0.045 seconds
[2024-12-12T05:37:34.267+0000] {processor.py:186} INFO - Started process (PID=189) to work on /home/airflow/.local/lib/python3.12/site-packages/airflow/example_dags/example_latest_only.py
[2024-12-12T05:37:34.269+0000] {processor.py:914} INFO - Processing file /home/airflow/.local/lib/python3.12/site-packages/airflow/example_dags/example_latest_only.py for tasks to queue
[2024-12-12T05:37:34.274+0000] {logging_mixin.py:190} INFO - [2024-12-12T05:37:34.273+0000] {dagbag.py:588} INFO - Filling up the DagBag from /home/airflow/.local/lib/python3.12/site-packages/airflow/example_dags/example_latest_only.py
[2024-12-12T05:37:34.291+0000] {processor.py:925} INFO - DAG(s) 'latest_only' retrieved from /home/airflow/.local/lib/python3.12/site-packages/airflow/example_dags/example_latest_only.py
[2024-12-12T05:37:34.402+0000] {logging_mixin.py:190} INFO - [2024-12-12T05:37:34.402+0000] {dag.py:3239} INFO - Sync 1 DAGs
[2024-12-12T05:37:34.427+0000] {logging_mixin.py:190} INFO - [2024-12-12T05:37:34.427+0000] {dag.py:4180} INFO - Setting next_dagrun for latest_only to 2024-12-12 00:00:00+00:00, run_after=2024-12-12 04:00:00+00:00
[2024-12-12T05:37:34.439+0000] {processor.py:208} INFO - Processing /home/airflow/.local/lib/python3.12/site-packages/airflow/example_dags/example_latest_only.py took 0.186 seconds
[2024-12-12T05:38:23.659+0000] {processor.py:186} INFO - Started process (PID=55) to work on /home/airflow/.local/lib/python3.12/site-packages/airflow/example_dags/example_latest_only.py
[2024-12-12T05:38:23.660+0000] {processor.py:914} INFO - Processing file /home/airflow/.local/lib/python3.12/site-packages/airflow/example_dags/example_latest_only.py for tasks to queue
[2024-12-12T05:38:23.662+0000] {logging_mixin.py:190} INFO - [2024-12-12T05:38:23.662+0000] {dagbag.py:588} INFO - Filling up the DagBag from /home/airflow/.local/lib/python3.12/site-packages/airflow/example_dags/example_latest_only.py
[2024-12-12T05:38:23.668+0000] {processor.py:925} INFO - DAG(s) 'latest_only' retrieved from /home/airflow/.local/lib/python3.12/site-packages/airflow/example_dags/example_latest_only.py
[2024-12-12T05:38:23.689+0000] {logging_mixin.py:190} INFO - [2024-12-12T05:38:23.689+0000] {dag.py:3239} INFO - Sync 1 DAGs
[2024-12-12T05:38:23.721+0000] {logging_mixin.py:190} INFO - [2024-12-12T05:38:23.720+0000] {dag.py:4180} INFO - Setting next_dagrun for latest_only to 2024-12-12 00:00:00+00:00, run_after=2024-12-12 04:00:00+00:00
[2024-12-12T05:38:23.744+0000] {processor.py:208} INFO - Processing /home/airflow/.local/lib/python3.12/site-packages/airflow/example_dags/example_latest_only.py took 0.089 seconds
[2024-12-12T05:38:54.395+0000] {processor.py:186} INFO - Started process (PID=118) to work on /home/airflow/.local/lib/python3.12/site-packages/airflow/example_dags/example_latest_only.py
[2024-12-12T05:38:54.397+0000] {processor.py:914} INFO - Processing file /home/airflow/.local/lib/python3.12/site-packages/airflow/example_dags/example_latest_only.py for tasks to queue
[2024-12-12T05:38:54.399+0000] {logging_mixin.py:190} INFO - [2024-12-12T05:38:54.399+0000] {dagbag.py:588} INFO - Filling up the DagBag from /home/airflow/.local/lib/python3.12/site-packages/airflow/example_dags/example_latest_only.py
[2024-12-12T05:38:54.406+0000] {processor.py:925} INFO - DAG(s) 'latest_only' retrieved from /home/airflow/.local/lib/python3.12/site-packages/airflow/example_dags/example_latest_only.py
[2024-12-12T05:38:54.427+0000] {logging_mixin.py:190} INFO - [2024-12-12T05:38:54.427+0000] {dag.py:3239} INFO - Sync 1 DAGs
[2024-12-12T05:38:54.445+0000] {logging_mixin.py:190} INFO - [2024-12-12T05:38:54.445+0000] {dag.py:4180} INFO - Setting next_dagrun for latest_only to 2024-12-12 00:00:00+00:00, run_after=2024-12-12 04:00:00+00:00
[2024-12-12T05:38:54.475+0000] {processor.py:208} INFO - Processing /home/airflow/.local/lib/python3.12/site-packages/airflow/example_dags/example_latest_only.py took 0.085 seconds
[2024-12-12T05:39:26.484+0000] {processor.py:186} INFO - Started process (PID=182) to work on /home/airflow/.local/lib/python3.12/site-packages/airflow/example_dags/example_latest_only.py
[2024-12-12T05:39:26.497+0000] {processor.py:914} INFO - Processing file /home/airflow/.local/lib/python3.12/site-packages/airflow/example_dags/example_latest_only.py for tasks to queue
[2024-12-12T05:39:26.507+0000] {logging_mixin.py:190} INFO - [2024-12-12T05:39:26.506+0000] {dagbag.py:588} INFO - Filling up the DagBag from /home/airflow/.local/lib/python3.12/site-packages/airflow/example_dags/example_latest_only.py
[2024-12-12T05:39:26.524+0000] {processor.py:925} INFO - DAG(s) 'latest_only' retrieved from /home/airflow/.local/lib/python3.12/site-packages/airflow/example_dags/example_latest_only.py
[2024-12-12T05:39:26.573+0000] {logging_mixin.py:190} INFO - [2024-12-12T05:39:26.573+0000] {dag.py:3239} INFO - Sync 1 DAGs
[2024-12-12T05:39:26.601+0000] {logging_mixin.py:190} INFO - [2024-12-12T05:39:26.601+0000] {dag.py:4180} INFO - Setting next_dagrun for latest_only to 2024-12-12 00:00:00+00:00, run_after=2024-12-12 04:00:00+00:00
[2024-12-12T05:39:26.644+0000] {processor.py:208} INFO - Processing /home/airflow/.local/lib/python3.12/site-packages/airflow/example_dags/example_latest_only.py took 0.186 seconds
[2024-12-12T05:39:56.728+0000] {processor.py:186} INFO - Started process (PID=244) to work on /home/airflow/.local/lib/python3.12/site-packages/airflow/example_dags/example_latest_only.py
[2024-12-12T05:39:56.729+0000] {processor.py:914} INFO - Processing file /home/airflow/.local/lib/python3.12/site-packages/airflow/example_dags/example_latest_only.py for tasks to queue
[2024-12-12T05:39:56.733+0000] {logging_mixin.py:190} INFO - [2024-12-12T05:39:56.733+0000] {dagbag.py:588} INFO - Filling up the DagBag from /home/airflow/.local/lib/python3.12/site-packages/airflow/example_dags/example_latest_only.py
[2024-12-12T05:39:56.744+0000] {processor.py:925} INFO - DAG(s) 'latest_only' retrieved from /home/airflow/.local/lib/python3.12/site-packages/airflow/example_dags/example_latest_only.py
[2024-12-12T05:39:56.777+0000] {logging_mixin.py:190} INFO - [2024-12-12T05:39:56.777+0000] {dag.py:3239} INFO - Sync 1 DAGs
[2024-12-12T05:39:56.801+0000] {logging_mixin.py:190} INFO - [2024-12-12T05:39:56.801+0000] {dag.py:4180} INFO - Setting next_dagrun for latest_only to 2024-12-12 00:00:00+00:00, run_after=2024-12-12 04:00:00+00:00
[2024-12-12T05:39:56.829+0000] {processor.py:208} INFO - Processing /home/airflow/.local/lib/python3.12/site-packages/airflow/example_dags/example_latest_only.py took 0.106 seconds
[2024-12-12T05:40:29.993+0000] {processor.py:186} INFO - Started process (PID=313) to work on /home/airflow/.local/lib/python3.12/site-packages/airflow/example_dags/example_latest_only.py
[2024-12-12T05:40:29.996+0000] {processor.py:914} INFO - Processing file /home/airflow/.local/lib/python3.12/site-packages/airflow/example_dags/example_latest_only.py for tasks to queue
[2024-12-12T05:40:30.009+0000] {logging_mixin.py:190} INFO - [2024-12-12T05:40:30.007+0000] {dagbag.py:588} INFO - Filling up the DagBag from /home/airflow/.local/lib/python3.12/site-packages/airflow/example_dags/example_latest_only.py
[2024-12-12T05:40:30.032+0000] {processor.py:925} INFO - DAG(s) 'latest_only' retrieved from /home/airflow/.local/lib/python3.12/site-packages/airflow/example_dags/example_latest_only.py
[2024-12-12T05:40:30.075+0000] {logging_mixin.py:190} INFO - [2024-12-12T05:40:30.074+0000] {dag.py:3239} INFO - Sync 1 DAGs
[2024-12-12T05:40:30.115+0000] {logging_mixin.py:190} INFO - [2024-12-12T05:40:30.115+0000] {dag.py:4180} INFO - Setting next_dagrun for latest_only to 2024-12-12 00:00:00+00:00, run_after=2024-12-12 04:00:00+00:00
[2024-12-12T05:40:30.138+0000] {processor.py:208} INFO - Processing /home/airflow/.local/lib/python3.12/site-packages/airflow/example_dags/example_latest_only.py took 0.153 seconds
[2024-12-12T05:41:03.557+0000] {processor.py:186} INFO - Started process (PID=377) to work on /home/airflow/.local/lib/python3.12/site-packages/airflow/example_dags/example_latest_only.py
[2024-12-12T05:41:03.566+0000] {processor.py:914} INFO - Processing file /home/airflow/.local/lib/python3.12/site-packages/airflow/example_dags/example_latest_only.py for tasks to queue
[2024-12-12T05:41:03.579+0000] {logging_mixin.py:190} INFO - [2024-12-12T05:41:03.578+0000] {dagbag.py:588} INFO - Filling up the DagBag from /home/airflow/.local/lib/python3.12/site-packages/airflow/example_dags/example_latest_only.py
[2024-12-12T05:41:03.614+0000] {processor.py:925} INFO - DAG(s) 'latest_only' retrieved from /home/airflow/.local/lib/python3.12/site-packages/airflow/example_dags/example_latest_only.py
[2024-12-12T05:41:03.667+0000] {logging_mixin.py:190} INFO - [2024-12-12T05:41:03.667+0000] {dag.py:3239} INFO - Sync 1 DAGs
[2024-12-12T05:41:03.797+0000] {logging_mixin.py:190} INFO - [2024-12-12T05:41:03.797+0000] {dag.py:4180} INFO - Setting next_dagrun for latest_only to 2024-12-12 00:00:00+00:00, run_after=2024-12-12 04:00:00+00:00
[2024-12-12T05:41:03.888+0000] {processor.py:208} INFO - Processing /home/airflow/.local/lib/python3.12/site-packages/airflow/example_dags/example_latest_only.py took 0.338 seconds
[2024-12-12T05:41:34.406+0000] {processor.py:186} INFO - Started process (PID=441) to work on /home/airflow/.local/lib/python3.12/site-packages/airflow/example_dags/example_latest_only.py
[2024-12-12T05:41:34.407+0000] {processor.py:914} INFO - Processing file /home/airflow/.local/lib/python3.12/site-packages/airflow/example_dags/example_latest_only.py for tasks to queue
[2024-12-12T05:41:34.409+0000] {logging_mixin.py:190} INFO - [2024-12-12T05:41:34.409+0000] {dagbag.py:588} INFO - Filling up the DagBag from /home/airflow/.local/lib/python3.12/site-packages/airflow/example_dags/example_latest_only.py
[2024-12-12T05:41:34.417+0000] {processor.py:925} INFO - DAG(s) 'latest_only' retrieved from /home/airflow/.local/lib/python3.12/site-packages/airflow/example_dags/example_latest_only.py
[2024-12-12T05:41:34.469+0000] {logging_mixin.py:190} INFO - [2024-12-12T05:41:34.469+0000] {dag.py:3239} INFO - Sync 1 DAGs
[2024-12-12T05:41:34.507+0000] {logging_mixin.py:190} INFO - [2024-12-12T05:41:34.507+0000] {dag.py:4180} INFO - Setting next_dagrun for latest_only to 2024-12-12 00:00:00+00:00, run_after=2024-12-12 04:00:00+00:00
[2024-12-12T05:41:34.538+0000] {processor.py:208} INFO - Processing /home/airflow/.local/lib/python3.12/site-packages/airflow/example_dags/example_latest_only.py took 0.139 seconds
[2024-12-12T05:42:09.704+0000] {processor.py:186} INFO - Started process (PID=504) to work on /home/airflow/.local/lib/python3.12/site-packages/airflow/example_dags/example_latest_only.py
[2024-12-12T05:42:09.708+0000] {processor.py:914} INFO - Processing file /home/airflow/.local/lib/python3.12/site-packages/airflow/example_dags/example_latest_only.py for tasks to queue
[2024-12-12T05:42:09.737+0000] {logging_mixin.py:190} INFO - [2024-12-12T05:42:09.729+0000] {dagbag.py:588} INFO - Filling up the DagBag from /home/airflow/.local/lib/python3.12/site-packages/airflow/example_dags/example_latest_only.py
[2024-12-12T05:42:09.850+0000] {processor.py:925} INFO - DAG(s) 'latest_only' retrieved from /home/airflow/.local/lib/python3.12/site-packages/airflow/example_dags/example_latest_only.py
[2024-12-12T05:42:09.931+0000] {logging_mixin.py:190} INFO - [2024-12-12T05:42:09.930+0000] {dag.py:3239} INFO - Sync 1 DAGs
[2024-12-12T05:42:09.975+0000] {logging_mixin.py:190} INFO - [2024-12-12T05:42:09.974+0000] {dag.py:4180} INFO - Setting next_dagrun for latest_only to 2024-12-12 00:00:00+00:00, run_after=2024-12-12 04:00:00+00:00
[2024-12-12T05:42:10.064+0000] {processor.py:208} INFO - Processing /home/airflow/.local/lib/python3.12/site-packages/airflow/example_dags/example_latest_only.py took 0.382 seconds
[2024-12-12T05:42:40.894+0000] {processor.py:186} INFO - Started process (PID=567) to work on /home/airflow/.local/lib/python3.12/site-packages/airflow/example_dags/example_latest_only.py
[2024-12-12T05:42:40.896+0000] {processor.py:914} INFO - Processing file /home/airflow/.local/lib/python3.12/site-packages/airflow/example_dags/example_latest_only.py for tasks to queue
[2024-12-12T05:42:40.904+0000] {logging_mixin.py:190} INFO - [2024-12-12T05:42:40.903+0000] {dagbag.py:588} INFO - Filling up the DagBag from /home/airflow/.local/lib/python3.12/site-packages/airflow/example_dags/example_latest_only.py
[2024-12-12T05:42:40.935+0000] {processor.py:925} INFO - DAG(s) 'latest_only' retrieved from /home/airflow/.local/lib/python3.12/site-packages/airflow/example_dags/example_latest_only.py
[2024-12-12T05:42:40.980+0000] {logging_mixin.py:190} INFO - [2024-12-12T05:42:40.980+0000] {dag.py:3239} INFO - Sync 1 DAGs
[2024-12-12T05:42:41.026+0000] {logging_mixin.py:190} INFO - [2024-12-12T05:42:41.025+0000] {dag.py:4180} INFO - Setting next_dagrun for latest_only to 2024-12-12 00:00:00+00:00, run_after=2024-12-12 04:00:00+00:00
[2024-12-12T05:42:41.073+0000] {processor.py:208} INFO - Processing /home/airflow/.local/lib/python3.12/site-packages/airflow/example_dags/example_latest_only.py took 0.222 seconds
[2024-12-12T05:43:11.896+0000] {processor.py:186} INFO - Started process (PID=630) to work on /home/airflow/.local/lib/python3.12/site-packages/airflow/example_dags/example_latest_only.py
[2024-12-12T05:43:12.079+0000] {processor.py:914} INFO - Processing file /home/airflow/.local/lib/python3.12/site-packages/airflow/example_dags/example_latest_only.py for tasks to queue
[2024-12-12T05:43:12.308+0000] {logging_mixin.py:190} INFO - [2024-12-12T05:43:12.307+0000] {dagbag.py:588} INFO - Filling up the DagBag from /home/airflow/.local/lib/python3.12/site-packages/airflow/example_dags/example_latest_only.py
[2024-12-12T05:43:12.415+0000] {processor.py:925} INFO - DAG(s) 'latest_only' retrieved from /home/airflow/.local/lib/python3.12/site-packages/airflow/example_dags/example_latest_only.py
[2024-12-12T05:43:12.586+0000] {logging_mixin.py:190} INFO - [2024-12-12T05:43:12.585+0000] {dag.py:3239} INFO - Sync 1 DAGs
[2024-12-12T05:43:12.690+0000] {logging_mixin.py:190} INFO - [2024-12-12T05:43:12.690+0000] {dag.py:4180} INFO - Setting next_dagrun for latest_only to 2024-12-12 00:00:00+00:00, run_after=2024-12-12 04:00:00+00:00
[2024-12-12T05:43:12.764+0000] {processor.py:208} INFO - Processing /home/airflow/.local/lib/python3.12/site-packages/airflow/example_dags/example_latest_only.py took 0.876 seconds
[2024-12-12T05:45:09.678+0000] {processor.py:186} INFO - Started process (PID=62) to work on /home/airflow/.local/lib/python3.12/site-packages/airflow/example_dags/example_latest_only.py
[2024-12-12T05:45:09.682+0000] {processor.py:914} INFO - Processing file /home/airflow/.local/lib/python3.12/site-packages/airflow/example_dags/example_latest_only.py for tasks to queue
[2024-12-12T05:45:09.694+0000] {logging_mixin.py:190} INFO - [2024-12-12T05:45:09.693+0000] {dagbag.py:588} INFO - Filling up the DagBag from /home/airflow/.local/lib/python3.12/site-packages/airflow/example_dags/example_latest_only.py
[2024-12-12T05:45:09.728+0000] {processor.py:925} INFO - DAG(s) 'latest_only' retrieved from /home/airflow/.local/lib/python3.12/site-packages/airflow/example_dags/example_latest_only.py
[2024-12-12T05:45:09.793+0000] {logging_mixin.py:190} INFO - [2024-12-12T05:45:09.793+0000] {dag.py:3239} INFO - Sync 1 DAGs
[2024-12-12T05:45:09.882+0000] {logging_mixin.py:190} INFO - [2024-12-12T05:45:09.882+0000] {dag.py:4180} INFO - Setting next_dagrun for latest_only to 2024-12-12 00:00:00+00:00, run_after=2024-12-12 04:00:00+00:00
[2024-12-12T05:45:09.911+0000] {processor.py:208} INFO - Processing /home/airflow/.local/lib/python3.12/site-packages/airflow/example_dags/example_latest_only.py took 0.382 seconds
[2024-12-12T05:45:40.851+0000] {processor.py:186} INFO - Started process (PID=125) to work on /home/airflow/.local/lib/python3.12/site-packages/airflow/example_dags/example_latest_only.py
[2024-12-12T05:45:40.865+0000] {processor.py:914} INFO - Processing file /home/airflow/.local/lib/python3.12/site-packages/airflow/example_dags/example_latest_only.py for tasks to queue
[2024-12-12T05:45:40.874+0000] {logging_mixin.py:190} INFO - [2024-12-12T05:45:40.874+0000] {dagbag.py:588} INFO - Filling up the DagBag from /home/airflow/.local/lib/python3.12/site-packages/airflow/example_dags/example_latest_only.py
[2024-12-12T05:45:40.957+0000] {processor.py:925} INFO - DAG(s) 'latest_only' retrieved from /home/airflow/.local/lib/python3.12/site-packages/airflow/example_dags/example_latest_only.py
[2024-12-12T05:45:41.118+0000] {logging_mixin.py:190} INFO - [2024-12-12T05:45:41.118+0000] {dag.py:3239} INFO - Sync 1 DAGs
[2024-12-12T05:45:41.618+0000] {logging_mixin.py:190} INFO - [2024-12-12T05:45:41.617+0000] {dag.py:4180} INFO - Setting next_dagrun for latest_only to 2024-12-12 00:00:00+00:00, run_after=2024-12-12 04:00:00+00:00
[2024-12-12T05:45:41.743+0000] {processor.py:208} INFO - Processing /home/airflow/.local/lib/python3.12/site-packages/airflow/example_dags/example_latest_only.py took 0.940 seconds
[2024-12-12T05:46:12.609+0000] {processor.py:186} INFO - Started process (PID=188) to work on /home/airflow/.local/lib/python3.12/site-packages/airflow/example_dags/example_latest_only.py
[2024-12-12T05:46:12.611+0000] {processor.py:914} INFO - Processing file /home/airflow/.local/lib/python3.12/site-packages/airflow/example_dags/example_latest_only.py for tasks to queue
[2024-12-12T05:46:12.615+0000] {logging_mixin.py:190} INFO - [2024-12-12T05:46:12.615+0000] {dagbag.py:588} INFO - Filling up the DagBag from /home/airflow/.local/lib/python3.12/site-packages/airflow/example_dags/example_latest_only.py
[2024-12-12T05:46:12.631+0000] {processor.py:925} INFO - DAG(s) 'latest_only' retrieved from /home/airflow/.local/lib/python3.12/site-packages/airflow/example_dags/example_latest_only.py
[2024-12-12T05:46:12.664+0000] {logging_mixin.py:190} INFO - [2024-12-12T05:46:12.664+0000] {dag.py:3239} INFO - Sync 1 DAGs
[2024-12-12T05:46:12.694+0000] {logging_mixin.py:190} INFO - [2024-12-12T05:46:12.693+0000] {dag.py:4180} INFO - Setting next_dagrun for latest_only to 2024-12-12 00:00:00+00:00, run_after=2024-12-12 04:00:00+00:00
[2024-12-12T05:46:12.723+0000] {processor.py:208} INFO - Processing /home/airflow/.local/lib/python3.12/site-packages/airflow/example_dags/example_latest_only.py took 0.125 seconds
