[2024-12-12T05:36:33.445+0000] {processor.py:186} INFO - Started process (PID=63) to work on /home/airflow/.local/lib/python3.12/site-packages/airflow/example_dags/example_bash_decorator.py
[2024-12-12T05:36:33.450+0000] {processor.py:914} INFO - Processing file /home/airflow/.local/lib/python3.12/site-packages/airflow/example_dags/example_bash_decorator.py for tasks to queue
[2024-12-12T05:36:33.470+0000] {logging_mixin.py:190} INFO - [2024-12-12T05:36:33.468+0000] {dagbag.py:588} INFO - Filling up the DagBag from /home/airflow/.local/lib/python3.12/site-packages/airflow/example_dags/example_bash_decorator.py
[2024-12-12T05:36:33.555+0000] {processor.py:925} INFO - DAG(s) 'example_bash_decorator' retrieved from /home/airflow/.local/lib/python3.12/site-packages/airflow/example_dags/example_bash_decorator.py
[2024-12-12T05:36:33.902+0000] {logging_mixin.py:190} INFO - [2024-12-12T05:36:33.901+0000] {override.py:1911} INFO - Created Permission View: can delete on DAG:example_bash_decorator
[2024-12-12T05:36:33.932+0000] {logging_mixin.py:190} INFO - [2024-12-12T05:36:33.931+0000] {override.py:1911} INFO - Created Permission View: can edit on DAG:example_bash_decorator
[2024-12-12T05:36:33.959+0000] {logging_mixin.py:190} INFO - [2024-12-12T05:36:33.958+0000] {override.py:1911} INFO - Created Permission View: can read on DAG:example_bash_decorator
[2024-12-12T05:36:33.975+0000] {logging_mixin.py:190} INFO - [2024-12-12T05:36:33.975+0000] {override.py:1911} INFO - Created Permission View: can delete on DAG Run:example_bash_decorator
[2024-12-12T05:36:33.989+0000] {logging_mixin.py:190} INFO - [2024-12-12T05:36:33.988+0000] {override.py:1911} INFO - Created Permission View: menu access on DAG Run:example_bash_decorator
[2024-12-12T05:36:34.002+0000] {logging_mixin.py:190} INFO - [2024-12-12T05:36:34.002+0000] {override.py:1911} INFO - Created Permission View: can create on DAG Run:example_bash_decorator
[2024-12-12T05:36:34.016+0000] {logging_mixin.py:190} INFO - [2024-12-12T05:36:34.015+0000] {override.py:1911} INFO - Created Permission View: can read on DAG Run:example_bash_decorator
[2024-12-12T05:36:34.017+0000] {logging_mixin.py:190} INFO - [2024-12-12T05:36:34.016+0000] {dag.py:3239} INFO - Sync 1 DAGs
[2024-12-12T05:36:34.058+0000] {logging_mixin.py:190} INFO - [2024-12-12T05:36:34.057+0000] {dag.py:3262} INFO - Creating ORM DAG for example_bash_decorator
[2024-12-12T05:36:34.059+0000] {logging_mixin.py:190} INFO - [2024-12-12T05:36:34.059+0000] {dag.py:4180} INFO - Setting next_dagrun for example_bash_decorator to None, run_after=None
[2024-12-12T05:36:34.084+0000] {processor.py:208} INFO - Processing /home/airflow/.local/lib/python3.12/site-packages/airflow/example_dags/example_bash_decorator.py took 0.673 seconds
[2024-12-12T05:37:04.726+0000] {processor.py:186} INFO - Started process (PID=126) to work on /home/airflow/.local/lib/python3.12/site-packages/airflow/example_dags/example_bash_decorator.py
[2024-12-12T05:37:04.727+0000] {processor.py:914} INFO - Processing file /home/airflow/.local/lib/python3.12/site-packages/airflow/example_dags/example_bash_decorator.py for tasks to queue
[2024-12-12T05:37:04.731+0000] {logging_mixin.py:190} INFO - [2024-12-12T05:37:04.730+0000] {dagbag.py:588} INFO - Filling up the DagBag from /home/airflow/.local/lib/python3.12/site-packages/airflow/example_dags/example_bash_decorator.py
[2024-12-12T05:37:04.746+0000] {processor.py:925} INFO - DAG(s) 'example_bash_decorator' retrieved from /home/airflow/.local/lib/python3.12/site-packages/airflow/example_dags/example_bash_decorator.py
[2024-12-12T05:37:04.764+0000] {logging_mixin.py:190} INFO - [2024-12-12T05:37:04.764+0000] {dag.py:3239} INFO - Sync 1 DAGs
[2024-12-12T05:37:04.774+0000] {logging_mixin.py:190} INFO - [2024-12-12T05:37:04.774+0000] {dag.py:4180} INFO - Setting next_dagrun for example_bash_decorator to None, run_after=None
[2024-12-12T05:37:04.784+0000] {processor.py:208} INFO - Processing /home/airflow/.local/lib/python3.12/site-packages/airflow/example_dags/example_bash_decorator.py took 0.065 seconds
[2024-12-12T05:37:35.275+0000] {processor.py:186} INFO - Started process (PID=190) to work on /home/airflow/.local/lib/python3.12/site-packages/airflow/example_dags/example_bash_decorator.py
[2024-12-12T05:37:35.276+0000] {processor.py:914} INFO - Processing file /home/airflow/.local/lib/python3.12/site-packages/airflow/example_dags/example_bash_decorator.py for tasks to queue
[2024-12-12T05:37:35.277+0000] {logging_mixin.py:190} INFO - [2024-12-12T05:37:35.277+0000] {dagbag.py:588} INFO - Filling up the DagBag from /home/airflow/.local/lib/python3.12/site-packages/airflow/example_dags/example_bash_decorator.py
[2024-12-12T05:37:35.299+0000] {processor.py:925} INFO - DAG(s) 'example_bash_decorator' retrieved from /home/airflow/.local/lib/python3.12/site-packages/airflow/example_dags/example_bash_decorator.py
[2024-12-12T05:37:35.318+0000] {logging_mixin.py:190} INFO - [2024-12-12T05:37:35.317+0000] {dag.py:3239} INFO - Sync 1 DAGs
[2024-12-12T05:37:35.330+0000] {logging_mixin.py:190} INFO - [2024-12-12T05:37:35.330+0000] {dag.py:4180} INFO - Setting next_dagrun for example_bash_decorator to None, run_after=None
[2024-12-12T05:37:35.342+0000] {processor.py:208} INFO - Processing /home/airflow/.local/lib/python3.12/site-packages/airflow/example_dags/example_bash_decorator.py took 0.072 seconds
[2024-12-12T05:38:23.771+0000] {processor.py:186} INFO - Started process (PID=56) to work on /home/airflow/.local/lib/python3.12/site-packages/airflow/example_dags/example_bash_decorator.py
[2024-12-12T05:38:23.773+0000] {processor.py:914} INFO - Processing file /home/airflow/.local/lib/python3.12/site-packages/airflow/example_dags/example_bash_decorator.py for tasks to queue
[2024-12-12T05:38:23.774+0000] {logging_mixin.py:190} INFO - [2024-12-12T05:38:23.774+0000] {dagbag.py:588} INFO - Filling up the DagBag from /home/airflow/.local/lib/python3.12/site-packages/airflow/example_dags/example_bash_decorator.py
[2024-12-12T05:38:23.788+0000] {processor.py:925} INFO - DAG(s) 'example_bash_decorator' retrieved from /home/airflow/.local/lib/python3.12/site-packages/airflow/example_dags/example_bash_decorator.py
[2024-12-12T05:38:23.878+0000] {logging_mixin.py:190} INFO - [2024-12-12T05:38:23.877+0000] {dag.py:3239} INFO - Sync 1 DAGs
[2024-12-12T05:38:23.889+0000] {logging_mixin.py:190} INFO - [2024-12-12T05:38:23.889+0000] {dag.py:4180} INFO - Setting next_dagrun for example_bash_decorator to None, run_after=None
[2024-12-12T05:38:23.907+0000] {processor.py:208} INFO - Processing /home/airflow/.local/lib/python3.12/site-packages/airflow/example_dags/example_bash_decorator.py took 0.140 seconds
[2024-12-12T05:38:54.445+0000] {processor.py:186} INFO - Started process (PID=119) to work on /home/airflow/.local/lib/python3.12/site-packages/airflow/example_dags/example_bash_decorator.py
[2024-12-12T05:38:54.452+0000] {processor.py:914} INFO - Processing file /home/airflow/.local/lib/python3.12/site-packages/airflow/example_dags/example_bash_decorator.py for tasks to queue
[2024-12-12T05:38:54.454+0000] {logging_mixin.py:190} INFO - [2024-12-12T05:38:54.454+0000] {dagbag.py:588} INFO - Filling up the DagBag from /home/airflow/.local/lib/python3.12/site-packages/airflow/example_dags/example_bash_decorator.py
[2024-12-12T05:38:54.464+0000] {processor.py:925} INFO - DAG(s) 'example_bash_decorator' retrieved from /home/airflow/.local/lib/python3.12/site-packages/airflow/example_dags/example_bash_decorator.py
[2024-12-12T05:38:54.490+0000] {logging_mixin.py:190} INFO - [2024-12-12T05:38:54.489+0000] {dag.py:3239} INFO - Sync 1 DAGs
[2024-12-12T05:38:54.500+0000] {logging_mixin.py:190} INFO - [2024-12-12T05:38:54.500+0000] {dag.py:4180} INFO - Setting next_dagrun for example_bash_decorator to None, run_after=None
[2024-12-12T05:38:54.520+0000] {processor.py:208} INFO - Processing /home/airflow/.local/lib/python3.12/site-packages/airflow/example_dags/example_bash_decorator.py took 0.081 seconds
[2024-12-12T05:39:26.715+0000] {processor.py:186} INFO - Started process (PID=183) to work on /home/airflow/.local/lib/python3.12/site-packages/airflow/example_dags/example_bash_decorator.py
[2024-12-12T05:39:26.719+0000] {processor.py:914} INFO - Processing file /home/airflow/.local/lib/python3.12/site-packages/airflow/example_dags/example_bash_decorator.py for tasks to queue
[2024-12-12T05:39:26.725+0000] {logging_mixin.py:190} INFO - [2024-12-12T05:39:26.725+0000] {dagbag.py:588} INFO - Filling up the DagBag from /home/airflow/.local/lib/python3.12/site-packages/airflow/example_dags/example_bash_decorator.py
[2024-12-12T05:39:26.741+0000] {processor.py:925} INFO - DAG(s) 'example_bash_decorator' retrieved from /home/airflow/.local/lib/python3.12/site-packages/airflow/example_dags/example_bash_decorator.py
[2024-12-12T05:39:26.791+0000] {logging_mixin.py:190} INFO - [2024-12-12T05:39:26.790+0000] {dag.py:3239} INFO - Sync 1 DAGs
[2024-12-12T05:39:26.803+0000] {logging_mixin.py:190} INFO - [2024-12-12T05:39:26.802+0000] {dag.py:4180} INFO - Setting next_dagrun for example_bash_decorator to None, run_after=None
[2024-12-12T05:39:26.829+0000] {processor.py:208} INFO - Processing /home/airflow/.local/lib/python3.12/site-packages/airflow/example_dags/example_bash_decorator.py took 0.118 seconds
[2024-12-12T05:39:57.787+0000] {processor.py:186} INFO - Started process (PID=245) to work on /home/airflow/.local/lib/python3.12/site-packages/airflow/example_dags/example_bash_decorator.py
[2024-12-12T05:39:57.789+0000] {processor.py:914} INFO - Processing file /home/airflow/.local/lib/python3.12/site-packages/airflow/example_dags/example_bash_decorator.py for tasks to queue
[2024-12-12T05:39:57.793+0000] {logging_mixin.py:190} INFO - [2024-12-12T05:39:57.792+0000] {dagbag.py:588} INFO - Filling up the DagBag from /home/airflow/.local/lib/python3.12/site-packages/airflow/example_dags/example_bash_decorator.py
[2024-12-12T05:39:57.814+0000] {processor.py:925} INFO - DAG(s) 'example_bash_decorator' retrieved from /home/airflow/.local/lib/python3.12/site-packages/airflow/example_dags/example_bash_decorator.py
[2024-12-12T05:39:57.846+0000] {logging_mixin.py:190} INFO - [2024-12-12T05:39:57.846+0000] {dag.py:3239} INFO - Sync 1 DAGs
[2024-12-12T05:39:57.861+0000] {logging_mixin.py:190} INFO - [2024-12-12T05:39:57.861+0000] {dag.py:4180} INFO - Setting next_dagrun for example_bash_decorator to None, run_after=None
[2024-12-12T05:39:57.876+0000] {processor.py:208} INFO - Processing /home/airflow/.local/lib/python3.12/site-packages/airflow/example_dags/example_bash_decorator.py took 0.097 seconds
[2024-12-12T05:40:30.126+0000] {processor.py:186} INFO - Started process (PID=314) to work on /home/airflow/.local/lib/python3.12/site-packages/airflow/example_dags/example_bash_decorator.py
[2024-12-12T05:40:30.128+0000] {processor.py:914} INFO - Processing file /home/airflow/.local/lib/python3.12/site-packages/airflow/example_dags/example_bash_decorator.py for tasks to queue
[2024-12-12T05:40:30.130+0000] {logging_mixin.py:190} INFO - [2024-12-12T05:40:30.130+0000] {dagbag.py:588} INFO - Filling up the DagBag from /home/airflow/.local/lib/python3.12/site-packages/airflow/example_dags/example_bash_decorator.py
[2024-12-12T05:40:30.181+0000] {processor.py:925} INFO - DAG(s) 'example_bash_decorator' retrieved from /home/airflow/.local/lib/python3.12/site-packages/airflow/example_dags/example_bash_decorator.py
[2024-12-12T05:40:30.232+0000] {logging_mixin.py:190} INFO - [2024-12-12T05:40:30.232+0000] {dag.py:3239} INFO - Sync 1 DAGs
[2024-12-12T05:40:30.254+0000] {logging_mixin.py:190} INFO - [2024-12-12T05:40:30.254+0000] {dag.py:4180} INFO - Setting next_dagrun for example_bash_decorator to None, run_after=None
[2024-12-12T05:40:30.314+0000] {processor.py:208} INFO - Processing /home/airflow/.local/lib/python3.12/site-packages/airflow/example_dags/example_bash_decorator.py took 0.196 seconds
[2024-12-12T05:41:03.573+0000] {processor.py:186} INFO - Started process (PID=378) to work on /home/airflow/.local/lib/python3.12/site-packages/airflow/example_dags/example_bash_decorator.py
[2024-12-12T05:41:03.578+0000] {processor.py:914} INFO - Processing file /home/airflow/.local/lib/python3.12/site-packages/airflow/example_dags/example_bash_decorator.py for tasks to queue
[2024-12-12T05:41:03.593+0000] {logging_mixin.py:190} INFO - [2024-12-12T05:41:03.591+0000] {dagbag.py:588} INFO - Filling up the DagBag from /home/airflow/.local/lib/python3.12/site-packages/airflow/example_dags/example_bash_decorator.py
[2024-12-12T05:41:03.628+0000] {processor.py:925} INFO - DAG(s) 'example_bash_decorator' retrieved from /home/airflow/.local/lib/python3.12/site-packages/airflow/example_dags/example_bash_decorator.py
[2024-12-12T05:41:03.703+0000] {logging_mixin.py:190} INFO - [2024-12-12T05:41:03.703+0000] {dag.py:3239} INFO - Sync 1 DAGs
[2024-12-12T05:41:03.733+0000] {logging_mixin.py:190} INFO - [2024-12-12T05:41:03.733+0000] {dag.py:4180} INFO - Setting next_dagrun for example_bash_decorator to None, run_after=None
[2024-12-12T05:41:03.788+0000] {processor.py:208} INFO - Processing /home/airflow/.local/lib/python3.12/site-packages/airflow/example_dags/example_bash_decorator.py took 0.234 seconds
[2024-12-12T05:41:34.513+0000] {processor.py:186} INFO - Started process (PID=442) to work on /home/airflow/.local/lib/python3.12/site-packages/airflow/example_dags/example_bash_decorator.py
[2024-12-12T05:41:34.515+0000] {processor.py:914} INFO - Processing file /home/airflow/.local/lib/python3.12/site-packages/airflow/example_dags/example_bash_decorator.py for tasks to queue
[2024-12-12T05:41:34.518+0000] {logging_mixin.py:190} INFO - [2024-12-12T05:41:34.518+0000] {dagbag.py:588} INFO - Filling up the DagBag from /home/airflow/.local/lib/python3.12/site-packages/airflow/example_dags/example_bash_decorator.py
[2024-12-12T05:41:34.555+0000] {processor.py:925} INFO - DAG(s) 'example_bash_decorator' retrieved from /home/airflow/.local/lib/python3.12/site-packages/airflow/example_dags/example_bash_decorator.py
[2024-12-12T05:41:34.599+0000] {logging_mixin.py:190} INFO - [2024-12-12T05:41:34.599+0000] {dag.py:3239} INFO - Sync 1 DAGs
[2024-12-12T05:41:34.616+0000] {logging_mixin.py:190} INFO - [2024-12-12T05:41:34.616+0000] {dag.py:4180} INFO - Setting next_dagrun for example_bash_decorator to None, run_after=None
[2024-12-12T05:41:34.642+0000] {processor.py:208} INFO - Processing /home/airflow/.local/lib/python3.12/site-packages/airflow/example_dags/example_bash_decorator.py took 0.135 seconds
[2024-12-12T05:42:10.150+0000] {processor.py:186} INFO - Started process (PID=505) to work on /home/airflow/.local/lib/python3.12/site-packages/airflow/example_dags/example_bash_decorator.py
[2024-12-12T05:42:10.166+0000] {processor.py:914} INFO - Processing file /home/airflow/.local/lib/python3.12/site-packages/airflow/example_dags/example_bash_decorator.py for tasks to queue
[2024-12-12T05:42:10.185+0000] {logging_mixin.py:190} INFO - [2024-12-12T05:42:10.185+0000] {dagbag.py:588} INFO - Filling up the DagBag from /home/airflow/.local/lib/python3.12/site-packages/airflow/example_dags/example_bash_decorator.py
[2024-12-12T05:42:10.247+0000] {processor.py:925} INFO - DAG(s) 'example_bash_decorator' retrieved from /home/airflow/.local/lib/python3.12/site-packages/airflow/example_dags/example_bash_decorator.py
[2024-12-12T05:42:10.339+0000] {logging_mixin.py:190} INFO - [2024-12-12T05:42:10.338+0000] {dag.py:3239} INFO - Sync 1 DAGs
[2024-12-12T05:42:10.371+0000] {logging_mixin.py:190} INFO - [2024-12-12T05:42:10.370+0000] {dag.py:4180} INFO - Setting next_dagrun for example_bash_decorator to None, run_after=None
[2024-12-12T05:42:10.431+0000] {processor.py:208} INFO - Processing /home/airflow/.local/lib/python3.12/site-packages/airflow/example_dags/example_bash_decorator.py took 0.291 seconds
[2024-12-12T05:42:40.913+0000] {processor.py:186} INFO - Started process (PID=568) to work on /home/airflow/.local/lib/python3.12/site-packages/airflow/example_dags/example_bash_decorator.py
[2024-12-12T05:42:40.919+0000] {processor.py:914} INFO - Processing file /home/airflow/.local/lib/python3.12/site-packages/airflow/example_dags/example_bash_decorator.py for tasks to queue
[2024-12-12T05:42:40.934+0000] {logging_mixin.py:190} INFO - [2024-12-12T05:42:40.932+0000] {dagbag.py:588} INFO - Filling up the DagBag from /home/airflow/.local/lib/python3.12/site-packages/airflow/example_dags/example_bash_decorator.py
[2024-12-12T05:42:40.979+0000] {processor.py:925} INFO - DAG(s) 'example_bash_decorator' retrieved from /home/airflow/.local/lib/python3.12/site-packages/airflow/example_dags/example_bash_decorator.py
[2024-12-12T05:42:41.024+0000] {logging_mixin.py:190} INFO - [2024-12-12T05:42:41.024+0000] {dag.py:3239} INFO - Sync 1 DAGs
[2024-12-12T05:42:41.081+0000] {logging_mixin.py:190} INFO - [2024-12-12T05:42:41.081+0000] {dag.py:4180} INFO - Setting next_dagrun for example_bash_decorator to None, run_after=None
[2024-12-12T05:42:41.096+0000] {processor.py:208} INFO - Processing /home/airflow/.local/lib/python3.12/site-packages/airflow/example_dags/example_bash_decorator.py took 0.204 seconds
[2024-12-12T05:43:12.326+0000] {processor.py:186} INFO - Started process (PID=631) to work on /home/airflow/.local/lib/python3.12/site-packages/airflow/example_dags/example_bash_decorator.py
[2024-12-12T05:43:12.335+0000] {processor.py:914} INFO - Processing file /home/airflow/.local/lib/python3.12/site-packages/airflow/example_dags/example_bash_decorator.py for tasks to queue
[2024-12-12T05:43:12.351+0000] {logging_mixin.py:190} INFO - [2024-12-12T05:43:12.350+0000] {dagbag.py:588} INFO - Filling up the DagBag from /home/airflow/.local/lib/python3.12/site-packages/airflow/example_dags/example_bash_decorator.py
[2024-12-12T05:43:12.498+0000] {processor.py:925} INFO - DAG(s) 'example_bash_decorator' retrieved from /home/airflow/.local/lib/python3.12/site-packages/airflow/example_dags/example_bash_decorator.py
[2024-12-12T05:43:12.623+0000] {logging_mixin.py:190} INFO - [2024-12-12T05:43:12.622+0000] {dag.py:3239} INFO - Sync 1 DAGs
[2024-12-12T05:43:12.684+0000] {logging_mixin.py:190} INFO - [2024-12-12T05:43:12.684+0000] {dag.py:4180} INFO - Setting next_dagrun for example_bash_decorator to None, run_after=None
[2024-12-12T05:43:12.764+0000] {processor.py:208} INFO - Processing /home/airflow/.local/lib/python3.12/site-packages/airflow/example_dags/example_bash_decorator.py took 0.457 seconds
[2024-12-12T05:45:09.959+0000] {processor.py:186} INFO - Started process (PID=63) to work on /home/airflow/.local/lib/python3.12/site-packages/airflow/example_dags/example_bash_decorator.py
[2024-12-12T05:45:09.961+0000] {processor.py:914} INFO - Processing file /home/airflow/.local/lib/python3.12/site-packages/airflow/example_dags/example_bash_decorator.py for tasks to queue
[2024-12-12T05:45:09.964+0000] {logging_mixin.py:190} INFO - [2024-12-12T05:45:09.964+0000] {dagbag.py:588} INFO - Filling up the DagBag from /home/airflow/.local/lib/python3.12/site-packages/airflow/example_dags/example_bash_decorator.py
[2024-12-12T05:45:09.988+0000] {processor.py:925} INFO - DAG(s) 'example_bash_decorator' retrieved from /home/airflow/.local/lib/python3.12/site-packages/airflow/example_dags/example_bash_decorator.py
[2024-12-12T05:45:10.166+0000] {logging_mixin.py:190} INFO - [2024-12-12T05:45:10.166+0000] {dag.py:3239} INFO - Sync 1 DAGs
[2024-12-12T05:45:10.192+0000] {logging_mixin.py:190} INFO - [2024-12-12T05:45:10.192+0000] {dag.py:4180} INFO - Setting next_dagrun for example_bash_decorator to None, run_after=None
[2024-12-12T05:45:10.235+0000] {processor.py:208} INFO - Processing /home/airflow/.local/lib/python3.12/site-packages/airflow/example_dags/example_bash_decorator.py took 0.280 seconds
[2024-12-12T05:45:40.858+0000] {processor.py:186} INFO - Started process (PID=126) to work on /home/airflow/.local/lib/python3.12/site-packages/airflow/example_dags/example_bash_decorator.py
[2024-12-12T05:45:40.860+0000] {processor.py:914} INFO - Processing file /home/airflow/.local/lib/python3.12/site-packages/airflow/example_dags/example_bash_decorator.py for tasks to queue
[2024-12-12T05:45:40.872+0000] {logging_mixin.py:190} INFO - [2024-12-12T05:45:40.872+0000] {dagbag.py:588} INFO - Filling up the DagBag from /home/airflow/.local/lib/python3.12/site-packages/airflow/example_dags/example_bash_decorator.py
[2024-12-12T05:45:40.976+0000] {processor.py:925} INFO - DAG(s) 'example_bash_decorator' retrieved from /home/airflow/.local/lib/python3.12/site-packages/airflow/example_dags/example_bash_decorator.py
[2024-12-12T05:45:41.118+0000] {logging_mixin.py:190} INFO - [2024-12-12T05:45:41.118+0000] {dag.py:3239} INFO - Sync 1 DAGs
[2024-12-12T05:45:41.437+0000] {logging_mixin.py:190} INFO - [2024-12-12T05:45:41.436+0000] {dag.py:4180} INFO - Setting next_dagrun for example_bash_decorator to None, run_after=None
[2024-12-12T05:45:41.718+0000] {processor.py:208} INFO - Processing /home/airflow/.local/lib/python3.12/site-packages/airflow/example_dags/example_bash_decorator.py took 0.920 seconds
[2024-12-12T05:46:12.609+0000] {processor.py:186} INFO - Started process (PID=189) to work on /home/airflow/.local/lib/python3.12/site-packages/airflow/example_dags/example_bash_decorator.py
[2024-12-12T05:46:12.611+0000] {processor.py:914} INFO - Processing file /home/airflow/.local/lib/python3.12/site-packages/airflow/example_dags/example_bash_decorator.py for tasks to queue
[2024-12-12T05:46:12.615+0000] {logging_mixin.py:190} INFO - [2024-12-12T05:46:12.615+0000] {dagbag.py:588} INFO - Filling up the DagBag from /home/airflow/.local/lib/python3.12/site-packages/airflow/example_dags/example_bash_decorator.py
[2024-12-12T05:46:12.642+0000] {processor.py:925} INFO - DAG(s) 'example_bash_decorator' retrieved from /home/airflow/.local/lib/python3.12/site-packages/airflow/example_dags/example_bash_decorator.py
[2024-12-12T05:46:12.666+0000] {logging_mixin.py:190} INFO - [2024-12-12T05:46:12.666+0000] {dag.py:3239} INFO - Sync 1 DAGs
[2024-12-12T05:46:12.686+0000] {logging_mixin.py:190} INFO - [2024-12-12T05:46:12.686+0000] {dag.py:4180} INFO - Setting next_dagrun for example_bash_decorator to None, run_after=None
[2024-12-12T05:46:12.710+0000] {processor.py:208} INFO - Processing /home/airflow/.local/lib/python3.12/site-packages/airflow/example_dags/example_bash_decorator.py took 0.106 seconds
