[2024-12-12T05:36:38.830+0000] {processor.py:186} INFO - Started process (PID=72) to work on /home/airflow/.local/lib/python3.12/site-packages/airflow/example_dags/example_xcom.py
[2024-12-12T05:36:38.835+0000] {processor.py:914} INFO - Processing file /home/airflow/.local/lib/python3.12/site-packages/airflow/example_dags/example_xcom.py for tasks to queue
[2024-12-12T05:36:38.841+0000] {logging_mixin.py:190} INFO - [2024-12-12T05:36:38.840+0000] {dagbag.py:588} INFO - Filling up the DagBag from /home/airflow/.local/lib/python3.12/site-packages/airflow/example_dags/example_xcom.py
[2024-12-12T05:36:38.856+0000] {processor.py:925} INFO - DAG(s) 'example_xcom' retrieved from /home/airflow/.local/lib/python3.12/site-packages/airflow/example_dags/example_xcom.py
[2024-12-12T05:36:38.962+0000] {logging_mixin.py:190} INFO - [2024-12-12T05:36:38.961+0000] {override.py:1911} INFO - Created Permission View: can delete on DAG:example_xcom
[2024-12-12T05:36:38.969+0000] {logging_mixin.py:190} INFO - [2024-12-12T05:36:38.969+0000] {override.py:1911} INFO - Created Permission View: can edit on DAG:example_xcom
[2024-12-12T05:36:38.973+0000] {logging_mixin.py:190} INFO - [2024-12-12T05:36:38.972+0000] {override.py:1911} INFO - Created Permission View: can read on DAG:example_xcom
[2024-12-12T05:36:38.976+0000] {logging_mixin.py:190} INFO - [2024-12-12T05:36:38.976+0000] {override.py:1911} INFO - Created Permission View: can delete on DAG Run:example_xcom
[2024-12-12T05:36:38.980+0000] {logging_mixin.py:190} INFO - [2024-12-12T05:36:38.980+0000] {override.py:1911} INFO - Created Permission View: menu access on DAG Run:example_xcom
[2024-12-12T05:36:38.986+0000] {logging_mixin.py:190} INFO - [2024-12-12T05:36:38.986+0000] {override.py:1911} INFO - Created Permission View: can create on DAG Run:example_xcom
[2024-12-12T05:36:39.008+0000] {logging_mixin.py:190} INFO - [2024-12-12T05:36:39.007+0000] {override.py:1911} INFO - Created Permission View: can read on DAG Run:example_xcom
[2024-12-12T05:36:39.011+0000] {logging_mixin.py:190} INFO - [2024-12-12T05:36:39.010+0000] {dag.py:3239} INFO - Sync 1 DAGs
[2024-12-12T05:36:39.020+0000] {logging_mixin.py:190} INFO - [2024-12-12T05:36:39.020+0000] {dag.py:3262} INFO - Creating ORM DAG for example_xcom
[2024-12-12T05:36:39.033+0000] {logging_mixin.py:190} INFO - [2024-12-12T05:36:39.032+0000] {dag.py:4180} INFO - Setting next_dagrun for example_xcom to 2021-01-01 00:00:00+00:00, run_after=2021-01-01 00:00:00+00:00
[2024-12-12T05:36:39.043+0000] {processor.py:208} INFO - Processing /home/airflow/.local/lib/python3.12/site-packages/airflow/example_dags/example_xcom.py took 0.218 seconds
[2024-12-12T05:37:09.802+0000] {processor.py:186} INFO - Started process (PID=136) to work on /home/airflow/.local/lib/python3.12/site-packages/airflow/example_dags/example_xcom.py
[2024-12-12T05:37:09.804+0000] {processor.py:914} INFO - Processing file /home/airflow/.local/lib/python3.12/site-packages/airflow/example_dags/example_xcom.py for tasks to queue
[2024-12-12T05:37:09.807+0000] {logging_mixin.py:190} INFO - [2024-12-12T05:37:09.807+0000] {dagbag.py:588} INFO - Filling up the DagBag from /home/airflow/.local/lib/python3.12/site-packages/airflow/example_dags/example_xcom.py
[2024-12-12T05:37:09.825+0000] {processor.py:925} INFO - DAG(s) 'example_xcom' retrieved from /home/airflow/.local/lib/python3.12/site-packages/airflow/example_dags/example_xcom.py
[2024-12-12T05:37:09.876+0000] {logging_mixin.py:190} INFO - [2024-12-12T05:37:09.876+0000] {dag.py:3239} INFO - Sync 1 DAGs
[2024-12-12T05:37:09.906+0000] {logging_mixin.py:190} INFO - [2024-12-12T05:37:09.906+0000] {dag.py:4180} INFO - Setting next_dagrun for example_xcom to 2021-01-01 00:00:00+00:00, run_after=2021-01-01 00:00:00+00:00
[2024-12-12T05:37:09.931+0000] {processor.py:208} INFO - Processing /home/airflow/.local/lib/python3.12/site-packages/airflow/example_dags/example_xcom.py took 0.135 seconds
[2024-12-12T05:37:40.306+0000] {processor.py:186} INFO - Started process (PID=199) to work on /home/airflow/.local/lib/python3.12/site-packages/airflow/example_dags/example_xcom.py
[2024-12-12T05:37:40.308+0000] {processor.py:914} INFO - Processing file /home/airflow/.local/lib/python3.12/site-packages/airflow/example_dags/example_xcom.py for tasks to queue
[2024-12-12T05:37:40.310+0000] {logging_mixin.py:190} INFO - [2024-12-12T05:37:40.310+0000] {dagbag.py:588} INFO - Filling up the DagBag from /home/airflow/.local/lib/python3.12/site-packages/airflow/example_dags/example_xcom.py
[2024-12-12T05:37:40.318+0000] {processor.py:925} INFO - DAG(s) 'example_xcom' retrieved from /home/airflow/.local/lib/python3.12/site-packages/airflow/example_dags/example_xcom.py
[2024-12-12T05:37:40.336+0000] {logging_mixin.py:190} INFO - [2024-12-12T05:37:40.336+0000] {dag.py:3239} INFO - Sync 1 DAGs
[2024-12-12T05:37:40.441+0000] {logging_mixin.py:190} INFO - [2024-12-12T05:37:40.440+0000] {dag.py:4180} INFO - Setting next_dagrun for example_xcom to 2021-01-01 00:00:00+00:00, run_after=2021-01-01 00:00:00+00:00
[2024-12-12T05:37:40.522+0000] {processor.py:208} INFO - Processing /home/airflow/.local/lib/python3.12/site-packages/airflow/example_dags/example_xcom.py took 0.221 seconds
[2024-12-12T05:38:24.780+0000] {processor.py:186} INFO - Started process (PID=65) to work on /home/airflow/.local/lib/python3.12/site-packages/airflow/example_dags/example_xcom.py
[2024-12-12T05:38:24.782+0000] {processor.py:914} INFO - Processing file /home/airflow/.local/lib/python3.12/site-packages/airflow/example_dags/example_xcom.py for tasks to queue
[2024-12-12T05:38:24.785+0000] {logging_mixin.py:190} INFO - [2024-12-12T05:38:24.784+0000] {dagbag.py:588} INFO - Filling up the DagBag from /home/airflow/.local/lib/python3.12/site-packages/airflow/example_dags/example_xcom.py
[2024-12-12T05:38:24.804+0000] {processor.py:925} INFO - DAG(s) 'example_xcom' retrieved from /home/airflow/.local/lib/python3.12/site-packages/airflow/example_dags/example_xcom.py
[2024-12-12T05:38:24.841+0000] {logging_mixin.py:190} INFO - [2024-12-12T05:38:24.841+0000] {dag.py:3239} INFO - Sync 1 DAGs
[2024-12-12T05:38:24.861+0000] {logging_mixin.py:190} INFO - [2024-12-12T05:38:24.861+0000] {dag.py:4180} INFO - Setting next_dagrun for example_xcom to 2021-01-01 00:00:00+00:00, run_after=2021-01-01 00:00:00+00:00
[2024-12-12T05:38:24.877+0000] {processor.py:208} INFO - Processing /home/airflow/.local/lib/python3.12/site-packages/airflow/example_dags/example_xcom.py took 0.100 seconds
[2024-12-12T05:38:55.368+0000] {processor.py:186} INFO - Started process (PID=128) to work on /home/airflow/.local/lib/python3.12/site-packages/airflow/example_dags/example_xcom.py
[2024-12-12T05:38:55.369+0000] {processor.py:914} INFO - Processing file /home/airflow/.local/lib/python3.12/site-packages/airflow/example_dags/example_xcom.py for tasks to queue
[2024-12-12T05:38:55.370+0000] {logging_mixin.py:190} INFO - [2024-12-12T05:38:55.370+0000] {dagbag.py:588} INFO - Filling up the DagBag from /home/airflow/.local/lib/python3.12/site-packages/airflow/example_dags/example_xcom.py
[2024-12-12T05:38:55.378+0000] {processor.py:925} INFO - DAG(s) 'example_xcom' retrieved from /home/airflow/.local/lib/python3.12/site-packages/airflow/example_dags/example_xcom.py
[2024-12-12T05:38:55.394+0000] {logging_mixin.py:190} INFO - [2024-12-12T05:38:55.394+0000] {dag.py:3239} INFO - Sync 1 DAGs
[2024-12-12T05:38:55.410+0000] {logging_mixin.py:190} INFO - [2024-12-12T05:38:55.410+0000] {dag.py:4180} INFO - Setting next_dagrun for example_xcom to 2021-01-01 00:00:00+00:00, run_after=2021-01-01 00:00:00+00:00
[2024-12-12T05:38:55.423+0000] {processor.py:208} INFO - Processing /home/airflow/.local/lib/python3.12/site-packages/airflow/example_dags/example_xcom.py took 0.059 seconds
[2024-12-12T05:39:28.130+0000] {processor.py:186} INFO - Started process (PID=191) to work on /home/airflow/.local/lib/python3.12/site-packages/airflow/example_dags/example_xcom.py
[2024-12-12T05:39:28.132+0000] {processor.py:914} INFO - Processing file /home/airflow/.local/lib/python3.12/site-packages/airflow/example_dags/example_xcom.py for tasks to queue
[2024-12-12T05:39:28.145+0000] {logging_mixin.py:190} INFO - [2024-12-12T05:39:28.145+0000] {dagbag.py:588} INFO - Filling up the DagBag from /home/airflow/.local/lib/python3.12/site-packages/airflow/example_dags/example_xcom.py
[2024-12-12T05:39:28.217+0000] {processor.py:925} INFO - DAG(s) 'example_xcom' retrieved from /home/airflow/.local/lib/python3.12/site-packages/airflow/example_dags/example_xcom.py
[2024-12-12T05:39:28.262+0000] {logging_mixin.py:190} INFO - [2024-12-12T05:39:28.261+0000] {dag.py:3239} INFO - Sync 1 DAGs
[2024-12-12T05:39:28.298+0000] {logging_mixin.py:190} INFO - [2024-12-12T05:39:28.298+0000] {dag.py:4180} INFO - Setting next_dagrun for example_xcom to 2021-01-01 00:00:00+00:00, run_after=2021-01-01 00:00:00+00:00
[2024-12-12T05:39:28.327+0000] {processor.py:208} INFO - Processing /home/airflow/.local/lib/python3.12/site-packages/airflow/example_dags/example_xcom.py took 0.202 seconds
[2024-12-12T05:39:59.163+0000] {processor.py:186} INFO - Started process (PID=253) to work on /home/airflow/.local/lib/python3.12/site-packages/airflow/example_dags/example_xcom.py
[2024-12-12T05:39:59.164+0000] {processor.py:914} INFO - Processing file /home/airflow/.local/lib/python3.12/site-packages/airflow/example_dags/example_xcom.py for tasks to queue
[2024-12-12T05:39:59.167+0000] {logging_mixin.py:190} INFO - [2024-12-12T05:39:59.166+0000] {dagbag.py:588} INFO - Filling up the DagBag from /home/airflow/.local/lib/python3.12/site-packages/airflow/example_dags/example_xcom.py
[2024-12-12T05:39:59.177+0000] {processor.py:925} INFO - DAG(s) 'example_xcom' retrieved from /home/airflow/.local/lib/python3.12/site-packages/airflow/example_dags/example_xcom.py
[2024-12-12T05:39:59.197+0000] {logging_mixin.py:190} INFO - [2024-12-12T05:39:59.196+0000] {dag.py:3239} INFO - Sync 1 DAGs
[2024-12-12T05:39:59.224+0000] {logging_mixin.py:190} INFO - [2024-12-12T05:39:59.224+0000] {dag.py:4180} INFO - Setting next_dagrun for example_xcom to 2021-01-01 00:00:00+00:00, run_after=2021-01-01 00:00:00+00:00
[2024-12-12T05:39:59.237+0000] {processor.py:208} INFO - Processing /home/airflow/.local/lib/python3.12/site-packages/airflow/example_dags/example_xcom.py took 0.082 seconds
[2024-12-12T05:40:34.996+0000] {processor.py:186} INFO - Started process (PID=324) to work on /home/airflow/.local/lib/python3.12/site-packages/airflow/example_dags/example_xcom.py
[2024-12-12T05:40:34.999+0000] {processor.py:914} INFO - Processing file /home/airflow/.local/lib/python3.12/site-packages/airflow/example_dags/example_xcom.py for tasks to queue
[2024-12-12T05:40:35.021+0000] {logging_mixin.py:190} INFO - [2024-12-12T05:40:35.020+0000] {dagbag.py:588} INFO - Filling up the DagBag from /home/airflow/.local/lib/python3.12/site-packages/airflow/example_dags/example_xcom.py
[2024-12-12T05:40:35.053+0000] {processor.py:925} INFO - DAG(s) 'example_xcom' retrieved from /home/airflow/.local/lib/python3.12/site-packages/airflow/example_dags/example_xcom.py
[2024-12-12T05:40:35.115+0000] {logging_mixin.py:190} INFO - [2024-12-12T05:40:35.115+0000] {dag.py:3239} INFO - Sync 1 DAGs
[2024-12-12T05:40:35.152+0000] {logging_mixin.py:190} INFO - [2024-12-12T05:40:35.152+0000] {dag.py:4180} INFO - Setting next_dagrun for example_xcom to 2021-01-01 00:00:00+00:00, run_after=2021-01-01 00:00:00+00:00
[2024-12-12T05:40:35.189+0000] {processor.py:208} INFO - Processing /home/airflow/.local/lib/python3.12/site-packages/airflow/example_dags/example_xcom.py took 0.209 seconds
[2024-12-12T05:41:12.894+0000] {processor.py:186} INFO - Started process (PID=388) to work on /home/airflow/.local/lib/python3.12/site-packages/airflow/example_dags/example_xcom.py
[2024-12-12T05:41:12.898+0000] {processor.py:914} INFO - Processing file /home/airflow/.local/lib/python3.12/site-packages/airflow/example_dags/example_xcom.py for tasks to queue
[2024-12-12T05:41:12.912+0000] {logging_mixin.py:190} INFO - [2024-12-12T05:41:12.912+0000] {dagbag.py:588} INFO - Filling up the DagBag from /home/airflow/.local/lib/python3.12/site-packages/airflow/example_dags/example_xcom.py
[2024-12-12T05:41:12.961+0000] {processor.py:925} INFO - DAG(s) 'example_xcom' retrieved from /home/airflow/.local/lib/python3.12/site-packages/airflow/example_dags/example_xcom.py
[2024-12-12T05:41:13.010+0000] {logging_mixin.py:190} INFO - [2024-12-12T05:41:13.010+0000] {dag.py:3239} INFO - Sync 1 DAGs
[2024-12-12T05:41:13.071+0000] {logging_mixin.py:190} INFO - [2024-12-12T05:41:13.070+0000] {dag.py:4180} INFO - Setting next_dagrun for example_xcom to 2021-01-01 00:00:00+00:00, run_after=2021-01-01 00:00:00+00:00
[2024-12-12T05:41:13.096+0000] {processor.py:208} INFO - Processing /home/airflow/.local/lib/python3.12/site-packages/airflow/example_dags/example_xcom.py took 0.253 seconds
[2024-12-12T05:41:50.032+0000] {processor.py:186} INFO - Started process (PID=452) to work on /home/airflow/.local/lib/python3.12/site-packages/airflow/example_dags/example_xcom.py
[2024-12-12T05:41:50.034+0000] {processor.py:914} INFO - Processing file /home/airflow/.local/lib/python3.12/site-packages/airflow/example_dags/example_xcom.py for tasks to queue
[2024-12-12T05:41:50.040+0000] {logging_mixin.py:190} INFO - [2024-12-12T05:41:50.039+0000] {dagbag.py:588} INFO - Filling up the DagBag from /home/airflow/.local/lib/python3.12/site-packages/airflow/example_dags/example_xcom.py
[2024-12-12T05:41:50.061+0000] {processor.py:925} INFO - DAG(s) 'example_xcom' retrieved from /home/airflow/.local/lib/python3.12/site-packages/airflow/example_dags/example_xcom.py
[2024-12-12T05:41:50.088+0000] {logging_mixin.py:190} INFO - [2024-12-12T05:41:50.087+0000] {dag.py:3239} INFO - Sync 1 DAGs
[2024-12-12T05:41:50.112+0000] {logging_mixin.py:190} INFO - [2024-12-12T05:41:50.111+0000] {dag.py:4180} INFO - Setting next_dagrun for example_xcom to 2021-01-01 00:00:00+00:00, run_after=2021-01-01 00:00:00+00:00
[2024-12-12T05:41:50.210+0000] {processor.py:208} INFO - Processing /home/airflow/.local/lib/python3.12/site-packages/airflow/example_dags/example_xcom.py took 0.190 seconds
[2024-12-12T05:42:22.741+0000] {processor.py:186} INFO - Started process (PID=515) to work on /home/airflow/.local/lib/python3.12/site-packages/airflow/example_dags/example_xcom.py
[2024-12-12T05:42:22.742+0000] {processor.py:914} INFO - Processing file /home/airflow/.local/lib/python3.12/site-packages/airflow/example_dags/example_xcom.py for tasks to queue
[2024-12-12T05:42:22.744+0000] {logging_mixin.py:190} INFO - [2024-12-12T05:42:22.744+0000] {dagbag.py:588} INFO - Filling up the DagBag from /home/airflow/.local/lib/python3.12/site-packages/airflow/example_dags/example_xcom.py
[2024-12-12T05:42:22.751+0000] {processor.py:925} INFO - DAG(s) 'example_xcom' retrieved from /home/airflow/.local/lib/python3.12/site-packages/airflow/example_dags/example_xcom.py
[2024-12-12T05:42:22.767+0000] {logging_mixin.py:190} INFO - [2024-12-12T05:42:22.767+0000] {dag.py:3239} INFO - Sync 1 DAGs
[2024-12-12T05:42:22.784+0000] {logging_mixin.py:190} INFO - [2024-12-12T05:42:22.784+0000] {dag.py:4180} INFO - Setting next_dagrun for example_xcom to 2021-01-01 00:00:00+00:00, run_after=2021-01-01 00:00:00+00:00
[2024-12-12T05:42:22.796+0000] {processor.py:208} INFO - Processing /home/airflow/.local/lib/python3.12/site-packages/airflow/example_dags/example_xcom.py took 0.062 seconds
[2024-12-12T05:42:55.540+0000] {processor.py:186} INFO - Started process (PID=579) to work on /home/airflow/.local/lib/python3.12/site-packages/airflow/example_dags/example_xcom.py
[2024-12-12T05:42:55.542+0000] {processor.py:914} INFO - Processing file /home/airflow/.local/lib/python3.12/site-packages/airflow/example_dags/example_xcom.py for tasks to queue
[2024-12-12T05:42:55.543+0000] {logging_mixin.py:190} INFO - [2024-12-12T05:42:55.543+0000] {dagbag.py:588} INFO - Filling up the DagBag from /home/airflow/.local/lib/python3.12/site-packages/airflow/example_dags/example_xcom.py
[2024-12-12T05:42:55.550+0000] {processor.py:925} INFO - DAG(s) 'example_xcom' retrieved from /home/airflow/.local/lib/python3.12/site-packages/airflow/example_dags/example_xcom.py
[2024-12-12T05:42:55.563+0000] {logging_mixin.py:190} INFO - [2024-12-12T05:42:55.563+0000] {dag.py:3239} INFO - Sync 1 DAGs
[2024-12-12T05:42:55.577+0000] {logging_mixin.py:190} INFO - [2024-12-12T05:42:55.576+0000] {dag.py:4180} INFO - Setting next_dagrun for example_xcom to 2021-01-01 00:00:00+00:00, run_after=2021-01-01 00:00:00+00:00
[2024-12-12T05:42:55.589+0000] {processor.py:208} INFO - Processing /home/airflow/.local/lib/python3.12/site-packages/airflow/example_dags/example_xcom.py took 0.054 seconds
[2024-12-12T05:43:29.461+0000] {processor.py:186} INFO - Started process (PID=642) to work on /home/airflow/.local/lib/python3.12/site-packages/airflow/example_dags/example_xcom.py
[2024-12-12T05:43:29.463+0000] {processor.py:914} INFO - Processing file /home/airflow/.local/lib/python3.12/site-packages/airflow/example_dags/example_xcom.py for tasks to queue
[2024-12-12T05:43:29.467+0000] {logging_mixin.py:190} INFO - [2024-12-12T05:43:29.467+0000] {dagbag.py:588} INFO - Filling up the DagBag from /home/airflow/.local/lib/python3.12/site-packages/airflow/example_dags/example_xcom.py
[2024-12-12T05:43:29.494+0000] {processor.py:925} INFO - DAG(s) 'example_xcom' retrieved from /home/airflow/.local/lib/python3.12/site-packages/airflow/example_dags/example_xcom.py
[2024-12-12T05:43:29.510+0000] {logging_mixin.py:190} INFO - [2024-12-12T05:43:29.510+0000] {dag.py:3239} INFO - Sync 1 DAGs
[2024-12-12T05:43:29.527+0000] {logging_mixin.py:190} INFO - [2024-12-12T05:43:29.527+0000] {dag.py:4180} INFO - Setting next_dagrun for example_xcom to 2021-01-01 00:00:00+00:00, run_after=2021-01-01 00:00:00+00:00
[2024-12-12T05:43:29.544+0000] {processor.py:208} INFO - Processing /home/airflow/.local/lib/python3.12/site-packages/airflow/example_dags/example_xcom.py took 0.091 seconds
[2024-12-12T05:45:14.771+0000] {processor.py:186} INFO - Started process (PID=72) to work on /home/airflow/.local/lib/python3.12/site-packages/airflow/example_dags/example_xcom.py
[2024-12-12T05:45:14.773+0000] {processor.py:914} INFO - Processing file /home/airflow/.local/lib/python3.12/site-packages/airflow/example_dags/example_xcom.py for tasks to queue
[2024-12-12T05:45:14.775+0000] {logging_mixin.py:190} INFO - [2024-12-12T05:45:14.775+0000] {dagbag.py:588} INFO - Filling up the DagBag from /home/airflow/.local/lib/python3.12/site-packages/airflow/example_dags/example_xcom.py
[2024-12-12T05:45:14.783+0000] {processor.py:925} INFO - DAG(s) 'example_xcom' retrieved from /home/airflow/.local/lib/python3.12/site-packages/airflow/example_dags/example_xcom.py
[2024-12-12T05:45:14.834+0000] {logging_mixin.py:190} INFO - [2024-12-12T05:45:14.833+0000] {dag.py:3239} INFO - Sync 1 DAGs
[2024-12-12T05:45:14.890+0000] {logging_mixin.py:190} INFO - [2024-12-12T05:45:14.890+0000] {dag.py:4180} INFO - Setting next_dagrun for example_xcom to 2021-01-01 00:00:00+00:00, run_after=2021-01-01 00:00:00+00:00
[2024-12-12T05:45:14.912+0000] {processor.py:208} INFO - Processing /home/airflow/.local/lib/python3.12/site-packages/airflow/example_dags/example_xcom.py took 0.147 seconds
[2024-12-12T05:45:47.458+0000] {processor.py:186} INFO - Started process (PID=136) to work on /home/airflow/.local/lib/python3.12/site-packages/airflow/example_dags/example_xcom.py
[2024-12-12T05:45:47.460+0000] {processor.py:914} INFO - Processing file /home/airflow/.local/lib/python3.12/site-packages/airflow/example_dags/example_xcom.py for tasks to queue
[2024-12-12T05:45:47.462+0000] {logging_mixin.py:190} INFO - [2024-12-12T05:45:47.462+0000] {dagbag.py:588} INFO - Filling up the DagBag from /home/airflow/.local/lib/python3.12/site-packages/airflow/example_dags/example_xcom.py
[2024-12-12T05:45:47.471+0000] {processor.py:925} INFO - DAG(s) 'example_xcom' retrieved from /home/airflow/.local/lib/python3.12/site-packages/airflow/example_dags/example_xcom.py
[2024-12-12T05:45:47.493+0000] {logging_mixin.py:190} INFO - [2024-12-12T05:45:47.493+0000] {dag.py:3239} INFO - Sync 1 DAGs
[2024-12-12T05:45:47.583+0000] {logging_mixin.py:190} INFO - [2024-12-12T05:45:47.583+0000] {dag.py:4180} INFO - Setting next_dagrun for example_xcom to 2021-01-01 00:00:00+00:00, run_after=2021-01-01 00:00:00+00:00
[2024-12-12T05:45:47.666+0000] {processor.py:208} INFO - Processing /home/airflow/.local/lib/python3.12/site-packages/airflow/example_dags/example_xcom.py took 0.215 seconds
[2024-12-12T05:46:19.528+0000] {processor.py:186} INFO - Started process (PID=199) to work on /home/airflow/.local/lib/python3.12/site-packages/airflow/example_dags/example_xcom.py
[2024-12-12T05:46:19.529+0000] {processor.py:914} INFO - Processing file /home/airflow/.local/lib/python3.12/site-packages/airflow/example_dags/example_xcom.py for tasks to queue
[2024-12-12T05:46:19.534+0000] {logging_mixin.py:190} INFO - [2024-12-12T05:46:19.534+0000] {dagbag.py:588} INFO - Filling up the DagBag from /home/airflow/.local/lib/python3.12/site-packages/airflow/example_dags/example_xcom.py
[2024-12-12T05:46:19.542+0000] {processor.py:925} INFO - DAG(s) 'example_xcom' retrieved from /home/airflow/.local/lib/python3.12/site-packages/airflow/example_dags/example_xcom.py
[2024-12-12T05:46:19.559+0000] {logging_mixin.py:190} INFO - [2024-12-12T05:46:19.558+0000] {dag.py:3239} INFO - Sync 1 DAGs
[2024-12-12T05:46:19.575+0000] {logging_mixin.py:190} INFO - [2024-12-12T05:46:19.575+0000] {dag.py:4180} INFO - Setting next_dagrun for example_xcom to 2021-01-01 00:00:00+00:00, run_after=2021-01-01 00:00:00+00:00
[2024-12-12T05:46:19.592+0000] {processor.py:208} INFO - Processing /home/airflow/.local/lib/python3.12/site-packages/airflow/example_dags/example_xcom.py took 0.070 seconds
