[2024-12-12T05:36:35.242+0000] {processor.py:186} INFO - Started process (PID=65) to work on /home/airflow/.local/lib/python3.12/site-packages/airflow/example_dags/example_python_decorator.py
[2024-12-12T05:36:35.260+0000] {processor.py:914} INFO - Processing file /home/airflow/.local/lib/python3.12/site-packages/airflow/example_dags/example_python_decorator.py for tasks to queue
[2024-12-12T05:36:35.265+0000] {logging_mixin.py:190} INFO - [2024-12-12T05:36:35.265+0000] {dagbag.py:588} INFO - Filling up the DagBag from /home/airflow/.local/lib/python3.12/site-packages/airflow/example_dags/example_python_decorator.py
[2024-12-12T05:36:35.307+0000] {processor.py:925} INFO - DAG(s) 'example_python_decorator' retrieved from /home/airflow/.local/lib/python3.12/site-packages/airflow/example_dags/example_python_decorator.py
[2024-12-12T05:36:35.402+0000] {logging_mixin.py:190} INFO - [2024-12-12T05:36:35.402+0000] {override.py:1911} INFO - Created Permission View: can delete on DAG:example_python_decorator
[2024-12-12T05:36:35.410+0000] {logging_mixin.py:190} INFO - [2024-12-12T05:36:35.409+0000] {override.py:1911} INFO - Created Permission View: can edit on DAG:example_python_decorator
[2024-12-12T05:36:35.415+0000] {logging_mixin.py:190} INFO - [2024-12-12T05:36:35.415+0000] {override.py:1911} INFO - Created Permission View: can read on DAG:example_python_decorator
[2024-12-12T05:36:35.420+0000] {logging_mixin.py:190} INFO - [2024-12-12T05:36:35.419+0000] {override.py:1911} INFO - Created Permission View: can delete on DAG Run:example_python_decorator
[2024-12-12T05:36:35.424+0000] {logging_mixin.py:190} INFO - [2024-12-12T05:36:35.424+0000] {override.py:1911} INFO - Created Permission View: menu access on DAG Run:example_python_decorator
[2024-12-12T05:36:35.429+0000] {logging_mixin.py:190} INFO - [2024-12-12T05:36:35.429+0000] {override.py:1911} INFO - Created Permission View: can create on DAG Run:example_python_decorator
[2024-12-12T05:36:35.439+0000] {logging_mixin.py:190} INFO - [2024-12-12T05:36:35.437+0000] {override.py:1911} INFO - Created Permission View: can read on DAG Run:example_python_decorator
[2024-12-12T05:36:35.443+0000] {logging_mixin.py:190} INFO - [2024-12-12T05:36:35.442+0000] {dag.py:3239} INFO - Sync 1 DAGs
[2024-12-12T05:36:35.459+0000] {logging_mixin.py:190} INFO - [2024-12-12T05:36:35.459+0000] {dag.py:3262} INFO - Creating ORM DAG for example_python_decorator
[2024-12-12T05:36:35.459+0000] {logging_mixin.py:190} INFO - [2024-12-12T05:36:35.459+0000] {dag.py:4180} INFO - Setting next_dagrun for example_python_decorator to None, run_after=None
[2024-12-12T05:36:35.477+0000] {processor.py:208} INFO - Processing /home/airflow/.local/lib/python3.12/site-packages/airflow/example_dags/example_python_decorator.py took 0.243 seconds
[2024-12-12T05:37:05.936+0000] {processor.py:186} INFO - Started process (PID=128) to work on /home/airflow/.local/lib/python3.12/site-packages/airflow/example_dags/example_python_decorator.py
[2024-12-12T05:37:05.956+0000] {processor.py:914} INFO - Processing file /home/airflow/.local/lib/python3.12/site-packages/airflow/example_dags/example_python_decorator.py for tasks to queue
[2024-12-12T05:37:05.993+0000] {logging_mixin.py:190} INFO - [2024-12-12T05:37:05.991+0000] {dagbag.py:588} INFO - Filling up the DagBag from /home/airflow/.local/lib/python3.12/site-packages/airflow/example_dags/example_python_decorator.py
[2024-12-12T05:37:06.074+0000] {processor.py:925} INFO - DAG(s) 'example_python_decorator' retrieved from /home/airflow/.local/lib/python3.12/site-packages/airflow/example_dags/example_python_decorator.py
[2024-12-12T05:37:06.141+0000] {logging_mixin.py:190} INFO - [2024-12-12T05:37:06.141+0000] {dag.py:3239} INFO - Sync 1 DAGs
[2024-12-12T05:37:06.209+0000] {logging_mixin.py:190} INFO - [2024-12-12T05:37:06.209+0000] {dag.py:4180} INFO - Setting next_dagrun for example_python_decorator to None, run_after=None
[2024-12-12T05:37:06.257+0000] {processor.py:208} INFO - Processing /home/airflow/.local/lib/python3.12/site-packages/airflow/example_dags/example_python_decorator.py took 0.427 seconds
[2024-12-12T05:37:36.396+0000] {processor.py:186} INFO - Started process (PID=192) to work on /home/airflow/.local/lib/python3.12/site-packages/airflow/example_dags/example_python_decorator.py
[2024-12-12T05:37:36.398+0000] {processor.py:914} INFO - Processing file /home/airflow/.local/lib/python3.12/site-packages/airflow/example_dags/example_python_decorator.py for tasks to queue
[2024-12-12T05:37:36.401+0000] {logging_mixin.py:190} INFO - [2024-12-12T05:37:36.400+0000] {dagbag.py:588} INFO - Filling up the DagBag from /home/airflow/.local/lib/python3.12/site-packages/airflow/example_dags/example_python_decorator.py
[2024-12-12T05:37:36.524+0000] {processor.py:925} INFO - DAG(s) 'example_python_decorator' retrieved from /home/airflow/.local/lib/python3.12/site-packages/airflow/example_dags/example_python_decorator.py
[2024-12-12T05:37:36.598+0000] {logging_mixin.py:190} INFO - [2024-12-12T05:37:36.598+0000] {dag.py:3239} INFO - Sync 1 DAGs
[2024-12-12T05:37:36.777+0000] {logging_mixin.py:190} INFO - [2024-12-12T05:37:36.777+0000] {dag.py:4180} INFO - Setting next_dagrun for example_python_decorator to None, run_after=None
[2024-12-12T05:37:36.981+0000] {processor.py:208} INFO - Processing /home/airflow/.local/lib/python3.12/site-packages/airflow/example_dags/example_python_decorator.py took 0.591 seconds
[2024-12-12T05:38:24.081+0000] {processor.py:186} INFO - Started process (PID=58) to work on /home/airflow/.local/lib/python3.12/site-packages/airflow/example_dags/example_python_decorator.py
[2024-12-12T05:38:24.084+0000] {processor.py:914} INFO - Processing file /home/airflow/.local/lib/python3.12/site-packages/airflow/example_dags/example_python_decorator.py for tasks to queue
[2024-12-12T05:38:24.088+0000] {logging_mixin.py:190} INFO - [2024-12-12T05:38:24.087+0000] {dagbag.py:588} INFO - Filling up the DagBag from /home/airflow/.local/lib/python3.12/site-packages/airflow/example_dags/example_python_decorator.py
[2024-12-12T05:38:24.100+0000] {processor.py:925} INFO - DAG(s) 'example_python_decorator' retrieved from /home/airflow/.local/lib/python3.12/site-packages/airflow/example_dags/example_python_decorator.py
[2024-12-12T05:38:24.227+0000] {logging_mixin.py:190} INFO - [2024-12-12T05:38:24.226+0000] {dag.py:3239} INFO - Sync 1 DAGs
[2024-12-12T05:38:24.242+0000] {logging_mixin.py:190} INFO - [2024-12-12T05:38:24.242+0000] {dag.py:4180} INFO - Setting next_dagrun for example_python_decorator to None, run_after=None
[2024-12-12T05:38:24.257+0000] {processor.py:208} INFO - Processing /home/airflow/.local/lib/python3.12/site-packages/airflow/example_dags/example_python_decorator.py took 0.183 seconds
[2024-12-12T05:38:54.599+0000] {processor.py:186} INFO - Started process (PID=122) to work on /home/airflow/.local/lib/python3.12/site-packages/airflow/example_dags/example_python_decorator.py
[2024-12-12T05:38:54.600+0000] {processor.py:914} INFO - Processing file /home/airflow/.local/lib/python3.12/site-packages/airflow/example_dags/example_python_decorator.py for tasks to queue
[2024-12-12T05:38:54.603+0000] {logging_mixin.py:190} INFO - [2024-12-12T05:38:54.602+0000] {dagbag.py:588} INFO - Filling up the DagBag from /home/airflow/.local/lib/python3.12/site-packages/airflow/example_dags/example_python_decorator.py
[2024-12-12T05:38:54.612+0000] {processor.py:925} INFO - DAG(s) 'example_python_decorator' retrieved from /home/airflow/.local/lib/python3.12/site-packages/airflow/example_dags/example_python_decorator.py
[2024-12-12T05:38:54.629+0000] {logging_mixin.py:190} INFO - [2024-12-12T05:38:54.628+0000] {dag.py:3239} INFO - Sync 1 DAGs
[2024-12-12T05:38:54.637+0000] {logging_mixin.py:190} INFO - [2024-12-12T05:38:54.637+0000] {dag.py:4180} INFO - Setting next_dagrun for example_python_decorator to None, run_after=None
[2024-12-12T05:38:54.658+0000] {processor.py:208} INFO - Processing /home/airflow/.local/lib/python3.12/site-packages/airflow/example_dags/example_python_decorator.py took 0.064 seconds
[2024-12-12T05:39:27.062+0000] {processor.py:186} INFO - Started process (PID=185) to work on /home/airflow/.local/lib/python3.12/site-packages/airflow/example_dags/example_python_decorator.py
[2024-12-12T05:39:27.067+0000] {processor.py:914} INFO - Processing file /home/airflow/.local/lib/python3.12/site-packages/airflow/example_dags/example_python_decorator.py for tasks to queue
[2024-12-12T05:39:27.085+0000] {logging_mixin.py:190} INFO - [2024-12-12T05:39:27.085+0000] {dagbag.py:588} INFO - Filling up the DagBag from /home/airflow/.local/lib/python3.12/site-packages/airflow/example_dags/example_python_decorator.py
[2024-12-12T05:39:27.147+0000] {processor.py:925} INFO - DAG(s) 'example_python_decorator' retrieved from /home/airflow/.local/lib/python3.12/site-packages/airflow/example_dags/example_python_decorator.py
[2024-12-12T05:39:27.173+0000] {logging_mixin.py:190} INFO - [2024-12-12T05:39:27.172+0000] {dag.py:3239} INFO - Sync 1 DAGs
[2024-12-12T05:39:27.186+0000] {logging_mixin.py:190} INFO - [2024-12-12T05:39:27.186+0000] {dag.py:4180} INFO - Setting next_dagrun for example_python_decorator to None, run_after=None
[2024-12-12T05:39:27.222+0000] {processor.py:208} INFO - Processing /home/airflow/.local/lib/python3.12/site-packages/airflow/example_dags/example_python_decorator.py took 0.178 seconds
[2024-12-12T05:39:57.897+0000] {processor.py:186} INFO - Started process (PID=247) to work on /home/airflow/.local/lib/python3.12/site-packages/airflow/example_dags/example_python_decorator.py
[2024-12-12T05:39:57.898+0000] {processor.py:914} INFO - Processing file /home/airflow/.local/lib/python3.12/site-packages/airflow/example_dags/example_python_decorator.py for tasks to queue
[2024-12-12T05:39:57.900+0000] {logging_mixin.py:190} INFO - [2024-12-12T05:39:57.900+0000] {dagbag.py:588} INFO - Filling up the DagBag from /home/airflow/.local/lib/python3.12/site-packages/airflow/example_dags/example_python_decorator.py
[2024-12-12T05:39:57.910+0000] {processor.py:925} INFO - DAG(s) 'example_python_decorator' retrieved from /home/airflow/.local/lib/python3.12/site-packages/airflow/example_dags/example_python_decorator.py
[2024-12-12T05:39:57.938+0000] {logging_mixin.py:190} INFO - [2024-12-12T05:39:57.938+0000] {dag.py:3239} INFO - Sync 1 DAGs
[2024-12-12T05:39:57.948+0000] {logging_mixin.py:190} INFO - [2024-12-12T05:39:57.947+0000] {dag.py:4180} INFO - Setting next_dagrun for example_python_decorator to None, run_after=None
[2024-12-12T05:39:57.964+0000] {processor.py:208} INFO - Processing /home/airflow/.local/lib/python3.12/site-packages/airflow/example_dags/example_python_decorator.py took 0.072 seconds
[2024-12-12T05:40:30.622+0000] {processor.py:186} INFO - Started process (PID=316) to work on /home/airflow/.local/lib/python3.12/site-packages/airflow/example_dags/example_python_decorator.py
[2024-12-12T05:40:30.635+0000] {processor.py:914} INFO - Processing file /home/airflow/.local/lib/python3.12/site-packages/airflow/example_dags/example_python_decorator.py for tasks to queue
[2024-12-12T05:40:30.679+0000] {logging_mixin.py:190} INFO - [2024-12-12T05:40:30.673+0000] {dagbag.py:588} INFO - Filling up the DagBag from /home/airflow/.local/lib/python3.12/site-packages/airflow/example_dags/example_python_decorator.py
[2024-12-12T05:40:30.789+0000] {processor.py:925} INFO - DAG(s) 'example_python_decorator' retrieved from /home/airflow/.local/lib/python3.12/site-packages/airflow/example_dags/example_python_decorator.py
[2024-12-12T05:40:30.859+0000] {logging_mixin.py:190} INFO - [2024-12-12T05:40:30.859+0000] {dag.py:3239} INFO - Sync 1 DAGs
[2024-12-12T05:40:31.032+0000] {logging_mixin.py:190} INFO - [2024-12-12T05:40:31.031+0000] {dag.py:4180} INFO - Setting next_dagrun for example_python_decorator to None, run_after=None
[2024-12-12T05:40:31.103+0000] {processor.py:208} INFO - Processing /home/airflow/.local/lib/python3.12/site-packages/airflow/example_dags/example_python_decorator.py took 0.611 seconds
[2024-12-12T05:41:04.178+0000] {processor.py:186} INFO - Started process (PID=380) to work on /home/airflow/.local/lib/python3.12/site-packages/airflow/example_dags/example_python_decorator.py
[2024-12-12T05:41:04.181+0000] {processor.py:914} INFO - Processing file /home/airflow/.local/lib/python3.12/site-packages/airflow/example_dags/example_python_decorator.py for tasks to queue
[2024-12-12T05:41:04.188+0000] {logging_mixin.py:190} INFO - [2024-12-12T05:41:04.186+0000] {dagbag.py:588} INFO - Filling up the DagBag from /home/airflow/.local/lib/python3.12/site-packages/airflow/example_dags/example_python_decorator.py
[2024-12-12T05:41:04.234+0000] {processor.py:925} INFO - DAG(s) 'example_python_decorator' retrieved from /home/airflow/.local/lib/python3.12/site-packages/airflow/example_dags/example_python_decorator.py
[2024-12-12T05:41:04.374+0000] {logging_mixin.py:190} INFO - [2024-12-12T05:41:04.372+0000] {dag.py:3239} INFO - Sync 1 DAGs
[2024-12-12T05:41:04.469+0000] {logging_mixin.py:190} INFO - [2024-12-12T05:41:04.468+0000] {dag.py:4180} INFO - Setting next_dagrun for example_python_decorator to None, run_after=None
[2024-12-12T05:41:04.598+0000] {processor.py:208} INFO - Processing /home/airflow/.local/lib/python3.12/site-packages/airflow/example_dags/example_python_decorator.py took 0.443 seconds
[2024-12-12T05:41:34.699+0000] {processor.py:186} INFO - Started process (PID=444) to work on /home/airflow/.local/lib/python3.12/site-packages/airflow/example_dags/example_python_decorator.py
[2024-12-12T05:41:34.700+0000] {processor.py:914} INFO - Processing file /home/airflow/.local/lib/python3.12/site-packages/airflow/example_dags/example_python_decorator.py for tasks to queue
[2024-12-12T05:41:34.706+0000] {logging_mixin.py:190} INFO - [2024-12-12T05:41:34.706+0000] {dagbag.py:588} INFO - Filling up the DagBag from /home/airflow/.local/lib/python3.12/site-packages/airflow/example_dags/example_python_decorator.py
[2024-12-12T05:41:34.736+0000] {processor.py:925} INFO - DAG(s) 'example_python_decorator' retrieved from /home/airflow/.local/lib/python3.12/site-packages/airflow/example_dags/example_python_decorator.py
[2024-12-12T05:41:34.780+0000] {logging_mixin.py:190} INFO - [2024-12-12T05:41:34.780+0000] {dag.py:3239} INFO - Sync 1 DAGs
[2024-12-12T05:41:34.799+0000] {logging_mixin.py:190} INFO - [2024-12-12T05:41:34.795+0000] {dag.py:4180} INFO - Setting next_dagrun for example_python_decorator to None, run_after=None
[2024-12-12T05:41:34.834+0000] {processor.py:208} INFO - Processing /home/airflow/.local/lib/python3.12/site-packages/airflow/example_dags/example_python_decorator.py took 0.142 seconds
[2024-12-12T05:42:10.841+0000] {processor.py:186} INFO - Started process (PID=507) to work on /home/airflow/.local/lib/python3.12/site-packages/airflow/example_dags/example_python_decorator.py
[2024-12-12T05:42:10.850+0000] {processor.py:914} INFO - Processing file /home/airflow/.local/lib/python3.12/site-packages/airflow/example_dags/example_python_decorator.py for tasks to queue
[2024-12-12T05:42:10.857+0000] {logging_mixin.py:190} INFO - [2024-12-12T05:42:10.857+0000] {dagbag.py:588} INFO - Filling up the DagBag from /home/airflow/.local/lib/python3.12/site-packages/airflow/example_dags/example_python_decorator.py
[2024-12-12T05:42:10.881+0000] {processor.py:925} INFO - DAG(s) 'example_python_decorator' retrieved from /home/airflow/.local/lib/python3.12/site-packages/airflow/example_dags/example_python_decorator.py
[2024-12-12T05:42:10.980+0000] {logging_mixin.py:190} INFO - [2024-12-12T05:42:10.980+0000] {dag.py:3239} INFO - Sync 1 DAGs
[2024-12-12T05:42:11.023+0000] {logging_mixin.py:190} INFO - [2024-12-12T05:42:11.022+0000] {dag.py:4180} INFO - Setting next_dagrun for example_python_decorator to None, run_after=None
[2024-12-12T05:42:11.129+0000] {processor.py:208} INFO - Processing /home/airflow/.local/lib/python3.12/site-packages/airflow/example_dags/example_python_decorator.py took 0.293 seconds
[2024-12-12T05:42:41.190+0000] {processor.py:186} INFO - Started process (PID=570) to work on /home/airflow/.local/lib/python3.12/site-packages/airflow/example_dags/example_python_decorator.py
[2024-12-12T05:42:41.198+0000] {processor.py:914} INFO - Processing file /home/airflow/.local/lib/python3.12/site-packages/airflow/example_dags/example_python_decorator.py for tasks to queue
[2024-12-12T05:42:41.204+0000] {logging_mixin.py:190} INFO - [2024-12-12T05:42:41.203+0000] {dagbag.py:588} INFO - Filling up the DagBag from /home/airflow/.local/lib/python3.12/site-packages/airflow/example_dags/example_python_decorator.py
[2024-12-12T05:42:41.217+0000] {processor.py:925} INFO - DAG(s) 'example_python_decorator' retrieved from /home/airflow/.local/lib/python3.12/site-packages/airflow/example_dags/example_python_decorator.py
[2024-12-12T05:42:41.240+0000] {logging_mixin.py:190} INFO - [2024-12-12T05:42:41.240+0000] {dag.py:3239} INFO - Sync 1 DAGs
[2024-12-12T05:42:41.251+0000] {logging_mixin.py:190} INFO - [2024-12-12T05:42:41.251+0000] {dag.py:4180} INFO - Setting next_dagrun for example_python_decorator to None, run_after=None
[2024-12-12T05:42:41.269+0000] {processor.py:208} INFO - Processing /home/airflow/.local/lib/python3.12/site-packages/airflow/example_dags/example_python_decorator.py took 0.085 seconds
[2024-12-12T05:43:12.976+0000] {processor.py:186} INFO - Started process (PID=633) to work on /home/airflow/.local/lib/python3.12/site-packages/airflow/example_dags/example_python_decorator.py
[2024-12-12T05:43:12.978+0000] {processor.py:914} INFO - Processing file /home/airflow/.local/lib/python3.12/site-packages/airflow/example_dags/example_python_decorator.py for tasks to queue
[2024-12-12T05:43:12.981+0000] {logging_mixin.py:190} INFO - [2024-12-12T05:43:12.981+0000] {dagbag.py:588} INFO - Filling up the DagBag from /home/airflow/.local/lib/python3.12/site-packages/airflow/example_dags/example_python_decorator.py
[2024-12-12T05:43:13.018+0000] {processor.py:925} INFO - DAG(s) 'example_python_decorator' retrieved from /home/airflow/.local/lib/python3.12/site-packages/airflow/example_dags/example_python_decorator.py
[2024-12-12T05:43:13.074+0000] {logging_mixin.py:190} INFO - [2024-12-12T05:43:13.073+0000] {dag.py:3239} INFO - Sync 1 DAGs
[2024-12-12T05:43:13.100+0000] {logging_mixin.py:190} INFO - [2024-12-12T05:43:13.100+0000] {dag.py:4180} INFO - Setting next_dagrun for example_python_decorator to None, run_after=None
[2024-12-12T05:43:13.136+0000] {processor.py:208} INFO - Processing /home/airflow/.local/lib/python3.12/site-packages/airflow/example_dags/example_python_decorator.py took 0.166 seconds
[2024-12-12T05:45:10.929+0000] {processor.py:186} INFO - Started process (PID=65) to work on /home/airflow/.local/lib/python3.12/site-packages/airflow/example_dags/example_python_decorator.py
[2024-12-12T05:45:10.940+0000] {processor.py:914} INFO - Processing file /home/airflow/.local/lib/python3.12/site-packages/airflow/example_dags/example_python_decorator.py for tasks to queue
[2024-12-12T05:45:10.953+0000] {logging_mixin.py:190} INFO - [2024-12-12T05:45:10.951+0000] {dagbag.py:588} INFO - Filling up the DagBag from /home/airflow/.local/lib/python3.12/site-packages/airflow/example_dags/example_python_decorator.py
[2024-12-12T05:45:11.089+0000] {processor.py:925} INFO - DAG(s) 'example_python_decorator' retrieved from /home/airflow/.local/lib/python3.12/site-packages/airflow/example_dags/example_python_decorator.py
[2024-12-12T05:45:11.374+0000] {logging_mixin.py:190} INFO - [2024-12-12T05:45:11.374+0000] {dag.py:3239} INFO - Sync 1 DAGs
[2024-12-12T05:45:11.399+0000] {logging_mixin.py:190} INFO - [2024-12-12T05:45:11.398+0000] {dag.py:4180} INFO - Setting next_dagrun for example_python_decorator to None, run_after=None
[2024-12-12T05:45:11.430+0000] {processor.py:208} INFO - Processing /home/airflow/.local/lib/python3.12/site-packages/airflow/example_dags/example_python_decorator.py took 0.586 seconds
[2024-12-12T05:45:41.891+0000] {processor.py:186} INFO - Started process (PID=128) to work on /home/airflow/.local/lib/python3.12/site-packages/airflow/example_dags/example_python_decorator.py
[2024-12-12T05:45:41.892+0000] {processor.py:914} INFO - Processing file /home/airflow/.local/lib/python3.12/site-packages/airflow/example_dags/example_python_decorator.py for tasks to queue
[2024-12-12T05:45:41.895+0000] {logging_mixin.py:190} INFO - [2024-12-12T05:45:41.894+0000] {dagbag.py:588} INFO - Filling up the DagBag from /home/airflow/.local/lib/python3.12/site-packages/airflow/example_dags/example_python_decorator.py
[2024-12-12T05:45:41.906+0000] {processor.py:925} INFO - DAG(s) 'example_python_decorator' retrieved from /home/airflow/.local/lib/python3.12/site-packages/airflow/example_dags/example_python_decorator.py
[2024-12-12T05:45:41.934+0000] {logging_mixin.py:190} INFO - [2024-12-12T05:45:41.933+0000] {dag.py:3239} INFO - Sync 1 DAGs
[2024-12-12T05:45:41.962+0000] {logging_mixin.py:190} INFO - [2024-12-12T05:45:41.962+0000] {dag.py:4180} INFO - Setting next_dagrun for example_python_decorator to None, run_after=None
[2024-12-12T05:45:42.047+0000] {processor.py:208} INFO - Processing /home/airflow/.local/lib/python3.12/site-packages/airflow/example_dags/example_python_decorator.py took 0.161 seconds
[2024-12-12T05:46:12.902+0000] {processor.py:186} INFO - Started process (PID=191) to work on /home/airflow/.local/lib/python3.12/site-packages/airflow/example_dags/example_python_decorator.py
[2024-12-12T05:46:12.903+0000] {processor.py:914} INFO - Processing file /home/airflow/.local/lib/python3.12/site-packages/airflow/example_dags/example_python_decorator.py for tasks to queue
[2024-12-12T05:46:12.906+0000] {logging_mixin.py:190} INFO - [2024-12-12T05:46:12.906+0000] {dagbag.py:588} INFO - Filling up the DagBag from /home/airflow/.local/lib/python3.12/site-packages/airflow/example_dags/example_python_decorator.py
[2024-12-12T05:46:12.928+0000] {processor.py:925} INFO - DAG(s) 'example_python_decorator' retrieved from /home/airflow/.local/lib/python3.12/site-packages/airflow/example_dags/example_python_decorator.py
[2024-12-12T05:46:12.958+0000] {logging_mixin.py:190} INFO - [2024-12-12T05:46:12.958+0000] {dag.py:3239} INFO - Sync 1 DAGs
[2024-12-12T05:46:12.980+0000] {logging_mixin.py:190} INFO - [2024-12-12T05:46:12.979+0000] {dag.py:4180} INFO - Setting next_dagrun for example_python_decorator to None, run_after=None
[2024-12-12T05:46:13.009+0000] {processor.py:208} INFO - Processing /home/airflow/.local/lib/python3.12/site-packages/airflow/example_dags/example_python_decorator.py took 0.113 seconds
