[2024-12-12T05:36:42.349+0000] {processor.py:186} INFO - Started process (PID=88) to work on /home/airflow/.local/lib/python3.12/site-packages/airflow/example_dags/example_complex.py
[2024-12-12T05:36:42.349+0000] {processor.py:914} INFO - Processing file /home/airflow/.local/lib/python3.12/site-packages/airflow/example_dags/example_complex.py for tasks to queue
[2024-12-12T05:36:42.351+0000] {logging_mixin.py:190} INFO - [2024-12-12T05:36:42.351+0000] {dagbag.py:588} INFO - Filling up the DagBag from /home/airflow/.local/lib/python3.12/site-packages/airflow/example_dags/example_complex.py
[2024-12-12T05:36:42.361+0000] {processor.py:925} INFO - DAG(s) 'example_complex' retrieved from /home/airflow/.local/lib/python3.12/site-packages/airflow/example_dags/example_complex.py
[2024-12-12T05:36:42.434+0000] {logging_mixin.py:190} INFO - [2024-12-12T05:36:42.434+0000] {override.py:1911} INFO - Created Permission View: can delete on DAG:example_complex
[2024-12-12T05:36:42.442+0000] {logging_mixin.py:190} INFO - [2024-12-12T05:36:42.442+0000] {override.py:1911} INFO - Created Permission View: can edit on DAG:example_complex
[2024-12-12T05:36:42.445+0000] {logging_mixin.py:190} INFO - [2024-12-12T05:36:42.445+0000] {override.py:1911} INFO - Created Permission View: can read on DAG:example_complex
[2024-12-12T05:36:42.449+0000] {logging_mixin.py:190} INFO - [2024-12-12T05:36:42.449+0000] {override.py:1911} INFO - Created Permission View: can delete on DAG Run:example_complex
[2024-12-12T05:36:42.453+0000] {logging_mixin.py:190} INFO - [2024-12-12T05:36:42.452+0000] {override.py:1911} INFO - Created Permission View: menu access on DAG Run:example_complex
[2024-12-12T05:36:42.456+0000] {logging_mixin.py:190} INFO - [2024-12-12T05:36:42.456+0000] {override.py:1911} INFO - Created Permission View: can create on DAG Run:example_complex
[2024-12-12T05:36:42.461+0000] {logging_mixin.py:190} INFO - [2024-12-12T05:36:42.461+0000] {override.py:1911} INFO - Created Permission View: can read on DAG Run:example_complex
[2024-12-12T05:36:42.461+0000] {logging_mixin.py:190} INFO - [2024-12-12T05:36:42.461+0000] {dag.py:3239} INFO - Sync 1 DAGs
[2024-12-12T05:36:42.473+0000] {logging_mixin.py:190} INFO - [2024-12-12T05:36:42.472+0000] {dag.py:3262} INFO - Creating ORM DAG for example_complex
[2024-12-12T05:36:42.473+0000] {logging_mixin.py:190} INFO - [2024-12-12T05:36:42.473+0000] {dag.py:4180} INFO - Setting next_dagrun for example_complex to None, run_after=None
[2024-12-12T05:36:42.485+0000] {processor.py:208} INFO - Processing /home/airflow/.local/lib/python3.12/site-packages/airflow/example_dags/example_complex.py took 0.140 seconds
[2024-12-12T05:37:17.900+0000] {processor.py:186} INFO - Started process (PID=152) to work on /home/airflow/.local/lib/python3.12/site-packages/airflow/example_dags/example_complex.py
[2024-12-12T05:37:17.904+0000] {processor.py:914} INFO - Processing file /home/airflow/.local/lib/python3.12/site-packages/airflow/example_dags/example_complex.py for tasks to queue
[2024-12-12T05:37:17.909+0000] {logging_mixin.py:190} INFO - [2024-12-12T05:37:17.908+0000] {dagbag.py:588} INFO - Filling up the DagBag from /home/airflow/.local/lib/python3.12/site-packages/airflow/example_dags/example_complex.py
[2024-12-12T05:37:17.918+0000] {processor.py:925} INFO - DAG(s) 'example_complex' retrieved from /home/airflow/.local/lib/python3.12/site-packages/airflow/example_dags/example_complex.py
[2024-12-12T05:37:17.959+0000] {logging_mixin.py:190} INFO - [2024-12-12T05:37:17.959+0000] {dag.py:3239} INFO - Sync 1 DAGs
[2024-12-12T05:37:17.981+0000] {logging_mixin.py:190} INFO - [2024-12-12T05:37:17.981+0000] {dag.py:4180} INFO - Setting next_dagrun for example_complex to None, run_after=None
[2024-12-12T05:37:17.998+0000] {processor.py:208} INFO - Processing /home/airflow/.local/lib/python3.12/site-packages/airflow/example_dags/example_complex.py took 0.116 seconds
[2024-12-12T05:37:49.342+0000] {processor.py:186} INFO - Started process (PID=216) to work on /home/airflow/.local/lib/python3.12/site-packages/airflow/example_dags/example_complex.py
[2024-12-12T05:37:49.342+0000] {processor.py:914} INFO - Processing file /home/airflow/.local/lib/python3.12/site-packages/airflow/example_dags/example_complex.py for tasks to queue
[2024-12-12T05:37:49.344+0000] {logging_mixin.py:190} INFO - [2024-12-12T05:37:49.344+0000] {dagbag.py:588} INFO - Filling up the DagBag from /home/airflow/.local/lib/python3.12/site-packages/airflow/example_dags/example_complex.py
[2024-12-12T05:37:49.351+0000] {processor.py:925} INFO - DAG(s) 'example_complex' retrieved from /home/airflow/.local/lib/python3.12/site-packages/airflow/example_dags/example_complex.py
[2024-12-12T05:37:49.371+0000] {logging_mixin.py:190} INFO - [2024-12-12T05:37:49.370+0000] {dag.py:3239} INFO - Sync 1 DAGs
[2024-12-12T05:37:49.379+0000] {logging_mixin.py:190} INFO - [2024-12-12T05:37:49.379+0000] {dag.py:4180} INFO - Setting next_dagrun for example_complex to None, run_after=None
[2024-12-12T05:37:49.390+0000] {processor.py:208} INFO - Processing /home/airflow/.local/lib/python3.12/site-packages/airflow/example_dags/example_complex.py took 0.052 seconds
[2024-12-12T05:38:27.426+0000] {processor.py:186} INFO - Started process (PID=81) to work on /home/airflow/.local/lib/python3.12/site-packages/airflow/example_dags/example_complex.py
[2024-12-12T05:38:27.430+0000] {processor.py:914} INFO - Processing file /home/airflow/.local/lib/python3.12/site-packages/airflow/example_dags/example_complex.py for tasks to queue
[2024-12-12T05:38:27.436+0000] {logging_mixin.py:190} INFO - [2024-12-12T05:38:27.436+0000] {dagbag.py:588} INFO - Filling up the DagBag from /home/airflow/.local/lib/python3.12/site-packages/airflow/example_dags/example_complex.py
[2024-12-12T05:38:27.451+0000] {processor.py:925} INFO - DAG(s) 'example_complex' retrieved from /home/airflow/.local/lib/python3.12/site-packages/airflow/example_dags/example_complex.py
[2024-12-12T05:38:27.487+0000] {logging_mixin.py:190} INFO - [2024-12-12T05:38:27.486+0000] {dag.py:3239} INFO - Sync 1 DAGs
[2024-12-12T05:38:27.543+0000] {logging_mixin.py:190} INFO - [2024-12-12T05:38:27.543+0000] {dag.py:4180} INFO - Setting next_dagrun for example_complex to None, run_after=None
[2024-12-12T05:38:27.580+0000] {processor.py:208} INFO - Processing /home/airflow/.local/lib/python3.12/site-packages/airflow/example_dags/example_complex.py took 0.164 seconds
[2024-12-12T05:38:58.288+0000] {processor.py:186} INFO - Started process (PID=145) to work on /home/airflow/.local/lib/python3.12/site-packages/airflow/example_dags/example_complex.py
[2024-12-12T05:38:58.289+0000] {processor.py:914} INFO - Processing file /home/airflow/.local/lib/python3.12/site-packages/airflow/example_dags/example_complex.py for tasks to queue
[2024-12-12T05:38:58.291+0000] {logging_mixin.py:190} INFO - [2024-12-12T05:38:58.291+0000] {dagbag.py:588} INFO - Filling up the DagBag from /home/airflow/.local/lib/python3.12/site-packages/airflow/example_dags/example_complex.py
[2024-12-12T05:38:58.298+0000] {processor.py:925} INFO - DAG(s) 'example_complex' retrieved from /home/airflow/.local/lib/python3.12/site-packages/airflow/example_dags/example_complex.py
[2024-12-12T05:38:58.317+0000] {logging_mixin.py:190} INFO - [2024-12-12T05:38:58.317+0000] {dag.py:3239} INFO - Sync 1 DAGs
[2024-12-12T05:38:58.326+0000] {logging_mixin.py:190} INFO - [2024-12-12T05:38:58.326+0000] {dag.py:4180} INFO - Setting next_dagrun for example_complex to None, run_after=None
[2024-12-12T05:38:58.337+0000] {processor.py:208} INFO - Processing /home/airflow/.local/lib/python3.12/site-packages/airflow/example_dags/example_complex.py took 0.054 seconds
[2024-12-12T05:39:32.473+0000] {processor.py:186} INFO - Started process (PID=213) to work on /home/airflow/.local/lib/python3.12/site-packages/airflow/example_dags/example_complex.py
[2024-12-12T05:39:32.477+0000] {processor.py:914} INFO - Processing file /home/airflow/.local/lib/python3.12/site-packages/airflow/example_dags/example_complex.py for tasks to queue
[2024-12-12T05:39:32.483+0000] {logging_mixin.py:190} INFO - [2024-12-12T05:39:32.483+0000] {dagbag.py:588} INFO - Filling up the DagBag from /home/airflow/.local/lib/python3.12/site-packages/airflow/example_dags/example_complex.py
[2024-12-12T05:39:32.498+0000] {processor.py:925} INFO - DAG(s) 'example_complex' retrieved from /home/airflow/.local/lib/python3.12/site-packages/airflow/example_dags/example_complex.py
[2024-12-12T05:39:32.534+0000] {logging_mixin.py:190} INFO - [2024-12-12T05:39:32.534+0000] {dag.py:3239} INFO - Sync 1 DAGs
[2024-12-12T05:39:32.570+0000] {logging_mixin.py:190} INFO - [2024-12-12T05:39:32.570+0000] {dag.py:4180} INFO - Setting next_dagrun for example_complex to None, run_after=None
[2024-12-12T05:39:32.615+0000] {processor.py:208} INFO - Processing /home/airflow/.local/lib/python3.12/site-packages/airflow/example_dags/example_complex.py took 0.147 seconds
[2024-12-12T05:40:04.501+0000] {processor.py:186} INFO - Started process (PID=276) to work on /home/airflow/.local/lib/python3.12/site-packages/airflow/example_dags/example_complex.py
[2024-12-12T05:40:04.503+0000] {processor.py:914} INFO - Processing file /home/airflow/.local/lib/python3.12/site-packages/airflow/example_dags/example_complex.py for tasks to queue
[2024-12-12T05:40:04.508+0000] {logging_mixin.py:190} INFO - [2024-12-12T05:40:04.507+0000] {dagbag.py:588} INFO - Filling up the DagBag from /home/airflow/.local/lib/python3.12/site-packages/airflow/example_dags/example_complex.py
[2024-12-12T05:40:04.520+0000] {processor.py:925} INFO - DAG(s) 'example_complex' retrieved from /home/airflow/.local/lib/python3.12/site-packages/airflow/example_dags/example_complex.py
[2024-12-12T05:40:04.551+0000] {logging_mixin.py:190} INFO - [2024-12-12T05:40:04.551+0000] {dag.py:3239} INFO - Sync 1 DAGs
[2024-12-12T05:40:04.589+0000] {logging_mixin.py:190} INFO - [2024-12-12T05:40:04.588+0000] {dag.py:4180} INFO - Setting next_dagrun for example_complex to None, run_after=None
[2024-12-12T05:40:04.617+0000] {processor.py:208} INFO - Processing /home/airflow/.local/lib/python3.12/site-packages/airflow/example_dags/example_complex.py took 0.121 seconds
[2024-12-12T05:40:42.583+0000] {processor.py:186} INFO - Started process (PID=340) to work on /home/airflow/.local/lib/python3.12/site-packages/airflow/example_dags/example_complex.py
[2024-12-12T05:40:42.588+0000] {processor.py:914} INFO - Processing file /home/airflow/.local/lib/python3.12/site-packages/airflow/example_dags/example_complex.py for tasks to queue
[2024-12-12T05:40:42.593+0000] {logging_mixin.py:190} INFO - [2024-12-12T05:40:42.592+0000] {dagbag.py:588} INFO - Filling up the DagBag from /home/airflow/.local/lib/python3.12/site-packages/airflow/example_dags/example_complex.py
[2024-12-12T05:40:42.622+0000] {processor.py:925} INFO - DAG(s) 'example_complex' retrieved from /home/airflow/.local/lib/python3.12/site-packages/airflow/example_dags/example_complex.py
[2024-12-12T05:40:42.652+0000] {logging_mixin.py:190} INFO - [2024-12-12T05:40:42.651+0000] {dag.py:3239} INFO - Sync 1 DAGs
[2024-12-12T05:40:42.691+0000] {logging_mixin.py:190} INFO - [2024-12-12T05:40:42.691+0000] {dag.py:4180} INFO - Setting next_dagrun for example_complex to None, run_after=None
[2024-12-12T05:40:42.744+0000] {processor.py:208} INFO - Processing /home/airflow/.local/lib/python3.12/site-packages/airflow/example_dags/example_complex.py took 0.168 seconds
[2024-12-12T05:41:24.756+0000] {processor.py:186} INFO - Started process (PID=404) to work on /home/airflow/.local/lib/python3.12/site-packages/airflow/example_dags/example_complex.py
[2024-12-12T05:41:24.762+0000] {processor.py:914} INFO - Processing file /home/airflow/.local/lib/python3.12/site-packages/airflow/example_dags/example_complex.py for tasks to queue
[2024-12-12T05:41:24.771+0000] {logging_mixin.py:190} INFO - [2024-12-12T05:41:24.770+0000] {dagbag.py:588} INFO - Filling up the DagBag from /home/airflow/.local/lib/python3.12/site-packages/airflow/example_dags/example_complex.py
[2024-12-12T05:41:24.812+0000] {processor.py:925} INFO - DAG(s) 'example_complex' retrieved from /home/airflow/.local/lib/python3.12/site-packages/airflow/example_dags/example_complex.py
[2024-12-12T05:41:24.897+0000] {logging_mixin.py:190} INFO - [2024-12-12T05:41:24.896+0000] {dag.py:3239} INFO - Sync 1 DAGs
[2024-12-12T05:41:24.940+0000] {logging_mixin.py:190} INFO - [2024-12-12T05:41:24.940+0000] {dag.py:4180} INFO - Setting next_dagrun for example_complex to None, run_after=None
[2024-12-12T05:41:24.974+0000] {processor.py:208} INFO - Processing /home/airflow/.local/lib/python3.12/site-packages/airflow/example_dags/example_complex.py took 0.246 seconds
[2024-12-12T05:41:59.692+0000] {processor.py:186} INFO - Started process (PID=468) to work on /home/airflow/.local/lib/python3.12/site-packages/airflow/example_dags/example_complex.py
[2024-12-12T05:41:59.704+0000] {processor.py:914} INFO - Processing file /home/airflow/.local/lib/python3.12/site-packages/airflow/example_dags/example_complex.py for tasks to queue
[2024-12-12T05:41:59.709+0000] {logging_mixin.py:190} INFO - [2024-12-12T05:41:59.708+0000] {dagbag.py:588} INFO - Filling up the DagBag from /home/airflow/.local/lib/python3.12/site-packages/airflow/example_dags/example_complex.py
[2024-12-12T05:41:59.829+0000] {processor.py:925} INFO - DAG(s) 'example_complex' retrieved from /home/airflow/.local/lib/python3.12/site-packages/airflow/example_dags/example_complex.py
[2024-12-12T05:42:00.517+0000] {logging_mixin.py:190} INFO - [2024-12-12T05:42:00.513+0000] {dag.py:3239} INFO - Sync 1 DAGs
[2024-12-12T05:42:00.720+0000] {logging_mixin.py:190} INFO - [2024-12-12T05:42:00.720+0000] {dag.py:4180} INFO - Setting next_dagrun for example_complex to None, run_after=None
[2024-12-12T05:42:00.956+0000] {processor.py:208} INFO - Processing /home/airflow/.local/lib/python3.12/site-packages/airflow/example_dags/example_complex.py took 1.269 seconds
[2024-12-12T05:42:31.186+0000] {processor.py:186} INFO - Started process (PID=531) to work on /home/airflow/.local/lib/python3.12/site-packages/airflow/example_dags/example_complex.py
[2024-12-12T05:42:31.187+0000] {processor.py:914} INFO - Processing file /home/airflow/.local/lib/python3.12/site-packages/airflow/example_dags/example_complex.py for tasks to queue
[2024-12-12T05:42:31.189+0000] {logging_mixin.py:190} INFO - [2024-12-12T05:42:31.189+0000] {dagbag.py:588} INFO - Filling up the DagBag from /home/airflow/.local/lib/python3.12/site-packages/airflow/example_dags/example_complex.py
[2024-12-12T05:42:31.206+0000] {processor.py:925} INFO - DAG(s) 'example_complex' retrieved from /home/airflow/.local/lib/python3.12/site-packages/airflow/example_dags/example_complex.py
[2024-12-12T05:42:31.233+0000] {logging_mixin.py:190} INFO - [2024-12-12T05:42:31.233+0000] {dag.py:3239} INFO - Sync 1 DAGs
[2024-12-12T05:42:31.243+0000] {logging_mixin.py:190} INFO - [2024-12-12T05:42:31.243+0000] {dag.py:4180} INFO - Setting next_dagrun for example_complex to None, run_after=None
[2024-12-12T05:42:31.255+0000] {processor.py:208} INFO - Processing /home/airflow/.local/lib/python3.12/site-packages/airflow/example_dags/example_complex.py took 0.074 seconds
[2024-12-12T05:43:01.479+0000] {processor.py:186} INFO - Started process (PID=595) to work on /home/airflow/.local/lib/python3.12/site-packages/airflow/example_dags/example_complex.py
[2024-12-12T05:43:01.482+0000] {processor.py:914} INFO - Processing file /home/airflow/.local/lib/python3.12/site-packages/airflow/example_dags/example_complex.py for tasks to queue
[2024-12-12T05:43:01.487+0000] {logging_mixin.py:190} INFO - [2024-12-12T05:43:01.487+0000] {dagbag.py:588} INFO - Filling up the DagBag from /home/airflow/.local/lib/python3.12/site-packages/airflow/example_dags/example_complex.py
[2024-12-12T05:43:01.502+0000] {processor.py:925} INFO - DAG(s) 'example_complex' retrieved from /home/airflow/.local/lib/python3.12/site-packages/airflow/example_dags/example_complex.py
[2024-12-12T05:43:01.537+0000] {logging_mixin.py:190} INFO - [2024-12-12T05:43:01.536+0000] {dag.py:3239} INFO - Sync 1 DAGs
[2024-12-12T05:43:01.565+0000] {logging_mixin.py:190} INFO - [2024-12-12T05:43:01.565+0000] {dag.py:4180} INFO - Setting next_dagrun for example_complex to None, run_after=None
[2024-12-12T05:43:01.582+0000] {processor.py:208} INFO - Processing /home/airflow/.local/lib/python3.12/site-packages/airflow/example_dags/example_complex.py took 0.113 seconds
[2024-12-12T05:43:33.276+0000] {processor.py:186} INFO - Started process (PID=664) to work on /home/airflow/.local/lib/python3.12/site-packages/airflow/example_dags/example_complex.py
[2024-12-12T05:43:33.277+0000] {processor.py:914} INFO - Processing file /home/airflow/.local/lib/python3.12/site-packages/airflow/example_dags/example_complex.py for tasks to queue
[2024-12-12T05:43:33.279+0000] {logging_mixin.py:190} INFO - [2024-12-12T05:43:33.279+0000] {dagbag.py:588} INFO - Filling up the DagBag from /home/airflow/.local/lib/python3.12/site-packages/airflow/example_dags/example_complex.py
[2024-12-12T05:43:33.290+0000] {processor.py:925} INFO - DAG(s) 'example_complex' retrieved from /home/airflow/.local/lib/python3.12/site-packages/airflow/example_dags/example_complex.py
[2024-12-12T05:43:33.311+0000] {logging_mixin.py:190} INFO - [2024-12-12T05:43:33.311+0000] {dag.py:3239} INFO - Sync 1 DAGs
[2024-12-12T05:43:33.322+0000] {logging_mixin.py:190} INFO - [2024-12-12T05:43:33.322+0000] {dag.py:4180} INFO - Setting next_dagrun for example_complex to None, run_after=None
[2024-12-12T05:43:33.336+0000] {processor.py:208} INFO - Processing /home/airflow/.local/lib/python3.12/site-packages/airflow/example_dags/example_complex.py took 0.065 seconds
[2024-12-12T05:45:17.471+0000] {processor.py:186} INFO - Started process (PID=88) to work on /home/airflow/.local/lib/python3.12/site-packages/airflow/example_dags/example_complex.py
[2024-12-12T05:45:17.473+0000] {processor.py:914} INFO - Processing file /home/airflow/.local/lib/python3.12/site-packages/airflow/example_dags/example_complex.py for tasks to queue
[2024-12-12T05:45:17.476+0000] {logging_mixin.py:190} INFO - [2024-12-12T05:45:17.476+0000] {dagbag.py:588} INFO - Filling up the DagBag from /home/airflow/.local/lib/python3.12/site-packages/airflow/example_dags/example_complex.py
[2024-12-12T05:45:17.488+0000] {processor.py:925} INFO - DAG(s) 'example_complex' retrieved from /home/airflow/.local/lib/python3.12/site-packages/airflow/example_dags/example_complex.py
[2024-12-12T05:45:17.521+0000] {logging_mixin.py:190} INFO - [2024-12-12T05:45:17.520+0000] {dag.py:3239} INFO - Sync 1 DAGs
[2024-12-12T05:45:17.545+0000] {logging_mixin.py:190} INFO - [2024-12-12T05:45:17.544+0000] {dag.py:4180} INFO - Setting next_dagrun for example_complex to None, run_after=None
[2024-12-12T05:45:17.570+0000] {processor.py:208} INFO - Processing /home/airflow/.local/lib/python3.12/site-packages/airflow/example_dags/example_complex.py took 0.108 seconds
[2024-12-12T05:45:50.072+0000] {processor.py:186} INFO - Started process (PID=152) to work on /home/airflow/.local/lib/python3.12/site-packages/airflow/example_dags/example_complex.py
[2024-12-12T05:45:50.090+0000] {processor.py:914} INFO - Processing file /home/airflow/.local/lib/python3.12/site-packages/airflow/example_dags/example_complex.py for tasks to queue
[2024-12-12T05:45:50.095+0000] {logging_mixin.py:190} INFO - [2024-12-12T05:45:50.095+0000] {dagbag.py:588} INFO - Filling up the DagBag from /home/airflow/.local/lib/python3.12/site-packages/airflow/example_dags/example_complex.py
[2024-12-12T05:45:50.112+0000] {processor.py:925} INFO - DAG(s) 'example_complex' retrieved from /home/airflow/.local/lib/python3.12/site-packages/airflow/example_dags/example_complex.py
[2024-12-12T05:45:50.168+0000] {logging_mixin.py:190} INFO - [2024-12-12T05:45:50.168+0000] {dag.py:3239} INFO - Sync 1 DAGs
[2024-12-12T05:45:50.209+0000] {logging_mixin.py:190} INFO - [2024-12-12T05:45:50.209+0000] {dag.py:4180} INFO - Setting next_dagrun for example_complex to None, run_after=None
[2024-12-12T05:45:50.226+0000] {processor.py:208} INFO - Processing /home/airflow/.local/lib/python3.12/site-packages/airflow/example_dags/example_complex.py took 0.164 seconds
[2024-12-12T05:46:21.275+0000] {processor.py:186} INFO - Started process (PID=215) to work on /home/airflow/.local/lib/python3.12/site-packages/airflow/example_dags/example_complex.py
[2024-12-12T05:46:21.276+0000] {processor.py:914} INFO - Processing file /home/airflow/.local/lib/python3.12/site-packages/airflow/example_dags/example_complex.py for tasks to queue
[2024-12-12T05:46:21.278+0000] {logging_mixin.py:190} INFO - [2024-12-12T05:46:21.278+0000] {dagbag.py:588} INFO - Filling up the DagBag from /home/airflow/.local/lib/python3.12/site-packages/airflow/example_dags/example_complex.py
[2024-12-12T05:46:21.287+0000] {processor.py:925} INFO - DAG(s) 'example_complex' retrieved from /home/airflow/.local/lib/python3.12/site-packages/airflow/example_dags/example_complex.py
[2024-12-12T05:46:21.310+0000] {logging_mixin.py:190} INFO - [2024-12-12T05:46:21.310+0000] {dag.py:3239} INFO - Sync 1 DAGs
[2024-12-12T05:46:21.320+0000] {logging_mixin.py:190} INFO - [2024-12-12T05:46:21.320+0000] {dag.py:4180} INFO - Setting next_dagrun for example_complex to None, run_after=None
[2024-12-12T05:46:21.332+0000] {processor.py:208} INFO - Processing /home/airflow/.local/lib/python3.12/site-packages/airflow/example_dags/example_complex.py took 0.062 seconds
