[2024-12-12T05:36:24.111+0000] {processor.py:186} INFO - Started process (PID=41) to work on /home/airflow/.local/lib/python3.12/site-packages/airflow/example_dags/example_subdag_operator.py
[2024-12-12T05:36:24.124+0000] {processor.py:914} INFO - Processing file /home/airflow/.local/lib/python3.12/site-packages/airflow/example_dags/example_subdag_operator.py for tasks to queue
[2024-12-12T05:36:24.145+0000] {logging_mixin.py:190} INFO - [2024-12-12T05:36:24.144+0000] {dagbag.py:588} INFO - Filling up the DagBag from /home/airflow/.local/lib/python3.12/site-packages/airflow/example_dags/example_subdag_operator.py
[2024-12-12T05:36:24.258+0000] {processor.py:925} INFO - DAG(s) 'example_subdag_operator.section-1', 'example_subdag_operator.section-2', 'example_subdag_operator' retrieved from /home/airflow/.local/lib/python3.12/site-packages/airflow/example_dags/example_subdag_operator.py
[2024-12-12T05:36:24.874+0000] {logging_mixin.py:190} INFO - [2024-12-12T05:36:24.872+0000] {override.py:1911} INFO - Created Permission View: can delete on DAG:example_subdag_operator
[2024-12-12T05:36:24.895+0000] {logging_mixin.py:190} INFO - [2024-12-12T05:36:24.894+0000] {override.py:1911} INFO - Created Permission View: can edit on DAG:example_subdag_operator
[2024-12-12T05:36:24.900+0000] {logging_mixin.py:190} INFO - [2024-12-12T05:36:24.899+0000] {override.py:1911} INFO - Created Permission View: can read on DAG:example_subdag_operator
[2024-12-12T05:36:24.904+0000] {logging_mixin.py:190} INFO - [2024-12-12T05:36:24.903+0000] {override.py:1911} INFO - Created Permission View: can delete on DAG Run:example_subdag_operator
[2024-12-12T05:36:24.908+0000] {logging_mixin.py:190} INFO - [2024-12-12T05:36:24.908+0000] {override.py:1911} INFO - Created Permission View: menu access on DAG Run:example_subdag_operator
[2024-12-12T05:36:24.912+0000] {logging_mixin.py:190} INFO - [2024-12-12T05:36:24.912+0000] {override.py:1911} INFO - Created Permission View: can create on DAG Run:example_subdag_operator
[2024-12-12T05:36:24.918+0000] {logging_mixin.py:190} INFO - [2024-12-12T05:36:24.917+0000] {override.py:1911} INFO - Created Permission View: can read on DAG Run:example_subdag_operator
[2024-12-12T05:36:24.920+0000] {logging_mixin.py:190} INFO - [2024-12-12T05:36:24.918+0000] {dag.py:3239} INFO - Sync 3 DAGs
[2024-12-12T05:36:24.969+0000] {logging_mixin.py:190} INFO - [2024-12-12T05:36:24.968+0000] {dag.py:3262} INFO - Creating ORM DAG for example_subdag_operator.section-2
[2024-12-12T05:36:24.972+0000] {logging_mixin.py:190} INFO - [2024-12-12T05:36:24.972+0000] {dag.py:3262} INFO - Creating ORM DAG for example_subdag_operator
[2024-12-12T05:36:24.976+0000] {logging_mixin.py:190} INFO - [2024-12-12T05:36:24.976+0000] {dag.py:3262} INFO - Creating ORM DAG for example_subdag_operator.section-1
[2024-12-12T05:36:25.023+0000] {logging_mixin.py:190} INFO - [2024-12-12T05:36:25.023+0000] {dag.py:4180} INFO - Setting next_dagrun for example_subdag_operator to 2022-01-01 00:00:00+00:00, run_after=2022-01-01 00:00:00+00:00
[2024-12-12T05:36:25.025+0000] {logging_mixin.py:190} INFO - [2024-12-12T05:36:25.025+0000] {dag.py:4180} INFO - Setting next_dagrun for example_subdag_operator.section-1 to None, run_after=None
[2024-12-12T05:36:25.026+0000] {logging_mixin.py:190} INFO - [2024-12-12T05:36:25.026+0000] {dag.py:4180} INFO - Setting next_dagrun for example_subdag_operator.section-2 to None, run_after=None
[2024-12-12T05:36:25.037+0000] {logging_mixin.py:190} INFO - [2024-12-12T05:36:25.037+0000] {dag.py:3239} INFO - Sync 2 DAGs
[2024-12-12T05:36:25.044+0000] {logging_mixin.py:190} INFO - [2024-12-12T05:36:25.044+0000] {dag.py:4180} INFO - Setting next_dagrun for example_subdag_operator.section-1 to None, run_after=None
[2024-12-12T05:36:25.047+0000] {logging_mixin.py:190} INFO - [2024-12-12T05:36:25.047+0000] {dag.py:4180} INFO - Setting next_dagrun for example_subdag_operator.section-2 to None, run_after=None
[2024-12-12T05:36:25.071+0000] {processor.py:208} INFO - Processing /home/airflow/.local/lib/python3.12/site-packages/airflow/example_dags/example_subdag_operator.py took 0.993 seconds
[2024-12-12T05:36:56.072+0000] {processor.py:186} INFO - Started process (PID=105) to work on /home/airflow/.local/lib/python3.12/site-packages/airflow/example_dags/example_subdag_operator.py
[2024-12-12T05:36:56.075+0000] {processor.py:914} INFO - Processing file /home/airflow/.local/lib/python3.12/site-packages/airflow/example_dags/example_subdag_operator.py for tasks to queue
[2024-12-12T05:36:56.078+0000] {logging_mixin.py:190} INFO - [2024-12-12T05:36:56.078+0000] {dagbag.py:588} INFO - Filling up the DagBag from /home/airflow/.local/lib/python3.12/site-packages/airflow/example_dags/example_subdag_operator.py
[2024-12-12T05:36:56.111+0000] {processor.py:925} INFO - DAG(s) 'example_subdag_operator.section-1', 'example_subdag_operator.section-2', 'example_subdag_operator' retrieved from /home/airflow/.local/lib/python3.12/site-packages/airflow/example_dags/example_subdag_operator.py
[2024-12-12T05:36:56.142+0000] {logging_mixin.py:190} INFO - [2024-12-12T05:36:56.142+0000] {dag.py:3239} INFO - Sync 3 DAGs
[2024-12-12T05:36:56.174+0000] {logging_mixin.py:190} INFO - [2024-12-12T05:36:56.174+0000] {dag.py:4180} INFO - Setting next_dagrun for example_subdag_operator to 2022-01-01 00:00:00+00:00, run_after=2022-01-01 00:00:00+00:00
[2024-12-12T05:36:56.198+0000] {logging_mixin.py:190} INFO - [2024-12-12T05:36:56.198+0000] {dag.py:4180} INFO - Setting next_dagrun for example_subdag_operator.section-1 to None, run_after=None
[2024-12-12T05:36:56.231+0000] {logging_mixin.py:190} INFO - [2024-12-12T05:36:56.231+0000] {dag.py:4180} INFO - Setting next_dagrun for example_subdag_operator.section-2 to None, run_after=None
[2024-12-12T05:36:56.253+0000] {logging_mixin.py:190} INFO - [2024-12-12T05:36:56.253+0000] {dag.py:3239} INFO - Sync 2 DAGs
[2024-12-12T05:36:56.259+0000] {logging_mixin.py:190} INFO - [2024-12-12T05:36:56.259+0000] {dag.py:4180} INFO - Setting next_dagrun for example_subdag_operator.section-1 to None, run_after=None
[2024-12-12T05:36:56.260+0000] {logging_mixin.py:190} INFO - [2024-12-12T05:36:56.260+0000] {dag.py:4180} INFO - Setting next_dagrun for example_subdag_operator.section-2 to None, run_after=None
[2024-12-12T05:36:56.269+0000] {processor.py:208} INFO - Processing /home/airflow/.local/lib/python3.12/site-packages/airflow/example_dags/example_subdag_operator.py took 0.203 seconds
[2024-12-12T05:37:28.497+0000] {processor.py:186} INFO - Started process (PID=169) to work on /home/airflow/.local/lib/python3.12/site-packages/airflow/example_dags/example_subdag_operator.py
[2024-12-12T05:37:28.508+0000] {processor.py:914} INFO - Processing file /home/airflow/.local/lib/python3.12/site-packages/airflow/example_dags/example_subdag_operator.py for tasks to queue
[2024-12-12T05:37:28.525+0000] {logging_mixin.py:190} INFO - [2024-12-12T05:37:28.524+0000] {dagbag.py:588} INFO - Filling up the DagBag from /home/airflow/.local/lib/python3.12/site-packages/airflow/example_dags/example_subdag_operator.py
[2024-12-12T05:37:28.642+0000] {processor.py:925} INFO - DAG(s) 'example_subdag_operator.section-1', 'example_subdag_operator.section-2', 'example_subdag_operator' retrieved from /home/airflow/.local/lib/python3.12/site-packages/airflow/example_dags/example_subdag_operator.py
[2024-12-12T05:37:28.734+0000] {logging_mixin.py:190} INFO - [2024-12-12T05:37:28.733+0000] {dag.py:3239} INFO - Sync 3 DAGs
[2024-12-12T05:37:28.857+0000] {logging_mixin.py:190} INFO - [2024-12-12T05:37:28.856+0000] {dag.py:4180} INFO - Setting next_dagrun for example_subdag_operator to 2022-01-01 00:00:00+00:00, run_after=2022-01-01 00:00:00+00:00
[2024-12-12T05:37:28.868+0000] {logging_mixin.py:190} INFO - [2024-12-12T05:37:28.868+0000] {dag.py:4180} INFO - Setting next_dagrun for example_subdag_operator.section-1 to None, run_after=None
[2024-12-12T05:37:28.870+0000] {logging_mixin.py:190} INFO - [2024-12-12T05:37:28.870+0000] {dag.py:4180} INFO - Setting next_dagrun for example_subdag_operator.section-2 to None, run_after=None
[2024-12-12T05:37:28.897+0000] {logging_mixin.py:190} INFO - [2024-12-12T05:37:28.897+0000] {dag.py:3239} INFO - Sync 2 DAGs
[2024-12-12T05:37:28.911+0000] {logging_mixin.py:190} INFO - [2024-12-12T05:37:28.911+0000] {dag.py:4180} INFO - Setting next_dagrun for example_subdag_operator.section-1 to None, run_after=None
[2024-12-12T05:37:28.912+0000] {logging_mixin.py:190} INFO - [2024-12-12T05:37:28.912+0000] {dag.py:4180} INFO - Setting next_dagrun for example_subdag_operator.section-2 to None, run_after=None
[2024-12-12T05:37:28.940+0000] {processor.py:208} INFO - Processing /home/airflow/.local/lib/python3.12/site-packages/airflow/example_dags/example_subdag_operator.py took 0.467 seconds
[2024-12-12T05:38:22.746+0000] {processor.py:186} INFO - Started process (PID=40) to work on /home/airflow/.local/lib/python3.12/site-packages/airflow/example_dags/example_subdag_operator.py
[2024-12-12T05:38:22.748+0000] {processor.py:914} INFO - Processing file /home/airflow/.local/lib/python3.12/site-packages/airflow/example_dags/example_subdag_operator.py for tasks to queue
[2024-12-12T05:38:22.749+0000] {logging_mixin.py:190} INFO - [2024-12-12T05:38:22.749+0000] {dagbag.py:588} INFO - Filling up the DagBag from /home/airflow/.local/lib/python3.12/site-packages/airflow/example_dags/example_subdag_operator.py
[2024-12-12T05:38:22.769+0000] {processor.py:925} INFO - DAG(s) 'example_subdag_operator.section-1', 'example_subdag_operator.section-2', 'example_subdag_operator' retrieved from /home/airflow/.local/lib/python3.12/site-packages/airflow/example_dags/example_subdag_operator.py
[2024-12-12T05:38:22.782+0000] {logging_mixin.py:190} INFO - [2024-12-12T05:38:22.782+0000] {dag.py:3239} INFO - Sync 3 DAGs
[2024-12-12T05:38:22.807+0000] {logging_mixin.py:190} INFO - [2024-12-12T05:38:22.807+0000] {dag.py:4180} INFO - Setting next_dagrun for example_subdag_operator to 2022-01-01 00:00:00+00:00, run_after=2022-01-01 00:00:00+00:00
[2024-12-12T05:38:22.809+0000] {logging_mixin.py:190} INFO - [2024-12-12T05:38:22.809+0000] {dag.py:4180} INFO - Setting next_dagrun for example_subdag_operator.section-1 to None, run_after=None
[2024-12-12T05:38:22.810+0000] {logging_mixin.py:190} INFO - [2024-12-12T05:38:22.810+0000] {dag.py:4180} INFO - Setting next_dagrun for example_subdag_operator.section-2 to None, run_after=None
[2024-12-12T05:38:22.814+0000] {logging_mixin.py:190} INFO - [2024-12-12T05:38:22.814+0000] {dag.py:3239} INFO - Sync 2 DAGs
[2024-12-12T05:38:22.817+0000] {logging_mixin.py:190} INFO - [2024-12-12T05:38:22.817+0000] {dag.py:4180} INFO - Setting next_dagrun for example_subdag_operator.section-1 to None, run_after=None
[2024-12-12T05:38:22.818+0000] {logging_mixin.py:190} INFO - [2024-12-12T05:38:22.818+0000] {dag.py:4180} INFO - Setting next_dagrun for example_subdag_operator.section-2 to None, run_after=None
[2024-12-12T05:38:22.825+0000] {processor.py:208} INFO - Processing /home/airflow/.local/lib/python3.12/site-packages/airflow/example_dags/example_subdag_operator.py took 0.084 seconds
[2024-12-12T05:38:53.349+0000] {processor.py:186} INFO - Started process (PID=104) to work on /home/airflow/.local/lib/python3.12/site-packages/airflow/example_dags/example_subdag_operator.py
[2024-12-12T05:38:53.350+0000] {processor.py:914} INFO - Processing file /home/airflow/.local/lib/python3.12/site-packages/airflow/example_dags/example_subdag_operator.py for tasks to queue
[2024-12-12T05:38:53.353+0000] {logging_mixin.py:190} INFO - [2024-12-12T05:38:53.352+0000] {dagbag.py:588} INFO - Filling up the DagBag from /home/airflow/.local/lib/python3.12/site-packages/airflow/example_dags/example_subdag_operator.py
[2024-12-12T05:38:53.394+0000] {processor.py:925} INFO - DAG(s) 'example_subdag_operator.section-1', 'example_subdag_operator.section-2', 'example_subdag_operator' retrieved from /home/airflow/.local/lib/python3.12/site-packages/airflow/example_dags/example_subdag_operator.py
[2024-12-12T05:38:53.411+0000] {logging_mixin.py:190} INFO - [2024-12-12T05:38:53.411+0000] {dag.py:3239} INFO - Sync 3 DAGs
[2024-12-12T05:38:53.426+0000] {logging_mixin.py:190} INFO - [2024-12-12T05:38:53.426+0000] {dag.py:4180} INFO - Setting next_dagrun for example_subdag_operator to 2022-01-01 00:00:00+00:00, run_after=2022-01-01 00:00:00+00:00
[2024-12-12T05:38:53.430+0000] {logging_mixin.py:190} INFO - [2024-12-12T05:38:53.429+0000] {dag.py:4180} INFO - Setting next_dagrun for example_subdag_operator.section-1 to None, run_after=None
[2024-12-12T05:38:53.434+0000] {logging_mixin.py:190} INFO - [2024-12-12T05:38:53.434+0000] {dag.py:4180} INFO - Setting next_dagrun for example_subdag_operator.section-2 to None, run_after=None
[2024-12-12T05:38:53.445+0000] {logging_mixin.py:190} INFO - [2024-12-12T05:38:53.445+0000] {dag.py:3239} INFO - Sync 2 DAGs
[2024-12-12T05:38:53.453+0000] {logging_mixin.py:190} INFO - [2024-12-12T05:38:53.453+0000] {dag.py:4180} INFO - Setting next_dagrun for example_subdag_operator.section-1 to None, run_after=None
[2024-12-12T05:38:53.454+0000] {logging_mixin.py:190} INFO - [2024-12-12T05:38:53.454+0000] {dag.py:4180} INFO - Setting next_dagrun for example_subdag_operator.section-2 to None, run_after=None
[2024-12-12T05:38:53.471+0000] {processor.py:208} INFO - Processing /home/airflow/.local/lib/python3.12/site-packages/airflow/example_dags/example_subdag_operator.py took 0.129 seconds
[2024-12-12T05:39:24.906+0000] {processor.py:186} INFO - Started process (PID=167) to work on /home/airflow/.local/lib/python3.12/site-packages/airflow/example_dags/example_subdag_operator.py
[2024-12-12T05:39:24.909+0000] {processor.py:914} INFO - Processing file /home/airflow/.local/lib/python3.12/site-packages/airflow/example_dags/example_subdag_operator.py for tasks to queue
[2024-12-12T05:39:24.911+0000] {logging_mixin.py:190} INFO - [2024-12-12T05:39:24.911+0000] {dagbag.py:588} INFO - Filling up the DagBag from /home/airflow/.local/lib/python3.12/site-packages/airflow/example_dags/example_subdag_operator.py
[2024-12-12T05:39:24.953+0000] {processor.py:925} INFO - DAG(s) 'example_subdag_operator.section-1', 'example_subdag_operator.section-2', 'example_subdag_operator' retrieved from /home/airflow/.local/lib/python3.12/site-packages/airflow/example_dags/example_subdag_operator.py
[2024-12-12T05:39:24.979+0000] {logging_mixin.py:190} INFO - [2024-12-12T05:39:24.978+0000] {dag.py:3239} INFO - Sync 3 DAGs
[2024-12-12T05:39:25.007+0000] {logging_mixin.py:190} INFO - [2024-12-12T05:39:25.007+0000] {dag.py:4180} INFO - Setting next_dagrun for example_subdag_operator to 2022-01-01 00:00:00+00:00, run_after=2022-01-01 00:00:00+00:00
[2024-12-12T05:39:25.014+0000] {logging_mixin.py:190} INFO - [2024-12-12T05:39:25.013+0000] {dag.py:4180} INFO - Setting next_dagrun for example_subdag_operator.section-1 to None, run_after=None
[2024-12-12T05:39:25.018+0000] {logging_mixin.py:190} INFO - [2024-12-12T05:39:25.018+0000] {dag.py:4180} INFO - Setting next_dagrun for example_subdag_operator.section-2 to None, run_after=None
[2024-12-12T05:39:25.028+0000] {logging_mixin.py:190} INFO - [2024-12-12T05:39:25.027+0000] {dag.py:3239} INFO - Sync 2 DAGs
[2024-12-12T05:39:25.041+0000] {logging_mixin.py:190} INFO - [2024-12-12T05:39:25.041+0000] {dag.py:4180} INFO - Setting next_dagrun for example_subdag_operator.section-1 to None, run_after=None
[2024-12-12T05:39:25.042+0000] {logging_mixin.py:190} INFO - [2024-12-12T05:39:25.042+0000] {dag.py:4180} INFO - Setting next_dagrun for example_subdag_operator.section-2 to None, run_after=None
[2024-12-12T05:39:25.059+0000] {processor.py:208} INFO - Processing /home/airflow/.local/lib/python3.12/site-packages/airflow/example_dags/example_subdag_operator.py took 0.157 seconds
[2024-12-12T05:39:55.537+0000] {processor.py:186} INFO - Started process (PID=230) to work on /home/airflow/.local/lib/python3.12/site-packages/airflow/example_dags/example_subdag_operator.py
[2024-12-12T05:39:55.539+0000] {processor.py:914} INFO - Processing file /home/airflow/.local/lib/python3.12/site-packages/airflow/example_dags/example_subdag_operator.py for tasks to queue
[2024-12-12T05:39:55.546+0000] {logging_mixin.py:190} INFO - [2024-12-12T05:39:55.546+0000] {dagbag.py:588} INFO - Filling up the DagBag from /home/airflow/.local/lib/python3.12/site-packages/airflow/example_dags/example_subdag_operator.py
[2024-12-12T05:39:55.590+0000] {processor.py:925} INFO - DAG(s) 'example_subdag_operator.section-1', 'example_subdag_operator.section-2', 'example_subdag_operator' retrieved from /home/airflow/.local/lib/python3.12/site-packages/airflow/example_dags/example_subdag_operator.py
[2024-12-12T05:39:55.690+0000] {logging_mixin.py:190} INFO - [2024-12-12T05:39:55.689+0000] {dag.py:3239} INFO - Sync 3 DAGs
[2024-12-12T05:39:55.724+0000] {logging_mixin.py:190} INFO - [2024-12-12T05:39:55.724+0000] {dag.py:4180} INFO - Setting next_dagrun for example_subdag_operator to 2022-01-01 00:00:00+00:00, run_after=2022-01-01 00:00:00+00:00
[2024-12-12T05:39:55.730+0000] {logging_mixin.py:190} INFO - [2024-12-12T05:39:55.730+0000] {dag.py:4180} INFO - Setting next_dagrun for example_subdag_operator.section-1 to None, run_after=None
[2024-12-12T05:39:55.733+0000] {logging_mixin.py:190} INFO - [2024-12-12T05:39:55.733+0000] {dag.py:4180} INFO - Setting next_dagrun for example_subdag_operator.section-2 to None, run_after=None
[2024-12-12T05:39:55.740+0000] {logging_mixin.py:190} INFO - [2024-12-12T05:39:55.740+0000] {dag.py:3239} INFO - Sync 2 DAGs
[2024-12-12T05:39:55.749+0000] {logging_mixin.py:190} INFO - [2024-12-12T05:39:55.748+0000] {dag.py:4180} INFO - Setting next_dagrun for example_subdag_operator.section-1 to None, run_after=None
[2024-12-12T05:39:55.749+0000] {logging_mixin.py:190} INFO - [2024-12-12T05:39:55.749+0000] {dag.py:4180} INFO - Setting next_dagrun for example_subdag_operator.section-2 to None, run_after=None
[2024-12-12T05:39:55.765+0000] {processor.py:208} INFO - Processing /home/airflow/.local/lib/python3.12/site-packages/airflow/example_dags/example_subdag_operator.py took 0.235 seconds
[2024-12-12T05:40:27.875+0000] {processor.py:186} INFO - Started process (PID=293) to work on /home/airflow/.local/lib/python3.12/site-packages/airflow/example_dags/example_subdag_operator.py
[2024-12-12T05:40:27.877+0000] {processor.py:914} INFO - Processing file /home/airflow/.local/lib/python3.12/site-packages/airflow/example_dags/example_subdag_operator.py for tasks to queue
[2024-12-12T05:40:27.883+0000] {logging_mixin.py:190} INFO - [2024-12-12T05:40:27.882+0000] {dagbag.py:588} INFO - Filling up the DagBag from /home/airflow/.local/lib/python3.12/site-packages/airflow/example_dags/example_subdag_operator.py
[2024-12-12T05:40:27.928+0000] {processor.py:925} INFO - DAG(s) 'example_subdag_operator.section-1', 'example_subdag_operator.section-2', 'example_subdag_operator' retrieved from /home/airflow/.local/lib/python3.12/site-packages/airflow/example_dags/example_subdag_operator.py
[2024-12-12T05:40:27.951+0000] {logging_mixin.py:190} INFO - [2024-12-12T05:40:27.951+0000] {dag.py:3239} INFO - Sync 3 DAGs
[2024-12-12T05:40:27.983+0000] {logging_mixin.py:190} INFO - [2024-12-12T05:40:27.983+0000] {dag.py:4180} INFO - Setting next_dagrun for example_subdag_operator to 2022-01-01 00:00:00+00:00, run_after=2022-01-01 00:00:00+00:00
[2024-12-12T05:40:27.989+0000] {logging_mixin.py:190} INFO - [2024-12-12T05:40:27.988+0000] {dag.py:4180} INFO - Setting next_dagrun for example_subdag_operator.section-1 to None, run_after=None
[2024-12-12T05:40:27.991+0000] {logging_mixin.py:190} INFO - [2024-12-12T05:40:27.991+0000] {dag.py:4180} INFO - Setting next_dagrun for example_subdag_operator.section-2 to None, run_after=None
[2024-12-12T05:40:28.001+0000] {logging_mixin.py:190} INFO - [2024-12-12T05:40:28.001+0000] {dag.py:3239} INFO - Sync 2 DAGs
[2024-12-12T05:40:28.008+0000] {logging_mixin.py:190} INFO - [2024-12-12T05:40:28.008+0000] {dag.py:4180} INFO - Setting next_dagrun for example_subdag_operator.section-1 to None, run_after=None
[2024-12-12T05:40:28.009+0000] {logging_mixin.py:190} INFO - [2024-12-12T05:40:28.009+0000] {dag.py:4180} INFO - Setting next_dagrun for example_subdag_operator.section-2 to None, run_after=None
[2024-12-12T05:40:28.151+0000] {processor.py:208} INFO - Processing /home/airflow/.local/lib/python3.12/site-packages/airflow/example_dags/example_subdag_operator.py took 0.282 seconds
[2024-12-12T05:41:00.823+0000] {processor.py:186} INFO - Started process (PID=363) to work on /home/airflow/.local/lib/python3.12/site-packages/airflow/example_dags/example_subdag_operator.py
[2024-12-12T05:41:00.827+0000] {processor.py:914} INFO - Processing file /home/airflow/.local/lib/python3.12/site-packages/airflow/example_dags/example_subdag_operator.py for tasks to queue
[2024-12-12T05:41:00.835+0000] {logging_mixin.py:190} INFO - [2024-12-12T05:41:00.834+0000] {dagbag.py:588} INFO - Filling up the DagBag from /home/airflow/.local/lib/python3.12/site-packages/airflow/example_dags/example_subdag_operator.py
[2024-12-12T05:41:00.871+0000] {processor.py:925} INFO - DAG(s) 'example_subdag_operator.section-1', 'example_subdag_operator.section-2', 'example_subdag_operator' retrieved from /home/airflow/.local/lib/python3.12/site-packages/airflow/example_dags/example_subdag_operator.py
[2024-12-12T05:41:00.913+0000] {logging_mixin.py:190} INFO - [2024-12-12T05:41:00.913+0000] {dag.py:3239} INFO - Sync 3 DAGs
[2024-12-12T05:41:00.964+0000] {logging_mixin.py:190} INFO - [2024-12-12T05:41:00.964+0000] {dag.py:4180} INFO - Setting next_dagrun for example_subdag_operator to 2022-01-01 00:00:00+00:00, run_after=2022-01-01 00:00:00+00:00
[2024-12-12T05:41:00.969+0000] {logging_mixin.py:190} INFO - [2024-12-12T05:41:00.969+0000] {dag.py:4180} INFO - Setting next_dagrun for example_subdag_operator.section-1 to None, run_after=None
[2024-12-12T05:41:00.972+0000] {logging_mixin.py:190} INFO - [2024-12-12T05:41:00.972+0000] {dag.py:4180} INFO - Setting next_dagrun for example_subdag_operator.section-2 to None, run_after=None
[2024-12-12T05:41:01.128+0000] {logging_mixin.py:190} INFO - [2024-12-12T05:41:01.127+0000] {dag.py:3239} INFO - Sync 2 DAGs
[2024-12-12T05:41:01.148+0000] {logging_mixin.py:190} INFO - [2024-12-12T05:41:01.148+0000] {dag.py:4180} INFO - Setting next_dagrun for example_subdag_operator.section-1 to None, run_after=None
[2024-12-12T05:41:01.150+0000] {logging_mixin.py:190} INFO - [2024-12-12T05:41:01.150+0000] {dag.py:4180} INFO - Setting next_dagrun for example_subdag_operator.section-2 to None, run_after=None
[2024-12-12T05:41:01.171+0000] {processor.py:208} INFO - Processing /home/airflow/.local/lib/python3.12/site-packages/airflow/example_dags/example_subdag_operator.py took 0.354 seconds
[2024-12-12T05:41:32.142+0000] {processor.py:186} INFO - Started process (PID=427) to work on /home/airflow/.local/lib/python3.12/site-packages/airflow/example_dags/example_subdag_operator.py
[2024-12-12T05:41:32.149+0000] {processor.py:914} INFO - Processing file /home/airflow/.local/lib/python3.12/site-packages/airflow/example_dags/example_subdag_operator.py for tasks to queue
[2024-12-12T05:41:32.154+0000] {logging_mixin.py:190} INFO - [2024-12-12T05:41:32.153+0000] {dagbag.py:588} INFO - Filling up the DagBag from /home/airflow/.local/lib/python3.12/site-packages/airflow/example_dags/example_subdag_operator.py
[2024-12-12T05:41:32.223+0000] {processor.py:925} INFO - DAG(s) 'example_subdag_operator.section-1', 'example_subdag_operator.section-2', 'example_subdag_operator' retrieved from /home/airflow/.local/lib/python3.12/site-packages/airflow/example_dags/example_subdag_operator.py
[2024-12-12T05:41:32.257+0000] {logging_mixin.py:190} INFO - [2024-12-12T05:41:32.257+0000] {dag.py:3239} INFO - Sync 3 DAGs
[2024-12-12T05:41:32.296+0000] {logging_mixin.py:190} INFO - [2024-12-12T05:41:32.295+0000] {dag.py:4180} INFO - Setting next_dagrun for example_subdag_operator to 2022-01-01 00:00:00+00:00, run_after=2022-01-01 00:00:00+00:00
[2024-12-12T05:41:32.299+0000] {logging_mixin.py:190} INFO - [2024-12-12T05:41:32.299+0000] {dag.py:4180} INFO - Setting next_dagrun for example_subdag_operator.section-1 to None, run_after=None
[2024-12-12T05:41:32.300+0000] {logging_mixin.py:190} INFO - [2024-12-12T05:41:32.300+0000] {dag.py:4180} INFO - Setting next_dagrun for example_subdag_operator.section-2 to None, run_after=None
[2024-12-12T05:41:32.320+0000] {logging_mixin.py:190} INFO - [2024-12-12T05:41:32.320+0000] {dag.py:3239} INFO - Sync 2 DAGs
[2024-12-12T05:41:32.326+0000] {logging_mixin.py:190} INFO - [2024-12-12T05:41:32.326+0000] {dag.py:4180} INFO - Setting next_dagrun for example_subdag_operator.section-1 to None, run_after=None
[2024-12-12T05:41:32.327+0000] {logging_mixin.py:190} INFO - [2024-12-12T05:41:32.326+0000] {dag.py:4180} INFO - Setting next_dagrun for example_subdag_operator.section-2 to None, run_after=None
[2024-12-12T05:41:32.338+0000] {processor.py:208} INFO - Processing /home/airflow/.local/lib/python3.12/site-packages/airflow/example_dags/example_subdag_operator.py took 0.207 seconds
[2024-12-12T05:42:04.267+0000] {processor.py:186} INFO - Started process (PID=489) to work on /home/airflow/.local/lib/python3.12/site-packages/airflow/example_dags/example_subdag_operator.py
[2024-12-12T05:42:04.270+0000] {processor.py:914} INFO - Processing file /home/airflow/.local/lib/python3.12/site-packages/airflow/example_dags/example_subdag_operator.py for tasks to queue
[2024-12-12T05:42:04.273+0000] {logging_mixin.py:190} INFO - [2024-12-12T05:42:04.272+0000] {dagbag.py:588} INFO - Filling up the DagBag from /home/airflow/.local/lib/python3.12/site-packages/airflow/example_dags/example_subdag_operator.py
[2024-12-12T05:42:04.341+0000] {processor.py:925} INFO - DAG(s) 'example_subdag_operator.section-1', 'example_subdag_operator.section-2', 'example_subdag_operator' retrieved from /home/airflow/.local/lib/python3.12/site-packages/airflow/example_dags/example_subdag_operator.py
[2024-12-12T05:42:04.370+0000] {logging_mixin.py:190} INFO - [2024-12-12T05:42:04.370+0000] {dag.py:3239} INFO - Sync 3 DAGs
[2024-12-12T05:42:04.419+0000] {logging_mixin.py:190} INFO - [2024-12-12T05:42:04.419+0000] {dag.py:4180} INFO - Setting next_dagrun for example_subdag_operator to 2022-01-01 00:00:00+00:00, run_after=2022-01-01 00:00:00+00:00
[2024-12-12T05:42:04.424+0000] {logging_mixin.py:190} INFO - [2024-12-12T05:42:04.424+0000] {dag.py:4180} INFO - Setting next_dagrun for example_subdag_operator.section-1 to None, run_after=None
[2024-12-12T05:42:04.429+0000] {logging_mixin.py:190} INFO - [2024-12-12T05:42:04.429+0000] {dag.py:4180} INFO - Setting next_dagrun for example_subdag_operator.section-2 to None, run_after=None
[2024-12-12T05:42:04.444+0000] {logging_mixin.py:190} INFO - [2024-12-12T05:42:04.444+0000] {dag.py:3239} INFO - Sync 2 DAGs
[2024-12-12T05:42:04.455+0000] {logging_mixin.py:190} INFO - [2024-12-12T05:42:04.454+0000] {dag.py:4180} INFO - Setting next_dagrun for example_subdag_operator.section-1 to None, run_after=None
[2024-12-12T05:42:04.465+0000] {logging_mixin.py:190} INFO - [2024-12-12T05:42:04.465+0000] {dag.py:4180} INFO - Setting next_dagrun for example_subdag_operator.section-2 to None, run_after=None
[2024-12-12T05:42:04.482+0000] {processor.py:208} INFO - Processing /home/airflow/.local/lib/python3.12/site-packages/airflow/example_dags/example_subdag_operator.py took 0.219 seconds
[2024-12-12T05:42:34.787+0000] {processor.py:186} INFO - Started process (PID=553) to work on /home/airflow/.local/lib/python3.12/site-packages/airflow/example_dags/example_subdag_operator.py
[2024-12-12T05:42:34.788+0000] {processor.py:914} INFO - Processing file /home/airflow/.local/lib/python3.12/site-packages/airflow/example_dags/example_subdag_operator.py for tasks to queue
[2024-12-12T05:42:34.789+0000] {logging_mixin.py:190} INFO - [2024-12-12T05:42:34.789+0000] {dagbag.py:588} INFO - Filling up the DagBag from /home/airflow/.local/lib/python3.12/site-packages/airflow/example_dags/example_subdag_operator.py
[2024-12-12T05:42:34.807+0000] {processor.py:925} INFO - DAG(s) 'example_subdag_operator.section-1', 'example_subdag_operator.section-2', 'example_subdag_operator' retrieved from /home/airflow/.local/lib/python3.12/site-packages/airflow/example_dags/example_subdag_operator.py
[2024-12-12T05:42:34.819+0000] {logging_mixin.py:190} INFO - [2024-12-12T05:42:34.819+0000] {dag.py:3239} INFO - Sync 3 DAGs
[2024-12-12T05:42:34.833+0000] {logging_mixin.py:190} INFO - [2024-12-12T05:42:34.833+0000] {dag.py:4180} INFO - Setting next_dagrun for example_subdag_operator to 2022-01-01 00:00:00+00:00, run_after=2022-01-01 00:00:00+00:00
[2024-12-12T05:42:34.836+0000] {logging_mixin.py:190} INFO - [2024-12-12T05:42:34.836+0000] {dag.py:4180} INFO - Setting next_dagrun for example_subdag_operator.section-1 to None, run_after=None
[2024-12-12T05:42:34.837+0000] {logging_mixin.py:190} INFO - [2024-12-12T05:42:34.837+0000] {dag.py:4180} INFO - Setting next_dagrun for example_subdag_operator.section-2 to None, run_after=None
[2024-12-12T05:42:34.842+0000] {logging_mixin.py:190} INFO - [2024-12-12T05:42:34.842+0000] {dag.py:3239} INFO - Sync 2 DAGs
[2024-12-12T05:42:34.846+0000] {logging_mixin.py:190} INFO - [2024-12-12T05:42:34.846+0000] {dag.py:4180} INFO - Setting next_dagrun for example_subdag_operator.section-1 to None, run_after=None
[2024-12-12T05:42:34.846+0000] {logging_mixin.py:190} INFO - [2024-12-12T05:42:34.846+0000] {dag.py:4180} INFO - Setting next_dagrun for example_subdag_operator.section-2 to None, run_after=None
[2024-12-12T05:42:34.855+0000] {processor.py:208} INFO - Processing /home/airflow/.local/lib/python3.12/site-packages/airflow/example_dags/example_subdag_operator.py took 0.072 seconds
[2024-12-12T05:43:06.646+0000] {processor.py:186} INFO - Started process (PID=616) to work on /home/airflow/.local/lib/python3.12/site-packages/airflow/example_dags/example_subdag_operator.py
[2024-12-12T05:43:06.648+0000] {processor.py:914} INFO - Processing file /home/airflow/.local/lib/python3.12/site-packages/airflow/example_dags/example_subdag_operator.py for tasks to queue
[2024-12-12T05:43:06.650+0000] {logging_mixin.py:190} INFO - [2024-12-12T05:43:06.650+0000] {dagbag.py:588} INFO - Filling up the DagBag from /home/airflow/.local/lib/python3.12/site-packages/airflow/example_dags/example_subdag_operator.py
[2024-12-12T05:43:06.689+0000] {processor.py:925} INFO - DAG(s) 'example_subdag_operator.section-1', 'example_subdag_operator.section-2', 'example_subdag_operator' retrieved from /home/airflow/.local/lib/python3.12/site-packages/airflow/example_dags/example_subdag_operator.py
[2024-12-12T05:43:06.710+0000] {logging_mixin.py:190} INFO - [2024-12-12T05:43:06.710+0000] {dag.py:3239} INFO - Sync 3 DAGs
[2024-12-12T05:43:06.729+0000] {logging_mixin.py:190} INFO - [2024-12-12T05:43:06.729+0000] {dag.py:4180} INFO - Setting next_dagrun for example_subdag_operator to 2022-01-01 00:00:00+00:00, run_after=2022-01-01 00:00:00+00:00
[2024-12-12T05:43:06.732+0000] {logging_mixin.py:190} INFO - [2024-12-12T05:43:06.732+0000] {dag.py:4180} INFO - Setting next_dagrun for example_subdag_operator.section-1 to None, run_after=None
[2024-12-12T05:43:06.735+0000] {logging_mixin.py:190} INFO - [2024-12-12T05:43:06.735+0000] {dag.py:4180} INFO - Setting next_dagrun for example_subdag_operator.section-2 to None, run_after=None
[2024-12-12T05:43:06.741+0000] {logging_mixin.py:190} INFO - [2024-12-12T05:43:06.740+0000] {dag.py:3239} INFO - Sync 2 DAGs
[2024-12-12T05:43:06.747+0000] {logging_mixin.py:190} INFO - [2024-12-12T05:43:06.746+0000] {dag.py:4180} INFO - Setting next_dagrun for example_subdag_operator.section-1 to None, run_after=None
[2024-12-12T05:43:06.747+0000] {logging_mixin.py:190} INFO - [2024-12-12T05:43:06.747+0000] {dag.py:4180} INFO - Setting next_dagrun for example_subdag_operator.section-2 to None, run_after=None
[2024-12-12T05:43:06.758+0000] {processor.py:208} INFO - Processing /home/airflow/.local/lib/python3.12/site-packages/airflow/example_dags/example_subdag_operator.py took 0.115 seconds
[2024-12-12T05:45:04.777+0000] {processor.py:186} INFO - Started process (PID=47) to work on /home/airflow/.local/lib/python3.12/site-packages/airflow/example_dags/example_subdag_operator.py
[2024-12-12T05:45:04.785+0000] {processor.py:914} INFO - Processing file /home/airflow/.local/lib/python3.12/site-packages/airflow/example_dags/example_subdag_operator.py for tasks to queue
[2024-12-12T05:45:04.815+0000] {logging_mixin.py:190} INFO - [2024-12-12T05:45:04.810+0000] {dagbag.py:588} INFO - Filling up the DagBag from /home/airflow/.local/lib/python3.12/site-packages/airflow/example_dags/example_subdag_operator.py
[2024-12-12T05:45:05.065+0000] {processor.py:925} INFO - DAG(s) 'example_subdag_operator.section-1', 'example_subdag_operator.section-2', 'example_subdag_operator' retrieved from /home/airflow/.local/lib/python3.12/site-packages/airflow/example_dags/example_subdag_operator.py
[2024-12-12T05:45:05.102+0000] {logging_mixin.py:190} INFO - [2024-12-12T05:45:05.102+0000] {dag.py:3239} INFO - Sync 3 DAGs
[2024-12-12T05:45:05.177+0000] {logging_mixin.py:190} INFO - [2024-12-12T05:45:05.177+0000] {dag.py:4180} INFO - Setting next_dagrun for example_subdag_operator to 2022-01-01 00:00:00+00:00, run_after=2022-01-01 00:00:00+00:00
[2024-12-12T05:45:05.183+0000] {logging_mixin.py:190} INFO - [2024-12-12T05:45:05.183+0000] {dag.py:4180} INFO - Setting next_dagrun for example_subdag_operator.section-1 to None, run_after=None
[2024-12-12T05:45:05.185+0000] {logging_mixin.py:190} INFO - [2024-12-12T05:45:05.184+0000] {dag.py:4180} INFO - Setting next_dagrun for example_subdag_operator.section-2 to None, run_after=None
[2024-12-12T05:45:05.215+0000] {logging_mixin.py:190} INFO - [2024-12-12T05:45:05.215+0000] {dag.py:3239} INFO - Sync 2 DAGs
[2024-12-12T05:45:05.228+0000] {logging_mixin.py:190} INFO - [2024-12-12T05:45:05.228+0000] {dag.py:4180} INFO - Setting next_dagrun for example_subdag_operator.section-1 to None, run_after=None
[2024-12-12T05:45:05.232+0000] {logging_mixin.py:190} INFO - [2024-12-12T05:45:05.230+0000] {dag.py:4180} INFO - Setting next_dagrun for example_subdag_operator.section-2 to None, run_after=None
[2024-12-12T05:45:05.256+0000] {processor.py:208} INFO - Processing /home/airflow/.local/lib/python3.12/site-packages/airflow/example_dags/example_subdag_operator.py took 0.556 seconds
[2024-12-12T05:45:36.294+0000] {processor.py:186} INFO - Started process (PID=111) to work on /home/airflow/.local/lib/python3.12/site-packages/airflow/example_dags/example_subdag_operator.py
[2024-12-12T05:45:36.320+0000] {processor.py:914} INFO - Processing file /home/airflow/.local/lib/python3.12/site-packages/airflow/example_dags/example_subdag_operator.py for tasks to queue
[2024-12-12T05:45:36.373+0000] {logging_mixin.py:190} INFO - [2024-12-12T05:45:36.370+0000] {dagbag.py:588} INFO - Filling up the DagBag from /home/airflow/.local/lib/python3.12/site-packages/airflow/example_dags/example_subdag_operator.py
[2024-12-12T05:45:36.798+0000] {processor.py:925} INFO - DAG(s) 'example_subdag_operator.section-1', 'example_subdag_operator.section-2', 'example_subdag_operator' retrieved from /home/airflow/.local/lib/python3.12/site-packages/airflow/example_dags/example_subdag_operator.py
[2024-12-12T05:45:37.131+0000] {logging_mixin.py:190} INFO - [2024-12-12T05:45:37.130+0000] {dag.py:3239} INFO - Sync 3 DAGs
[2024-12-12T05:45:37.285+0000] {logging_mixin.py:190} INFO - [2024-12-12T05:45:37.285+0000] {dag.py:4180} INFO - Setting next_dagrun for example_subdag_operator to 2022-01-01 00:00:00+00:00, run_after=2022-01-01 00:00:00+00:00
[2024-12-12T05:45:37.291+0000] {logging_mixin.py:190} INFO - [2024-12-12T05:45:37.291+0000] {dag.py:4180} INFO - Setting next_dagrun for example_subdag_operator.section-1 to None, run_after=None
[2024-12-12T05:45:37.293+0000] {logging_mixin.py:190} INFO - [2024-12-12T05:45:37.293+0000] {dag.py:4180} INFO - Setting next_dagrun for example_subdag_operator.section-2 to None, run_after=None
[2024-12-12T05:45:37.325+0000] {logging_mixin.py:190} INFO - [2024-12-12T05:45:37.325+0000] {dag.py:3239} INFO - Sync 2 DAGs
[2024-12-12T05:45:37.332+0000] {logging_mixin.py:190} INFO - [2024-12-12T05:45:37.331+0000] {dag.py:4180} INFO - Setting next_dagrun for example_subdag_operator.section-1 to None, run_after=None
[2024-12-12T05:45:37.332+0000] {logging_mixin.py:190} INFO - [2024-12-12T05:45:37.332+0000] {dag.py:4180} INFO - Setting next_dagrun for example_subdag_operator.section-2 to None, run_after=None
[2024-12-12T05:45:37.354+0000] {processor.py:208} INFO - Processing /home/airflow/.local/lib/python3.12/site-packages/airflow/example_dags/example_subdag_operator.py took 1.144 seconds
[2024-12-12T05:46:07.744+0000] {processor.py:186} INFO - Started process (PID=174) to work on /home/airflow/.local/lib/python3.12/site-packages/airflow/example_dags/example_subdag_operator.py
[2024-12-12T05:46:07.752+0000] {processor.py:914} INFO - Processing file /home/airflow/.local/lib/python3.12/site-packages/airflow/example_dags/example_subdag_operator.py for tasks to queue
[2024-12-12T05:46:07.780+0000] {logging_mixin.py:190} INFO - [2024-12-12T05:46:07.779+0000] {dagbag.py:588} INFO - Filling up the DagBag from /home/airflow/.local/lib/python3.12/site-packages/airflow/example_dags/example_subdag_operator.py
[2024-12-12T05:46:07.960+0000] {processor.py:925} INFO - DAG(s) 'example_subdag_operator.section-1', 'example_subdag_operator.section-2', 'example_subdag_operator' retrieved from /home/airflow/.local/lib/python3.12/site-packages/airflow/example_dags/example_subdag_operator.py
[2024-12-12T05:46:07.998+0000] {logging_mixin.py:190} INFO - [2024-12-12T05:46:07.997+0000] {dag.py:3239} INFO - Sync 3 DAGs
[2024-12-12T05:46:08.086+0000] {logging_mixin.py:190} INFO - [2024-12-12T05:46:08.085+0000] {dag.py:4180} INFO - Setting next_dagrun for example_subdag_operator to 2022-01-01 00:00:00+00:00, run_after=2022-01-01 00:00:00+00:00
[2024-12-12T05:46:08.096+0000] {logging_mixin.py:190} INFO - [2024-12-12T05:46:08.096+0000] {dag.py:4180} INFO - Setting next_dagrun for example_subdag_operator.section-1 to None, run_after=None
[2024-12-12T05:46:08.100+0000] {logging_mixin.py:190} INFO - [2024-12-12T05:46:08.099+0000] {dag.py:4180} INFO - Setting next_dagrun for example_subdag_operator.section-2 to None, run_after=None
[2024-12-12T05:46:08.109+0000] {logging_mixin.py:190} INFO - [2024-12-12T05:46:08.109+0000] {dag.py:3239} INFO - Sync 2 DAGs
[2024-12-12T05:46:08.116+0000] {logging_mixin.py:190} INFO - [2024-12-12T05:46:08.116+0000] {dag.py:4180} INFO - Setting next_dagrun for example_subdag_operator.section-1 to None, run_after=None
[2024-12-12T05:46:08.118+0000] {logging_mixin.py:190} INFO - [2024-12-12T05:46:08.118+0000] {dag.py:4180} INFO - Setting next_dagrun for example_subdag_operator.section-2 to None, run_after=None
[2024-12-12T05:46:08.132+0000] {processor.py:208} INFO - Processing /home/airflow/.local/lib/python3.12/site-packages/airflow/example_dags/example_subdag_operator.py took 0.464 seconds
