[2024-12-12T05:36:42.037+0000] {processor.py:186} INFO - Started process (PID=84) to work on /home/airflow/.local/lib/python3.12/site-packages/airflow/example_dags/example_dag_decorator.py
[2024-12-12T05:36:42.037+0000] {processor.py:914} INFO - Processing file /home/airflow/.local/lib/python3.12/site-packages/airflow/example_dags/example_dag_decorator.py for tasks to queue
[2024-12-12T05:36:42.039+0000] {logging_mixin.py:190} INFO - [2024-12-12T05:36:42.039+0000] {dagbag.py:588} INFO - Filling up the DagBag from /home/airflow/.local/lib/python3.12/site-packages/airflow/example_dags/example_dag_decorator.py
[2024-12-12T05:36:42.050+0000] {processor.py:925} INFO - DAG(s) 'example_dag_decorator' retrieved from /home/airflow/.local/lib/python3.12/site-packages/airflow/example_dags/example_dag_decorator.py
[2024-12-12T05:36:42.118+0000] {logging_mixin.py:190} INFO - [2024-12-12T05:36:42.117+0000] {override.py:1911} INFO - Created Permission View: can delete on DAG:example_dag_decorator
[2024-12-12T05:36:42.124+0000] {logging_mixin.py:190} INFO - [2024-12-12T05:36:42.124+0000] {override.py:1911} INFO - Created Permission View: can edit on DAG:example_dag_decorator
[2024-12-12T05:36:42.129+0000] {logging_mixin.py:190} INFO - [2024-12-12T05:36:42.129+0000] {override.py:1911} INFO - Created Permission View: can read on DAG:example_dag_decorator
[2024-12-12T05:36:42.133+0000] {logging_mixin.py:190} INFO - [2024-12-12T05:36:42.133+0000] {override.py:1911} INFO - Created Permission View: can delete on DAG Run:example_dag_decorator
[2024-12-12T05:36:42.137+0000] {logging_mixin.py:190} INFO - [2024-12-12T05:36:42.137+0000] {override.py:1911} INFO - Created Permission View: menu access on DAG Run:example_dag_decorator
[2024-12-12T05:36:42.140+0000] {logging_mixin.py:190} INFO - [2024-12-12T05:36:42.140+0000] {override.py:1911} INFO - Created Permission View: can create on DAG Run:example_dag_decorator
[2024-12-12T05:36:42.147+0000] {logging_mixin.py:190} INFO - [2024-12-12T05:36:42.147+0000] {override.py:1911} INFO - Created Permission View: can read on DAG Run:example_dag_decorator
[2024-12-12T05:36:42.147+0000] {logging_mixin.py:190} INFO - [2024-12-12T05:36:42.147+0000] {dag.py:3239} INFO - Sync 1 DAGs
[2024-12-12T05:36:42.155+0000] {logging_mixin.py:190} INFO - [2024-12-12T05:36:42.155+0000] {dag.py:3262} INFO - Creating ORM DAG for example_dag_decorator
[2024-12-12T05:36:42.156+0000] {logging_mixin.py:190} INFO - [2024-12-12T05:36:42.156+0000] {dag.py:4180} INFO - Setting next_dagrun for example_dag_decorator to None, run_after=None
[2024-12-12T05:36:42.168+0000] {processor.py:208} INFO - Processing /home/airflow/.local/lib/python3.12/site-packages/airflow/example_dags/example_dag_decorator.py took 0.134 seconds
[2024-12-12T05:37:17.621+0000] {processor.py:186} INFO - Started process (PID=148) to work on /home/airflow/.local/lib/python3.12/site-packages/airflow/example_dags/example_dag_decorator.py
[2024-12-12T05:37:17.627+0000] {processor.py:914} INFO - Processing file /home/airflow/.local/lib/python3.12/site-packages/airflow/example_dags/example_dag_decorator.py for tasks to queue
[2024-12-12T05:37:17.639+0000] {logging_mixin.py:190} INFO - [2024-12-12T05:37:17.639+0000] {dagbag.py:588} INFO - Filling up the DagBag from /home/airflow/.local/lib/python3.12/site-packages/airflow/example_dags/example_dag_decorator.py
[2024-12-12T05:37:17.657+0000] {processor.py:925} INFO - DAG(s) 'example_dag_decorator' retrieved from /home/airflow/.local/lib/python3.12/site-packages/airflow/example_dags/example_dag_decorator.py
[2024-12-12T05:37:17.683+0000] {logging_mixin.py:190} INFO - [2024-12-12T05:37:17.683+0000] {dag.py:3239} INFO - Sync 1 DAGs
[2024-12-12T05:37:17.695+0000] {logging_mixin.py:190} INFO - [2024-12-12T05:37:17.695+0000] {dag.py:4180} INFO - Setting next_dagrun for example_dag_decorator to None, run_after=None
[2024-12-12T05:37:17.716+0000] {processor.py:208} INFO - Processing /home/airflow/.local/lib/python3.12/site-packages/airflow/example_dags/example_dag_decorator.py took 0.107 seconds
[2024-12-12T05:37:49.160+0000] {processor.py:186} INFO - Started process (PID=212) to work on /home/airflow/.local/lib/python3.12/site-packages/airflow/example_dags/example_dag_decorator.py
[2024-12-12T05:37:49.161+0000] {processor.py:914} INFO - Processing file /home/airflow/.local/lib/python3.12/site-packages/airflow/example_dags/example_dag_decorator.py for tasks to queue
[2024-12-12T05:37:49.162+0000] {logging_mixin.py:190} INFO - [2024-12-12T05:37:49.162+0000] {dagbag.py:588} INFO - Filling up the DagBag from /home/airflow/.local/lib/python3.12/site-packages/airflow/example_dags/example_dag_decorator.py
[2024-12-12T05:37:49.170+0000] {processor.py:925} INFO - DAG(s) 'example_dag_decorator' retrieved from /home/airflow/.local/lib/python3.12/site-packages/airflow/example_dags/example_dag_decorator.py
[2024-12-12T05:37:49.254+0000] {logging_mixin.py:190} INFO - [2024-12-12T05:37:49.254+0000] {dag.py:3239} INFO - Sync 1 DAGs
[2024-12-12T05:37:49.261+0000] {logging_mixin.py:190} INFO - [2024-12-12T05:37:49.260+0000] {dag.py:4180} INFO - Setting next_dagrun for example_dag_decorator to None, run_after=None
[2024-12-12T05:37:49.272+0000] {processor.py:208} INFO - Processing /home/airflow/.local/lib/python3.12/site-packages/airflow/example_dags/example_dag_decorator.py took 0.115 seconds
[2024-12-12T05:38:26.921+0000] {processor.py:186} INFO - Started process (PID=77) to work on /home/airflow/.local/lib/python3.12/site-packages/airflow/example_dags/example_dag_decorator.py
[2024-12-12T05:38:26.923+0000] {processor.py:914} INFO - Processing file /home/airflow/.local/lib/python3.12/site-packages/airflow/example_dags/example_dag_decorator.py for tasks to queue
[2024-12-12T05:38:26.927+0000] {logging_mixin.py:190} INFO - [2024-12-12T05:38:26.927+0000] {dagbag.py:588} INFO - Filling up the DagBag from /home/airflow/.local/lib/python3.12/site-packages/airflow/example_dags/example_dag_decorator.py
[2024-12-12T05:38:26.944+0000] {processor.py:925} INFO - DAG(s) 'example_dag_decorator' retrieved from /home/airflow/.local/lib/python3.12/site-packages/airflow/example_dags/example_dag_decorator.py
[2024-12-12T05:38:27.081+0000] {logging_mixin.py:190} INFO - [2024-12-12T05:38:27.080+0000] {dag.py:3239} INFO - Sync 1 DAGs
[2024-12-12T05:38:27.094+0000] {logging_mixin.py:190} INFO - [2024-12-12T05:38:27.093+0000] {dag.py:4180} INFO - Setting next_dagrun for example_dag_decorator to None, run_after=None
[2024-12-12T05:38:27.115+0000] {processor.py:208} INFO - Processing /home/airflow/.local/lib/python3.12/site-packages/airflow/example_dags/example_dag_decorator.py took 0.204 seconds
[2024-12-12T05:38:58.094+0000] {processor.py:186} INFO - Started process (PID=141) to work on /home/airflow/.local/lib/python3.12/site-packages/airflow/example_dags/example_dag_decorator.py
[2024-12-12T05:38:58.096+0000] {processor.py:914} INFO - Processing file /home/airflow/.local/lib/python3.12/site-packages/airflow/example_dags/example_dag_decorator.py for tasks to queue
[2024-12-12T05:38:58.100+0000] {logging_mixin.py:190} INFO - [2024-12-12T05:38:58.099+0000] {dagbag.py:588} INFO - Filling up the DagBag from /home/airflow/.local/lib/python3.12/site-packages/airflow/example_dags/example_dag_decorator.py
[2024-12-12T05:38:58.127+0000] {processor.py:925} INFO - DAG(s) 'example_dag_decorator' retrieved from /home/airflow/.local/lib/python3.12/site-packages/airflow/example_dags/example_dag_decorator.py
[2024-12-12T05:38:58.154+0000] {logging_mixin.py:190} INFO - [2024-12-12T05:38:58.153+0000] {dag.py:3239} INFO - Sync 1 DAGs
[2024-12-12T05:38:58.164+0000] {logging_mixin.py:190} INFO - [2024-12-12T05:38:58.164+0000] {dag.py:4180} INFO - Setting next_dagrun for example_dag_decorator to None, run_after=None
[2024-12-12T05:38:58.184+0000] {processor.py:208} INFO - Processing /home/airflow/.local/lib/python3.12/site-packages/airflow/example_dags/example_dag_decorator.py took 0.098 seconds
[2024-12-12T05:39:32.012+0000] {processor.py:186} INFO - Started process (PID=209) to work on /home/airflow/.local/lib/python3.12/site-packages/airflow/example_dags/example_dag_decorator.py
[2024-12-12T05:39:32.016+0000] {processor.py:914} INFO - Processing file /home/airflow/.local/lib/python3.12/site-packages/airflow/example_dags/example_dag_decorator.py for tasks to queue
[2024-12-12T05:39:32.017+0000] {logging_mixin.py:190} INFO - [2024-12-12T05:39:32.017+0000] {dagbag.py:588} INFO - Filling up the DagBag from /home/airflow/.local/lib/python3.12/site-packages/airflow/example_dags/example_dag_decorator.py
[2024-12-12T05:39:32.037+0000] {processor.py:925} INFO - DAG(s) 'example_dag_decorator' retrieved from /home/airflow/.local/lib/python3.12/site-packages/airflow/example_dags/example_dag_decorator.py
[2024-12-12T05:39:32.297+0000] {logging_mixin.py:190} INFO - [2024-12-12T05:39:32.297+0000] {dag.py:3239} INFO - Sync 1 DAGs
[2024-12-12T05:39:32.308+0000] {logging_mixin.py:190} INFO - [2024-12-12T05:39:32.308+0000] {dag.py:4180} INFO - Setting next_dagrun for example_dag_decorator to None, run_after=None
[2024-12-12T05:39:32.334+0000] {processor.py:208} INFO - Processing /home/airflow/.local/lib/python3.12/site-packages/airflow/example_dags/example_dag_decorator.py took 0.327 seconds
[2024-12-12T05:40:04.038+0000] {processor.py:186} INFO - Started process (PID=273) to work on /home/airflow/.local/lib/python3.12/site-packages/airflow/example_dags/example_dag_decorator.py
[2024-12-12T05:40:04.039+0000] {processor.py:914} INFO - Processing file /home/airflow/.local/lib/python3.12/site-packages/airflow/example_dags/example_dag_decorator.py for tasks to queue
[2024-12-12T05:40:04.042+0000] {logging_mixin.py:190} INFO - [2024-12-12T05:40:04.042+0000] {dagbag.py:588} INFO - Filling up the DagBag from /home/airflow/.local/lib/python3.12/site-packages/airflow/example_dags/example_dag_decorator.py
[2024-12-12T05:40:04.058+0000] {processor.py:925} INFO - DAG(s) 'example_dag_decorator' retrieved from /home/airflow/.local/lib/python3.12/site-packages/airflow/example_dags/example_dag_decorator.py
[2024-12-12T05:40:04.196+0000] {logging_mixin.py:190} INFO - [2024-12-12T05:40:04.196+0000] {dag.py:3239} INFO - Sync 1 DAGs
[2024-12-12T05:40:04.211+0000] {logging_mixin.py:190} INFO - [2024-12-12T05:40:04.211+0000] {dag.py:4180} INFO - Setting next_dagrun for example_dag_decorator to None, run_after=None
[2024-12-12T05:40:04.240+0000] {processor.py:208} INFO - Processing /home/airflow/.local/lib/python3.12/site-packages/airflow/example_dags/example_dag_decorator.py took 0.210 seconds
[2024-12-12T05:40:41.797+0000] {processor.py:186} INFO - Started process (PID=336) to work on /home/airflow/.local/lib/python3.12/site-packages/airflow/example_dags/example_dag_decorator.py
[2024-12-12T05:40:41.802+0000] {processor.py:914} INFO - Processing file /home/airflow/.local/lib/python3.12/site-packages/airflow/example_dags/example_dag_decorator.py for tasks to queue
[2024-12-12T05:40:41.935+0000] {logging_mixin.py:190} INFO - [2024-12-12T05:40:41.934+0000] {dagbag.py:588} INFO - Filling up the DagBag from /home/airflow/.local/lib/python3.12/site-packages/airflow/example_dags/example_dag_decorator.py
[2024-12-12T05:40:41.965+0000] {processor.py:925} INFO - DAG(s) 'example_dag_decorator' retrieved from /home/airflow/.local/lib/python3.12/site-packages/airflow/example_dags/example_dag_decorator.py
[2024-12-12T05:40:42.144+0000] {logging_mixin.py:190} INFO - [2024-12-12T05:40:42.144+0000] {dag.py:3239} INFO - Sync 1 DAGs
[2024-12-12T05:40:42.153+0000] {logging_mixin.py:190} INFO - [2024-12-12T05:40:42.152+0000] {dag.py:4180} INFO - Setting next_dagrun for example_dag_decorator to None, run_after=None
[2024-12-12T05:40:42.192+0000] {processor.py:208} INFO - Processing /home/airflow/.local/lib/python3.12/site-packages/airflow/example_dags/example_dag_decorator.py took 0.407 seconds
[2024-12-12T05:41:23.335+0000] {processor.py:186} INFO - Started process (PID=400) to work on /home/airflow/.local/lib/python3.12/site-packages/airflow/example_dags/example_dag_decorator.py
[2024-12-12T05:41:23.338+0000] {processor.py:914} INFO - Processing file /home/airflow/.local/lib/python3.12/site-packages/airflow/example_dags/example_dag_decorator.py for tasks to queue
[2024-12-12T05:41:23.343+0000] {logging_mixin.py:190} INFO - [2024-12-12T05:41:23.342+0000] {dagbag.py:588} INFO - Filling up the DagBag from /home/airflow/.local/lib/python3.12/site-packages/airflow/example_dags/example_dag_decorator.py
[2024-12-12T05:41:23.372+0000] {processor.py:925} INFO - DAG(s) 'example_dag_decorator' retrieved from /home/airflow/.local/lib/python3.12/site-packages/airflow/example_dags/example_dag_decorator.py
[2024-12-12T05:41:23.962+0000] {logging_mixin.py:190} INFO - [2024-12-12T05:41:23.961+0000] {dag.py:3239} INFO - Sync 1 DAGs
[2024-12-12T05:41:24.021+0000] {logging_mixin.py:190} INFO - [2024-12-12T05:41:24.021+0000] {dag.py:4180} INFO - Setting next_dagrun for example_dag_decorator to None, run_after=None
[2024-12-12T05:41:24.062+0000] {processor.py:208} INFO - Processing /home/airflow/.local/lib/python3.12/site-packages/airflow/example_dags/example_dag_decorator.py took 0.733 seconds
[2024-12-12T05:41:58.952+0000] {processor.py:186} INFO - Started process (PID=464) to work on /home/airflow/.local/lib/python3.12/site-packages/airflow/example_dags/example_dag_decorator.py
[2024-12-12T05:41:58.965+0000] {processor.py:914} INFO - Processing file /home/airflow/.local/lib/python3.12/site-packages/airflow/example_dags/example_dag_decorator.py for tasks to queue
[2024-12-12T05:41:58.997+0000] {logging_mixin.py:190} INFO - [2024-12-12T05:41:58.996+0000] {dagbag.py:588} INFO - Filling up the DagBag from /home/airflow/.local/lib/python3.12/site-packages/airflow/example_dags/example_dag_decorator.py
[2024-12-12T05:41:59.062+0000] {processor.py:925} INFO - DAG(s) 'example_dag_decorator' retrieved from /home/airflow/.local/lib/python3.12/site-packages/airflow/example_dags/example_dag_decorator.py
[2024-12-12T05:41:59.323+0000] {logging_mixin.py:190} INFO - [2024-12-12T05:41:59.323+0000] {dag.py:3239} INFO - Sync 1 DAGs
[2024-12-12T05:41:59.346+0000] {logging_mixin.py:190} INFO - [2024-12-12T05:41:59.346+0000] {dag.py:4180} INFO - Setting next_dagrun for example_dag_decorator to None, run_after=None
[2024-12-12T05:41:59.419+0000] {processor.py:208} INFO - Processing /home/airflow/.local/lib/python3.12/site-packages/airflow/example_dags/example_dag_decorator.py took 0.496 seconds
[2024-12-12T05:42:29.884+0000] {processor.py:186} INFO - Started process (PID=527) to work on /home/airflow/.local/lib/python3.12/site-packages/airflow/example_dags/example_dag_decorator.py
[2024-12-12T05:42:29.886+0000] {processor.py:914} INFO - Processing file /home/airflow/.local/lib/python3.12/site-packages/airflow/example_dags/example_dag_decorator.py for tasks to queue
[2024-12-12T05:42:29.889+0000] {logging_mixin.py:190} INFO - [2024-12-12T05:42:29.889+0000] {dagbag.py:588} INFO - Filling up the DagBag from /home/airflow/.local/lib/python3.12/site-packages/airflow/example_dags/example_dag_decorator.py
[2024-12-12T05:42:29.904+0000] {processor.py:925} INFO - DAG(s) 'example_dag_decorator' retrieved from /home/airflow/.local/lib/python3.12/site-packages/airflow/example_dags/example_dag_decorator.py
[2024-12-12T05:42:30.081+0000] {logging_mixin.py:190} INFO - [2024-12-12T05:42:30.081+0000] {dag.py:3239} INFO - Sync 1 DAGs
[2024-12-12T05:42:30.090+0000] {logging_mixin.py:190} INFO - [2024-12-12T05:42:30.089+0000] {dag.py:4180} INFO - Setting next_dagrun for example_dag_decorator to None, run_after=None
[2024-12-12T05:42:30.107+0000] {processor.py:208} INFO - Processing /home/airflow/.local/lib/python3.12/site-packages/airflow/example_dags/example_dag_decorator.py took 0.228 seconds
[2024-12-12T05:43:00.217+0000] {processor.py:186} INFO - Started process (PID=591) to work on /home/airflow/.local/lib/python3.12/site-packages/airflow/example_dags/example_dag_decorator.py
[2024-12-12T05:43:00.220+0000] {processor.py:914} INFO - Processing file /home/airflow/.local/lib/python3.12/site-packages/airflow/example_dags/example_dag_decorator.py for tasks to queue
[2024-12-12T05:43:00.222+0000] {logging_mixin.py:190} INFO - [2024-12-12T05:43:00.222+0000] {dagbag.py:588} INFO - Filling up the DagBag from /home/airflow/.local/lib/python3.12/site-packages/airflow/example_dags/example_dag_decorator.py
[2024-12-12T05:43:00.230+0000] {processor.py:925} INFO - DAG(s) 'example_dag_decorator' retrieved from /home/airflow/.local/lib/python3.12/site-packages/airflow/example_dags/example_dag_decorator.py
[2024-12-12T05:43:00.400+0000] {logging_mixin.py:190} INFO - [2024-12-12T05:43:00.399+0000] {dag.py:3239} INFO - Sync 1 DAGs
[2024-12-12T05:43:00.408+0000] {logging_mixin.py:190} INFO - [2024-12-12T05:43:00.407+0000] {dag.py:4180} INFO - Setting next_dagrun for example_dag_decorator to None, run_after=None
[2024-12-12T05:43:00.418+0000] {processor.py:208} INFO - Processing /home/airflow/.local/lib/python3.12/site-packages/airflow/example_dags/example_dag_decorator.py took 0.208 seconds
[2024-12-12T05:43:32.924+0000] {processor.py:186} INFO - Started process (PID=660) to work on /home/airflow/.local/lib/python3.12/site-packages/airflow/example_dags/example_dag_decorator.py
[2024-12-12T05:43:32.926+0000] {processor.py:914} INFO - Processing file /home/airflow/.local/lib/python3.12/site-packages/airflow/example_dags/example_dag_decorator.py for tasks to queue
[2024-12-12T05:43:32.928+0000] {logging_mixin.py:190} INFO - [2024-12-12T05:43:32.928+0000] {dagbag.py:588} INFO - Filling up the DagBag from /home/airflow/.local/lib/python3.12/site-packages/airflow/example_dags/example_dag_decorator.py
[2024-12-12T05:43:32.941+0000] {processor.py:925} INFO - DAG(s) 'example_dag_decorator' retrieved from /home/airflow/.local/lib/python3.12/site-packages/airflow/example_dags/example_dag_decorator.py
[2024-12-12T05:43:33.077+0000] {logging_mixin.py:190} INFO - [2024-12-12T05:43:33.077+0000] {dag.py:3239} INFO - Sync 1 DAGs
[2024-12-12T05:43:33.091+0000] {logging_mixin.py:190} INFO - [2024-12-12T05:43:33.091+0000] {dag.py:4180} INFO - Setting next_dagrun for example_dag_decorator to None, run_after=None
[2024-12-12T05:43:33.104+0000] {processor.py:208} INFO - Processing /home/airflow/.local/lib/python3.12/site-packages/airflow/example_dags/example_dag_decorator.py took 0.185 seconds
[2024-12-12T05:45:17.189+0000] {processor.py:186} INFO - Started process (PID=84) to work on /home/airflow/.local/lib/python3.12/site-packages/airflow/example_dags/example_dag_decorator.py
[2024-12-12T05:45:17.191+0000] {processor.py:914} INFO - Processing file /home/airflow/.local/lib/python3.12/site-packages/airflow/example_dags/example_dag_decorator.py for tasks to queue
[2024-12-12T05:45:17.193+0000] {logging_mixin.py:190} INFO - [2024-12-12T05:45:17.192+0000] {dagbag.py:588} INFO - Filling up the DagBag from /home/airflow/.local/lib/python3.12/site-packages/airflow/example_dags/example_dag_decorator.py
[2024-12-12T05:45:17.210+0000] {processor.py:925} INFO - DAG(s) 'example_dag_decorator' retrieved from /home/airflow/.local/lib/python3.12/site-packages/airflow/example_dags/example_dag_decorator.py
[2024-12-12T05:45:17.310+0000] {logging_mixin.py:190} INFO - [2024-12-12T05:45:17.310+0000] {dag.py:3239} INFO - Sync 1 DAGs
[2024-12-12T05:45:17.322+0000] {logging_mixin.py:190} INFO - [2024-12-12T05:45:17.322+0000] {dag.py:4180} INFO - Setting next_dagrun for example_dag_decorator to None, run_after=None
[2024-12-12T05:45:17.338+0000] {processor.py:208} INFO - Processing /home/airflow/.local/lib/python3.12/site-packages/airflow/example_dags/example_dag_decorator.py took 0.156 seconds
[2024-12-12T05:45:49.443+0000] {processor.py:186} INFO - Started process (PID=148) to work on /home/airflow/.local/lib/python3.12/site-packages/airflow/example_dags/example_dag_decorator.py
[2024-12-12T05:45:49.451+0000] {processor.py:914} INFO - Processing file /home/airflow/.local/lib/python3.12/site-packages/airflow/example_dags/example_dag_decorator.py for tasks to queue
[2024-12-12T05:45:49.456+0000] {logging_mixin.py:190} INFO - [2024-12-12T05:45:49.455+0000] {dagbag.py:588} INFO - Filling up the DagBag from /home/airflow/.local/lib/python3.12/site-packages/airflow/example_dags/example_dag_decorator.py
[2024-12-12T05:45:49.466+0000] {processor.py:925} INFO - DAG(s) 'example_dag_decorator' retrieved from /home/airflow/.local/lib/python3.12/site-packages/airflow/example_dags/example_dag_decorator.py
[2024-12-12T05:45:49.585+0000] {logging_mixin.py:190} INFO - [2024-12-12T05:45:49.585+0000] {dag.py:3239} INFO - Sync 1 DAGs
[2024-12-12T05:45:49.594+0000] {logging_mixin.py:190} INFO - [2024-12-12T05:45:49.594+0000] {dag.py:4180} INFO - Setting next_dagrun for example_dag_decorator to None, run_after=None
[2024-12-12T05:45:49.613+0000] {processor.py:208} INFO - Processing /home/airflow/.local/lib/python3.12/site-packages/airflow/example_dags/example_dag_decorator.py took 0.179 seconds
[2024-12-12T05:46:20.936+0000] {processor.py:186} INFO - Started process (PID=211) to work on /home/airflow/.local/lib/python3.12/site-packages/airflow/example_dags/example_dag_decorator.py
[2024-12-12T05:46:20.937+0000] {processor.py:914} INFO - Processing file /home/airflow/.local/lib/python3.12/site-packages/airflow/example_dags/example_dag_decorator.py for tasks to queue
[2024-12-12T05:46:20.939+0000] {logging_mixin.py:190} INFO - [2024-12-12T05:46:20.939+0000] {dagbag.py:588} INFO - Filling up the DagBag from /home/airflow/.local/lib/python3.12/site-packages/airflow/example_dags/example_dag_decorator.py
[2024-12-12T05:46:20.949+0000] {processor.py:925} INFO - DAG(s) 'example_dag_decorator' retrieved from /home/airflow/.local/lib/python3.12/site-packages/airflow/example_dags/example_dag_decorator.py
[2024-12-12T05:46:20.985+0000] {logging_mixin.py:190} INFO - [2024-12-12T05:46:20.985+0000] {dag.py:3239} INFO - Sync 1 DAGs
[2024-12-12T05:46:21.000+0000] {logging_mixin.py:190} INFO - [2024-12-12T05:46:21.000+0000] {dag.py:4180} INFO - Setting next_dagrun for example_dag_decorator to None, run_after=None
[2024-12-12T05:46:21.035+0000] {processor.py:208} INFO - Processing /home/airflow/.local/lib/python3.12/site-packages/airflow/example_dags/example_dag_decorator.py took 0.102 seconds
