[2024-12-12T05:36:42.507+0000] {processor.py:186} INFO - Started process (PID=90) to work on /home/airflow/.local/lib/python3.12/site-packages/airflow/example_dags/example_dataset_alias.py
[2024-12-12T05:36:42.508+0000] {processor.py:914} INFO - Processing file /home/airflow/.local/lib/python3.12/site-packages/airflow/example_dags/example_dataset_alias.py for tasks to queue
[2024-12-12T05:36:42.509+0000] {logging_mixin.py:190} INFO - [2024-12-12T05:36:42.509+0000] {dagbag.py:588} INFO - Filling up the DagBag from /home/airflow/.local/lib/python3.12/site-packages/airflow/example_dags/example_dataset_alias.py
[2024-12-12T05:36:43.004+0000] {processor.py:925} INFO - DAG(s) 'dataset_s3_bucket_consumer', 'dataset_s3_bucket_producer', 'dataset_alias_example_alias_consumer', 'dataset_alias_example_alias_producer' retrieved from /home/airflow/.local/lib/python3.12/site-packages/airflow/example_dags/example_dataset_alias.py
[2024-12-12T05:36:43.055+0000] {logging_mixin.py:190} INFO - [2024-12-12T05:36:43.055+0000] {override.py:1911} INFO - Created Permission View: can delete on DAG:dataset_s3_bucket_consumer
[2024-12-12T05:36:43.060+0000] {logging_mixin.py:190} INFO - [2024-12-12T05:36:43.060+0000] {override.py:1911} INFO - Created Permission View: can edit on DAG:dataset_s3_bucket_consumer
[2024-12-12T05:36:43.064+0000] {logging_mixin.py:190} INFO - [2024-12-12T05:36:43.064+0000] {override.py:1911} INFO - Created Permission View: can read on DAG:dataset_s3_bucket_consumer
[2024-12-12T05:36:43.068+0000] {logging_mixin.py:190} INFO - [2024-12-12T05:36:43.068+0000] {override.py:1911} INFO - Created Permission View: can delete on DAG Run:dataset_s3_bucket_consumer
[2024-12-12T05:36:43.071+0000] {logging_mixin.py:190} INFO - [2024-12-12T05:36:43.071+0000] {override.py:1911} INFO - Created Permission View: menu access on DAG Run:dataset_s3_bucket_consumer
[2024-12-12T05:36:43.074+0000] {logging_mixin.py:190} INFO - [2024-12-12T05:36:43.074+0000] {override.py:1911} INFO - Created Permission View: can create on DAG Run:dataset_s3_bucket_consumer
[2024-12-12T05:36:43.077+0000] {logging_mixin.py:190} INFO - [2024-12-12T05:36:43.077+0000] {override.py:1911} INFO - Created Permission View: can read on DAG Run:dataset_s3_bucket_consumer
[2024-12-12T05:36:43.084+0000] {logging_mixin.py:190} INFO - [2024-12-12T05:36:43.084+0000] {override.py:1911} INFO - Created Permission View: can delete on DAG:dataset_s3_bucket_producer
[2024-12-12T05:36:43.087+0000] {logging_mixin.py:190} INFO - [2024-12-12T05:36:43.087+0000] {override.py:1911} INFO - Created Permission View: can edit on DAG:dataset_s3_bucket_producer
[2024-12-12T05:36:43.090+0000] {logging_mixin.py:190} INFO - [2024-12-12T05:36:43.090+0000] {override.py:1911} INFO - Created Permission View: can read on DAG:dataset_s3_bucket_producer
[2024-12-12T05:36:43.094+0000] {logging_mixin.py:190} INFO - [2024-12-12T05:36:43.093+0000] {override.py:1911} INFO - Created Permission View: can delete on DAG Run:dataset_s3_bucket_producer
[2024-12-12T05:36:43.097+0000] {logging_mixin.py:190} INFO - [2024-12-12T05:36:43.096+0000] {override.py:1911} INFO - Created Permission View: menu access on DAG Run:dataset_s3_bucket_producer
[2024-12-12T05:36:43.100+0000] {logging_mixin.py:190} INFO - [2024-12-12T05:36:43.100+0000] {override.py:1911} INFO - Created Permission View: can create on DAG Run:dataset_s3_bucket_producer
[2024-12-12T05:36:43.110+0000] {logging_mixin.py:190} INFO - [2024-12-12T05:36:43.110+0000] {override.py:1911} INFO - Created Permission View: can read on DAG Run:dataset_s3_bucket_producer
[2024-12-12T05:36:43.126+0000] {logging_mixin.py:190} INFO - [2024-12-12T05:36:43.126+0000] {override.py:1911} INFO - Created Permission View: can delete on DAG:dataset_alias_example_alias_consumer
[2024-12-12T05:36:43.135+0000] {logging_mixin.py:190} INFO - [2024-12-12T05:36:43.135+0000] {override.py:1911} INFO - Created Permission View: can edit on DAG:dataset_alias_example_alias_consumer
[2024-12-12T05:36:43.140+0000] {logging_mixin.py:190} INFO - [2024-12-12T05:36:43.140+0000] {override.py:1911} INFO - Created Permission View: can read on DAG:dataset_alias_example_alias_consumer
[2024-12-12T05:36:43.145+0000] {logging_mixin.py:190} INFO - [2024-12-12T05:36:43.145+0000] {override.py:1911} INFO - Created Permission View: can delete on DAG Run:dataset_alias_example_alias_consumer
[2024-12-12T05:36:43.150+0000] {logging_mixin.py:190} INFO - [2024-12-12T05:36:43.150+0000] {override.py:1911} INFO - Created Permission View: menu access on DAG Run:dataset_alias_example_alias_consumer
[2024-12-12T05:36:43.154+0000] {logging_mixin.py:190} INFO - [2024-12-12T05:36:43.154+0000] {override.py:1911} INFO - Created Permission View: can create on DAG Run:dataset_alias_example_alias_consumer
[2024-12-12T05:36:43.159+0000] {logging_mixin.py:190} INFO - [2024-12-12T05:36:43.159+0000] {override.py:1911} INFO - Created Permission View: can read on DAG Run:dataset_alias_example_alias_consumer
[2024-12-12T05:36:43.169+0000] {logging_mixin.py:190} INFO - [2024-12-12T05:36:43.169+0000] {override.py:1911} INFO - Created Permission View: can delete on DAG:dataset_alias_example_alias_producer
[2024-12-12T05:36:43.172+0000] {logging_mixin.py:190} INFO - [2024-12-12T05:36:43.172+0000] {override.py:1911} INFO - Created Permission View: can edit on DAG:dataset_alias_example_alias_producer
[2024-12-12T05:36:43.175+0000] {logging_mixin.py:190} INFO - [2024-12-12T05:36:43.175+0000] {override.py:1911} INFO - Created Permission View: can read on DAG:dataset_alias_example_alias_producer
[2024-12-12T05:36:43.179+0000] {logging_mixin.py:190} INFO - [2024-12-12T05:36:43.179+0000] {override.py:1911} INFO - Created Permission View: can delete on DAG Run:dataset_alias_example_alias_producer
[2024-12-12T05:36:43.182+0000] {logging_mixin.py:190} INFO - [2024-12-12T05:36:43.182+0000] {override.py:1911} INFO - Created Permission View: menu access on DAG Run:dataset_alias_example_alias_producer
[2024-12-12T05:36:43.185+0000] {logging_mixin.py:190} INFO - [2024-12-12T05:36:43.185+0000] {override.py:1911} INFO - Created Permission View: can create on DAG Run:dataset_alias_example_alias_producer
[2024-12-12T05:36:43.188+0000] {logging_mixin.py:190} INFO - [2024-12-12T05:36:43.188+0000] {override.py:1911} INFO - Created Permission View: can read on DAG Run:dataset_alias_example_alias_producer
[2024-12-12T05:36:43.188+0000] {logging_mixin.py:190} INFO - [2024-12-12T05:36:43.188+0000] {dag.py:3239} INFO - Sync 4 DAGs
[2024-12-12T05:36:43.196+0000] {logging_mixin.py:190} INFO - [2024-12-12T05:36:43.195+0000] {dag.py:3262} INFO - Creating ORM DAG for dataset_s3_bucket_producer
[2024-12-12T05:36:43.196+0000] {logging_mixin.py:190} INFO - [2024-12-12T05:36:43.196+0000] {dag.py:3262} INFO - Creating ORM DAG for dataset_alias_example_alias_consumer
[2024-12-12T05:36:43.197+0000] {logging_mixin.py:190} INFO - [2024-12-12T05:36:43.197+0000] {dag.py:3262} INFO - Creating ORM DAG for dataset_s3_bucket_consumer
[2024-12-12T05:36:43.197+0000] {logging_mixin.py:190} INFO - [2024-12-12T05:36:43.197+0000] {dag.py:3262} INFO - Creating ORM DAG for dataset_alias_example_alias_producer
[2024-12-12T05:36:43.203+0000] {logging_mixin.py:190} INFO - [2024-12-12T05:36:43.202+0000] {dag.py:4180} INFO - Setting next_dagrun for dataset_alias_example_alias_consumer to None, run_after=None
[2024-12-12T05:36:43.204+0000] {logging_mixin.py:190} INFO - [2024-12-12T05:36:43.204+0000] {dag.py:4180} INFO - Setting next_dagrun for dataset_alias_example_alias_producer to None, run_after=None
[2024-12-12T05:36:43.205+0000] {logging_mixin.py:190} INFO - [2024-12-12T05:36:43.205+0000] {dag.py:4180} INFO - Setting next_dagrun for dataset_s3_bucket_consumer to None, run_after=None
[2024-12-12T05:36:43.205+0000] {logging_mixin.py:190} INFO - [2024-12-12T05:36:43.205+0000] {dag.py:4180} INFO - Setting next_dagrun for dataset_s3_bucket_producer to None, run_after=None
[2024-12-12T05:36:43.227+0000] {processor.py:208} INFO - Processing /home/airflow/.local/lib/python3.12/site-packages/airflow/example_dags/example_dataset_alias.py took 0.725 seconds
[2024-12-12T05:37:18.022+0000] {processor.py:186} INFO - Started process (PID=154) to work on /home/airflow/.local/lib/python3.12/site-packages/airflow/example_dags/example_dataset_alias.py
[2024-12-12T05:37:18.023+0000] {processor.py:914} INFO - Processing file /home/airflow/.local/lib/python3.12/site-packages/airflow/example_dags/example_dataset_alias.py for tasks to queue
[2024-12-12T05:37:18.025+0000] {logging_mixin.py:190} INFO - [2024-12-12T05:37:18.025+0000] {dagbag.py:588} INFO - Filling up the DagBag from /home/airflow/.local/lib/python3.12/site-packages/airflow/example_dags/example_dataset_alias.py
[2024-12-12T05:37:19.087+0000] {processor.py:925} INFO - DAG(s) 'dataset_s3_bucket_consumer', 'dataset_alias_example_alias_producer', 'dataset_s3_bucket_producer', 'dataset_alias_example_alias_consumer' retrieved from /home/airflow/.local/lib/python3.12/site-packages/airflow/example_dags/example_dataset_alias.py
[2024-12-12T05:37:19.112+0000] {logging_mixin.py:190} INFO - [2024-12-12T05:37:19.111+0000] {dag.py:3239} INFO - Sync 4 DAGs
[2024-12-12T05:37:19.189+0000] {logging_mixin.py:190} INFO - [2024-12-12T05:37:19.188+0000] {dag.py:4180} INFO - Setting next_dagrun for dataset_alias_example_alias_consumer to None, run_after=None
[2024-12-12T05:37:19.193+0000] {logging_mixin.py:190} INFO - [2024-12-12T05:37:19.193+0000] {dag.py:4180} INFO - Setting next_dagrun for dataset_alias_example_alias_producer to None, run_after=None
[2024-12-12T05:37:19.198+0000] {logging_mixin.py:190} INFO - [2024-12-12T05:37:19.198+0000] {dag.py:4180} INFO - Setting next_dagrun for dataset_s3_bucket_consumer to None, run_after=None
[2024-12-12T05:37:19.216+0000] {logging_mixin.py:190} INFO - [2024-12-12T05:37:19.215+0000] {dag.py:4180} INFO - Setting next_dagrun for dataset_s3_bucket_producer to None, run_after=None
[2024-12-12T05:37:19.271+0000] {processor.py:208} INFO - Processing /home/airflow/.local/lib/python3.12/site-packages/airflow/example_dags/example_dataset_alias.py took 1.253 seconds
[2024-12-12T05:37:49.693+0000] {processor.py:186} INFO - Started process (PID=226) to work on /home/airflow/.local/lib/python3.12/site-packages/airflow/example_dags/example_dataset_alias.py
[2024-12-12T05:37:49.694+0000] {processor.py:914} INFO - Processing file /home/airflow/.local/lib/python3.12/site-packages/airflow/example_dags/example_dataset_alias.py for tasks to queue
[2024-12-12T05:37:49.697+0000] {logging_mixin.py:190} INFO - [2024-12-12T05:37:49.697+0000] {dagbag.py:588} INFO - Filling up the DagBag from /home/airflow/.local/lib/python3.12/site-packages/airflow/example_dags/example_dataset_alias.py
[2024-12-12T05:37:50.259+0000] {processor.py:925} INFO - DAG(s) 'dataset_s3_bucket_consumer', 'dataset_alias_example_alias_producer', 'dataset_alias_example_alias_consumer', 'dataset_s3_bucket_producer' retrieved from /home/airflow/.local/lib/python3.12/site-packages/airflow/example_dags/example_dataset_alias.py
[2024-12-12T05:37:50.273+0000] {logging_mixin.py:190} INFO - [2024-12-12T05:37:50.272+0000] {dag.py:3239} INFO - Sync 4 DAGs
[2024-12-12T05:37:50.287+0000] {logging_mixin.py:190} INFO - [2024-12-12T05:37:50.287+0000] {dag.py:4180} INFO - Setting next_dagrun for dataset_alias_example_alias_consumer to None, run_after=None
[2024-12-12T05:37:50.289+0000] {logging_mixin.py:190} INFO - [2024-12-12T05:37:50.289+0000] {dag.py:4180} INFO - Setting next_dagrun for dataset_alias_example_alias_producer to None, run_after=None
[2024-12-12T05:37:50.290+0000] {logging_mixin.py:190} INFO - [2024-12-12T05:37:50.290+0000] {dag.py:4180} INFO - Setting next_dagrun for dataset_s3_bucket_consumer to None, run_after=None
[2024-12-12T05:37:50.291+0000] {logging_mixin.py:190} INFO - [2024-12-12T05:37:50.291+0000] {dag.py:4180} INFO - Setting next_dagrun for dataset_s3_bucket_producer to None, run_after=None
[2024-12-12T05:37:50.305+0000] {processor.py:208} INFO - Processing /home/airflow/.local/lib/python3.12/site-packages/airflow/example_dags/example_dataset_alias.py took 0.617 seconds
[2024-12-12T05:38:27.606+0000] {processor.py:186} INFO - Started process (PID=83) to work on /home/airflow/.local/lib/python3.12/site-packages/airflow/example_dags/example_dataset_alias.py
[2024-12-12T05:38:27.607+0000] {processor.py:914} INFO - Processing file /home/airflow/.local/lib/python3.12/site-packages/airflow/example_dags/example_dataset_alias.py for tasks to queue
[2024-12-12T05:38:27.608+0000] {logging_mixin.py:190} INFO - [2024-12-12T05:38:27.608+0000] {dagbag.py:588} INFO - Filling up the DagBag from /home/airflow/.local/lib/python3.12/site-packages/airflow/example_dags/example_dataset_alias.py
[2024-12-12T05:38:28.092+0000] {processor.py:925} INFO - DAG(s) 'dataset_s3_bucket_consumer', 'dataset_alias_example_alias_consumer', 'dataset_s3_bucket_producer', 'dataset_alias_example_alias_producer' retrieved from /home/airflow/.local/lib/python3.12/site-packages/airflow/example_dags/example_dataset_alias.py
[2024-12-12T05:38:28.102+0000] {logging_mixin.py:190} INFO - [2024-12-12T05:38:28.102+0000] {dag.py:3239} INFO - Sync 4 DAGs
[2024-12-12T05:38:28.113+0000] {logging_mixin.py:190} INFO - [2024-12-12T05:38:28.113+0000] {dag.py:4180} INFO - Setting next_dagrun for dataset_alias_example_alias_consumer to None, run_after=None
[2024-12-12T05:38:28.123+0000] {logging_mixin.py:190} INFO - [2024-12-12T05:38:28.123+0000] {dag.py:4180} INFO - Setting next_dagrun for dataset_alias_example_alias_producer to None, run_after=None
[2024-12-12T05:38:28.127+0000] {logging_mixin.py:190} INFO - [2024-12-12T05:38:28.126+0000] {dag.py:4180} INFO - Setting next_dagrun for dataset_s3_bucket_consumer to None, run_after=None
[2024-12-12T05:38:28.131+0000] {logging_mixin.py:190} INFO - [2024-12-12T05:38:28.131+0000] {dag.py:4180} INFO - Setting next_dagrun for dataset_s3_bucket_producer to None, run_after=None
[2024-12-12T05:38:28.142+0000] {processor.py:208} INFO - Processing /home/airflow/.local/lib/python3.12/site-packages/airflow/example_dags/example_dataset_alias.py took 0.540 seconds
[2024-12-12T05:38:58.358+0000] {processor.py:186} INFO - Started process (PID=147) to work on /home/airflow/.local/lib/python3.12/site-packages/airflow/example_dags/example_dataset_alias.py
[2024-12-12T05:38:58.360+0000] {processor.py:914} INFO - Processing file /home/airflow/.local/lib/python3.12/site-packages/airflow/example_dags/example_dataset_alias.py for tasks to queue
[2024-12-12T05:38:58.362+0000] {logging_mixin.py:190} INFO - [2024-12-12T05:38:58.362+0000] {dagbag.py:588} INFO - Filling up the DagBag from /home/airflow/.local/lib/python3.12/site-packages/airflow/example_dags/example_dataset_alias.py
[2024-12-12T05:38:58.835+0000] {processor.py:925} INFO - DAG(s) 'dataset_s3_bucket_consumer', 'dataset_alias_example_alias_consumer', 'dataset_s3_bucket_producer', 'dataset_alias_example_alias_producer' retrieved from /home/airflow/.local/lib/python3.12/site-packages/airflow/example_dags/example_dataset_alias.py
[2024-12-12T05:38:58.859+0000] {logging_mixin.py:190} INFO - [2024-12-12T05:38:58.858+0000] {dag.py:3239} INFO - Sync 4 DAGs
[2024-12-12T05:38:58.878+0000] {logging_mixin.py:190} INFO - [2024-12-12T05:38:58.877+0000] {dag.py:4180} INFO - Setting next_dagrun for dataset_alias_example_alias_consumer to None, run_after=None
[2024-12-12T05:38:58.881+0000] {logging_mixin.py:190} INFO - [2024-12-12T05:38:58.881+0000] {dag.py:4180} INFO - Setting next_dagrun for dataset_alias_example_alias_producer to None, run_after=None
[2024-12-12T05:38:58.882+0000] {logging_mixin.py:190} INFO - [2024-12-12T05:38:58.882+0000] {dag.py:4180} INFO - Setting next_dagrun for dataset_s3_bucket_consumer to None, run_after=None
[2024-12-12T05:38:58.884+0000] {logging_mixin.py:190} INFO - [2024-12-12T05:38:58.883+0000] {dag.py:4180} INFO - Setting next_dagrun for dataset_s3_bucket_producer to None, run_after=None
[2024-12-12T05:38:58.904+0000] {processor.py:208} INFO - Processing /home/airflow/.local/lib/python3.12/site-packages/airflow/example_dags/example_dataset_alias.py took 0.550 seconds
[2024-12-12T05:39:32.942+0000] {processor.py:186} INFO - Started process (PID=217) to work on /home/airflow/.local/lib/python3.12/site-packages/airflow/example_dags/example_dataset_alias.py
[2024-12-12T05:39:32.946+0000] {processor.py:914} INFO - Processing file /home/airflow/.local/lib/python3.12/site-packages/airflow/example_dags/example_dataset_alias.py for tasks to queue
[2024-12-12T05:39:32.950+0000] {logging_mixin.py:190} INFO - [2024-12-12T05:39:32.949+0000] {dagbag.py:588} INFO - Filling up the DagBag from /home/airflow/.local/lib/python3.12/site-packages/airflow/example_dags/example_dataset_alias.py
[2024-12-12T05:39:33.766+0000] {processor.py:925} INFO - DAG(s) 'dataset_alias_example_alias_producer', 'dataset_alias_example_alias_consumer', 'dataset_s3_bucket_consumer', 'dataset_s3_bucket_producer' retrieved from /home/airflow/.local/lib/python3.12/site-packages/airflow/example_dags/example_dataset_alias.py
[2024-12-12T05:39:33.800+0000] {logging_mixin.py:190} INFO - [2024-12-12T05:39:33.800+0000] {dag.py:3239} INFO - Sync 4 DAGs
[2024-12-12T05:39:33.844+0000] {logging_mixin.py:190} INFO - [2024-12-12T05:39:33.844+0000] {dag.py:4180} INFO - Setting next_dagrun for dataset_alias_example_alias_consumer to None, run_after=None
[2024-12-12T05:39:33.862+0000] {logging_mixin.py:190} INFO - [2024-12-12T05:39:33.862+0000] {dag.py:4180} INFO - Setting next_dagrun for dataset_alias_example_alias_producer to None, run_after=None
[2024-12-12T05:39:33.869+0000] {logging_mixin.py:190} INFO - [2024-12-12T05:39:33.867+0000] {dag.py:4180} INFO - Setting next_dagrun for dataset_s3_bucket_consumer to None, run_after=None
[2024-12-12T05:39:33.879+0000] {logging_mixin.py:190} INFO - [2024-12-12T05:39:33.877+0000] {dag.py:4180} INFO - Setting next_dagrun for dataset_s3_bucket_producer to None, run_after=None
[2024-12-12T05:39:33.899+0000] {processor.py:208} INFO - Processing /home/airflow/.local/lib/python3.12/site-packages/airflow/example_dags/example_dataset_alias.py took 0.962 seconds
[2024-12-12T05:40:04.660+0000] {processor.py:186} INFO - Started process (PID=278) to work on /home/airflow/.local/lib/python3.12/site-packages/airflow/example_dags/example_dataset_alias.py
[2024-12-12T05:40:04.661+0000] {processor.py:914} INFO - Processing file /home/airflow/.local/lib/python3.12/site-packages/airflow/example_dags/example_dataset_alias.py for tasks to queue
[2024-12-12T05:40:04.663+0000] {logging_mixin.py:190} INFO - [2024-12-12T05:40:04.663+0000] {dagbag.py:588} INFO - Filling up the DagBag from /home/airflow/.local/lib/python3.12/site-packages/airflow/example_dags/example_dataset_alias.py
[2024-12-12T05:40:05.507+0000] {processor.py:925} INFO - DAG(s) 'dataset_s3_bucket_producer', 'dataset_alias_example_alias_consumer', 'dataset_alias_example_alias_producer', 'dataset_s3_bucket_consumer' retrieved from /home/airflow/.local/lib/python3.12/site-packages/airflow/example_dags/example_dataset_alias.py
[2024-12-12T05:40:05.533+0000] {logging_mixin.py:190} INFO - [2024-12-12T05:40:05.532+0000] {dag.py:3239} INFO - Sync 4 DAGs
[2024-12-12T05:40:05.560+0000] {logging_mixin.py:190} INFO - [2024-12-12T05:40:05.560+0000] {dag.py:4180} INFO - Setting next_dagrun for dataset_alias_example_alias_consumer to None, run_after=None
[2024-12-12T05:40:05.573+0000] {logging_mixin.py:190} INFO - [2024-12-12T05:40:05.573+0000] {dag.py:4180} INFO - Setting next_dagrun for dataset_alias_example_alias_producer to None, run_after=None
[2024-12-12T05:40:05.577+0000] {logging_mixin.py:190} INFO - [2024-12-12T05:40:05.577+0000] {dag.py:4180} INFO - Setting next_dagrun for dataset_s3_bucket_consumer to None, run_after=None
[2024-12-12T05:40:05.582+0000] {logging_mixin.py:190} INFO - [2024-12-12T05:40:05.582+0000] {dag.py:4180} INFO - Setting next_dagrun for dataset_s3_bucket_producer to None, run_after=None
[2024-12-12T05:40:05.607+0000] {processor.py:208} INFO - Processing /home/airflow/.local/lib/python3.12/site-packages/airflow/example_dags/example_dataset_alias.py took 0.955 seconds
[2024-12-12T05:40:42.820+0000] {processor.py:186} INFO - Started process (PID=342) to work on /home/airflow/.local/lib/python3.12/site-packages/airflow/example_dags/example_dataset_alias.py
[2024-12-12T05:40:42.821+0000] {processor.py:914} INFO - Processing file /home/airflow/.local/lib/python3.12/site-packages/airflow/example_dags/example_dataset_alias.py for tasks to queue
[2024-12-12T05:40:42.824+0000] {logging_mixin.py:190} INFO - [2024-12-12T05:40:42.824+0000] {dagbag.py:588} INFO - Filling up the DagBag from /home/airflow/.local/lib/python3.12/site-packages/airflow/example_dags/example_dataset_alias.py
[2024-12-12T05:40:44.504+0000] {processor.py:925} INFO - DAG(s) 'dataset_alias_example_alias_consumer', 'dataset_alias_example_alias_producer', 'dataset_s3_bucket_consumer', 'dataset_s3_bucket_producer' retrieved from /home/airflow/.local/lib/python3.12/site-packages/airflow/example_dags/example_dataset_alias.py
[2024-12-12T05:40:44.530+0000] {logging_mixin.py:190} INFO - [2024-12-12T05:40:44.530+0000] {dag.py:3239} INFO - Sync 4 DAGs
[2024-12-12T05:40:44.568+0000] {logging_mixin.py:190} INFO - [2024-12-12T05:40:44.568+0000] {dag.py:4180} INFO - Setting next_dagrun for dataset_alias_example_alias_consumer to None, run_after=None
[2024-12-12T05:40:44.571+0000] {logging_mixin.py:190} INFO - [2024-12-12T05:40:44.571+0000] {dag.py:4180} INFO - Setting next_dagrun for dataset_alias_example_alias_producer to None, run_after=None
[2024-12-12T05:40:44.572+0000] {logging_mixin.py:190} INFO - [2024-12-12T05:40:44.572+0000] {dag.py:4180} INFO - Setting next_dagrun for dataset_s3_bucket_consumer to None, run_after=None
[2024-12-12T05:40:44.573+0000] {logging_mixin.py:190} INFO - [2024-12-12T05:40:44.573+0000] {dag.py:4180} INFO - Setting next_dagrun for dataset_s3_bucket_producer to None, run_after=None
[2024-12-12T05:40:44.596+0000] {processor.py:208} INFO - Processing /home/airflow/.local/lib/python3.12/site-packages/airflow/example_dags/example_dataset_alias.py took 1.790 seconds
[2024-12-12T05:41:25.138+0000] {processor.py:186} INFO - Started process (PID=406) to work on /home/airflow/.local/lib/python3.12/site-packages/airflow/example_dags/example_dataset_alias.py
[2024-12-12T05:41:25.140+0000] {processor.py:914} INFO - Processing file /home/airflow/.local/lib/python3.12/site-packages/airflow/example_dags/example_dataset_alias.py for tasks to queue
[2024-12-12T05:41:25.142+0000] {logging_mixin.py:190} INFO - [2024-12-12T05:41:25.142+0000] {dagbag.py:588} INFO - Filling up the DagBag from /home/airflow/.local/lib/python3.12/site-packages/airflow/example_dags/example_dataset_alias.py
[2024-12-12T05:41:28.754+0000] {processor.py:925} INFO - DAG(s) 'dataset_s3_bucket_producer', 'dataset_alias_example_alias_consumer', 'dataset_s3_bucket_consumer', 'dataset_alias_example_alias_producer' retrieved from /home/airflow/.local/lib/python3.12/site-packages/airflow/example_dags/example_dataset_alias.py
[2024-12-12T05:41:28.797+0000] {logging_mixin.py:190} INFO - [2024-12-12T05:41:28.796+0000] {dag.py:3239} INFO - Sync 4 DAGs
[2024-12-12T05:41:28.829+0000] {logging_mixin.py:190} INFO - [2024-12-12T05:41:28.828+0000] {dag.py:4180} INFO - Setting next_dagrun for dataset_alias_example_alias_consumer to None, run_after=None
[2024-12-12T05:41:28.831+0000] {logging_mixin.py:190} INFO - [2024-12-12T05:41:28.831+0000] {dag.py:4180} INFO - Setting next_dagrun for dataset_alias_example_alias_producer to None, run_after=None
[2024-12-12T05:41:28.832+0000] {logging_mixin.py:190} INFO - [2024-12-12T05:41:28.832+0000] {dag.py:4180} INFO - Setting next_dagrun for dataset_s3_bucket_consumer to None, run_after=None
[2024-12-12T05:41:28.833+0000] {logging_mixin.py:190} INFO - [2024-12-12T05:41:28.833+0000] {dag.py:4180} INFO - Setting next_dagrun for dataset_s3_bucket_producer to None, run_after=None
[2024-12-12T05:41:28.877+0000] {processor.py:208} INFO - Processing /home/airflow/.local/lib/python3.12/site-packages/airflow/example_dags/example_dataset_alias.py took 3.745 seconds
[2024-12-12T05:42:07.453+0000] {processor.py:186} INFO - Started process (PID=500) to work on /home/airflow/.local/lib/python3.12/site-packages/airflow/example_dags/example_dataset_alias.py
[2024-12-12T05:42:07.455+0000] {processor.py:914} INFO - Processing file /home/airflow/.local/lib/python3.12/site-packages/airflow/example_dags/example_dataset_alias.py for tasks to queue
[2024-12-12T05:42:07.460+0000] {logging_mixin.py:190} INFO - [2024-12-12T05:42:07.460+0000] {dagbag.py:588} INFO - Filling up the DagBag from /home/airflow/.local/lib/python3.12/site-packages/airflow/example_dags/example_dataset_alias.py
[2024-12-12T05:42:11.223+0000] {processor.py:925} INFO - DAG(s) 'dataset_alias_example_alias_producer', 'dataset_s3_bucket_consumer', 'dataset_alias_example_alias_consumer', 'dataset_s3_bucket_producer' retrieved from /home/airflow/.local/lib/python3.12/site-packages/airflow/example_dags/example_dataset_alias.py
[2024-12-12T05:42:11.265+0000] {logging_mixin.py:190} INFO - [2024-12-12T05:42:11.264+0000] {dag.py:3239} INFO - Sync 4 DAGs
[2024-12-12T05:42:11.301+0000] {logging_mixin.py:190} INFO - [2024-12-12T05:42:11.300+0000] {dag.py:4180} INFO - Setting next_dagrun for dataset_alias_example_alias_consumer to None, run_after=None
[2024-12-12T05:42:11.303+0000] {logging_mixin.py:190} INFO - [2024-12-12T05:42:11.303+0000] {dag.py:4180} INFO - Setting next_dagrun for dataset_alias_example_alias_producer to None, run_after=None
[2024-12-12T05:42:11.315+0000] {logging_mixin.py:190} INFO - [2024-12-12T05:42:11.315+0000] {dag.py:4180} INFO - Setting next_dagrun for dataset_s3_bucket_consumer to None, run_after=None
[2024-12-12T05:42:11.324+0000] {logging_mixin.py:190} INFO - [2024-12-12T05:42:11.323+0000] {dag.py:4180} INFO - Setting next_dagrun for dataset_s3_bucket_producer to None, run_after=None
[2024-12-12T05:42:11.380+0000] {processor.py:208} INFO - Processing /home/airflow/.local/lib/python3.12/site-packages/airflow/example_dags/example_dataset_alias.py took 3.940 seconds
[2024-12-12T05:42:43.392+0000] {processor.py:186} INFO - Started process (PID=576) to work on /home/airflow/.local/lib/python3.12/site-packages/airflow/example_dags/example_dataset_alias.py
[2024-12-12T05:42:43.396+0000] {processor.py:914} INFO - Processing file /home/airflow/.local/lib/python3.12/site-packages/airflow/example_dags/example_dataset_alias.py for tasks to queue
[2024-12-12T05:42:43.399+0000] {logging_mixin.py:190} INFO - [2024-12-12T05:42:43.399+0000] {dagbag.py:588} INFO - Filling up the DagBag from /home/airflow/.local/lib/python3.12/site-packages/airflow/example_dags/example_dataset_alias.py
[2024-12-12T05:42:45.138+0000] {processor.py:925} INFO - DAG(s) 'dataset_s3_bucket_consumer', 'dataset_alias_example_alias_consumer', 'dataset_s3_bucket_producer', 'dataset_alias_example_alias_producer' retrieved from /home/airflow/.local/lib/python3.12/site-packages/airflow/example_dags/example_dataset_alias.py
[2024-12-12T05:42:45.151+0000] {logging_mixin.py:190} INFO - [2024-12-12T05:42:45.150+0000] {dag.py:3239} INFO - Sync 4 DAGs
[2024-12-12T05:42:45.164+0000] {logging_mixin.py:190} INFO - [2024-12-12T05:42:45.164+0000] {dag.py:4180} INFO - Setting next_dagrun for dataset_alias_example_alias_consumer to None, run_after=None
[2024-12-12T05:42:45.166+0000] {logging_mixin.py:190} INFO - [2024-12-12T05:42:45.166+0000] {dag.py:4180} INFO - Setting next_dagrun for dataset_alias_example_alias_producer to None, run_after=None
[2024-12-12T05:42:45.167+0000] {logging_mixin.py:190} INFO - [2024-12-12T05:42:45.167+0000] {dag.py:4180} INFO - Setting next_dagrun for dataset_s3_bucket_consumer to None, run_after=None
[2024-12-12T05:42:45.168+0000] {logging_mixin.py:190} INFO - [2024-12-12T05:42:45.168+0000] {dag.py:4180} INFO - Setting next_dagrun for dataset_s3_bucket_producer to None, run_after=None
[2024-12-12T05:42:45.182+0000] {processor.py:208} INFO - Processing /home/airflow/.local/lib/python3.12/site-packages/airflow/example_dags/example_dataset_alias.py took 1.795 seconds
[2024-12-12T05:43:15.922+0000] {processor.py:186} INFO - Started process (PID=639) to work on /home/airflow/.local/lib/python3.12/site-packages/airflow/example_dags/example_dataset_alias.py
[2024-12-12T05:43:15.926+0000] {processor.py:914} INFO - Processing file /home/airflow/.local/lib/python3.12/site-packages/airflow/example_dags/example_dataset_alias.py for tasks to queue
[2024-12-12T05:43:16.001+0000] {logging_mixin.py:190} INFO - [2024-12-12T05:43:15.960+0000] {dagbag.py:588} INFO - Filling up the DagBag from /home/airflow/.local/lib/python3.12/site-packages/airflow/example_dags/example_dataset_alias.py
[2024-12-12T05:43:18.821+0000] {processor.py:925} INFO - DAG(s) 'dataset_s3_bucket_consumer', 'dataset_alias_example_alias_consumer', 'dataset_alias_example_alias_producer', 'dataset_s3_bucket_producer' retrieved from /home/airflow/.local/lib/python3.12/site-packages/airflow/example_dags/example_dataset_alias.py
[2024-12-12T05:43:18.991+0000] {logging_mixin.py:190} INFO - [2024-12-12T05:43:18.988+0000] {dag.py:3239} INFO - Sync 4 DAGs
[2024-12-12T05:43:19.238+0000] {logging_mixin.py:190} INFO - [2024-12-12T05:43:19.237+0000] {dag.py:4180} INFO - Setting next_dagrun for dataset_alias_example_alias_consumer to None, run_after=None
[2024-12-12T05:43:19.248+0000] {logging_mixin.py:190} INFO - [2024-12-12T05:43:19.247+0000] {dag.py:4180} INFO - Setting next_dagrun for dataset_alias_example_alias_producer to None, run_after=None
[2024-12-12T05:43:19.256+0000] {logging_mixin.py:190} INFO - [2024-12-12T05:43:19.255+0000] {dag.py:4180} INFO - Setting next_dagrun for dataset_s3_bucket_consumer to None, run_after=None
[2024-12-12T05:43:19.261+0000] {logging_mixin.py:190} INFO - [2024-12-12T05:43:19.261+0000] {dag.py:4180} INFO - Setting next_dagrun for dataset_s3_bucket_producer to None, run_after=None
[2024-12-12T05:43:19.370+0000] {processor.py:208} INFO - Processing /home/airflow/.local/lib/python3.12/site-packages/airflow/example_dags/example_dataset_alias.py took 3.494 seconds
[2024-12-12T05:45:17.599+0000] {processor.py:186} INFO - Started process (PID=90) to work on /home/airflow/.local/lib/python3.12/site-packages/airflow/example_dags/example_dataset_alias.py
[2024-12-12T05:45:17.602+0000] {processor.py:914} INFO - Processing file /home/airflow/.local/lib/python3.12/site-packages/airflow/example_dags/example_dataset_alias.py for tasks to queue
[2024-12-12T05:45:17.605+0000] {logging_mixin.py:190} INFO - [2024-12-12T05:45:17.605+0000] {dagbag.py:588} INFO - Filling up the DagBag from /home/airflow/.local/lib/python3.12/site-packages/airflow/example_dags/example_dataset_alias.py
[2024-12-12T05:45:18.324+0000] {processor.py:925} INFO - DAG(s) 'dataset_alias_example_alias_consumer', 'dataset_alias_example_alias_producer', 'dataset_s3_bucket_consumer', 'dataset_s3_bucket_producer' retrieved from /home/airflow/.local/lib/python3.12/site-packages/airflow/example_dags/example_dataset_alias.py
[2024-12-12T05:45:18.348+0000] {logging_mixin.py:190} INFO - [2024-12-12T05:45:18.347+0000] {dag.py:3239} INFO - Sync 4 DAGs
[2024-12-12T05:45:18.361+0000] {logging_mixin.py:190} INFO - [2024-12-12T05:45:18.361+0000] {dag.py:4180} INFO - Setting next_dagrun for dataset_alias_example_alias_consumer to None, run_after=None
[2024-12-12T05:45:18.363+0000] {logging_mixin.py:190} INFO - [2024-12-12T05:45:18.363+0000] {dag.py:4180} INFO - Setting next_dagrun for dataset_alias_example_alias_producer to None, run_after=None
[2024-12-12T05:45:18.366+0000] {logging_mixin.py:190} INFO - [2024-12-12T05:45:18.365+0000] {dag.py:4180} INFO - Setting next_dagrun for dataset_s3_bucket_consumer to None, run_after=None
[2024-12-12T05:45:18.367+0000] {logging_mixin.py:190} INFO - [2024-12-12T05:45:18.367+0000] {dag.py:4180} INFO - Setting next_dagrun for dataset_s3_bucket_producer to None, run_after=None
[2024-12-12T05:45:18.388+0000] {processor.py:208} INFO - Processing /home/airflow/.local/lib/python3.12/site-packages/airflow/example_dags/example_dataset_alias.py took 0.794 seconds
[2024-12-12T05:45:50.411+0000] {processor.py:186} INFO - Started process (PID=155) to work on /home/airflow/.local/lib/python3.12/site-packages/airflow/example_dags/example_dataset_alias.py
[2024-12-12T05:45:50.415+0000] {processor.py:914} INFO - Processing file /home/airflow/.local/lib/python3.12/site-packages/airflow/example_dags/example_dataset_alias.py for tasks to queue
[2024-12-12T05:45:50.416+0000] {logging_mixin.py:190} INFO - [2024-12-12T05:45:50.416+0000] {dagbag.py:588} INFO - Filling up the DagBag from /home/airflow/.local/lib/python3.12/site-packages/airflow/example_dags/example_dataset_alias.py
[2024-12-12T05:45:51.378+0000] {processor.py:925} INFO - DAG(s) 'dataset_alias_example_alias_consumer', 'dataset_alias_example_alias_producer', 'dataset_s3_bucket_producer', 'dataset_s3_bucket_consumer' retrieved from /home/airflow/.local/lib/python3.12/site-packages/airflow/example_dags/example_dataset_alias.py
[2024-12-12T05:45:51.399+0000] {logging_mixin.py:190} INFO - [2024-12-12T05:45:51.398+0000] {dag.py:3239} INFO - Sync 4 DAGs
[2024-12-12T05:45:51.422+0000] {logging_mixin.py:190} INFO - [2024-12-12T05:45:51.422+0000] {dag.py:4180} INFO - Setting next_dagrun for dataset_alias_example_alias_consumer to None, run_after=None
[2024-12-12T05:45:51.424+0000] {logging_mixin.py:190} INFO - [2024-12-12T05:45:51.424+0000] {dag.py:4180} INFO - Setting next_dagrun for dataset_alias_example_alias_producer to None, run_after=None
[2024-12-12T05:45:51.425+0000] {logging_mixin.py:190} INFO - [2024-12-12T05:45:51.425+0000] {dag.py:4180} INFO - Setting next_dagrun for dataset_s3_bucket_consumer to None, run_after=None
[2024-12-12T05:45:51.426+0000] {logging_mixin.py:190} INFO - [2024-12-12T05:45:51.426+0000] {dag.py:4180} INFO - Setting next_dagrun for dataset_s3_bucket_producer to None, run_after=None
[2024-12-12T05:45:51.449+0000] {processor.py:208} INFO - Processing /home/airflow/.local/lib/python3.12/site-packages/airflow/example_dags/example_dataset_alias.py took 1.045 seconds
[2024-12-12T05:46:21.588+0000] {processor.py:186} INFO - Started process (PID=223) to work on /home/airflow/.local/lib/python3.12/site-packages/airflow/example_dags/example_dataset_alias.py
[2024-12-12T05:46:21.589+0000] {processor.py:914} INFO - Processing file /home/airflow/.local/lib/python3.12/site-packages/airflow/example_dags/example_dataset_alias.py for tasks to queue
[2024-12-12T05:46:21.591+0000] {logging_mixin.py:190} INFO - [2024-12-12T05:46:21.591+0000] {dagbag.py:588} INFO - Filling up the DagBag from /home/airflow/.local/lib/python3.12/site-packages/airflow/example_dags/example_dataset_alias.py
[2024-12-12T05:46:21.917+0000] {processor.py:925} INFO - DAG(s) 'dataset_s3_bucket_producer', 'dataset_alias_example_alias_producer', 'dataset_s3_bucket_consumer', 'dataset_alias_example_alias_consumer' retrieved from /home/airflow/.local/lib/python3.12/site-packages/airflow/example_dags/example_dataset_alias.py
[2024-12-12T05:46:21.930+0000] {logging_mixin.py:190} INFO - [2024-12-12T05:46:21.930+0000] {dag.py:3239} INFO - Sync 4 DAGs
[2024-12-12T05:46:21.943+0000] {logging_mixin.py:190} INFO - [2024-12-12T05:46:21.943+0000] {dag.py:4180} INFO - Setting next_dagrun for dataset_alias_example_alias_consumer to None, run_after=None
[2024-12-12T05:46:21.945+0000] {logging_mixin.py:190} INFO - [2024-12-12T05:46:21.945+0000] {dag.py:4180} INFO - Setting next_dagrun for dataset_alias_example_alias_producer to None, run_after=None
[2024-12-12T05:46:21.946+0000] {logging_mixin.py:190} INFO - [2024-12-12T05:46:21.946+0000] {dag.py:4180} INFO - Setting next_dagrun for dataset_s3_bucket_consumer to None, run_after=None
[2024-12-12T05:46:21.952+0000] {logging_mixin.py:190} INFO - [2024-12-12T05:46:21.951+0000] {dag.py:4180} INFO - Setting next_dagrun for dataset_s3_bucket_producer to None, run_after=None
[2024-12-12T05:46:21.972+0000] {processor.py:208} INFO - Processing /home/airflow/.local/lib/python3.12/site-packages/airflow/example_dags/example_dataset_alias.py took 0.388 seconds
