[2024-12-12T05:36:39.397+0000] {processor.py:186} INFO - Started process (PID=77) to work on /home/airflow/.local/lib/python3.12/site-packages/airflow/example_dags/tutorial.py
[2024-12-12T05:36:39.452+0000] {processor.py:914} INFO - Processing file /home/airflow/.local/lib/python3.12/site-packages/airflow/example_dags/tutorial.py for tasks to queue
[2024-12-12T05:36:39.516+0000] {logging_mixin.py:190} INFO - [2024-12-12T05:36:39.515+0000] {dagbag.py:588} INFO - Filling up the DagBag from /home/airflow/.local/lib/python3.12/site-packages/airflow/example_dags/tutorial.py
[2024-12-12T05:36:39.535+0000] {processor.py:925} INFO - DAG(s) 'tutorial' retrieved from /home/airflow/.local/lib/python3.12/site-packages/airflow/example_dags/tutorial.py
[2024-12-12T05:36:39.642+0000] {logging_mixin.py:190} INFO - [2024-12-12T05:36:39.641+0000] {override.py:1911} INFO - Created Permission View: can delete on DAG:tutorial
[2024-12-12T05:36:39.652+0000] {logging_mixin.py:190} INFO - [2024-12-12T05:36:39.652+0000] {override.py:1911} INFO - Created Permission View: can edit on DAG:tutorial
[2024-12-12T05:36:39.666+0000] {logging_mixin.py:190} INFO - [2024-12-12T05:36:39.666+0000] {override.py:1911} INFO - Created Permission View: can read on DAG:tutorial
[2024-12-12T05:36:39.672+0000] {logging_mixin.py:190} INFO - [2024-12-12T05:36:39.672+0000] {override.py:1911} INFO - Created Permission View: can delete on DAG Run:tutorial
[2024-12-12T05:36:39.681+0000] {logging_mixin.py:190} INFO - [2024-12-12T05:36:39.681+0000] {override.py:1911} INFO - Created Permission View: menu access on DAG Run:tutorial
[2024-12-12T05:36:39.686+0000] {logging_mixin.py:190} INFO - [2024-12-12T05:36:39.686+0000] {override.py:1911} INFO - Created Permission View: can create on DAG Run:tutorial
[2024-12-12T05:36:39.695+0000] {logging_mixin.py:190} INFO - [2024-12-12T05:36:39.695+0000] {override.py:1911} INFO - Created Permission View: can read on DAG Run:tutorial
[2024-12-12T05:36:39.696+0000] {logging_mixin.py:190} INFO - [2024-12-12T05:36:39.696+0000] {dag.py:3239} INFO - Sync 1 DAGs
[2024-12-12T05:36:39.707+0000] {logging_mixin.py:190} INFO - [2024-12-12T05:36:39.707+0000] {dag.py:3262} INFO - Creating ORM DAG for tutorial
[2024-12-12T05:36:39.718+0000] {logging_mixin.py:190} INFO - [2024-12-12T05:36:39.717+0000] {dag.py:4180} INFO - Setting next_dagrun for tutorial to 2024-12-11 00:00:00+00:00, run_after=2024-12-12 00:00:00+00:00
[2024-12-12T05:36:39.746+0000] {processor.py:208} INFO - Processing /home/airflow/.local/lib/python3.12/site-packages/airflow/example_dags/tutorial.py took 0.356 seconds
[2024-12-12T05:37:10.466+0000] {processor.py:186} INFO - Started process (PID=141) to work on /home/airflow/.local/lib/python3.12/site-packages/airflow/example_dags/tutorial.py
[2024-12-12T05:37:10.468+0000] {processor.py:914} INFO - Processing file /home/airflow/.local/lib/python3.12/site-packages/airflow/example_dags/tutorial.py for tasks to queue
[2024-12-12T05:37:10.470+0000] {logging_mixin.py:190} INFO - [2024-12-12T05:37:10.470+0000] {dagbag.py:588} INFO - Filling up the DagBag from /home/airflow/.local/lib/python3.12/site-packages/airflow/example_dags/tutorial.py
[2024-12-12T05:37:10.478+0000] {processor.py:925} INFO - DAG(s) 'tutorial' retrieved from /home/airflow/.local/lib/python3.12/site-packages/airflow/example_dags/tutorial.py
[2024-12-12T05:37:10.499+0000] {logging_mixin.py:190} INFO - [2024-12-12T05:37:10.498+0000] {dag.py:3239} INFO - Sync 1 DAGs
[2024-12-12T05:37:10.539+0000] {logging_mixin.py:190} INFO - [2024-12-12T05:37:10.537+0000] {dag.py:4180} INFO - Setting next_dagrun for tutorial to 2024-12-11 00:00:00+00:00, run_after=2024-12-12 00:00:00+00:00
[2024-12-12T05:37:10.570+0000] {processor.py:208} INFO - Processing /home/airflow/.local/lib/python3.12/site-packages/airflow/example_dags/tutorial.py took 0.108 seconds
[2024-12-12T05:37:43.696+0000] {processor.py:186} INFO - Started process (PID=205) to work on /home/airflow/.local/lib/python3.12/site-packages/airflow/example_dags/tutorial.py
[2024-12-12T05:37:43.698+0000] {processor.py:914} INFO - Processing file /home/airflow/.local/lib/python3.12/site-packages/airflow/example_dags/tutorial.py for tasks to queue
[2024-12-12T05:37:43.701+0000] {logging_mixin.py:190} INFO - [2024-12-12T05:37:43.701+0000] {dagbag.py:588} INFO - Filling up the DagBag from /home/airflow/.local/lib/python3.12/site-packages/airflow/example_dags/tutorial.py
[2024-12-12T05:37:43.710+0000] {processor.py:925} INFO - DAG(s) 'tutorial' retrieved from /home/airflow/.local/lib/python3.12/site-packages/airflow/example_dags/tutorial.py
[2024-12-12T05:37:43.734+0000] {logging_mixin.py:190} INFO - [2024-12-12T05:37:43.733+0000] {dag.py:3239} INFO - Sync 1 DAGs
[2024-12-12T05:37:43.751+0000] {logging_mixin.py:190} INFO - [2024-12-12T05:37:43.751+0000] {dag.py:4180} INFO - Setting next_dagrun for tutorial to 2024-12-11 00:00:00+00:00, run_after=2024-12-12 00:00:00+00:00
[2024-12-12T05:37:43.767+0000] {processor.py:208} INFO - Processing /home/airflow/.local/lib/python3.12/site-packages/airflow/example_dags/tutorial.py took 0.076 seconds
[2024-12-12T05:38:25.197+0000] {processor.py:186} INFO - Started process (PID=70) to work on /home/airflow/.local/lib/python3.12/site-packages/airflow/example_dags/tutorial.py
[2024-12-12T05:38:25.198+0000] {processor.py:914} INFO - Processing file /home/airflow/.local/lib/python3.12/site-packages/airflow/example_dags/tutorial.py for tasks to queue
[2024-12-12T05:38:25.200+0000] {logging_mixin.py:190} INFO - [2024-12-12T05:38:25.199+0000] {dagbag.py:588} INFO - Filling up the DagBag from /home/airflow/.local/lib/python3.12/site-packages/airflow/example_dags/tutorial.py
[2024-12-12T05:38:25.205+0000] {processor.py:925} INFO - DAG(s) 'tutorial' retrieved from /home/airflow/.local/lib/python3.12/site-packages/airflow/example_dags/tutorial.py
[2024-12-12T05:38:25.230+0000] {logging_mixin.py:190} INFO - [2024-12-12T05:38:25.230+0000] {dag.py:3239} INFO - Sync 1 DAGs
[2024-12-12T05:38:25.250+0000] {logging_mixin.py:190} INFO - [2024-12-12T05:38:25.250+0000] {dag.py:4180} INFO - Setting next_dagrun for tutorial to 2024-12-11 00:00:00+00:00, run_after=2024-12-12 00:00:00+00:00
[2024-12-12T05:38:25.265+0000] {processor.py:208} INFO - Processing /home/airflow/.local/lib/python3.12/site-packages/airflow/example_dags/tutorial.py took 0.075 seconds
[2024-12-12T05:38:55.732+0000] {processor.py:186} INFO - Started process (PID=134) to work on /home/airflow/.local/lib/python3.12/site-packages/airflow/example_dags/tutorial.py
[2024-12-12T05:38:55.733+0000] {processor.py:914} INFO - Processing file /home/airflow/.local/lib/python3.12/site-packages/airflow/example_dags/tutorial.py for tasks to queue
[2024-12-12T05:38:55.735+0000] {logging_mixin.py:190} INFO - [2024-12-12T05:38:55.735+0000] {dagbag.py:588} INFO - Filling up the DagBag from /home/airflow/.local/lib/python3.12/site-packages/airflow/example_dags/tutorial.py
[2024-12-12T05:38:55.740+0000] {processor.py:925} INFO - DAG(s) 'tutorial' retrieved from /home/airflow/.local/lib/python3.12/site-packages/airflow/example_dags/tutorial.py
[2024-12-12T05:38:55.752+0000] {logging_mixin.py:190} INFO - [2024-12-12T05:38:55.752+0000] {dag.py:3239} INFO - Sync 1 DAGs
[2024-12-12T05:38:55.764+0000] {logging_mixin.py:190} INFO - [2024-12-12T05:38:55.764+0000] {dag.py:4180} INFO - Setting next_dagrun for tutorial to 2024-12-11 00:00:00+00:00, run_after=2024-12-12 00:00:00+00:00
[2024-12-12T05:38:55.774+0000] {processor.py:208} INFO - Processing /home/airflow/.local/lib/python3.12/site-packages/airflow/example_dags/tutorial.py took 0.047 seconds
[2024-12-12T05:39:30.663+0000] {processor.py:186} INFO - Started process (PID=202) to work on /home/airflow/.local/lib/python3.12/site-packages/airflow/example_dags/tutorial.py
[2024-12-12T05:39:30.668+0000] {processor.py:914} INFO - Processing file /home/airflow/.local/lib/python3.12/site-packages/airflow/example_dags/tutorial.py for tasks to queue
[2024-12-12T05:39:30.671+0000] {logging_mixin.py:190} INFO - [2024-12-12T05:39:30.671+0000] {dagbag.py:588} INFO - Filling up the DagBag from /home/airflow/.local/lib/python3.12/site-packages/airflow/example_dags/tutorial.py
[2024-12-12T05:39:30.696+0000] {processor.py:925} INFO - DAG(s) 'tutorial' retrieved from /home/airflow/.local/lib/python3.12/site-packages/airflow/example_dags/tutorial.py
[2024-12-12T05:39:30.745+0000] {logging_mixin.py:190} INFO - [2024-12-12T05:39:30.744+0000] {dag.py:3239} INFO - Sync 1 DAGs
[2024-12-12T05:39:30.766+0000] {logging_mixin.py:190} INFO - [2024-12-12T05:39:30.766+0000] {dag.py:4180} INFO - Setting next_dagrun for tutorial to 2024-12-11 00:00:00+00:00, run_after=2024-12-12 00:00:00+00:00
[2024-12-12T05:39:30.783+0000] {processor.py:208} INFO - Processing /home/airflow/.local/lib/python3.12/site-packages/airflow/example_dags/tutorial.py took 0.126 seconds
[2024-12-12T05:40:01.240+0000] {processor.py:186} INFO - Started process (PID=265) to work on /home/airflow/.local/lib/python3.12/site-packages/airflow/example_dags/tutorial.py
[2024-12-12T05:40:01.243+0000] {processor.py:914} INFO - Processing file /home/airflow/.local/lib/python3.12/site-packages/airflow/example_dags/tutorial.py for tasks to queue
[2024-12-12T05:40:01.245+0000] {logging_mixin.py:190} INFO - [2024-12-12T05:40:01.245+0000] {dagbag.py:588} INFO - Filling up the DagBag from /home/airflow/.local/lib/python3.12/site-packages/airflow/example_dags/tutorial.py
[2024-12-12T05:40:01.251+0000] {processor.py:925} INFO - DAG(s) 'tutorial' retrieved from /home/airflow/.local/lib/python3.12/site-packages/airflow/example_dags/tutorial.py
[2024-12-12T05:40:01.264+0000] {logging_mixin.py:190} INFO - [2024-12-12T05:40:01.264+0000] {dag.py:3239} INFO - Sync 1 DAGs
[2024-12-12T05:40:01.280+0000] {logging_mixin.py:190} INFO - [2024-12-12T05:40:01.279+0000] {dag.py:4180} INFO - Setting next_dagrun for tutorial to 2024-12-11 00:00:00+00:00, run_after=2024-12-12 00:00:00+00:00
[2024-12-12T05:40:01.293+0000] {processor.py:208} INFO - Processing /home/airflow/.local/lib/python3.12/site-packages/airflow/example_dags/tutorial.py took 0.057 seconds
[2024-12-12T05:40:35.816+0000] {processor.py:186} INFO - Started process (PID=329) to work on /home/airflow/.local/lib/python3.12/site-packages/airflow/example_dags/tutorial.py
[2024-12-12T05:40:35.823+0000] {processor.py:914} INFO - Processing file /home/airflow/.local/lib/python3.12/site-packages/airflow/example_dags/tutorial.py for tasks to queue
[2024-12-12T05:40:35.827+0000] {logging_mixin.py:190} INFO - [2024-12-12T05:40:35.827+0000] {dagbag.py:588} INFO - Filling up the DagBag from /home/airflow/.local/lib/python3.12/site-packages/airflow/example_dags/tutorial.py
[2024-12-12T05:40:35.872+0000] {processor.py:925} INFO - DAG(s) 'tutorial' retrieved from /home/airflow/.local/lib/python3.12/site-packages/airflow/example_dags/tutorial.py
[2024-12-12T05:40:35.914+0000] {logging_mixin.py:190} INFO - [2024-12-12T05:40:35.913+0000] {dag.py:3239} INFO - Sync 1 DAGs
[2024-12-12T05:40:36.024+0000] {logging_mixin.py:190} INFO - [2024-12-12T05:40:36.016+0000] {dag.py:4180} INFO - Setting next_dagrun for tutorial to 2024-12-11 00:00:00+00:00, run_after=2024-12-12 00:00:00+00:00
[2024-12-12T05:40:36.089+0000] {processor.py:208} INFO - Processing /home/airflow/.local/lib/python3.12/site-packages/airflow/example_dags/tutorial.py took 0.305 seconds
[2024-12-12T05:41:13.360+0000] {processor.py:186} INFO - Started process (PID=393) to work on /home/airflow/.local/lib/python3.12/site-packages/airflow/example_dags/tutorial.py
[2024-12-12T05:41:13.362+0000] {processor.py:914} INFO - Processing file /home/airflow/.local/lib/python3.12/site-packages/airflow/example_dags/tutorial.py for tasks to queue
[2024-12-12T05:41:13.364+0000] {logging_mixin.py:190} INFO - [2024-12-12T05:41:13.363+0000] {dagbag.py:588} INFO - Filling up the DagBag from /home/airflow/.local/lib/python3.12/site-packages/airflow/example_dags/tutorial.py
[2024-12-12T05:41:13.374+0000] {processor.py:925} INFO - DAG(s) 'tutorial' retrieved from /home/airflow/.local/lib/python3.12/site-packages/airflow/example_dags/tutorial.py
[2024-12-12T05:41:13.397+0000] {logging_mixin.py:190} INFO - [2024-12-12T05:41:13.396+0000] {dag.py:3239} INFO - Sync 1 DAGs
[2024-12-12T05:41:13.424+0000] {logging_mixin.py:190} INFO - [2024-12-12T05:41:13.424+0000] {dag.py:4180} INFO - Setting next_dagrun for tutorial to 2024-12-11 00:00:00+00:00, run_after=2024-12-12 00:00:00+00:00
[2024-12-12T05:41:13.452+0000] {processor.py:208} INFO - Processing /home/airflow/.local/lib/python3.12/site-packages/airflow/example_dags/tutorial.py took 0.101 seconds
[2024-12-12T05:41:50.405+0000] {processor.py:186} INFO - Started process (PID=457) to work on /home/airflow/.local/lib/python3.12/site-packages/airflow/example_dags/tutorial.py
[2024-12-12T05:41:50.406+0000] {processor.py:914} INFO - Processing file /home/airflow/.local/lib/python3.12/site-packages/airflow/example_dags/tutorial.py for tasks to queue
[2024-12-12T05:41:50.408+0000] {logging_mixin.py:190} INFO - [2024-12-12T05:41:50.408+0000] {dagbag.py:588} INFO - Filling up the DagBag from /home/airflow/.local/lib/python3.12/site-packages/airflow/example_dags/tutorial.py
[2024-12-12T05:41:50.415+0000] {processor.py:925} INFO - DAG(s) 'tutorial' retrieved from /home/airflow/.local/lib/python3.12/site-packages/airflow/example_dags/tutorial.py
[2024-12-12T05:41:50.437+0000] {logging_mixin.py:190} INFO - [2024-12-12T05:41:50.437+0000] {dag.py:3239} INFO - Sync 1 DAGs
[2024-12-12T05:41:50.454+0000] {logging_mixin.py:190} INFO - [2024-12-12T05:41:50.454+0000] {dag.py:4180} INFO - Setting next_dagrun for tutorial to 2024-12-11 00:00:00+00:00, run_after=2024-12-12 00:00:00+00:00
[2024-12-12T05:41:50.474+0000] {processor.py:208} INFO - Processing /home/airflow/.local/lib/python3.12/site-packages/airflow/example_dags/tutorial.py took 0.074 seconds
[2024-12-12T05:42:23.053+0000] {processor.py:186} INFO - Started process (PID=520) to work on /home/airflow/.local/lib/python3.12/site-packages/airflow/example_dags/tutorial.py
[2024-12-12T05:42:23.054+0000] {processor.py:914} INFO - Processing file /home/airflow/.local/lib/python3.12/site-packages/airflow/example_dags/tutorial.py for tasks to queue
[2024-12-12T05:42:23.055+0000] {logging_mixin.py:190} INFO - [2024-12-12T05:42:23.055+0000] {dagbag.py:588} INFO - Filling up the DagBag from /home/airflow/.local/lib/python3.12/site-packages/airflow/example_dags/tutorial.py
[2024-12-12T05:42:23.064+0000] {processor.py:925} INFO - DAG(s) 'tutorial' retrieved from /home/airflow/.local/lib/python3.12/site-packages/airflow/example_dags/tutorial.py
[2024-12-12T05:42:23.086+0000] {logging_mixin.py:190} INFO - [2024-12-12T05:42:23.086+0000] {dag.py:3239} INFO - Sync 1 DAGs
[2024-12-12T05:42:23.104+0000] {logging_mixin.py:190} INFO - [2024-12-12T05:42:23.104+0000] {dag.py:4180} INFO - Setting next_dagrun for tutorial to 2024-12-11 00:00:00+00:00, run_after=2024-12-12 00:00:00+00:00
[2024-12-12T05:42:23.117+0000] {processor.py:208} INFO - Processing /home/airflow/.local/lib/python3.12/site-packages/airflow/example_dags/tutorial.py took 0.068 seconds
[2024-12-12T05:42:55.798+0000] {processor.py:186} INFO - Started process (PID=584) to work on /home/airflow/.local/lib/python3.12/site-packages/airflow/example_dags/tutorial.py
[2024-12-12T05:42:55.799+0000] {processor.py:914} INFO - Processing file /home/airflow/.local/lib/python3.12/site-packages/airflow/example_dags/tutorial.py for tasks to queue
[2024-12-12T05:42:55.800+0000] {logging_mixin.py:190} INFO - [2024-12-12T05:42:55.800+0000] {dagbag.py:588} INFO - Filling up the DagBag from /home/airflow/.local/lib/python3.12/site-packages/airflow/example_dags/tutorial.py
[2024-12-12T05:42:55.808+0000] {processor.py:925} INFO - DAG(s) 'tutorial' retrieved from /home/airflow/.local/lib/python3.12/site-packages/airflow/example_dags/tutorial.py
[2024-12-12T05:42:55.825+0000] {logging_mixin.py:190} INFO - [2024-12-12T05:42:55.825+0000] {dag.py:3239} INFO - Sync 1 DAGs
[2024-12-12T05:42:55.841+0000] {logging_mixin.py:190} INFO - [2024-12-12T05:42:55.841+0000] {dag.py:4180} INFO - Setting next_dagrun for tutorial to 2024-12-11 00:00:00+00:00, run_after=2024-12-12 00:00:00+00:00
[2024-12-12T05:42:55.852+0000] {processor.py:208} INFO - Processing /home/airflow/.local/lib/python3.12/site-packages/airflow/example_dags/tutorial.py took 0.059 seconds
[2024-12-12T05:43:29.771+0000] {processor.py:186} INFO - Started process (PID=647) to work on /home/airflow/.local/lib/python3.12/site-packages/airflow/example_dags/tutorial.py
[2024-12-12T05:43:29.773+0000] {processor.py:914} INFO - Processing file /home/airflow/.local/lib/python3.12/site-packages/airflow/example_dags/tutorial.py for tasks to queue
[2024-12-12T05:43:29.774+0000] {logging_mixin.py:190} INFO - [2024-12-12T05:43:29.774+0000] {dagbag.py:588} INFO - Filling up the DagBag from /home/airflow/.local/lib/python3.12/site-packages/airflow/example_dags/tutorial.py
[2024-12-12T05:43:29.779+0000] {processor.py:925} INFO - DAG(s) 'tutorial' retrieved from /home/airflow/.local/lib/python3.12/site-packages/airflow/example_dags/tutorial.py
[2024-12-12T05:43:29.793+0000] {logging_mixin.py:190} INFO - [2024-12-12T05:43:29.792+0000] {dag.py:3239} INFO - Sync 1 DAGs
[2024-12-12T05:43:29.816+0000] {logging_mixin.py:190} INFO - [2024-12-12T05:43:29.816+0000] {dag.py:4180} INFO - Setting next_dagrun for tutorial to 2024-12-11 00:00:00+00:00, run_after=2024-12-12 00:00:00+00:00
[2024-12-12T05:43:29.830+0000] {processor.py:208} INFO - Processing /home/airflow/.local/lib/python3.12/site-packages/airflow/example_dags/tutorial.py took 0.063 seconds
[2024-12-12T05:45:15.079+0000] {processor.py:186} INFO - Started process (PID=77) to work on /home/airflow/.local/lib/python3.12/site-packages/airflow/example_dags/tutorial.py
[2024-12-12T05:45:15.080+0000] {processor.py:914} INFO - Processing file /home/airflow/.local/lib/python3.12/site-packages/airflow/example_dags/tutorial.py for tasks to queue
[2024-12-12T05:45:15.085+0000] {logging_mixin.py:190} INFO - [2024-12-12T05:45:15.085+0000] {dagbag.py:588} INFO - Filling up the DagBag from /home/airflow/.local/lib/python3.12/site-packages/airflow/example_dags/tutorial.py
[2024-12-12T05:45:15.092+0000] {processor.py:925} INFO - DAG(s) 'tutorial' retrieved from /home/airflow/.local/lib/python3.12/site-packages/airflow/example_dags/tutorial.py
[2024-12-12T05:45:15.111+0000] {logging_mixin.py:190} INFO - [2024-12-12T05:45:15.110+0000] {dag.py:3239} INFO - Sync 1 DAGs
[2024-12-12T05:45:15.132+0000] {logging_mixin.py:190} INFO - [2024-12-12T05:45:15.132+0000] {dag.py:4180} INFO - Setting next_dagrun for tutorial to 2024-12-11 00:00:00+00:00, run_after=2024-12-12 00:00:00+00:00
[2024-12-12T05:45:15.149+0000] {processor.py:208} INFO - Processing /home/airflow/.local/lib/python3.12/site-packages/airflow/example_dags/tutorial.py took 0.075 seconds
[2024-12-12T05:45:47.810+0000] {processor.py:186} INFO - Started process (PID=141) to work on /home/airflow/.local/lib/python3.12/site-packages/airflow/example_dags/tutorial.py
[2024-12-12T05:45:47.811+0000] {processor.py:914} INFO - Processing file /home/airflow/.local/lib/python3.12/site-packages/airflow/example_dags/tutorial.py for tasks to queue
[2024-12-12T05:45:47.813+0000] {logging_mixin.py:190} INFO - [2024-12-12T05:45:47.813+0000] {dagbag.py:588} INFO - Filling up the DagBag from /home/airflow/.local/lib/python3.12/site-packages/airflow/example_dags/tutorial.py
[2024-12-12T05:45:47.821+0000] {processor.py:925} INFO - DAG(s) 'tutorial' retrieved from /home/airflow/.local/lib/python3.12/site-packages/airflow/example_dags/tutorial.py
[2024-12-12T05:45:47.841+0000] {logging_mixin.py:190} INFO - [2024-12-12T05:45:47.841+0000] {dag.py:3239} INFO - Sync 1 DAGs
[2024-12-12T05:45:47.862+0000] {logging_mixin.py:190} INFO - [2024-12-12T05:45:47.862+0000] {dag.py:4180} INFO - Setting next_dagrun for tutorial to 2024-12-11 00:00:00+00:00, run_after=2024-12-12 00:00:00+00:00
[2024-12-12T05:45:47.875+0000] {processor.py:208} INFO - Processing /home/airflow/.local/lib/python3.12/site-packages/airflow/example_dags/tutorial.py took 0.070 seconds
[2024-12-12T05:46:19.763+0000] {processor.py:186} INFO - Started process (PID=204) to work on /home/airflow/.local/lib/python3.12/site-packages/airflow/example_dags/tutorial.py
[2024-12-12T05:46:19.767+0000] {processor.py:914} INFO - Processing file /home/airflow/.local/lib/python3.12/site-packages/airflow/example_dags/tutorial.py for tasks to queue
[2024-12-12T05:46:19.771+0000] {logging_mixin.py:190} INFO - [2024-12-12T05:46:19.771+0000] {dagbag.py:588} INFO - Filling up the DagBag from /home/airflow/.local/lib/python3.12/site-packages/airflow/example_dags/tutorial.py
[2024-12-12T05:46:19.777+0000] {processor.py:925} INFO - DAG(s) 'tutorial' retrieved from /home/airflow/.local/lib/python3.12/site-packages/airflow/example_dags/tutorial.py
[2024-12-12T05:46:19.791+0000] {logging_mixin.py:190} INFO - [2024-12-12T05:46:19.791+0000] {dag.py:3239} INFO - Sync 1 DAGs
[2024-12-12T05:46:19.805+0000] {logging_mixin.py:190} INFO - [2024-12-12T05:46:19.805+0000] {dag.py:4180} INFO - Setting next_dagrun for tutorial to 2024-12-11 00:00:00+00:00, run_after=2024-12-12 00:00:00+00:00
[2024-12-12T05:46:19.840+0000] {processor.py:208} INFO - Processing /home/airflow/.local/lib/python3.12/site-packages/airflow/example_dags/tutorial.py took 0.081 seconds
