[2024-12-12T05:36:42.343+0000] {processor.py:186} INFO - Started process (PID=87) to work on /home/airflow/.local/lib/python3.12/site-packages/airflow/example_dags/tutorial_taskflow_api.py
[2024-12-12T05:36:42.344+0000] {processor.py:914} INFO - Processing file /home/airflow/.local/lib/python3.12/site-packages/airflow/example_dags/tutorial_taskflow_api.py for tasks to queue
[2024-12-12T05:36:42.346+0000] {logging_mixin.py:190} INFO - [2024-12-12T05:36:42.346+0000] {dagbag.py:588} INFO - Filling up the DagBag from /home/airflow/.local/lib/python3.12/site-packages/airflow/example_dags/tutorial_taskflow_api.py
[2024-12-12T05:36:42.354+0000] {processor.py:925} INFO - DAG(s) 'tutorial_taskflow_api' retrieved from /home/airflow/.local/lib/python3.12/site-packages/airflow/example_dags/tutorial_taskflow_api.py
[2024-12-12T05:36:42.423+0000] {logging_mixin.py:190} INFO - [2024-12-12T05:36:42.422+0000] {override.py:1911} INFO - Created Permission View: can delete on DAG:tutorial_taskflow_api
[2024-12-12T05:36:42.430+0000] {logging_mixin.py:190} INFO - [2024-12-12T05:36:42.429+0000] {override.py:1911} INFO - Created Permission View: can edit on DAG:tutorial_taskflow_api
[2024-12-12T05:36:42.434+0000] {logging_mixin.py:190} INFO - [2024-12-12T05:36:42.434+0000] {override.py:1911} INFO - Created Permission View: can read on DAG:tutorial_taskflow_api
[2024-12-12T05:36:42.441+0000] {logging_mixin.py:190} INFO - [2024-12-12T05:36:42.441+0000] {override.py:1911} INFO - Created Permission View: can delete on DAG Run:tutorial_taskflow_api
[2024-12-12T05:36:42.445+0000] {logging_mixin.py:190} INFO - [2024-12-12T05:36:42.445+0000] {override.py:1911} INFO - Created Permission View: menu access on DAG Run:tutorial_taskflow_api
[2024-12-12T05:36:42.448+0000] {logging_mixin.py:190} INFO - [2024-12-12T05:36:42.448+0000] {override.py:1911} INFO - Created Permission View: can create on DAG Run:tutorial_taskflow_api
[2024-12-12T05:36:42.452+0000] {logging_mixin.py:190} INFO - [2024-12-12T05:36:42.452+0000] {override.py:1911} INFO - Created Permission View: can read on DAG Run:tutorial_taskflow_api
[2024-12-12T05:36:42.453+0000] {logging_mixin.py:190} INFO - [2024-12-12T05:36:42.453+0000] {dag.py:3239} INFO - Sync 1 DAGs
[2024-12-12T05:36:42.461+0000] {logging_mixin.py:190} INFO - [2024-12-12T05:36:42.461+0000] {dag.py:3262} INFO - Creating ORM DAG for tutorial_taskflow_api
[2024-12-12T05:36:42.462+0000] {logging_mixin.py:190} INFO - [2024-12-12T05:36:42.462+0000] {dag.py:4180} INFO - Setting next_dagrun for tutorial_taskflow_api to None, run_after=None
[2024-12-12T05:36:42.476+0000] {processor.py:208} INFO - Processing /home/airflow/.local/lib/python3.12/site-packages/airflow/example_dags/tutorial_taskflow_api.py took 0.137 seconds
[2024-12-12T05:37:17.806+0000] {processor.py:186} INFO - Started process (PID=151) to work on /home/airflow/.local/lib/python3.12/site-packages/airflow/example_dags/tutorial_taskflow_api.py
[2024-12-12T05:37:17.807+0000] {processor.py:914} INFO - Processing file /home/airflow/.local/lib/python3.12/site-packages/airflow/example_dags/tutorial_taskflow_api.py for tasks to queue
[2024-12-12T05:37:17.809+0000] {logging_mixin.py:190} INFO - [2024-12-12T05:37:17.809+0000] {dagbag.py:588} INFO - Filling up the DagBag from /home/airflow/.local/lib/python3.12/site-packages/airflow/example_dags/tutorial_taskflow_api.py
[2024-12-12T05:37:17.825+0000] {processor.py:925} INFO - DAG(s) 'tutorial_taskflow_api' retrieved from /home/airflow/.local/lib/python3.12/site-packages/airflow/example_dags/tutorial_taskflow_api.py
[2024-12-12T05:37:17.841+0000] {logging_mixin.py:190} INFO - [2024-12-12T05:37:17.841+0000] {dag.py:3239} INFO - Sync 1 DAGs
[2024-12-12T05:37:17.857+0000] {logging_mixin.py:190} INFO - [2024-12-12T05:37:17.857+0000] {dag.py:4180} INFO - Setting next_dagrun for tutorial_taskflow_api to None, run_after=None
[2024-12-12T05:37:17.909+0000] {processor.py:208} INFO - Processing /home/airflow/.local/lib/python3.12/site-packages/airflow/example_dags/tutorial_taskflow_api.py took 0.108 seconds
[2024-12-12T05:37:49.289+0000] {processor.py:186} INFO - Started process (PID=215) to work on /home/airflow/.local/lib/python3.12/site-packages/airflow/example_dags/tutorial_taskflow_api.py
[2024-12-12T05:37:49.290+0000] {processor.py:914} INFO - Processing file /home/airflow/.local/lib/python3.12/site-packages/airflow/example_dags/tutorial_taskflow_api.py for tasks to queue
[2024-12-12T05:37:49.291+0000] {logging_mixin.py:190} INFO - [2024-12-12T05:37:49.291+0000] {dagbag.py:588} INFO - Filling up the DagBag from /home/airflow/.local/lib/python3.12/site-packages/airflow/example_dags/tutorial_taskflow_api.py
[2024-12-12T05:37:49.296+0000] {processor.py:925} INFO - DAG(s) 'tutorial_taskflow_api' retrieved from /home/airflow/.local/lib/python3.12/site-packages/airflow/example_dags/tutorial_taskflow_api.py
[2024-12-12T05:37:49.308+0000] {logging_mixin.py:190} INFO - [2024-12-12T05:37:49.307+0000] {dag.py:3239} INFO - Sync 1 DAGs
[2024-12-12T05:37:49.315+0000] {logging_mixin.py:190} INFO - [2024-12-12T05:37:49.315+0000] {dag.py:4180} INFO - Setting next_dagrun for tutorial_taskflow_api to None, run_after=None
[2024-12-12T05:37:49.325+0000] {processor.py:208} INFO - Processing /home/airflow/.local/lib/python3.12/site-packages/airflow/example_dags/tutorial_taskflow_api.py took 0.040 seconds
[2024-12-12T05:38:27.314+0000] {processor.py:186} INFO - Started process (PID=80) to work on /home/airflow/.local/lib/python3.12/site-packages/airflow/example_dags/tutorial_taskflow_api.py
[2024-12-12T05:38:27.316+0000] {processor.py:914} INFO - Processing file /home/airflow/.local/lib/python3.12/site-packages/airflow/example_dags/tutorial_taskflow_api.py for tasks to queue
[2024-12-12T05:38:27.318+0000] {logging_mixin.py:190} INFO - [2024-12-12T05:38:27.317+0000] {dagbag.py:588} INFO - Filling up the DagBag from /home/airflow/.local/lib/python3.12/site-packages/airflow/example_dags/tutorial_taskflow_api.py
[2024-12-12T05:38:27.327+0000] {processor.py:925} INFO - DAG(s) 'tutorial_taskflow_api' retrieved from /home/airflow/.local/lib/python3.12/site-packages/airflow/example_dags/tutorial_taskflow_api.py
[2024-12-12T05:38:27.353+0000] {logging_mixin.py:190} INFO - [2024-12-12T05:38:27.353+0000] {dag.py:3239} INFO - Sync 1 DAGs
[2024-12-12T05:38:27.363+0000] {logging_mixin.py:190} INFO - [2024-12-12T05:38:27.363+0000] {dag.py:4180} INFO - Setting next_dagrun for tutorial_taskflow_api to None, run_after=None
[2024-12-12T05:38:27.375+0000] {processor.py:208} INFO - Processing /home/airflow/.local/lib/python3.12/site-packages/airflow/example_dags/tutorial_taskflow_api.py took 0.066 seconds
[2024-12-12T05:38:58.246+0000] {processor.py:186} INFO - Started process (PID=144) to work on /home/airflow/.local/lib/python3.12/site-packages/airflow/example_dags/tutorial_taskflow_api.py
[2024-12-12T05:38:58.247+0000] {processor.py:914} INFO - Processing file /home/airflow/.local/lib/python3.12/site-packages/airflow/example_dags/tutorial_taskflow_api.py for tasks to queue
[2024-12-12T05:38:58.249+0000] {logging_mixin.py:190} INFO - [2024-12-12T05:38:58.249+0000] {dagbag.py:588} INFO - Filling up the DagBag from /home/airflow/.local/lib/python3.12/site-packages/airflow/example_dags/tutorial_taskflow_api.py
[2024-12-12T05:38:58.256+0000] {processor.py:925} INFO - DAG(s) 'tutorial_taskflow_api' retrieved from /home/airflow/.local/lib/python3.12/site-packages/airflow/example_dags/tutorial_taskflow_api.py
[2024-12-12T05:38:58.272+0000] {logging_mixin.py:190} INFO - [2024-12-12T05:38:58.272+0000] {dag.py:3239} INFO - Sync 1 DAGs
[2024-12-12T05:38:58.281+0000] {logging_mixin.py:190} INFO - [2024-12-12T05:38:58.281+0000] {dag.py:4180} INFO - Setting next_dagrun for tutorial_taskflow_api to None, run_after=None
[2024-12-12T05:38:58.295+0000] {processor.py:208} INFO - Processing /home/airflow/.local/lib/python3.12/site-packages/airflow/example_dags/tutorial_taskflow_api.py took 0.053 seconds
[2024-12-12T05:39:32.411+0000] {processor.py:186} INFO - Started process (PID=212) to work on /home/airflow/.local/lib/python3.12/site-packages/airflow/example_dags/tutorial_taskflow_api.py
[2024-12-12T05:39:32.437+0000] {processor.py:914} INFO - Processing file /home/airflow/.local/lib/python3.12/site-packages/airflow/example_dags/tutorial_taskflow_api.py for tasks to queue
[2024-12-12T05:39:32.446+0000] {logging_mixin.py:190} INFO - [2024-12-12T05:39:32.446+0000] {dagbag.py:588} INFO - Filling up the DagBag from /home/airflow/.local/lib/python3.12/site-packages/airflow/example_dags/tutorial_taskflow_api.py
[2024-12-12T05:39:32.460+0000] {processor.py:925} INFO - DAG(s) 'tutorial_taskflow_api' retrieved from /home/airflow/.local/lib/python3.12/site-packages/airflow/example_dags/tutorial_taskflow_api.py
[2024-12-12T05:39:32.489+0000] {logging_mixin.py:190} INFO - [2024-12-12T05:39:32.488+0000] {dag.py:3239} INFO - Sync 1 DAGs
[2024-12-12T05:39:32.510+0000] {logging_mixin.py:190} INFO - [2024-12-12T05:39:32.510+0000] {dag.py:4180} INFO - Setting next_dagrun for tutorial_taskflow_api to None, run_after=None
[2024-12-12T05:39:32.535+0000] {processor.py:208} INFO - Processing /home/airflow/.local/lib/python3.12/site-packages/airflow/example_dags/tutorial_taskflow_api.py took 0.172 seconds
[2024-12-12T05:40:04.309+0000] {processor.py:186} INFO - Started process (PID=275) to work on /home/airflow/.local/lib/python3.12/site-packages/airflow/example_dags/tutorial_taskflow_api.py
[2024-12-12T05:40:04.312+0000] {processor.py:914} INFO - Processing file /home/airflow/.local/lib/python3.12/site-packages/airflow/example_dags/tutorial_taskflow_api.py for tasks to queue
[2024-12-12T05:40:04.316+0000] {logging_mixin.py:190} INFO - [2024-12-12T05:40:04.315+0000] {dagbag.py:588} INFO - Filling up the DagBag from /home/airflow/.local/lib/python3.12/site-packages/airflow/example_dags/tutorial_taskflow_api.py
[2024-12-12T05:40:04.323+0000] {processor.py:925} INFO - DAG(s) 'tutorial_taskflow_api' retrieved from /home/airflow/.local/lib/python3.12/site-packages/airflow/example_dags/tutorial_taskflow_api.py
[2024-12-12T05:40:04.374+0000] {logging_mixin.py:190} INFO - [2024-12-12T05:40:04.373+0000] {dag.py:3239} INFO - Sync 1 DAGs
[2024-12-12T05:40:04.408+0000] {logging_mixin.py:190} INFO - [2024-12-12T05:40:04.408+0000] {dag.py:4180} INFO - Setting next_dagrun for tutorial_taskflow_api to None, run_after=None
[2024-12-12T05:40:04.459+0000] {processor.py:208} INFO - Processing /home/airflow/.local/lib/python3.12/site-packages/airflow/example_dags/tutorial_taskflow_api.py took 0.156 seconds
[2024-12-12T05:40:42.308+0000] {processor.py:186} INFO - Started process (PID=339) to work on /home/airflow/.local/lib/python3.12/site-packages/airflow/example_dags/tutorial_taskflow_api.py
[2024-12-12T05:40:42.316+0000] {processor.py:914} INFO - Processing file /home/airflow/.local/lib/python3.12/site-packages/airflow/example_dags/tutorial_taskflow_api.py for tasks to queue
[2024-12-12T05:40:42.322+0000] {logging_mixin.py:190} INFO - [2024-12-12T05:40:42.321+0000] {dagbag.py:588} INFO - Filling up the DagBag from /home/airflow/.local/lib/python3.12/site-packages/airflow/example_dags/tutorial_taskflow_api.py
[2024-12-12T05:40:42.342+0000] {processor.py:925} INFO - DAG(s) 'tutorial_taskflow_api' retrieved from /home/airflow/.local/lib/python3.12/site-packages/airflow/example_dags/tutorial_taskflow_api.py
[2024-12-12T05:40:42.438+0000] {logging_mixin.py:190} INFO - [2024-12-12T05:40:42.437+0000] {dag.py:3239} INFO - Sync 1 DAGs
[2024-12-12T05:40:42.495+0000] {logging_mixin.py:190} INFO - [2024-12-12T05:40:42.493+0000] {dag.py:4180} INFO - Setting next_dagrun for tutorial_taskflow_api to None, run_after=None
[2024-12-12T05:40:42.559+0000] {processor.py:208} INFO - Processing /home/airflow/.local/lib/python3.12/site-packages/airflow/example_dags/tutorial_taskflow_api.py took 0.257 seconds
[2024-12-12T05:41:24.357+0000] {processor.py:186} INFO - Started process (PID=403) to work on /home/airflow/.local/lib/python3.12/site-packages/airflow/example_dags/tutorial_taskflow_api.py
[2024-12-12T05:41:24.362+0000] {processor.py:914} INFO - Processing file /home/airflow/.local/lib/python3.12/site-packages/airflow/example_dags/tutorial_taskflow_api.py for tasks to queue
[2024-12-12T05:41:24.368+0000] {logging_mixin.py:190} INFO - [2024-12-12T05:41:24.367+0000] {dagbag.py:588} INFO - Filling up the DagBag from /home/airflow/.local/lib/python3.12/site-packages/airflow/example_dags/tutorial_taskflow_api.py
[2024-12-12T05:41:24.381+0000] {processor.py:925} INFO - DAG(s) 'tutorial_taskflow_api' retrieved from /home/airflow/.local/lib/python3.12/site-packages/airflow/example_dags/tutorial_taskflow_api.py
[2024-12-12T05:41:24.433+0000] {logging_mixin.py:190} INFO - [2024-12-12T05:41:24.433+0000] {dag.py:3239} INFO - Sync 1 DAGs
[2024-12-12T05:41:24.479+0000] {logging_mixin.py:190} INFO - [2024-12-12T05:41:24.478+0000] {dag.py:4180} INFO - Setting next_dagrun for tutorial_taskflow_api to None, run_after=None
[2024-12-12T05:41:24.617+0000] {processor.py:208} INFO - Processing /home/airflow/.local/lib/python3.12/site-packages/airflow/example_dags/tutorial_taskflow_api.py took 0.265 seconds
[2024-12-12T05:41:59.549+0000] {processor.py:186} INFO - Started process (PID=467) to work on /home/airflow/.local/lib/python3.12/site-packages/airflow/example_dags/tutorial_taskflow_api.py
[2024-12-12T05:41:59.552+0000] {processor.py:914} INFO - Processing file /home/airflow/.local/lib/python3.12/site-packages/airflow/example_dags/tutorial_taskflow_api.py for tasks to queue
[2024-12-12T05:41:59.574+0000] {logging_mixin.py:190} INFO - [2024-12-12T05:41:59.573+0000] {dagbag.py:588} INFO - Filling up the DagBag from /home/airflow/.local/lib/python3.12/site-packages/airflow/example_dags/tutorial_taskflow_api.py
[2024-12-12T05:41:59.584+0000] {processor.py:925} INFO - DAG(s) 'tutorial_taskflow_api' retrieved from /home/airflow/.local/lib/python3.12/site-packages/airflow/example_dags/tutorial_taskflow_api.py
[2024-12-12T05:41:59.613+0000] {logging_mixin.py:190} INFO - [2024-12-12T05:41:59.613+0000] {dag.py:3239} INFO - Sync 1 DAGs
[2024-12-12T05:41:59.633+0000] {logging_mixin.py:190} INFO - [2024-12-12T05:41:59.633+0000] {dag.py:4180} INFO - Setting next_dagrun for tutorial_taskflow_api to None, run_after=None
[2024-12-12T05:41:59.661+0000] {processor.py:208} INFO - Processing /home/airflow/.local/lib/python3.12/site-packages/airflow/example_dags/tutorial_taskflow_api.py took 0.116 seconds
[2024-12-12T05:42:30.144+0000] {processor.py:186} INFO - Started process (PID=530) to work on /home/airflow/.local/lib/python3.12/site-packages/airflow/example_dags/tutorial_taskflow_api.py
[2024-12-12T05:42:30.150+0000] {processor.py:914} INFO - Processing file /home/airflow/.local/lib/python3.12/site-packages/airflow/example_dags/tutorial_taskflow_api.py for tasks to queue
[2024-12-12T05:42:30.155+0000] {logging_mixin.py:190} INFO - [2024-12-12T05:42:30.154+0000] {dagbag.py:588} INFO - Filling up the DagBag from /home/airflow/.local/lib/python3.12/site-packages/airflow/example_dags/tutorial_taskflow_api.py
[2024-12-12T05:42:30.165+0000] {processor.py:925} INFO - DAG(s) 'tutorial_taskflow_api' retrieved from /home/airflow/.local/lib/python3.12/site-packages/airflow/example_dags/tutorial_taskflow_api.py
[2024-12-12T05:42:30.181+0000] {logging_mixin.py:190} INFO - [2024-12-12T05:42:30.181+0000] {dag.py:3239} INFO - Sync 1 DAGs
[2024-12-12T05:42:30.189+0000] {logging_mixin.py:190} INFO - [2024-12-12T05:42:30.189+0000] {dag.py:4180} INFO - Setting next_dagrun for tutorial_taskflow_api to None, run_after=None
[2024-12-12T05:42:30.211+0000] {processor.py:208} INFO - Processing /home/airflow/.local/lib/python3.12/site-packages/airflow/example_dags/tutorial_taskflow_api.py took 0.072 seconds
[2024-12-12T05:43:00.387+0000] {processor.py:186} INFO - Started process (PID=594) to work on /home/airflow/.local/lib/python3.12/site-packages/airflow/example_dags/tutorial_taskflow_api.py
[2024-12-12T05:43:00.390+0000] {processor.py:914} INFO - Processing file /home/airflow/.local/lib/python3.12/site-packages/airflow/example_dags/tutorial_taskflow_api.py for tasks to queue
[2024-12-12T05:43:00.393+0000] {logging_mixin.py:190} INFO - [2024-12-12T05:43:00.393+0000] {dagbag.py:588} INFO - Filling up the DagBag from /home/airflow/.local/lib/python3.12/site-packages/airflow/example_dags/tutorial_taskflow_api.py
[2024-12-12T05:43:00.400+0000] {processor.py:925} INFO - DAG(s) 'tutorial_taskflow_api' retrieved from /home/airflow/.local/lib/python3.12/site-packages/airflow/example_dags/tutorial_taskflow_api.py
[2024-12-12T05:43:00.413+0000] {logging_mixin.py:190} INFO - [2024-12-12T05:43:00.413+0000] {dag.py:3239} INFO - Sync 1 DAGs
[2024-12-12T05:43:00.422+0000] {logging_mixin.py:190} INFO - [2024-12-12T05:43:00.422+0000] {dag.py:4180} INFO - Setting next_dagrun for tutorial_taskflow_api to None, run_after=None
[2024-12-12T05:43:00.433+0000] {processor.py:208} INFO - Processing /home/airflow/.local/lib/python3.12/site-packages/airflow/example_dags/tutorial_taskflow_api.py took 0.049 seconds
[2024-12-12T05:43:33.205+0000] {processor.py:186} INFO - Started process (PID=663) to work on /home/airflow/.local/lib/python3.12/site-packages/airflow/example_dags/tutorial_taskflow_api.py
[2024-12-12T05:43:33.205+0000] {processor.py:914} INFO - Processing file /home/airflow/.local/lib/python3.12/site-packages/airflow/example_dags/tutorial_taskflow_api.py for tasks to queue
[2024-12-12T05:43:33.207+0000] {logging_mixin.py:190} INFO - [2024-12-12T05:43:33.207+0000] {dagbag.py:588} INFO - Filling up the DagBag from /home/airflow/.local/lib/python3.12/site-packages/airflow/example_dags/tutorial_taskflow_api.py
[2024-12-12T05:43:33.214+0000] {processor.py:925} INFO - DAG(s) 'tutorial_taskflow_api' retrieved from /home/airflow/.local/lib/python3.12/site-packages/airflow/example_dags/tutorial_taskflow_api.py
[2024-12-12T05:43:33.234+0000] {logging_mixin.py:190} INFO - [2024-12-12T05:43:33.234+0000] {dag.py:3239} INFO - Sync 1 DAGs
[2024-12-12T05:43:33.242+0000] {logging_mixin.py:190} INFO - [2024-12-12T05:43:33.242+0000] {dag.py:4180} INFO - Setting next_dagrun for tutorial_taskflow_api to None, run_after=None
[2024-12-12T05:43:33.254+0000] {processor.py:208} INFO - Processing /home/airflow/.local/lib/python3.12/site-packages/airflow/example_dags/tutorial_taskflow_api.py took 0.054 seconds
[2024-12-12T05:45:17.371+0000] {processor.py:186} INFO - Started process (PID=87) to work on /home/airflow/.local/lib/python3.12/site-packages/airflow/example_dags/tutorial_taskflow_api.py
[2024-12-12T05:45:17.376+0000] {processor.py:914} INFO - Processing file /home/airflow/.local/lib/python3.12/site-packages/airflow/example_dags/tutorial_taskflow_api.py for tasks to queue
[2024-12-12T05:45:17.380+0000] {logging_mixin.py:190} INFO - [2024-12-12T05:45:17.380+0000] {dagbag.py:588} INFO - Filling up the DagBag from /home/airflow/.local/lib/python3.12/site-packages/airflow/example_dags/tutorial_taskflow_api.py
[2024-12-12T05:45:17.391+0000] {processor.py:925} INFO - DAG(s) 'tutorial_taskflow_api' retrieved from /home/airflow/.local/lib/python3.12/site-packages/airflow/example_dags/tutorial_taskflow_api.py
[2024-12-12T05:45:17.418+0000] {logging_mixin.py:190} INFO - [2024-12-12T05:45:17.418+0000] {dag.py:3239} INFO - Sync 1 DAGs
[2024-12-12T05:45:17.438+0000] {logging_mixin.py:190} INFO - [2024-12-12T05:45:17.437+0000] {dag.py:4180} INFO - Setting next_dagrun for tutorial_taskflow_api to None, run_after=None
[2024-12-12T05:45:17.452+0000] {processor.py:208} INFO - Processing /home/airflow/.local/lib/python3.12/site-packages/airflow/example_dags/tutorial_taskflow_api.py took 0.090 seconds
[2024-12-12T05:45:49.954+0000] {processor.py:186} INFO - Started process (PID=151) to work on /home/airflow/.local/lib/python3.12/site-packages/airflow/example_dags/tutorial_taskflow_api.py
[2024-12-12T05:45:49.959+0000] {processor.py:914} INFO - Processing file /home/airflow/.local/lib/python3.12/site-packages/airflow/example_dags/tutorial_taskflow_api.py for tasks to queue
[2024-12-12T05:45:49.961+0000] {logging_mixin.py:190} INFO - [2024-12-12T05:45:49.961+0000] {dagbag.py:588} INFO - Filling up the DagBag from /home/airflow/.local/lib/python3.12/site-packages/airflow/example_dags/tutorial_taskflow_api.py
[2024-12-12T05:45:49.969+0000] {processor.py:925} INFO - DAG(s) 'tutorial_taskflow_api' retrieved from /home/airflow/.local/lib/python3.12/site-packages/airflow/example_dags/tutorial_taskflow_api.py
[2024-12-12T05:45:49.994+0000] {logging_mixin.py:190} INFO - [2024-12-12T05:45:49.993+0000] {dag.py:3239} INFO - Sync 1 DAGs
[2024-12-12T05:45:50.013+0000] {logging_mixin.py:190} INFO - [2024-12-12T05:45:50.013+0000] {dag.py:4180} INFO - Setting next_dagrun for tutorial_taskflow_api to None, run_after=None
[2024-12-12T05:45:50.033+0000] {processor.py:208} INFO - Processing /home/airflow/.local/lib/python3.12/site-packages/airflow/example_dags/tutorial_taskflow_api.py took 0.084 seconds
[2024-12-12T05:46:21.220+0000] {processor.py:186} INFO - Started process (PID=214) to work on /home/airflow/.local/lib/python3.12/site-packages/airflow/example_dags/tutorial_taskflow_api.py
[2024-12-12T05:46:21.221+0000] {processor.py:914} INFO - Processing file /home/airflow/.local/lib/python3.12/site-packages/airflow/example_dags/tutorial_taskflow_api.py for tasks to queue
[2024-12-12T05:46:21.224+0000] {logging_mixin.py:190} INFO - [2024-12-12T05:46:21.223+0000] {dagbag.py:588} INFO - Filling up the DagBag from /home/airflow/.local/lib/python3.12/site-packages/airflow/example_dags/tutorial_taskflow_api.py
[2024-12-12T05:46:21.235+0000] {processor.py:925} INFO - DAG(s) 'tutorial_taskflow_api' retrieved from /home/airflow/.local/lib/python3.12/site-packages/airflow/example_dags/tutorial_taskflow_api.py
[2024-12-12T05:46:21.250+0000] {logging_mixin.py:190} INFO - [2024-12-12T05:46:21.250+0000] {dag.py:3239} INFO - Sync 1 DAGs
[2024-12-12T05:46:21.261+0000] {logging_mixin.py:190} INFO - [2024-12-12T05:46:21.261+0000] {dag.py:4180} INFO - Setting next_dagrun for tutorial_taskflow_api to None, run_after=None
[2024-12-12T05:46:21.280+0000] {processor.py:208} INFO - Processing /home/airflow/.local/lib/python3.12/site-packages/airflow/example_dags/tutorial_taskflow_api.py took 0.065 seconds
