[2024-12-12T05:36:39.272+0000] {processor.py:186} INFO - Started process (PID=76) to work on /home/airflow/.local/lib/python3.12/site-packages/airflow/example_dags/tutorial_dag.py
[2024-12-12T05:36:39.273+0000] {processor.py:914} INFO - Processing file /home/airflow/.local/lib/python3.12/site-packages/airflow/example_dags/tutorial_dag.py for tasks to queue
[2024-12-12T05:36:39.278+0000] {logging_mixin.py:190} INFO - [2024-12-12T05:36:39.278+0000] {dagbag.py:588} INFO - Filling up the DagBag from /home/airflow/.local/lib/python3.12/site-packages/airflow/example_dags/tutorial_dag.py
[2024-12-12T05:36:39.292+0000] {processor.py:925} INFO - DAG(s) 'tutorial_dag' retrieved from /home/airflow/.local/lib/python3.12/site-packages/airflow/example_dags/tutorial_dag.py
[2024-12-12T05:36:39.534+0000] {logging_mixin.py:190} INFO - [2024-12-12T05:36:39.533+0000] {override.py:1911} INFO - Created Permission View: can delete on DAG:tutorial_dag
[2024-12-12T05:36:39.549+0000] {logging_mixin.py:190} INFO - [2024-12-12T05:36:39.548+0000] {override.py:1911} INFO - Created Permission View: can edit on DAG:tutorial_dag
[2024-12-12T05:36:39.562+0000] {logging_mixin.py:190} INFO - [2024-12-12T05:36:39.561+0000] {override.py:1911} INFO - Created Permission View: can read on DAG:tutorial_dag
[2024-12-12T05:36:39.575+0000] {logging_mixin.py:190} INFO - [2024-12-12T05:36:39.574+0000] {override.py:1911} INFO - Created Permission View: can delete on DAG Run:tutorial_dag
[2024-12-12T05:36:39.582+0000] {logging_mixin.py:190} INFO - [2024-12-12T05:36:39.582+0000] {override.py:1911} INFO - Created Permission View: menu access on DAG Run:tutorial_dag
[2024-12-12T05:36:39.587+0000] {logging_mixin.py:190} INFO - [2024-12-12T05:36:39.587+0000] {override.py:1911} INFO - Created Permission View: can create on DAG Run:tutorial_dag
[2024-12-12T05:36:39.592+0000] {logging_mixin.py:190} INFO - [2024-12-12T05:36:39.592+0000] {override.py:1911} INFO - Created Permission View: can read on DAG Run:tutorial_dag
[2024-12-12T05:36:39.593+0000] {logging_mixin.py:190} INFO - [2024-12-12T05:36:39.593+0000] {dag.py:3239} INFO - Sync 1 DAGs
[2024-12-12T05:36:39.604+0000] {logging_mixin.py:190} INFO - [2024-12-12T05:36:39.604+0000] {dag.py:3262} INFO - Creating ORM DAG for tutorial_dag
[2024-12-12T05:36:39.605+0000] {logging_mixin.py:190} INFO - [2024-12-12T05:36:39.605+0000] {dag.py:4180} INFO - Setting next_dagrun for tutorial_dag to None, run_after=None
[2024-12-12T05:36:39.634+0000] {processor.py:208} INFO - Processing /home/airflow/.local/lib/python3.12/site-packages/airflow/example_dags/tutorial_dag.py took 0.367 seconds
[2024-12-12T05:37:10.405+0000] {processor.py:186} INFO - Started process (PID=140) to work on /home/airflow/.local/lib/python3.12/site-packages/airflow/example_dags/tutorial_dag.py
[2024-12-12T05:37:10.408+0000] {processor.py:914} INFO - Processing file /home/airflow/.local/lib/python3.12/site-packages/airflow/example_dags/tutorial_dag.py for tasks to queue
[2024-12-12T05:37:10.410+0000] {logging_mixin.py:190} INFO - [2024-12-12T05:37:10.409+0000] {dagbag.py:588} INFO - Filling up the DagBag from /home/airflow/.local/lib/python3.12/site-packages/airflow/example_dags/tutorial_dag.py
[2024-12-12T05:37:10.419+0000] {processor.py:925} INFO - DAG(s) 'tutorial_dag' retrieved from /home/airflow/.local/lib/python3.12/site-packages/airflow/example_dags/tutorial_dag.py
[2024-12-12T05:37:10.463+0000] {logging_mixin.py:190} INFO - [2024-12-12T05:37:10.463+0000] {dag.py:3239} INFO - Sync 1 DAGs
[2024-12-12T05:37:10.473+0000] {logging_mixin.py:190} INFO - [2024-12-12T05:37:10.472+0000] {dag.py:4180} INFO - Setting next_dagrun for tutorial_dag to None, run_after=None
[2024-12-12T05:37:10.488+0000] {processor.py:208} INFO - Processing /home/airflow/.local/lib/python3.12/site-packages/airflow/example_dags/tutorial_dag.py took 0.089 seconds
[2024-12-12T05:37:43.601+0000] {processor.py:186} INFO - Started process (PID=204) to work on /home/airflow/.local/lib/python3.12/site-packages/airflow/example_dags/tutorial_dag.py
[2024-12-12T05:37:43.603+0000] {processor.py:914} INFO - Processing file /home/airflow/.local/lib/python3.12/site-packages/airflow/example_dags/tutorial_dag.py for tasks to queue
[2024-12-12T05:37:43.606+0000] {logging_mixin.py:190} INFO - [2024-12-12T05:37:43.605+0000] {dagbag.py:588} INFO - Filling up the DagBag from /home/airflow/.local/lib/python3.12/site-packages/airflow/example_dags/tutorial_dag.py
[2024-12-12T05:37:43.616+0000] {processor.py:925} INFO - DAG(s) 'tutorial_dag' retrieved from /home/airflow/.local/lib/python3.12/site-packages/airflow/example_dags/tutorial_dag.py
[2024-12-12T05:37:43.641+0000] {logging_mixin.py:190} INFO - [2024-12-12T05:37:43.641+0000] {dag.py:3239} INFO - Sync 1 DAGs
[2024-12-12T05:37:43.661+0000] {logging_mixin.py:190} INFO - [2024-12-12T05:37:43.661+0000] {dag.py:4180} INFO - Setting next_dagrun for tutorial_dag to None, run_after=None
[2024-12-12T05:37:43.677+0000] {processor.py:208} INFO - Processing /home/airflow/.local/lib/python3.12/site-packages/airflow/example_dags/tutorial_dag.py took 0.085 seconds
[2024-12-12T05:38:25.111+0000] {processor.py:186} INFO - Started process (PID=69) to work on /home/airflow/.local/lib/python3.12/site-packages/airflow/example_dags/tutorial_dag.py
[2024-12-12T05:38:25.114+0000] {processor.py:914} INFO - Processing file /home/airflow/.local/lib/python3.12/site-packages/airflow/example_dags/tutorial_dag.py for tasks to queue
[2024-12-12T05:38:25.117+0000] {logging_mixin.py:190} INFO - [2024-12-12T05:38:25.116+0000] {dagbag.py:588} INFO - Filling up the DagBag from /home/airflow/.local/lib/python3.12/site-packages/airflow/example_dags/tutorial_dag.py
[2024-12-12T05:38:25.126+0000] {processor.py:925} INFO - DAG(s) 'tutorial_dag' retrieved from /home/airflow/.local/lib/python3.12/site-packages/airflow/example_dags/tutorial_dag.py
[2024-12-12T05:38:25.142+0000] {logging_mixin.py:190} INFO - [2024-12-12T05:38:25.142+0000] {dag.py:3239} INFO - Sync 1 DAGs
[2024-12-12T05:38:25.153+0000] {logging_mixin.py:190} INFO - [2024-12-12T05:38:25.153+0000] {dag.py:4180} INFO - Setting next_dagrun for tutorial_dag to None, run_after=None
[2024-12-12T05:38:25.171+0000] {processor.py:208} INFO - Processing /home/airflow/.local/lib/python3.12/site-packages/airflow/example_dags/tutorial_dag.py took 0.063 seconds
[2024-12-12T05:38:55.657+0000] {processor.py:186} INFO - Started process (PID=133) to work on /home/airflow/.local/lib/python3.12/site-packages/airflow/example_dags/tutorial_dag.py
[2024-12-12T05:38:55.658+0000] {processor.py:914} INFO - Processing file /home/airflow/.local/lib/python3.12/site-packages/airflow/example_dags/tutorial_dag.py for tasks to queue
[2024-12-12T05:38:55.660+0000] {logging_mixin.py:190} INFO - [2024-12-12T05:38:55.660+0000] {dagbag.py:588} INFO - Filling up the DagBag from /home/airflow/.local/lib/python3.12/site-packages/airflow/example_dags/tutorial_dag.py
[2024-12-12T05:38:55.665+0000] {processor.py:925} INFO - DAG(s) 'tutorial_dag' retrieved from /home/airflow/.local/lib/python3.12/site-packages/airflow/example_dags/tutorial_dag.py
[2024-12-12T05:38:55.679+0000] {logging_mixin.py:190} INFO - [2024-12-12T05:38:55.678+0000] {dag.py:3239} INFO - Sync 1 DAGs
[2024-12-12T05:38:55.688+0000] {logging_mixin.py:190} INFO - [2024-12-12T05:38:55.688+0000] {dag.py:4180} INFO - Setting next_dagrun for tutorial_dag to None, run_after=None
[2024-12-12T05:38:55.702+0000] {processor.py:208} INFO - Processing /home/airflow/.local/lib/python3.12/site-packages/airflow/example_dags/tutorial_dag.py took 0.050 seconds
[2024-12-12T05:39:30.523+0000] {processor.py:186} INFO - Started process (PID=201) to work on /home/airflow/.local/lib/python3.12/site-packages/airflow/example_dags/tutorial_dag.py
[2024-12-12T05:39:30.525+0000] {processor.py:914} INFO - Processing file /home/airflow/.local/lib/python3.12/site-packages/airflow/example_dags/tutorial_dag.py for tasks to queue
[2024-12-12T05:39:30.529+0000] {logging_mixin.py:190} INFO - [2024-12-12T05:39:30.529+0000] {dagbag.py:588} INFO - Filling up the DagBag from /home/airflow/.local/lib/python3.12/site-packages/airflow/example_dags/tutorial_dag.py
[2024-12-12T05:39:30.547+0000] {processor.py:925} INFO - DAG(s) 'tutorial_dag' retrieved from /home/airflow/.local/lib/python3.12/site-packages/airflow/example_dags/tutorial_dag.py
[2024-12-12T05:39:30.574+0000] {logging_mixin.py:190} INFO - [2024-12-12T05:39:30.574+0000] {dag.py:3239} INFO - Sync 1 DAGs
[2024-12-12T05:39:30.601+0000] {logging_mixin.py:190} INFO - [2024-12-12T05:39:30.601+0000] {dag.py:4180} INFO - Setting next_dagrun for tutorial_dag to None, run_after=None
[2024-12-12T05:39:30.639+0000] {processor.py:208} INFO - Processing /home/airflow/.local/lib/python3.12/site-packages/airflow/example_dags/tutorial_dag.py took 0.124 seconds
[2024-12-12T05:40:01.172+0000] {processor.py:186} INFO - Started process (PID=264) to work on /home/airflow/.local/lib/python3.12/site-packages/airflow/example_dags/tutorial_dag.py
[2024-12-12T05:40:01.178+0000] {processor.py:914} INFO - Processing file /home/airflow/.local/lib/python3.12/site-packages/airflow/example_dags/tutorial_dag.py for tasks to queue
[2024-12-12T05:40:01.180+0000] {logging_mixin.py:190} INFO - [2024-12-12T05:40:01.180+0000] {dagbag.py:588} INFO - Filling up the DagBag from /home/airflow/.local/lib/python3.12/site-packages/airflow/example_dags/tutorial_dag.py
[2024-12-12T05:40:01.188+0000] {processor.py:925} INFO - DAG(s) 'tutorial_dag' retrieved from /home/airflow/.local/lib/python3.12/site-packages/airflow/example_dags/tutorial_dag.py
[2024-12-12T05:40:01.201+0000] {logging_mixin.py:190} INFO - [2024-12-12T05:40:01.201+0000] {dag.py:3239} INFO - Sync 1 DAGs
[2024-12-12T05:40:01.209+0000] {logging_mixin.py:190} INFO - [2024-12-12T05:40:01.209+0000] {dag.py:4180} INFO - Setting next_dagrun for tutorial_dag to None, run_after=None
[2024-12-12T05:40:01.221+0000] {processor.py:208} INFO - Processing /home/airflow/.local/lib/python3.12/site-packages/airflow/example_dags/tutorial_dag.py took 0.053 seconds
[2024-12-12T05:40:35.541+0000] {processor.py:186} INFO - Started process (PID=328) to work on /home/airflow/.local/lib/python3.12/site-packages/airflow/example_dags/tutorial_dag.py
[2024-12-12T05:40:35.548+0000] {processor.py:914} INFO - Processing file /home/airflow/.local/lib/python3.12/site-packages/airflow/example_dags/tutorial_dag.py for tasks to queue
[2024-12-12T05:40:35.555+0000] {logging_mixin.py:190} INFO - [2024-12-12T05:40:35.555+0000] {dagbag.py:588} INFO - Filling up the DagBag from /home/airflow/.local/lib/python3.12/site-packages/airflow/example_dags/tutorial_dag.py
[2024-12-12T05:40:35.566+0000] {processor.py:925} INFO - DAG(s) 'tutorial_dag' retrieved from /home/airflow/.local/lib/python3.12/site-packages/airflow/example_dags/tutorial_dag.py
[2024-12-12T05:40:35.599+0000] {logging_mixin.py:190} INFO - [2024-12-12T05:40:35.599+0000] {dag.py:3239} INFO - Sync 1 DAGs
[2024-12-12T05:40:35.616+0000] {logging_mixin.py:190} INFO - [2024-12-12T05:40:35.616+0000] {dag.py:4180} INFO - Setting next_dagrun for tutorial_dag to None, run_after=None
[2024-12-12T05:40:35.655+0000] {processor.py:208} INFO - Processing /home/airflow/.local/lib/python3.12/site-packages/airflow/example_dags/tutorial_dag.py took 0.120 seconds
[2024-12-12T05:41:13.254+0000] {processor.py:186} INFO - Started process (PID=392) to work on /home/airflow/.local/lib/python3.12/site-packages/airflow/example_dags/tutorial_dag.py
[2024-12-12T05:41:13.255+0000] {processor.py:914} INFO - Processing file /home/airflow/.local/lib/python3.12/site-packages/airflow/example_dags/tutorial_dag.py for tasks to queue
[2024-12-12T05:41:13.256+0000] {logging_mixin.py:190} INFO - [2024-12-12T05:41:13.256+0000] {dagbag.py:588} INFO - Filling up the DagBag from /home/airflow/.local/lib/python3.12/site-packages/airflow/example_dags/tutorial_dag.py
[2024-12-12T05:41:13.267+0000] {processor.py:925} INFO - DAG(s) 'tutorial_dag' retrieved from /home/airflow/.local/lib/python3.12/site-packages/airflow/example_dags/tutorial_dag.py
[2024-12-12T05:41:13.288+0000] {logging_mixin.py:190} INFO - [2024-12-12T05:41:13.288+0000] {dag.py:3239} INFO - Sync 1 DAGs
[2024-12-12T05:41:13.310+0000] {logging_mixin.py:190} INFO - [2024-12-12T05:41:13.310+0000] {dag.py:4180} INFO - Setting next_dagrun for tutorial_dag to None, run_after=None
[2024-12-12T05:41:13.324+0000] {processor.py:208} INFO - Processing /home/airflow/.local/lib/python3.12/site-packages/airflow/example_dags/tutorial_dag.py took 0.076 seconds
[2024-12-12T05:41:50.303+0000] {processor.py:186} INFO - Started process (PID=456) to work on /home/airflow/.local/lib/python3.12/site-packages/airflow/example_dags/tutorial_dag.py
[2024-12-12T05:41:50.303+0000] {processor.py:914} INFO - Processing file /home/airflow/.local/lib/python3.12/site-packages/airflow/example_dags/tutorial_dag.py for tasks to queue
[2024-12-12T05:41:50.305+0000] {logging_mixin.py:190} INFO - [2024-12-12T05:41:50.305+0000] {dagbag.py:588} INFO - Filling up the DagBag from /home/airflow/.local/lib/python3.12/site-packages/airflow/example_dags/tutorial_dag.py
[2024-12-12T05:41:50.314+0000] {processor.py:925} INFO - DAG(s) 'tutorial_dag' retrieved from /home/airflow/.local/lib/python3.12/site-packages/airflow/example_dags/tutorial_dag.py
[2024-12-12T05:41:50.334+0000] {logging_mixin.py:190} INFO - [2024-12-12T05:41:50.334+0000] {dag.py:3239} INFO - Sync 1 DAGs
[2024-12-12T05:41:50.344+0000] {logging_mixin.py:190} INFO - [2024-12-12T05:41:50.343+0000] {dag.py:4180} INFO - Setting next_dagrun for tutorial_dag to None, run_after=None
[2024-12-12T05:41:50.358+0000] {processor.py:208} INFO - Processing /home/airflow/.local/lib/python3.12/site-packages/airflow/example_dags/tutorial_dag.py took 0.058 seconds
[2024-12-12T05:42:22.994+0000] {processor.py:186} INFO - Started process (PID=519) to work on /home/airflow/.local/lib/python3.12/site-packages/airflow/example_dags/tutorial_dag.py
[2024-12-12T05:42:22.995+0000] {processor.py:914} INFO - Processing file /home/airflow/.local/lib/python3.12/site-packages/airflow/example_dags/tutorial_dag.py for tasks to queue
[2024-12-12T05:42:22.997+0000] {logging_mixin.py:190} INFO - [2024-12-12T05:42:22.996+0000] {dagbag.py:588} INFO - Filling up the DagBag from /home/airflow/.local/lib/python3.12/site-packages/airflow/example_dags/tutorial_dag.py
[2024-12-12T05:42:23.002+0000] {processor.py:925} INFO - DAG(s) 'tutorial_dag' retrieved from /home/airflow/.local/lib/python3.12/site-packages/airflow/example_dags/tutorial_dag.py
[2024-12-12T05:42:23.015+0000] {logging_mixin.py:190} INFO - [2024-12-12T05:42:23.015+0000] {dag.py:3239} INFO - Sync 1 DAGs
[2024-12-12T05:42:23.023+0000] {logging_mixin.py:190} INFO - [2024-12-12T05:42:23.023+0000] {dag.py:4180} INFO - Setting next_dagrun for tutorial_dag to None, run_after=None
[2024-12-12T05:42:23.034+0000] {processor.py:208} INFO - Processing /home/airflow/.local/lib/python3.12/site-packages/airflow/example_dags/tutorial_dag.py took 0.045 seconds
[2024-12-12T05:42:55.792+0000] {processor.py:186} INFO - Started process (PID=583) to work on /home/airflow/.local/lib/python3.12/site-packages/airflow/example_dags/tutorial_dag.py
[2024-12-12T05:42:55.793+0000] {processor.py:914} INFO - Processing file /home/airflow/.local/lib/python3.12/site-packages/airflow/example_dags/tutorial_dag.py for tasks to queue
[2024-12-12T05:42:55.797+0000] {logging_mixin.py:190} INFO - [2024-12-12T05:42:55.797+0000] {dagbag.py:588} INFO - Filling up the DagBag from /home/airflow/.local/lib/python3.12/site-packages/airflow/example_dags/tutorial_dag.py
[2024-12-12T05:42:55.804+0000] {processor.py:925} INFO - DAG(s) 'tutorial_dag' retrieved from /home/airflow/.local/lib/python3.12/site-packages/airflow/example_dags/tutorial_dag.py
[2024-12-12T05:42:55.825+0000] {logging_mixin.py:190} INFO - [2024-12-12T05:42:55.825+0000] {dag.py:3239} INFO - Sync 1 DAGs
[2024-12-12T05:42:55.834+0000] {logging_mixin.py:190} INFO - [2024-12-12T05:42:55.834+0000] {dag.py:4180} INFO - Setting next_dagrun for tutorial_dag to None, run_after=None
[2024-12-12T05:42:55.852+0000] {processor.py:208} INFO - Processing /home/airflow/.local/lib/python3.12/site-packages/airflow/example_dags/tutorial_dag.py took 0.065 seconds
[2024-12-12T05:43:29.768+0000] {processor.py:186} INFO - Started process (PID=646) to work on /home/airflow/.local/lib/python3.12/site-packages/airflow/example_dags/tutorial_dag.py
[2024-12-12T05:43:29.769+0000] {processor.py:914} INFO - Processing file /home/airflow/.local/lib/python3.12/site-packages/airflow/example_dags/tutorial_dag.py for tasks to queue
[2024-12-12T05:43:29.770+0000] {logging_mixin.py:190} INFO - [2024-12-12T05:43:29.770+0000] {dagbag.py:588} INFO - Filling up the DagBag from /home/airflow/.local/lib/python3.12/site-packages/airflow/example_dags/tutorial_dag.py
[2024-12-12T05:43:29.775+0000] {processor.py:925} INFO - DAG(s) 'tutorial_dag' retrieved from /home/airflow/.local/lib/python3.12/site-packages/airflow/example_dags/tutorial_dag.py
[2024-12-12T05:43:29.809+0000] {logging_mixin.py:190} INFO - [2024-12-12T05:43:29.809+0000] {dag.py:3239} INFO - Sync 1 DAGs
[2024-12-12T05:43:29.825+0000] {logging_mixin.py:190} INFO - [2024-12-12T05:43:29.825+0000] {dag.py:4180} INFO - Setting next_dagrun for tutorial_dag to None, run_after=None
[2024-12-12T05:43:29.853+0000] {processor.py:208} INFO - Processing /home/airflow/.local/lib/python3.12/site-packages/airflow/example_dags/tutorial_dag.py took 0.092 seconds
[2024-12-12T05:45:15.032+0000] {processor.py:186} INFO - Started process (PID=76) to work on /home/airflow/.local/lib/python3.12/site-packages/airflow/example_dags/tutorial_dag.py
[2024-12-12T05:45:15.033+0000] {processor.py:914} INFO - Processing file /home/airflow/.local/lib/python3.12/site-packages/airflow/example_dags/tutorial_dag.py for tasks to queue
[2024-12-12T05:45:15.037+0000] {logging_mixin.py:190} INFO - [2024-12-12T05:45:15.036+0000] {dagbag.py:588} INFO - Filling up the DagBag from /home/airflow/.local/lib/python3.12/site-packages/airflow/example_dags/tutorial_dag.py
[2024-12-12T05:45:15.046+0000] {processor.py:925} INFO - DAG(s) 'tutorial_dag' retrieved from /home/airflow/.local/lib/python3.12/site-packages/airflow/example_dags/tutorial_dag.py
[2024-12-12T05:45:15.064+0000] {logging_mixin.py:190} INFO - [2024-12-12T05:45:15.064+0000] {dag.py:3239} INFO - Sync 1 DAGs
[2024-12-12T05:45:15.078+0000] {logging_mixin.py:190} INFO - [2024-12-12T05:45:15.077+0000] {dag.py:4180} INFO - Setting next_dagrun for tutorial_dag to None, run_after=None
[2024-12-12T05:45:15.094+0000] {processor.py:208} INFO - Processing /home/airflow/.local/lib/python3.12/site-packages/airflow/example_dags/tutorial_dag.py took 0.068 seconds
[2024-12-12T05:45:47.778+0000] {processor.py:186} INFO - Started process (PID=140) to work on /home/airflow/.local/lib/python3.12/site-packages/airflow/example_dags/tutorial_dag.py
[2024-12-12T05:45:47.779+0000] {processor.py:914} INFO - Processing file /home/airflow/.local/lib/python3.12/site-packages/airflow/example_dags/tutorial_dag.py for tasks to queue
[2024-12-12T05:45:47.784+0000] {logging_mixin.py:190} INFO - [2024-12-12T05:45:47.784+0000] {dagbag.py:588} INFO - Filling up the DagBag from /home/airflow/.local/lib/python3.12/site-packages/airflow/example_dags/tutorial_dag.py
[2024-12-12T05:45:47.793+0000] {processor.py:925} INFO - DAG(s) 'tutorial_dag' retrieved from /home/airflow/.local/lib/python3.12/site-packages/airflow/example_dags/tutorial_dag.py
[2024-12-12T05:45:47.813+0000] {logging_mixin.py:190} INFO - [2024-12-12T05:45:47.813+0000] {dag.py:3239} INFO - Sync 1 DAGs
[2024-12-12T05:45:47.825+0000] {logging_mixin.py:190} INFO - [2024-12-12T05:45:47.825+0000] {dag.py:4180} INFO - Setting next_dagrun for tutorial_dag to None, run_after=None
[2024-12-12T05:45:47.841+0000] {processor.py:208} INFO - Processing /home/airflow/.local/lib/python3.12/site-packages/airflow/example_dags/tutorial_dag.py took 0.070 seconds
[2024-12-12T05:46:19.692+0000] {processor.py:186} INFO - Started process (PID=203) to work on /home/airflow/.local/lib/python3.12/site-packages/airflow/example_dags/tutorial_dag.py
[2024-12-12T05:46:19.693+0000] {processor.py:914} INFO - Processing file /home/airflow/.local/lib/python3.12/site-packages/airflow/example_dags/tutorial_dag.py for tasks to queue
[2024-12-12T05:46:19.696+0000] {logging_mixin.py:190} INFO - [2024-12-12T05:46:19.696+0000] {dagbag.py:588} INFO - Filling up the DagBag from /home/airflow/.local/lib/python3.12/site-packages/airflow/example_dags/tutorial_dag.py
[2024-12-12T05:46:19.703+0000] {processor.py:925} INFO - DAG(s) 'tutorial_dag' retrieved from /home/airflow/.local/lib/python3.12/site-packages/airflow/example_dags/tutorial_dag.py
[2024-12-12T05:46:19.717+0000] {logging_mixin.py:190} INFO - [2024-12-12T05:46:19.717+0000] {dag.py:3239} INFO - Sync 1 DAGs
[2024-12-12T05:46:19.726+0000] {logging_mixin.py:190} INFO - [2024-12-12T05:46:19.726+0000] {dag.py:4180} INFO - Setting next_dagrun for tutorial_dag to None, run_after=None
[2024-12-12T05:46:19.741+0000] {processor.py:208} INFO - Processing /home/airflow/.local/lib/python3.12/site-packages/airflow/example_dags/tutorial_dag.py took 0.054 seconds
