[2024-12-12T05:36:31.231+0000] {processor.py:186} INFO - Started process (PID=60) to work on /home/airflow/.local/lib/python3.12/site-packages/airflow/example_dags/tutorial_objectstorage.py
[2024-12-12T05:36:31.247+0000] {processor.py:914} INFO - Processing file /home/airflow/.local/lib/python3.12/site-packages/airflow/example_dags/tutorial_objectstorage.py for tasks to queue
[2024-12-12T05:36:31.272+0000] {logging_mixin.py:190} INFO - [2024-12-12T05:36:31.271+0000] {dagbag.py:588} INFO - Filling up the DagBag from /home/airflow/.local/lib/python3.12/site-packages/airflow/example_dags/tutorial_objectstorage.py
[2024-12-12T05:36:31.336+0000] {processor.py:925} INFO - DAG(s) 'tutorial_objectstorage' retrieved from /home/airflow/.local/lib/python3.12/site-packages/airflow/example_dags/tutorial_objectstorage.py
[2024-12-12T05:36:31.770+0000] {logging_mixin.py:190} INFO - [2024-12-12T05:36:31.767+0000] {override.py:1911} INFO - Created Permission View: can delete on DAG:tutorial_objectstorage
[2024-12-12T05:36:31.788+0000] {logging_mixin.py:190} INFO - [2024-12-12T05:36:31.788+0000] {override.py:1911} INFO - Created Permission View: can edit on DAG:tutorial_objectstorage
[2024-12-12T05:36:31.797+0000] {logging_mixin.py:190} INFO - [2024-12-12T05:36:31.796+0000] {override.py:1911} INFO - Created Permission View: can read on DAG:tutorial_objectstorage
[2024-12-12T05:36:31.810+0000] {logging_mixin.py:190} INFO - [2024-12-12T05:36:31.809+0000] {override.py:1911} INFO - Created Permission View: can delete on DAG Run:tutorial_objectstorage
[2024-12-12T05:36:31.823+0000] {logging_mixin.py:190} INFO - [2024-12-12T05:36:31.823+0000] {override.py:1911} INFO - Created Permission View: menu access on DAG Run:tutorial_objectstorage
[2024-12-12T05:36:31.837+0000] {logging_mixin.py:190} INFO - [2024-12-12T05:36:31.836+0000] {override.py:1911} INFO - Created Permission View: can create on DAG Run:tutorial_objectstorage
[2024-12-12T05:36:31.849+0000] {logging_mixin.py:190} INFO - [2024-12-12T05:36:31.848+0000] {override.py:1911} INFO - Created Permission View: can read on DAG Run:tutorial_objectstorage
[2024-12-12T05:36:31.850+0000] {logging_mixin.py:190} INFO - [2024-12-12T05:36:31.850+0000] {dag.py:3239} INFO - Sync 1 DAGs
[2024-12-12T05:36:31.917+0000] {logging_mixin.py:190} INFO - [2024-12-12T05:36:31.917+0000] {dag.py:3262} INFO - Creating ORM DAG for tutorial_objectstorage
[2024-12-12T05:36:31.925+0000] {logging_mixin.py:190} INFO - [2024-12-12T05:36:31.925+0000] {dag.py:4180} INFO - Setting next_dagrun for tutorial_objectstorage to None, run_after=None
[2024-12-12T05:36:31.958+0000] {processor.py:208} INFO - Processing /home/airflow/.local/lib/python3.12/site-packages/airflow/example_dags/tutorial_objectstorage.py took 0.781 seconds
[2024-12-12T05:37:02.632+0000] {processor.py:186} INFO - Started process (PID=123) to work on /home/airflow/.local/lib/python3.12/site-packages/airflow/example_dags/tutorial_objectstorage.py
[2024-12-12T05:37:02.633+0000] {processor.py:914} INFO - Processing file /home/airflow/.local/lib/python3.12/site-packages/airflow/example_dags/tutorial_objectstorage.py for tasks to queue
[2024-12-12T05:37:02.634+0000] {logging_mixin.py:190} INFO - [2024-12-12T05:37:02.634+0000] {dagbag.py:588} INFO - Filling up the DagBag from /home/airflow/.local/lib/python3.12/site-packages/airflow/example_dags/tutorial_objectstorage.py
[2024-12-12T05:37:02.644+0000] {processor.py:925} INFO - DAG(s) 'tutorial_objectstorage' retrieved from /home/airflow/.local/lib/python3.12/site-packages/airflow/example_dags/tutorial_objectstorage.py
[2024-12-12T05:37:02.658+0000] {logging_mixin.py:190} INFO - [2024-12-12T05:37:02.657+0000] {dag.py:3239} INFO - Sync 1 DAGs
[2024-12-12T05:37:02.666+0000] {logging_mixin.py:190} INFO - [2024-12-12T05:37:02.665+0000] {dag.py:4180} INFO - Setting next_dagrun for tutorial_objectstorage to None, run_after=None
[2024-12-12T05:37:02.677+0000] {processor.py:208} INFO - Processing /home/airflow/.local/lib/python3.12/site-packages/airflow/example_dags/tutorial_objectstorage.py took 0.050 seconds
[2024-12-12T05:37:33.062+0000] {processor.py:186} INFO - Started process (PID=187) to work on /home/airflow/.local/lib/python3.12/site-packages/airflow/example_dags/tutorial_objectstorage.py
[2024-12-12T05:37:33.067+0000] {processor.py:914} INFO - Processing file /home/airflow/.local/lib/python3.12/site-packages/airflow/example_dags/tutorial_objectstorage.py for tasks to queue
[2024-12-12T05:37:33.069+0000] {logging_mixin.py:190} INFO - [2024-12-12T05:37:33.069+0000] {dagbag.py:588} INFO - Filling up the DagBag from /home/airflow/.local/lib/python3.12/site-packages/airflow/example_dags/tutorial_objectstorage.py
[2024-12-12T05:37:33.088+0000] {processor.py:925} INFO - DAG(s) 'tutorial_objectstorage' retrieved from /home/airflow/.local/lib/python3.12/site-packages/airflow/example_dags/tutorial_objectstorage.py
[2024-12-12T05:37:33.109+0000] {logging_mixin.py:190} INFO - [2024-12-12T05:37:33.109+0000] {dag.py:3239} INFO - Sync 1 DAGs
[2024-12-12T05:37:33.166+0000] {logging_mixin.py:190} INFO - [2024-12-12T05:37:33.166+0000] {dag.py:4180} INFO - Setting next_dagrun for tutorial_objectstorage to None, run_after=None
[2024-12-12T05:37:33.204+0000] {processor.py:208} INFO - Processing /home/airflow/.local/lib/python3.12/site-packages/airflow/example_dags/tutorial_objectstorage.py took 0.165 seconds
[2024-12-12T05:38:23.490+0000] {processor.py:186} INFO - Started process (PID=53) to work on /home/airflow/.local/lib/python3.12/site-packages/airflow/example_dags/tutorial_objectstorage.py
[2024-12-12T05:38:23.491+0000] {processor.py:914} INFO - Processing file /home/airflow/.local/lib/python3.12/site-packages/airflow/example_dags/tutorial_objectstorage.py for tasks to queue
[2024-12-12T05:38:23.492+0000] {logging_mixin.py:190} INFO - [2024-12-12T05:38:23.492+0000] {dagbag.py:588} INFO - Filling up the DagBag from /home/airflow/.local/lib/python3.12/site-packages/airflow/example_dags/tutorial_objectstorage.py
[2024-12-12T05:38:23.499+0000] {processor.py:925} INFO - DAG(s) 'tutorial_objectstorage' retrieved from /home/airflow/.local/lib/python3.12/site-packages/airflow/example_dags/tutorial_objectstorage.py
[2024-12-12T05:38:23.515+0000] {logging_mixin.py:190} INFO - [2024-12-12T05:38:23.515+0000] {dag.py:3239} INFO - Sync 1 DAGs
[2024-12-12T05:38:23.535+0000] {logging_mixin.py:190} INFO - [2024-12-12T05:38:23.535+0000] {dag.py:4180} INFO - Setting next_dagrun for tutorial_objectstorage to None, run_after=None
[2024-12-12T05:38:23.557+0000] {processor.py:208} INFO - Processing /home/airflow/.local/lib/python3.12/site-packages/airflow/example_dags/tutorial_objectstorage.py took 0.071 seconds
[2024-12-12T05:38:54.282+0000] {processor.py:186} INFO - Started process (PID=116) to work on /home/airflow/.local/lib/python3.12/site-packages/airflow/example_dags/tutorial_objectstorage.py
[2024-12-12T05:38:54.285+0000] {processor.py:914} INFO - Processing file /home/airflow/.local/lib/python3.12/site-packages/airflow/example_dags/tutorial_objectstorage.py for tasks to queue
[2024-12-12T05:38:54.287+0000] {logging_mixin.py:190} INFO - [2024-12-12T05:38:54.287+0000] {dagbag.py:588} INFO - Filling up the DagBag from /home/airflow/.local/lib/python3.12/site-packages/airflow/example_dags/tutorial_objectstorage.py
[2024-12-12T05:38:54.309+0000] {processor.py:925} INFO - DAG(s) 'tutorial_objectstorage' retrieved from /home/airflow/.local/lib/python3.12/site-packages/airflow/example_dags/tutorial_objectstorage.py
[2024-12-12T05:38:54.333+0000] {logging_mixin.py:190} INFO - [2024-12-12T05:38:54.333+0000] {dag.py:3239} INFO - Sync 1 DAGs
[2024-12-12T05:38:54.347+0000] {logging_mixin.py:190} INFO - [2024-12-12T05:38:54.347+0000] {dag.py:4180} INFO - Setting next_dagrun for tutorial_objectstorage to None, run_after=None
[2024-12-12T05:38:54.367+0000] {processor.py:208} INFO - Processing /home/airflow/.local/lib/python3.12/site-packages/airflow/example_dags/tutorial_objectstorage.py took 0.090 seconds
[2024-12-12T05:39:26.079+0000] {processor.py:186} INFO - Started process (PID=180) to work on /home/airflow/.local/lib/python3.12/site-packages/airflow/example_dags/tutorial_objectstorage.py
[2024-12-12T05:39:26.087+0000] {processor.py:914} INFO - Processing file /home/airflow/.local/lib/python3.12/site-packages/airflow/example_dags/tutorial_objectstorage.py for tasks to queue
[2024-12-12T05:39:26.092+0000] {logging_mixin.py:190} INFO - [2024-12-12T05:39:26.092+0000] {dagbag.py:588} INFO - Filling up the DagBag from /home/airflow/.local/lib/python3.12/site-packages/airflow/example_dags/tutorial_objectstorage.py
[2024-12-12T05:39:26.180+0000] {processor.py:925} INFO - DAG(s) 'tutorial_objectstorage' retrieved from /home/airflow/.local/lib/python3.12/site-packages/airflow/example_dags/tutorial_objectstorage.py
[2024-12-12T05:39:26.213+0000] {logging_mixin.py:190} INFO - [2024-12-12T05:39:26.213+0000] {dag.py:3239} INFO - Sync 1 DAGs
[2024-12-12T05:39:26.223+0000] {logging_mixin.py:190} INFO - [2024-12-12T05:39:26.223+0000] {dag.py:4180} INFO - Setting next_dagrun for tutorial_objectstorage to None, run_after=None
[2024-12-12T05:39:26.278+0000] {processor.py:208} INFO - Processing /home/airflow/.local/lib/python3.12/site-packages/airflow/example_dags/tutorial_objectstorage.py took 0.204 seconds
[2024-12-12T05:39:56.480+0000] {processor.py:186} INFO - Started process (PID=242) to work on /home/airflow/.local/lib/python3.12/site-packages/airflow/example_dags/tutorial_objectstorage.py
[2024-12-12T05:39:56.482+0000] {processor.py:914} INFO - Processing file /home/airflow/.local/lib/python3.12/site-packages/airflow/example_dags/tutorial_objectstorage.py for tasks to queue
[2024-12-12T05:39:56.485+0000] {logging_mixin.py:190} INFO - [2024-12-12T05:39:56.485+0000] {dagbag.py:588} INFO - Filling up the DagBag from /home/airflow/.local/lib/python3.12/site-packages/airflow/example_dags/tutorial_objectstorage.py
[2024-12-12T05:39:56.524+0000] {processor.py:925} INFO - DAG(s) 'tutorial_objectstorage' retrieved from /home/airflow/.local/lib/python3.12/site-packages/airflow/example_dags/tutorial_objectstorage.py
[2024-12-12T05:39:56.561+0000] {logging_mixin.py:190} INFO - [2024-12-12T05:39:56.561+0000] {dag.py:3239} INFO - Sync 1 DAGs
[2024-12-12T05:39:56.583+0000] {logging_mixin.py:190} INFO - [2024-12-12T05:39:56.583+0000] {dag.py:4180} INFO - Setting next_dagrun for tutorial_objectstorage to None, run_after=None
[2024-12-12T05:39:56.602+0000] {processor.py:208} INFO - Processing /home/airflow/.local/lib/python3.12/site-packages/airflow/example_dags/tutorial_objectstorage.py took 0.126 seconds
[2024-12-12T05:40:29.678+0000] {processor.py:186} INFO - Started process (PID=305) to work on /home/airflow/.local/lib/python3.12/site-packages/airflow/example_dags/tutorial_objectstorage.py
[2024-12-12T05:40:29.683+0000] {processor.py:914} INFO - Processing file /home/airflow/.local/lib/python3.12/site-packages/airflow/example_dags/tutorial_objectstorage.py for tasks to queue
[2024-12-12T05:40:29.700+0000] {logging_mixin.py:190} INFO - [2024-12-12T05:40:29.691+0000] {dagbag.py:588} INFO - Filling up the DagBag from /home/airflow/.local/lib/python3.12/site-packages/airflow/example_dags/tutorial_objectstorage.py
[2024-12-12T05:40:29.743+0000] {processor.py:925} INFO - DAG(s) 'tutorial_objectstorage' retrieved from /home/airflow/.local/lib/python3.12/site-packages/airflow/example_dags/tutorial_objectstorage.py
[2024-12-12T05:40:29.826+0000] {logging_mixin.py:190} INFO - [2024-12-12T05:40:29.825+0000] {dag.py:3239} INFO - Sync 1 DAGs
[2024-12-12T05:40:29.849+0000] {logging_mixin.py:190} INFO - [2024-12-12T05:40:29.848+0000] {dag.py:4180} INFO - Setting next_dagrun for tutorial_objectstorage to None, run_after=None
[2024-12-12T05:40:29.884+0000] {processor.py:208} INFO - Processing /home/airflow/.local/lib/python3.12/site-packages/airflow/example_dags/tutorial_objectstorage.py took 0.237 seconds
[2024-12-12T05:41:03.011+0000] {processor.py:186} INFO - Started process (PID=375) to work on /home/airflow/.local/lib/python3.12/site-packages/airflow/example_dags/tutorial_objectstorage.py
[2024-12-12T05:41:03.021+0000] {processor.py:914} INFO - Processing file /home/airflow/.local/lib/python3.12/site-packages/airflow/example_dags/tutorial_objectstorage.py for tasks to queue
[2024-12-12T05:41:03.032+0000] {logging_mixin.py:190} INFO - [2024-12-12T05:41:03.032+0000] {dagbag.py:588} INFO - Filling up the DagBag from /home/airflow/.local/lib/python3.12/site-packages/airflow/example_dags/tutorial_objectstorage.py
[2024-12-12T05:41:03.071+0000] {processor.py:925} INFO - DAG(s) 'tutorial_objectstorage' retrieved from /home/airflow/.local/lib/python3.12/site-packages/airflow/example_dags/tutorial_objectstorage.py
[2024-12-12T05:41:03.098+0000] {logging_mixin.py:190} INFO - [2024-12-12T05:41:03.097+0000] {dag.py:3239} INFO - Sync 1 DAGs
[2024-12-12T05:41:03.234+0000] {logging_mixin.py:190} INFO - [2024-12-12T05:41:03.234+0000] {dag.py:4180} INFO - Setting next_dagrun for tutorial_objectstorage to None, run_after=None
[2024-12-12T05:41:03.282+0000] {processor.py:208} INFO - Processing /home/airflow/.local/lib/python3.12/site-packages/airflow/example_dags/tutorial_objectstorage.py took 0.283 seconds
[2024-12-12T05:41:34.201+0000] {processor.py:186} INFO - Started process (PID=439) to work on /home/airflow/.local/lib/python3.12/site-packages/airflow/example_dags/tutorial_objectstorage.py
[2024-12-12T05:41:34.203+0000] {processor.py:914} INFO - Processing file /home/airflow/.local/lib/python3.12/site-packages/airflow/example_dags/tutorial_objectstorage.py for tasks to queue
[2024-12-12T05:41:34.209+0000] {logging_mixin.py:190} INFO - [2024-12-12T05:41:34.208+0000] {dagbag.py:588} INFO - Filling up the DagBag from /home/airflow/.local/lib/python3.12/site-packages/airflow/example_dags/tutorial_objectstorage.py
[2024-12-12T05:41:34.227+0000] {processor.py:925} INFO - DAG(s) 'tutorial_objectstorage' retrieved from /home/airflow/.local/lib/python3.12/site-packages/airflow/example_dags/tutorial_objectstorage.py
[2024-12-12T05:41:34.255+0000] {logging_mixin.py:190} INFO - [2024-12-12T05:41:34.255+0000] {dag.py:3239} INFO - Sync 1 DAGs
[2024-12-12T05:41:34.275+0000] {logging_mixin.py:190} INFO - [2024-12-12T05:41:34.275+0000] {dag.py:4180} INFO - Setting next_dagrun for tutorial_objectstorage to None, run_after=None
[2024-12-12T05:41:34.343+0000] {processor.py:208} INFO - Processing /home/airflow/.local/lib/python3.12/site-packages/airflow/example_dags/tutorial_objectstorage.py took 0.149 seconds
[2024-12-12T05:42:08.749+0000] {processor.py:186} INFO - Started process (PID=502) to work on /home/airflow/.local/lib/python3.12/site-packages/airflow/example_dags/tutorial_objectstorage.py
[2024-12-12T05:42:08.752+0000] {processor.py:914} INFO - Processing file /home/airflow/.local/lib/python3.12/site-packages/airflow/example_dags/tutorial_objectstorage.py for tasks to queue
[2024-12-12T05:42:08.811+0000] {logging_mixin.py:190} INFO - [2024-12-12T05:42:08.808+0000] {dagbag.py:588} INFO - Filling up the DagBag from /home/airflow/.local/lib/python3.12/site-packages/airflow/example_dags/tutorial_objectstorage.py
[2024-12-12T05:42:08.896+0000] {processor.py:925} INFO - DAG(s) 'tutorial_objectstorage' retrieved from /home/airflow/.local/lib/python3.12/site-packages/airflow/example_dags/tutorial_objectstorage.py
[2024-12-12T05:42:09.047+0000] {logging_mixin.py:190} INFO - [2024-12-12T05:42:09.047+0000] {dag.py:3239} INFO - Sync 1 DAGs
[2024-12-12T05:42:09.120+0000] {logging_mixin.py:190} INFO - [2024-12-12T05:42:09.120+0000] {dag.py:4180} INFO - Setting next_dagrun for tutorial_objectstorage to None, run_after=None
[2024-12-12T05:42:09.188+0000] {processor.py:208} INFO - Processing /home/airflow/.local/lib/python3.12/site-packages/airflow/example_dags/tutorial_objectstorage.py took 0.451 seconds
[2024-12-12T05:42:39.593+0000] {processor.py:186} INFO - Started process (PID=565) to work on /home/airflow/.local/lib/python3.12/site-packages/airflow/example_dags/tutorial_objectstorage.py
[2024-12-12T05:42:39.607+0000] {processor.py:914} INFO - Processing file /home/airflow/.local/lib/python3.12/site-packages/airflow/example_dags/tutorial_objectstorage.py for tasks to queue
[2024-12-12T05:42:39.625+0000] {logging_mixin.py:190} INFO - [2024-12-12T05:42:39.623+0000] {dagbag.py:588} INFO - Filling up the DagBag from /home/airflow/.local/lib/python3.12/site-packages/airflow/example_dags/tutorial_objectstorage.py
[2024-12-12T05:42:39.668+0000] {processor.py:925} INFO - DAG(s) 'tutorial_objectstorage' retrieved from /home/airflow/.local/lib/python3.12/site-packages/airflow/example_dags/tutorial_objectstorage.py
[2024-12-12T05:42:39.721+0000] {logging_mixin.py:190} INFO - [2024-12-12T05:42:39.720+0000] {dag.py:3239} INFO - Sync 1 DAGs
[2024-12-12T05:42:39.754+0000] {logging_mixin.py:190} INFO - [2024-12-12T05:42:39.754+0000] {dag.py:4180} INFO - Setting next_dagrun for tutorial_objectstorage to None, run_after=None
[2024-12-12T05:42:39.785+0000] {processor.py:208} INFO - Processing /home/airflow/.local/lib/python3.12/site-packages/airflow/example_dags/tutorial_objectstorage.py took 0.232 seconds
[2024-12-12T05:43:10.560+0000] {processor.py:186} INFO - Started process (PID=628) to work on /home/airflow/.local/lib/python3.12/site-packages/airflow/example_dags/tutorial_objectstorage.py
[2024-12-12T05:43:10.561+0000] {processor.py:914} INFO - Processing file /home/airflow/.local/lib/python3.12/site-packages/airflow/example_dags/tutorial_objectstorage.py for tasks to queue
[2024-12-12T05:43:10.565+0000] {logging_mixin.py:190} INFO - [2024-12-12T05:43:10.565+0000] {dagbag.py:588} INFO - Filling up the DagBag from /home/airflow/.local/lib/python3.12/site-packages/airflow/example_dags/tutorial_objectstorage.py
[2024-12-12T05:43:10.591+0000] {processor.py:925} INFO - DAG(s) 'tutorial_objectstorage' retrieved from /home/airflow/.local/lib/python3.12/site-packages/airflow/example_dags/tutorial_objectstorage.py
[2024-12-12T05:43:10.635+0000] {logging_mixin.py:190} INFO - [2024-12-12T05:43:10.635+0000] {dag.py:3239} INFO - Sync 1 DAGs
[2024-12-12T05:43:10.682+0000] {logging_mixin.py:190} INFO - [2024-12-12T05:43:10.682+0000] {dag.py:4180} INFO - Setting next_dagrun for tutorial_objectstorage to None, run_after=None
[2024-12-12T05:43:10.795+0000] {processor.py:208} INFO - Processing /home/airflow/.local/lib/python3.12/site-packages/airflow/example_dags/tutorial_objectstorage.py took 0.240 seconds
[2024-12-12T05:45:09.030+0000] {processor.py:186} INFO - Started process (PID=60) to work on /home/airflow/.local/lib/python3.12/site-packages/airflow/example_dags/tutorial_objectstorage.py
[2024-12-12T05:45:09.032+0000] {processor.py:914} INFO - Processing file /home/airflow/.local/lib/python3.12/site-packages/airflow/example_dags/tutorial_objectstorage.py for tasks to queue
[2024-12-12T05:45:09.035+0000] {logging_mixin.py:190} INFO - [2024-12-12T05:45:09.035+0000] {dagbag.py:588} INFO - Filling up the DagBag from /home/airflow/.local/lib/python3.12/site-packages/airflow/example_dags/tutorial_objectstorage.py
[2024-12-12T05:45:09.052+0000] {processor.py:925} INFO - DAG(s) 'tutorial_objectstorage' retrieved from /home/airflow/.local/lib/python3.12/site-packages/airflow/example_dags/tutorial_objectstorage.py
[2024-12-12T05:45:09.191+0000] {logging_mixin.py:190} INFO - [2024-12-12T05:45:09.191+0000] {dag.py:3239} INFO - Sync 1 DAGs
[2024-12-12T05:45:09.268+0000] {logging_mixin.py:190} INFO - [2024-12-12T05:45:09.267+0000] {dag.py:4180} INFO - Setting next_dagrun for tutorial_objectstorage to None, run_after=None
[2024-12-12T05:45:09.311+0000] {processor.py:208} INFO - Processing /home/airflow/.local/lib/python3.12/site-packages/airflow/example_dags/tutorial_objectstorage.py took 0.289 seconds
[2024-12-12T05:45:39.689+0000] {processor.py:186} INFO - Started process (PID=123) to work on /home/airflow/.local/lib/python3.12/site-packages/airflow/example_dags/tutorial_objectstorage.py
[2024-12-12T05:45:39.690+0000] {processor.py:914} INFO - Processing file /home/airflow/.local/lib/python3.12/site-packages/airflow/example_dags/tutorial_objectstorage.py for tasks to queue
[2024-12-12T05:45:39.692+0000] {logging_mixin.py:190} INFO - [2024-12-12T05:45:39.692+0000] {dagbag.py:588} INFO - Filling up the DagBag from /home/airflow/.local/lib/python3.12/site-packages/airflow/example_dags/tutorial_objectstorage.py
[2024-12-12T05:45:39.703+0000] {processor.py:925} INFO - DAG(s) 'tutorial_objectstorage' retrieved from /home/airflow/.local/lib/python3.12/site-packages/airflow/example_dags/tutorial_objectstorage.py
[2024-12-12T05:45:39.717+0000] {logging_mixin.py:190} INFO - [2024-12-12T05:45:39.717+0000] {dag.py:3239} INFO - Sync 1 DAGs
[2024-12-12T05:45:39.726+0000] {logging_mixin.py:190} INFO - [2024-12-12T05:45:39.726+0000] {dag.py:4180} INFO - Setting next_dagrun for tutorial_objectstorage to None, run_after=None
[2024-12-12T05:45:39.739+0000] {processor.py:208} INFO - Processing /home/airflow/.local/lib/python3.12/site-packages/airflow/example_dags/tutorial_objectstorage.py took 0.055 seconds
[2024-12-12T05:46:10.338+0000] {processor.py:186} INFO - Started process (PID=186) to work on /home/airflow/.local/lib/python3.12/site-packages/airflow/example_dags/tutorial_objectstorage.py
[2024-12-12T05:46:10.340+0000] {processor.py:914} INFO - Processing file /home/airflow/.local/lib/python3.12/site-packages/airflow/example_dags/tutorial_objectstorage.py for tasks to queue
[2024-12-12T05:46:10.342+0000] {logging_mixin.py:190} INFO - [2024-12-12T05:46:10.342+0000] {dagbag.py:588} INFO - Filling up the DagBag from /home/airflow/.local/lib/python3.12/site-packages/airflow/example_dags/tutorial_objectstorage.py
[2024-12-12T05:46:10.362+0000] {processor.py:925} INFO - DAG(s) 'tutorial_objectstorage' retrieved from /home/airflow/.local/lib/python3.12/site-packages/airflow/example_dags/tutorial_objectstorage.py
[2024-12-12T05:46:10.399+0000] {logging_mixin.py:190} INFO - [2024-12-12T05:46:10.399+0000] {dag.py:3239} INFO - Sync 1 DAGs
[2024-12-12T05:46:10.425+0000] {logging_mixin.py:190} INFO - [2024-12-12T05:46:10.425+0000] {dag.py:4180} INFO - Setting next_dagrun for tutorial_objectstorage to None, run_after=None
[2024-12-12T05:46:10.493+0000] {processor.py:208} INFO - Processing /home/airflow/.local/lib/python3.12/site-packages/airflow/example_dags/tutorial_objectstorage.py took 0.159 seconds
