[2024-12-12T05:38:57.230+0000] {local_task_job_runner.py:123} INFO - ::group::Pre task execution logs
[2024-12-12T05:38:57.242+0000] {taskinstance.py:2613} INFO - Dependencies all met for dep_context=non-requeueable deps ti=<TaskInstance: parse_dag.run_parser manual__2024-12-12T05:38:50.927388+00:00 [queued]>
[2024-12-12T05:38:57.249+0000] {taskinstance.py:2613} INFO - Dependencies all met for dep_context=requeueable deps ti=<TaskInstance: parse_dag.run_parser manual__2024-12-12T05:38:50.927388+00:00 [queued]>
[2024-12-12T05:38:57.250+0000] {taskinstance.py:2866} INFO - Starting attempt 1 of 2
[2024-12-12T05:38:57.261+0000] {taskinstance.py:2889} INFO - Executing <Task(PythonOperator): run_parser> on 2024-12-12 05:38:50.927388+00:00
[2024-12-12T05:38:57.276+0000] {warnings.py:112} WARNING - /home/***/.local/lib/python3.12/site-packages/***/task/task_runner/standard_task_runner.py:70: DeprecationWarning: This process (pid=88) is multi-threaded, use of fork() may lead to deadlocks in the child.
  pid = os.fork()

[2024-12-12T05:38:57.282+0000] {standard_task_runner.py:104} INFO - Running: ['***', 'tasks', 'run', 'parse_dag', 'run_parser', 'manual__2024-12-12T05:38:50.927388+00:00', '--job-id', '4', '--raw', '--subdir', 'DAGS_FOLDER/parse_dag.py', '--cfg-path', '/tmp/tmpga1g6tol']
[2024-12-12T05:38:57.285+0000] {standard_task_runner.py:72} INFO - Started process 90 to run task
[2024-12-12T05:38:57.287+0000] {standard_task_runner.py:105} INFO - Job 4: Subtask run_parser
[2024-12-12T05:38:57.449+0000] {task_command.py:467} INFO - Running <TaskInstance: parse_dag.run_parser manual__2024-12-12T05:38:50.927388+00:00 [running]> on host b811c5c46b2e
[2024-12-12T05:38:58.167+0000] {taskinstance.py:3132} INFO - Exporting env vars: AIRFLOW_CTX_DAG_OWNER='***' AIRFLOW_CTX_DAG_ID='parse_dag' AIRFLOW_CTX_TASK_ID='run_parser' AIRFLOW_CTX_EXECUTION_DATE='2024-12-12T05:38:50.927388+00:00' AIRFLOW_CTX_TRY_NUMBER='1' AIRFLOW_CTX_DAG_RUN_ID='manual__2024-12-12T05:38:50.927388+00:00'
[2024-12-12T05:38:58.167+0000] {logging_mixin.py:190} INFO - Task instance is in running state
[2024-12-12T05:38:58.168+0000] {logging_mixin.py:190} INFO -  Previous state of the Task instance: queued
[2024-12-12T05:38:58.169+0000] {logging_mixin.py:190} INFO - Current task name:run_parser state:running start_date:2024-12-12 05:38:57.243488+00:00
[2024-12-12T05:38:58.169+0000] {logging_mixin.py:190} INFO - Dag name:parse_dag and current dag run status:running
[2024-12-12T05:38:58.169+0000] {taskinstance.py:731} INFO - ::endgroup::
[2024-12-12T05:38:58.390+0000] {logging_mixin.py:190} INFO - Parsing the page...
[2024-12-12T05:39:03.935+0000] {logging_mixin.py:190} INFO - Максимальный номер: None
[2024-12-12T05:39:03.936+0000] {logging_mixin.py:190} INFO - Начнем парсинг со страницы номер: 1 (вкл)
[2024-12-12T05:39:03.937+0000] {logging_mixin.py:190} INFO - Закончим парсинг на странице номер: 101 (не вкл)
[2024-12-12T05:39:03.937+0000] {logging_mixin.py:190} INFO - Начали парсинг страницы # 1
[2024-12-12T05:39:06.462+0000] {logging_mixin.py:190} WARNING - 0it [00:00, ?it/s]
[2024-12-12T05:39:06.462+0000] {logging_mixin.py:190} WARNING - 0it [00:00, ?it/s]
[2024-12-12T05:39:06.698+0000] {logging_mixin.py:190} INFO - Начали парсинг страницы # 2
[2024-12-12T05:39:15.970+0000] {logging_mixin.py:190} WARNING -   0%|          | 0/50 [00:00<?, ?it/s]
[2024-12-12T05:39:20.435+0000] {logging_mixin.py:190} WARNING -   2%|2         | 1/50 [00:04<03:38,  4.46s/it]
[2024-12-12T05:39:24.173+0000] {logging_mixin.py:190} WARNING -   4%|4         | 2/50 [00:08<03:13,  4.04s/it]
[2024-12-12T05:39:28.048+0000] {logging_mixin.py:190} WARNING -   6%|6         | 3/50 [00:12<03:06,  3.96s/it]
[2024-12-12T05:39:32.768+0000] {logging_mixin.py:190} WARNING -   8%|8         | 4/50 [00:16<03:16,  4.26s/it]
[2024-12-12T05:39:37.068+0000] {logging_mixin.py:190} WARNING -  10%|#         | 5/50 [00:21<03:12,  4.28s/it]
[2024-12-12T05:39:41.305+0000] {logging_mixin.py:190} WARNING -  12%|#2        | 6/50 [00:25<03:07,  4.26s/it]
[2024-12-12T05:39:43.139+0000] {local_task_job_runner.py:346} WARNING - State of this instance has been externally set to failed. Terminating instance.
[2024-12-12T05:39:43.141+0000] {local_task_job_runner.py:245} INFO - ::endgroup::
[2024-12-12T05:39:43.145+0000] {process_utils.py:132} INFO - Sending 15 to group 90. PIDs of all processes in the group: [90]
[2024-12-12T05:39:43.151+0000] {process_utils.py:87} INFO - Sending the signal 15 to group 90
[2024-12-12T05:39:43.153+0000] {taskinstance.py:3093} ERROR - Received SIGTERM. Terminating subprocesses.
[2024-12-12T05:39:43.157+0000] {logging_mixin.py:190} WARNING -  12%|#2        | 6/50 [00:27<03:19,  4.53s/it]
[2024-12-12T05:39:43.211+0000] {taskinstance.py:340} INFO - ::group::Post task execution logs
[2024-12-12T05:39:43.251+0000] {process_utils.py:80} INFO - Process psutil.Process(pid=90, status='terminated', exitcode=0, started='05:38:56') (90) terminated with exit code 0
