[2024-12-12T05:36:22.100+0000] {processor.py:186} INFO - Started process (PID=36) to work on /opt/airflow/dags/parse_dag.py
[2024-12-12T05:36:22.110+0000] {processor.py:914} INFO - Processing file /opt/airflow/dags/parse_dag.py for tasks to queue
[2024-12-12T05:36:22.149+0000] {logging_mixin.py:190} INFO - [2024-12-12T05:36:22.149+0000] {dagbag.py:588} INFO - Filling up the DagBag from /opt/airflow/dags/parse_dag.py
[2024-12-12T05:36:22.233+0000] {processor.py:925} INFO - DAG(s) 'parse_dag' retrieved from /opt/airflow/dags/parse_dag.py
[2024-12-12T05:36:22.840+0000] {logging_mixin.py:190} INFO - [2024-12-12T05:36:22.839+0000] {override.py:1911} INFO - Created Permission View: can delete on DAG:parse_dag
[2024-12-12T05:36:22.855+0000] {logging_mixin.py:190} INFO - [2024-12-12T05:36:22.855+0000] {override.py:1911} INFO - Created Permission View: can edit on DAG:parse_dag
[2024-12-12T05:36:22.860+0000] {logging_mixin.py:190} INFO - [2024-12-12T05:36:22.859+0000] {override.py:1911} INFO - Created Permission View: can read on DAG:parse_dag
[2024-12-12T05:36:22.863+0000] {logging_mixin.py:190} INFO - [2024-12-12T05:36:22.863+0000] {override.py:1911} INFO - Created Permission View: can delete on DAG Run:parse_dag
[2024-12-12T05:36:22.867+0000] {logging_mixin.py:190} INFO - [2024-12-12T05:36:22.866+0000] {override.py:1911} INFO - Created Permission View: menu access on DAG Run:parse_dag
[2024-12-12T05:36:22.870+0000] {logging_mixin.py:190} INFO - [2024-12-12T05:36:22.870+0000] {override.py:1911} INFO - Created Permission View: can create on DAG Run:parse_dag
[2024-12-12T05:36:22.874+0000] {logging_mixin.py:190} INFO - [2024-12-12T05:36:22.874+0000] {override.py:1911} INFO - Created Permission View: can read on DAG Run:parse_dag
[2024-12-12T05:36:22.876+0000] {logging_mixin.py:190} INFO - [2024-12-12T05:36:22.876+0000] {dag.py:3239} INFO - Sync 1 DAGs
[2024-12-12T05:36:22.920+0000] {logging_mixin.py:190} INFO - [2024-12-12T05:36:22.919+0000] {dag.py:3262} INFO - Creating ORM DAG for parse_dag
[2024-12-12T05:36:22.925+0000] {logging_mixin.py:190} INFO - [2024-12-12T05:36:22.925+0000] {dag.py:4180} INFO - Setting next_dagrun for parse_dag to None, run_after=None
[2024-12-12T05:36:22.963+0000] {processor.py:208} INFO - Processing /opt/airflow/dags/parse_dag.py took 0.926 seconds
[2024-12-12T05:36:53.734+0000] {processor.py:186} INFO - Started process (PID=100) to work on /opt/airflow/dags/parse_dag.py
[2024-12-12T05:36:53.737+0000] {processor.py:914} INFO - Processing file /opt/airflow/dags/parse_dag.py for tasks to queue
[2024-12-12T05:36:53.750+0000] {logging_mixin.py:190} INFO - [2024-12-12T05:36:53.749+0000] {dagbag.py:588} INFO - Filling up the DagBag from /opt/airflow/dags/parse_dag.py
[2024-12-12T05:36:53.784+0000] {processor.py:925} INFO - DAG(s) 'parse_dag' retrieved from /opt/airflow/dags/parse_dag.py
[2024-12-12T05:36:53.838+0000] {logging_mixin.py:190} INFO - [2024-12-12T05:36:53.838+0000] {dag.py:3239} INFO - Sync 1 DAGs
[2024-12-12T05:36:53.859+0000] {logging_mixin.py:190} INFO - [2024-12-12T05:36:53.858+0000] {dag.py:4180} INFO - Setting next_dagrun for parse_dag to None, run_after=None
[2024-12-12T05:36:53.892+0000] {processor.py:208} INFO - Processing /opt/airflow/dags/parse_dag.py took 0.188 seconds
[2024-12-12T05:37:25.118+0000] {processor.py:186} INFO - Started process (PID=164) to work on /opt/airflow/dags/parse_dag.py
[2024-12-12T05:37:25.181+0000] {processor.py:914} INFO - Processing file /opt/airflow/dags/parse_dag.py for tasks to queue
[2024-12-12T05:37:25.686+0000] {logging_mixin.py:190} INFO - [2024-12-12T05:37:25.665+0000] {dagbag.py:588} INFO - Filling up the DagBag from /opt/airflow/dags/parse_dag.py
[2024-12-12T05:37:26.062+0000] {processor.py:925} INFO - DAG(s) 'parse_dag' retrieved from /opt/airflow/dags/parse_dag.py
[2024-12-12T05:37:26.706+0000] {logging_mixin.py:190} INFO - [2024-12-12T05:37:26.704+0000] {dag.py:3239} INFO - Sync 1 DAGs
[2024-12-12T05:37:26.973+0000] {logging_mixin.py:190} INFO - [2024-12-12T05:37:26.973+0000] {dag.py:4180} INFO - Setting next_dagrun for parse_dag to None, run_after=None
[2024-12-12T05:37:27.387+0000] {processor.py:208} INFO - Processing /opt/airflow/dags/parse_dag.py took 2.515 seconds
[2024-12-12T05:38:22.488+0000] {processor.py:186} INFO - Started process (PID=35) to work on /opt/airflow/dags/parse_dag.py
[2024-12-12T05:38:22.489+0000] {processor.py:914} INFO - Processing file /opt/airflow/dags/parse_dag.py for tasks to queue
[2024-12-12T05:38:22.491+0000] {logging_mixin.py:190} INFO - [2024-12-12T05:38:22.491+0000] {dagbag.py:588} INFO - Filling up the DagBag from /opt/airflow/dags/parse_dag.py
[2024-12-12T05:38:22.518+0000] {processor.py:925} INFO - DAG(s) 'parse_dag' retrieved from /opt/airflow/dags/parse_dag.py
[2024-12-12T05:38:22.541+0000] {logging_mixin.py:190} INFO - [2024-12-12T05:38:22.540+0000] {dag.py:3239} INFO - Sync 1 DAGs
[2024-12-12T05:38:22.553+0000] {logging_mixin.py:190} INFO - [2024-12-12T05:38:22.553+0000] {dag.py:4180} INFO - Setting next_dagrun for parse_dag to None, run_after=None
[2024-12-12T05:38:22.572+0000] {processor.py:208} INFO - Processing /opt/airflow/dags/parse_dag.py took 0.089 seconds
[2024-12-12T05:38:52.925+0000] {processor.py:186} INFO - Started process (PID=99) to work on /opt/airflow/dags/parse_dag.py
[2024-12-12T05:38:52.930+0000] {processor.py:914} INFO - Processing file /opt/airflow/dags/parse_dag.py for tasks to queue
[2024-12-12T05:38:52.935+0000] {logging_mixin.py:190} INFO - [2024-12-12T05:38:52.935+0000] {dagbag.py:588} INFO - Filling up the DagBag from /opt/airflow/dags/parse_dag.py
[2024-12-12T05:38:52.952+0000] {processor.py:925} INFO - DAG(s) 'parse_dag' retrieved from /opt/airflow/dags/parse_dag.py
[2024-12-12T05:38:53.009+0000] {logging_mixin.py:190} INFO - [2024-12-12T05:38:53.009+0000] {dag.py:3239} INFO - Sync 1 DAGs
[2024-12-12T05:38:53.050+0000] {logging_mixin.py:190} INFO - [2024-12-12T05:38:53.049+0000] {dag.py:4180} INFO - Setting next_dagrun for parse_dag to None, run_after=None
[2024-12-12T05:38:53.086+0000] {processor.py:208} INFO - Processing /opt/airflow/dags/parse_dag.py took 0.176 seconds
[2024-12-12T05:39:24.192+0000] {processor.py:186} INFO - Started process (PID=162) to work on /opt/airflow/dags/parse_dag.py
[2024-12-12T05:39:24.197+0000] {processor.py:914} INFO - Processing file /opt/airflow/dags/parse_dag.py for tasks to queue
[2024-12-12T05:39:24.211+0000] {logging_mixin.py:190} INFO - [2024-12-12T05:39:24.210+0000] {dagbag.py:588} INFO - Filling up the DagBag from /opt/airflow/dags/parse_dag.py
[2024-12-12T05:39:24.413+0000] {processor.py:925} INFO - DAG(s) 'parse_dag' retrieved from /opt/airflow/dags/parse_dag.py
[2024-12-12T05:39:24.464+0000] {logging_mixin.py:190} INFO - [2024-12-12T05:39:24.464+0000] {dag.py:3239} INFO - Sync 1 DAGs
[2024-12-12T05:39:24.540+0000] {logging_mixin.py:190} INFO - [2024-12-12T05:39:24.540+0000] {dag.py:4180} INFO - Setting next_dagrun for parse_dag to None, run_after=None
[2024-12-12T05:39:24.607+0000] {processor.py:208} INFO - Processing /opt/airflow/dags/parse_dag.py took 0.432 seconds
[2024-12-12T05:39:54.842+0000] {processor.py:186} INFO - Started process (PID=225) to work on /opt/airflow/dags/parse_dag.py
[2024-12-12T05:39:54.852+0000] {processor.py:914} INFO - Processing file /opt/airflow/dags/parse_dag.py for tasks to queue
[2024-12-12T05:39:54.861+0000] {logging_mixin.py:190} INFO - [2024-12-12T05:39:54.860+0000] {dagbag.py:588} INFO - Filling up the DagBag from /opt/airflow/dags/parse_dag.py
[2024-12-12T05:39:54.897+0000] {processor.py:925} INFO - DAG(s) 'parse_dag' retrieved from /opt/airflow/dags/parse_dag.py
[2024-12-12T05:39:54.972+0000] {logging_mixin.py:190} INFO - [2024-12-12T05:39:54.971+0000] {dag.py:3239} INFO - Sync 1 DAGs
[2024-12-12T05:39:55.031+0000] {logging_mixin.py:190} INFO - [2024-12-12T05:39:55.031+0000] {dag.py:4180} INFO - Setting next_dagrun for parse_dag to None, run_after=None
[2024-12-12T05:39:55.081+0000] {processor.py:208} INFO - Processing /opt/airflow/dags/parse_dag.py took 0.267 seconds
[2024-12-12T05:40:26.290+0000] {processor.py:186} INFO - Started process (PID=288) to work on /opt/airflow/dags/parse_dag.py
[2024-12-12T05:40:26.302+0000] {processor.py:914} INFO - Processing file /opt/airflow/dags/parse_dag.py for tasks to queue
[2024-12-12T05:40:26.397+0000] {logging_mixin.py:190} INFO - [2024-12-12T05:40:26.396+0000] {dagbag.py:588} INFO - Filling up the DagBag from /opt/airflow/dags/parse_dag.py
[2024-12-12T05:40:26.490+0000] {processor.py:925} INFO - DAG(s) 'parse_dag' retrieved from /opt/airflow/dags/parse_dag.py
[2024-12-12T05:40:26.554+0000] {logging_mixin.py:190} INFO - [2024-12-12T05:40:26.554+0000] {dag.py:3239} INFO - Sync 1 DAGs
[2024-12-12T05:40:26.613+0000] {logging_mixin.py:190} INFO - [2024-12-12T05:40:26.613+0000] {dag.py:4180} INFO - Setting next_dagrun for parse_dag to None, run_after=None
[2024-12-12T05:40:26.713+0000] {processor.py:208} INFO - Processing /opt/airflow/dags/parse_dag.py took 0.460 seconds
[2024-12-12T05:40:57.850+0000] {processor.py:186} INFO - Started process (PID=352) to work on /opt/airflow/dags/parse_dag.py
[2024-12-12T05:40:57.862+0000] {processor.py:914} INFO - Processing file /opt/airflow/dags/parse_dag.py for tasks to queue
[2024-12-12T05:40:57.920+0000] {logging_mixin.py:190} INFO - [2024-12-12T05:40:57.914+0000] {dagbag.py:588} INFO - Filling up the DagBag from /opt/airflow/dags/parse_dag.py
[2024-12-12T05:40:58.190+0000] {processor.py:925} INFO - DAG(s) 'parse_dag' retrieved from /opt/airflow/dags/parse_dag.py
[2024-12-12T05:40:58.601+0000] {logging_mixin.py:190} INFO - [2024-12-12T05:40:58.600+0000] {dag.py:3239} INFO - Sync 1 DAGs
[2024-12-12T05:40:58.814+0000] {logging_mixin.py:190} INFO - [2024-12-12T05:40:58.813+0000] {dag.py:4180} INFO - Setting next_dagrun for parse_dag to None, run_after=None
[2024-12-12T05:40:59.078+0000] {processor.py:208} INFO - Processing /opt/airflow/dags/parse_dag.py took 1.306 seconds
[2024-12-12T05:41:29.549+0000] {processor.py:186} INFO - Started process (PID=416) to work on /opt/airflow/dags/parse_dag.py
[2024-12-12T05:41:29.556+0000] {processor.py:914} INFO - Processing file /opt/airflow/dags/parse_dag.py for tasks to queue
[2024-12-12T05:41:29.562+0000] {logging_mixin.py:190} INFO - [2024-12-12T05:41:29.562+0000] {dagbag.py:588} INFO - Filling up the DagBag from /opt/airflow/dags/parse_dag.py
[2024-12-12T05:41:29.599+0000] {processor.py:925} INFO - DAG(s) 'parse_dag' retrieved from /opt/airflow/dags/parse_dag.py
[2024-12-12T05:41:29.659+0000] {logging_mixin.py:190} INFO - [2024-12-12T05:41:29.658+0000] {dag.py:3239} INFO - Sync 1 DAGs
[2024-12-12T05:41:29.695+0000] {logging_mixin.py:190} INFO - [2024-12-12T05:41:29.694+0000] {dag.py:4180} INFO - Setting next_dagrun for parse_dag to None, run_after=None
[2024-12-12T05:41:29.733+0000] {processor.py:208} INFO - Processing /opt/airflow/dags/parse_dag.py took 0.199 seconds
[2024-12-12T05:42:03.501+0000] {processor.py:186} INFO - Started process (PID=484) to work on /opt/airflow/dags/parse_dag.py
[2024-12-12T05:42:03.510+0000] {processor.py:914} INFO - Processing file /opt/airflow/dags/parse_dag.py for tasks to queue
[2024-12-12T05:42:03.513+0000] {logging_mixin.py:190} INFO - [2024-12-12T05:42:03.513+0000] {dagbag.py:588} INFO - Filling up the DagBag from /opt/airflow/dags/parse_dag.py
[2024-12-12T05:42:03.552+0000] {processor.py:925} INFO - DAG(s) 'parse_dag' retrieved from /opt/airflow/dags/parse_dag.py
[2024-12-12T05:42:03.613+0000] {logging_mixin.py:190} INFO - [2024-12-12T05:42:03.613+0000] {dag.py:3239} INFO - Sync 1 DAGs
[2024-12-12T05:42:03.641+0000] {logging_mixin.py:190} INFO - [2024-12-12T05:42:03.640+0000] {dag.py:4180} INFO - Setting next_dagrun for parse_dag to None, run_after=None
[2024-12-12T05:42:03.705+0000] {processor.py:208} INFO - Processing /opt/airflow/dags/parse_dag.py took 0.213 seconds
[2024-12-12T05:42:34.589+0000] {processor.py:186} INFO - Started process (PID=548) to work on /opt/airflow/dags/parse_dag.py
[2024-12-12T05:42:34.590+0000] {processor.py:914} INFO - Processing file /opt/airflow/dags/parse_dag.py for tasks to queue
[2024-12-12T05:42:34.593+0000] {logging_mixin.py:190} INFO - [2024-12-12T05:42:34.593+0000] {dagbag.py:588} INFO - Filling up the DagBag from /opt/airflow/dags/parse_dag.py
[2024-12-12T05:42:34.603+0000] {processor.py:925} INFO - DAG(s) 'parse_dag' retrieved from /opt/airflow/dags/parse_dag.py
[2024-12-12T05:42:34.623+0000] {logging_mixin.py:190} INFO - [2024-12-12T05:42:34.623+0000] {dag.py:3239} INFO - Sync 1 DAGs
[2024-12-12T05:42:34.634+0000] {logging_mixin.py:190} INFO - [2024-12-12T05:42:34.634+0000] {dag.py:4180} INFO - Setting next_dagrun for parse_dag to None, run_after=None
[2024-12-12T05:42:34.649+0000] {processor.py:208} INFO - Processing /opt/airflow/dags/parse_dag.py took 0.065 seconds
[2024-12-12T05:43:05.557+0000] {processor.py:186} INFO - Started process (PID=611) to work on /opt/airflow/dags/parse_dag.py
[2024-12-12T05:43:05.565+0000] {processor.py:914} INFO - Processing file /opt/airflow/dags/parse_dag.py for tasks to queue
[2024-12-12T05:43:05.695+0000] {logging_mixin.py:190} INFO - [2024-12-12T05:43:05.658+0000] {dagbag.py:588} INFO - Filling up the DagBag from /opt/airflow/dags/parse_dag.py
[2024-12-12T05:43:05.792+0000] {processor.py:925} INFO - DAG(s) 'parse_dag' retrieved from /opt/airflow/dags/parse_dag.py
[2024-12-12T05:43:05.929+0000] {logging_mixin.py:190} INFO - [2024-12-12T05:43:05.928+0000] {dag.py:3239} INFO - Sync 1 DAGs
[2024-12-12T05:43:06.169+0000] {logging_mixin.py:190} INFO - [2024-12-12T05:43:06.167+0000] {dag.py:4180} INFO - Setting next_dagrun for parse_dag to None, run_after=None
[2024-12-12T05:43:06.314+0000] {processor.py:208} INFO - Processing /opt/airflow/dags/parse_dag.py took 0.779 seconds
[2024-12-12T05:43:37.030+0000] {processor.py:186} INFO - Started process (PID=675) to work on /opt/airflow/dags/parse_dag.py
[2024-12-12T05:43:37.170+0000] {processor.py:914} INFO - Processing file /opt/airflow/dags/parse_dag.py for tasks to queue
[2024-12-12T05:45:03.363+0000] {processor.py:186} INFO - Started process (PID=42) to work on /opt/airflow/dags/parse_dag.py
[2024-12-12T05:45:03.372+0000] {processor.py:914} INFO - Processing file /opt/airflow/dags/parse_dag.py for tasks to queue
[2024-12-12T05:45:03.417+0000] {logging_mixin.py:190} INFO - [2024-12-12T05:45:03.417+0000] {dagbag.py:588} INFO - Filling up the DagBag from /opt/airflow/dags/parse_dag.py
[2024-12-12T05:45:03.603+0000] {processor.py:925} INFO - DAG(s) 'parse_dag' retrieved from /opt/airflow/dags/parse_dag.py
[2024-12-12T05:45:03.779+0000] {logging_mixin.py:190} INFO - [2024-12-12T05:45:03.779+0000] {dag.py:3239} INFO - Sync 1 DAGs
[2024-12-12T05:45:03.882+0000] {logging_mixin.py:190} INFO - [2024-12-12T05:45:03.881+0000] {dag.py:4180} INFO - Setting next_dagrun for parse_dag to None, run_after=None
[2024-12-12T05:45:03.965+0000] {processor.py:208} INFO - Processing /opt/airflow/dags/parse_dag.py took 0.634 seconds
[2024-12-12T05:45:34.212+0000] {processor.py:186} INFO - Started process (PID=106) to work on /opt/airflow/dags/parse_dag.py
[2024-12-12T05:45:34.220+0000] {processor.py:914} INFO - Processing file /opt/airflow/dags/parse_dag.py for tasks to queue
[2024-12-12T05:45:34.254+0000] {logging_mixin.py:190} INFO - [2024-12-12T05:45:34.250+0000] {dagbag.py:588} INFO - Filling up the DagBag from /opt/airflow/dags/parse_dag.py
[2024-12-12T05:45:34.397+0000] {processor.py:925} INFO - DAG(s) 'parse_dag' retrieved from /opt/airflow/dags/parse_dag.py
[2024-12-12T05:45:34.530+0000] {logging_mixin.py:190} INFO - [2024-12-12T05:45:34.529+0000] {dag.py:3239} INFO - Sync 1 DAGs
[2024-12-12T05:45:34.606+0000] {logging_mixin.py:190} INFO - [2024-12-12T05:45:34.606+0000] {dag.py:4180} INFO - Setting next_dagrun for parse_dag to None, run_after=None
[2024-12-12T05:45:34.678+0000] {processor.py:208} INFO - Processing /opt/airflow/dags/parse_dag.py took 0.541 seconds
[2024-12-12T05:46:05.813+0000] {processor.py:186} INFO - Started process (PID=169) to work on /opt/airflow/dags/parse_dag.py
[2024-12-12T05:46:05.817+0000] {processor.py:914} INFO - Processing file /opt/airflow/dags/parse_dag.py for tasks to queue
[2024-12-12T05:46:05.857+0000] {logging_mixin.py:190} INFO - [2024-12-12T05:46:05.857+0000] {dagbag.py:588} INFO - Filling up the DagBag from /opt/airflow/dags/parse_dag.py
[2024-12-12T05:46:05.911+0000] {processor.py:925} INFO - DAG(s) 'parse_dag' retrieved from /opt/airflow/dags/parse_dag.py
[2024-12-12T05:46:06.065+0000] {logging_mixin.py:190} INFO - [2024-12-12T05:46:06.065+0000] {dag.py:3239} INFO - Sync 1 DAGs
[2024-12-12T05:46:06.124+0000] {logging_mixin.py:190} INFO - [2024-12-12T05:46:06.124+0000] {dag.py:4180} INFO - Setting next_dagrun for parse_dag to None, run_after=None
[2024-12-12T05:46:06.174+0000] {processor.py:208} INFO - Processing /opt/airflow/dags/parse_dag.py took 0.403 seconds
